-- The C compiler identification is GNU 11.4.0
-- The CXX compiler identification is GNU 11.4.0
-- Detecting C compiler ABI info
-- Detecting C compiler ABI info - done
-- Check for working C compiler: /usr/bin/cc - skipped
-- Detecting C compile features
-- Detecting C compile features - done
-- Detecting CXX compiler ABI info
-- Detecting CXX compiler ABI info - done
-- Check for working CXX compiler: /usr/bin/c++ - skipped
-- Detecting CXX compile features
-- Detecting CXX compile features - done
-- Found ament_cmake: 1.3.14 (/opt/ros/humble/share/ament_cmake/cmake)
-- Found Python3: /usr/bin/python3 (found version "3.10.12") found components: Interpreter 
-- Found ament_lint_auto: 0.12.15 (/opt/ros/humble/share/ament_lint_auto/cmake)
-- Found rclcpp: 16.0.19 (/opt/ros/humble/share/rclcpp/cmake)
-- Found rosidl_generator_c: 3.1.8 (/opt/ros/humble/share/rosidl_generator_c/cmake)
-- Found rosidl_adapter: 3.1.8 (/opt/ros/humble/share/rosidl_adapter/cmake)
-- Found rosidl_generator_cpp: 3.1.8 (/opt/ros/humble/share/rosidl_generator_cpp/cmake)
-- Using all available rosidl_typesupport_c: rosidl_typesupport_fastrtps_c;rosidl_typesupport_introspection_c
-- Using all available rosidl_typesupport_cpp: rosidl_typesupport_fastrtps_cpp;rosidl_typesupport_introspection_cpp
-- Found rmw_implementation_cmake: 6.1.2 (/opt/ros/humble/share/rmw_implementation_cmake/cmake)
-- Found rmw_fastrtps_cpp: 6.2.10 (/opt/ros/humble/share/rmw_fastrtps_cpp/cmake)
-- Found OpenSSL: /usr/lib/x86_64-linux-gnu/libcrypto.so (found version "3.0.2")  
-- Found FastRTPS: /opt/ros/humble/include  
-- Using RMW implementation 'rmw_fastrtps_cpp' as default
-- Looking for pthread.h
-- Looking for pthread.h - found
-- Performing Test CMAKE_HAVE_LIBC_PTHREAD
-- Performing Test CMAKE_HAVE_LIBC_PTHREAD - Success
-- Found Threads: TRUE  
-- Found tf2: 0.25.20 (/opt/ros/humble/share/tf2/cmake)
-- Found tf2_ros: 0.25.20 (/opt/ros/humble/share/tf2_ros/cmake)
-- Found nav_msgs: 4.9.1 (/opt/ros/humble/share/nav_msgs/cmake)
-- Added test 'cppcheck' to perform static code analysis on C / C++ code
-- Configured cppcheck include dirs: 
-- Configured cppcheck exclude dirs and/or files: 
-- Added test 'flake8' to check Python code syntax and style conventions
-- Added test 'lint_cmake' to check CMake code style
-- Added test 'pep257' to check Python code against some of the docstring style conventions in PEP 257
-- Added test 'uncrustify' to check C / C++ code style
-- Configured uncrustify additional arguments: 
-- Added test 'xmllint' to check XML markup files
-- Configuring done
-- Generating done
-- Build files have been written to: /home/zjz/chapt9/fishbot_ws/src/build/fishbot_bringup
[ 50%] [32mBuilding CXX object CMakeFiles/odom2tf.dir/src/odom2tf.cpp.o[0m
[01m[K/home/zjz/chapt9/fishbot_ws/src/fishbot_bringup/src/odom2tf.cpp:35:5:[m[K [01;31m[Kerror: [m[K‘[01m[Ktransform[m[K’ does not name a type; did you mean ‘[01m[KTransformData[m[K’?
   35 |     [01;31m[Ktransform[m[K.child_frame_id = msg->child_frame_id;
      |     [01;31m[K^~~~~~~~~[m[K
      |     [32m[KTransformData[m[K
[01m[K/home/zjz/chapt9/fishbot_ws/src/fishbot_bringup/src/odom2tf.cpp:36:5:[m[K [01;31m[Kerror: [m[K‘[01m[Ktransform[m[K’ does not name a type; did you mean ‘[01m[KTransformData[m[K’?
   36 |     [01;31m[Ktransform[m[K.transform.translation.x = msg->pose.pose.position.x;
      |     [01;31m[K^~~~~~~~~[m[K
      |     [32m[KTransformData[m[K
[01m[K/home/zjz/chapt9/fishbot_ws/src/fishbot_bringup/src/odom2tf.cpp:37:5:[m[K [01;31m[Kerror: [m[K‘[01m[Ktransform[m[K’ does not name a type; did you mean ‘[01m[KTransformData[m[K’?
   37 |     [01;31m[Ktransform[m[K.transform.translation.y = msg->pose.pose.position.y;
      |     [01;31m[K^~~~~~~~~[m[K
      |     [32m[KTransformData[m[K
[01m[K/home/zjz/chapt9/fishbot_ws/src/fishbot_bringup/src/odom2tf.cpp:38:5:[m[K [01;31m[Kerror: [m[K‘[01m[Ktransform[m[K’ does not name a type; did you mean ‘[01m[KTransformData[m[K’?
   38 |     [01;31m[Ktransform[m[K.transform.translation.z = msg->pose.pose.position.z;
      |     [01;31m[K^~~~~~~~~[m[K
      |     [32m[KTransformData[m[K
[01m[K/home/zjz/chapt9/fishbot_ws/src/fishbot_bringup/src/odom2tf.cpp:39:5:[m[K [01;31m[Kerror: [m[K‘[01m[Ktransform[m[K’ does not name a type; did you mean ‘[01m[KTransformData[m[K’?
   39 |     [01;31m[Ktransform[m[K.transform.rotation.x = msg->pose.pose.orientation.x;
      |     [01;31m[K^~~~~~~~~[m[K
      |     [32m[KTransformData[m[K
[01m[K/home/zjz/chapt9/fishbot_ws/src/fishbot_bringup/src/odom2tf.cpp:40:5:[m[K [01;31m[Kerror: [m[K‘[01m[Ktransform[m[K’ does not name a type; did you mean ‘[01m[KTransformData[m[K’?
   40 |     [01;31m[Ktransform[m[K.transform.rotation.y = msg->pose.pose.orientation.y;
      |     [01;31m[K^~~~~~~~~[m[K
      |     [32m[KTransformData[m[K
[01m[K/home/zjz/chapt9/fishbot_ws/src/fishbot_bringup/src/odom2tf.cpp:41:5:[m[K [01;31m[Kerror: [m[K‘[01m[Ktransform[m[K’ does not name a type; did you mean ‘[01m[KTransformData[m[K’?
   41 |     [01;31m[Ktransform[m[K.transform.rotation.z = msg->pose.pose.orientation.z;
      |     [01;31m[K^~~~~~~~~[m[K
      |     [32m[KTransformData[m[K
[01m[K/home/zjz/chapt9/fishbot_ws/src/fishbot_bringup/src/odom2tf.cpp:42:5:[m[K [01;31m[Kerror: [m[K‘[01m[Ktransform[m[K’ does not name a type; did you mean ‘[01m[KTransformData[m[K’?
   42 |     [01;31m[Ktransform[m[K.transform.rotation.w = msg->pose.pose.orientation.w;
      |     [01;31m[K^~~~~~~~~[m[K
      |     [32m[KTransformData[m[K
[01m[K/home/zjz/chapt9/fishbot_ws/src/fishbot_bringup/src/odom2tf.cpp:44:5:[m[K [01;31m[Kerror: [m[K‘[01m[Ktf_broadcaster_[m[K’ does not name a type
   44 |     [01;31m[Ktf_broadcaster_[m[K->sendTransform(transform);
      |     [01;31m[K^~~~~~~~~~~~~~~[m[K
[01m[K/home/zjz/chapt9/fishbot_ws/src/fishbot_bringup/src/odom2tf.cpp:[m[K In member function ‘[01m[Kvoid OdomTopic2TF::odom_callback_(nav_msgs::msg::Odometry_<std::allocator<void> >::SharedPtr)[m[K’:
[01m[K/home/zjz/chapt9/fishbot_ws/src/fishbot_bringup/src/odom2tf.cpp:23:62:[m[K [01;35m[Kwarning: [m[Kunused parameter ‘[01m[Kmsg[m[K’ [[01;35m[K]8;;https://gcc.gnu.org/onlinedocs/gcc/Warning-Options.html#index-Wunused-parameter-Wunused-parameter]8;;[m[K]
   23 | void odom_callback_([01;35m[Kconst nav_msgs::msg::Odometry::SharedPtr msg[m[K) {
      |                     [01;35m[K~~~~~~~~~~~~~~~~~~~~~~~~~~~~~~~~~~~~~~~~~^~~[m[K
[01m[K/home/zjz/chapt9/fishbot_ws/src/fishbot_bringup/src/odom2tf.cpp:[m[K At global scope:
[01m[K/home/zjz/chapt9/fishbot_ws/src/fishbot_bringup/src/odom2tf.cpp:46:1:[m[K [01;31m[Kerror: [m[Kexpected declaration before ‘[01m[K}[m[K’ token
   46 | [01;31m[K}[m[K;
      | [01;31m[K^[m[K
gmake[2]: *** [CMakeFiles/odom2tf.dir/build.make:76: CMakeFiles/odom2tf.dir/src/odom2tf.cpp.o] Error 1
gmake[1]: *** [CMakeFiles/Makefile2:137: CMakeFiles/odom2tf.dir/all] Error 2
gmake: *** [Makefile:146: all] Error 2
