[0.006s] Invoking command in '/home/zjz/chapt9/fishbot_ws/src/build/fishbot_bringup': CMAKE_PREFIX_PATH=/opt/ros/humble /usr/bin/cmake /home/zjz/chapt9/fishbot_ws/src/fishbot_bringup -DCMAKE_INSTALL_PREFIX=/home/zjz/chapt9/fishbot_ws/src/install/fishbot_bringup
[0.087s] -- The C compiler identification is GNU 11.4.0
[0.271s] -- The CXX compiler identification is GNU 11.4.0
[0.395s] -- Detecting C compiler ABI info
[0.467s] -- Detecting C compiler ABI info - done
[0.471s] -- Check for working C compiler: /usr/bin/cc - skipped
[0.471s] -- Detecting C compile features
[0.471s] -- Detecting C compile features - done
[0.474s] -- Detecting CXX compiler ABI info
[0.541s] -- Detecting CXX compiler ABI info - done
[0.545s] -- Check for working CXX compiler: /usr/bin/c++ - skipped
[0.545s] -- Detecting CXX compile features
[0.545s] -- Detecting CXX compile features - done
[0.550s] -- Found ament_cmake: 1.3.14 (/opt/ros/humble/share/ament_cmake/cmake)
[0.629s] -- Found Python3: /usr/bin/python3 (found version "3.10.12") found components: Interpreter 
[0.689s] -- Found ament_lint_auto: 0.12.15 (/opt/ros/humble/share/ament_lint_auto/cmake)
[0.734s] -- Found rclcpp: 16.0.19 (/opt/ros/humble/share/rclcpp/cmake)
[0.830s] -- Found rosidl_generator_c: 3.1.8 (/opt/ros/humble/share/rosidl_generator_c/cmake)
[0.833s] -- Found rosidl_adapter: 3.1.8 (/opt/ros/humble/share/rosidl_adapter/cmake)
[0.841s] -- Found rosidl_generator_cpp: 3.1.8 (/opt/ros/humble/share/rosidl_generator_cpp/cmake)
[0.852s] -- Using all available rosidl_typesupport_c: rosidl_typesupport_fastrtps_c;rosidl_typesupport_introspection_c
[0.866s] -- Using all available rosidl_typesupport_cpp: rosidl_typesupport_fastrtps_cpp;rosidl_typesupport_introspection_cpp
[0.908s] -- Found rmw_implementation_cmake: 6.1.2 (/opt/ros/humble/share/rmw_implementation_cmake/cmake)
[0.911s] -- Found rmw_fastrtps_cpp: 6.2.10 (/opt/ros/humble/share/rmw_fastrtps_cpp/cmake)
[1.426s] -- Found OpenSSL: /usr/lib/x86_64-linux-gnu/libcrypto.so (found version "3.0.2")  
[1.963s] -- Found FastRTPS: /opt/ros/humble/include  
[3.086s] -- Using RMW implementation 'rmw_fastrtps_cpp' as default
[3.094s] -- Looking for pthread.h
[3.167s] -- Looking for pthread.h - found
[3.167s] -- Performing Test CMAKE_HAVE_LIBC_PTHREAD
[3.232s] -- Performing Test CMAKE_HAVE_LIBC_PTHREAD - Success
[3.232s] -- Found Threads: TRUE  
[3.275s] -- Found tf2: 0.25.20 (/opt/ros/humble/share/tf2/cmake)
[3.295s] -- Found tf2_ros: 0.25.20 (/opt/ros/humble/share/tf2_ros/cmake)
[3.365s] -- Found nav_msgs: 4.9.1 (/opt/ros/humble/share/nav_msgs/cmake)
[3.382s] -- Added test 'cppcheck' to perform static code analysis on C / C++ code
[3.382s] -- Configured cppcheck include dirs: 
[3.382s] -- Configured cppcheck exclude dirs and/or files: 
[3.383s] -- Added test 'flake8' to check Python code syntax and style conventions
[3.383s] -- Added test 'lint_cmake' to check CMake code style
[3.384s] -- Added test 'pep257' to check Python code against some of the docstring style conventions in PEP 257
[3.384s] -- Added test 'uncrustify' to check C / C++ code style
[3.384s] -- Configured uncrustify additional arguments: 
[3.385s] -- Added test 'xmllint' to check XML markup files
[3.386s] -- Configuring done
[3.393s] -- Generating done
[3.395s] -- Build files have been written to: /home/zjz/chapt9/fishbot_ws/src/build/fishbot_bringup
[3.401s] Invoked command in '/home/zjz/chapt9/fishbot_ws/src/build/fishbot_bringup' returned '0': CMAKE_PREFIX_PATH=/opt/ros/humble /usr/bin/cmake /home/zjz/chapt9/fishbot_ws/src/fishbot_bringup -DCMAKE_INSTALL_PREFIX=/home/zjz/chapt9/fishbot_ws/src/install/fishbot_bringup
[3.402s] Invoking command in '/home/zjz/chapt9/fishbot_ws/src/build/fishbot_bringup': CMAKE_PREFIX_PATH=/opt/ros/humble /usr/bin/cmake --build /home/zjz/chapt9/fishbot_ws/src/build/fishbot_bringup -- -j32 -l32
[3.426s] [ 50%] [32mBuilding CXX object CMakeFiles/odom2tf.dir/src/odom2tf.cpp.o[0m
[4.738s] [01m[K/home/zjz/chapt9/fishbot_ws/src/fishbot_bringup/src/odom2tf.cpp:35:5:[m[K [01;31m[Kerror: [m[K‘[01m[Ktransform[m[K’ does not name a type; did you mean ‘[01m[KTransformData[m[K’?
[4.738s]    35 |     [01;31m[Ktransform[m[K.child_frame_id = msg->child_frame_id;
[4.738s]       |     [01;31m[K^~~~~~~~~[m[K
[4.738s]       |     [32m[KTransformData[m[K
[4.739s] [01m[K/home/zjz/chapt9/fishbot_ws/src/fishbot_bringup/src/odom2tf.cpp:36:5:[m[K [01;31m[Kerror: [m[K‘[01m[Ktransform[m[K’ does not name a type; did you mean ‘[01m[KTransformData[m[K’?
[4.739s]    36 |     [01;31m[Ktransform[m[K.transform.translation.x = msg->pose.pose.position.x;
[4.739s]       |     [01;31m[K^~~~~~~~~[m[K
[4.739s]       |     [32m[KTransformData[m[K
[4.739s] [01m[K/home/zjz/chapt9/fishbot_ws/src/fishbot_bringup/src/odom2tf.cpp:37:5:[m[K [01;31m[Kerror: [m[K‘[01m[Ktransform[m[K’ does not name a type; did you mean ‘[01m[KTransformData[m[K’?
[4.739s]    37 |     [01;31m[Ktransform[m[K.transform.translation.y = msg->pose.pose.position.y;
[4.739s]       |     [01;31m[K^~~~~~~~~[m[K
[4.740s]       |     [32m[KTransformData[m[K
[4.740s] [01m[K/home/zjz/chapt9/fishbot_ws/src/fishbot_bringup/src/odom2tf.cpp:38:5:[m[K [01;31m[Kerror: [m[K‘[01m[Ktransform[m[K’ does not name a type; did you mean ‘[01m[KTransformData[m[K’?
[4.741s]    38 |     [01;31m[Ktransform[m[K.transform.translation.z = msg->pose.pose.position.z;
[4.741s]       |     [01;31m[K^~~~~~~~~[m[K
[4.741s]       |     [32m[KTransformData[m[K
[4.741s] [01m[K/home/zjz/chapt9/fishbot_ws/src/fishbot_bringup/src/odom2tf.cpp:39:5:[m[K [01;31m[Kerror: [m[K‘[01m[Ktransform[m[K’ does not name a type; did you mean ‘[01m[KTransformData[m[K’?
[4.741s]    39 |     [01;31m[Ktransform[m[K.transform.rotation.x = msg->pose.pose.orientation.x;
[4.741s]       |     [01;31m[K^~~~~~~~~[m[K
[4.741s]       |     [32m[KTransformData[m[K
[4.742s] [01m[K/home/zjz/chapt9/fishbot_ws/src/fishbot_bringup/src/odom2tf.cpp:40:5:[m[K [01;31m[Kerror: [m[K‘[01m[Ktransform[m[K’ does not name a type; did you mean ‘[01m[KTransformData[m[K’?
[4.742s]    40 |     [01;31m[Ktransform[m[K.transform.rotation.y = msg->pose.pose.orientation.y;
[4.742s]       |     [01;31m[K^~~~~~~~~[m[K
[4.742s]       |     [32m[KTransformData[m[K
[4.743s] [01m[K/home/zjz/chapt9/fishbot_ws/src/fishbot_bringup/src/odom2tf.cpp:41:5:[m[K [01;31m[Kerror: [m[K‘[01m[Ktransform[m[K’ does not name a type; did you mean ‘[01m[KTransformData[m[K’?
[4.743s]    41 |     [01;31m[Ktransform[m[K.transform.rotation.z = msg->pose.pose.orientation.z;
[4.743s]       |     [01;31m[K^~~~~~~~~[m[K
[4.743s]       |     [32m[KTransformData[m[K
[4.744s] [01m[K/home/zjz/chapt9/fishbot_ws/src/fishbot_bringup/src/odom2tf.cpp:42:5:[m[K [01;31m[Kerror: [m[K‘[01m[Ktransform[m[K’ does not name a type; did you mean ‘[01m[KTransformData[m[K’?
[4.744s]    42 |     [01;31m[Ktransform[m[K.transform.rotation.w = msg->pose.pose.orientation.w;
[4.744s]       |     [01;31m[K^~~~~~~~~[m[K
[4.744s]       |     [32m[KTransformData[m[K
[4.745s] [01m[K/home/zjz/chapt9/fishbot_ws/src/fishbot_bringup/src/odom2tf.cpp:44:5:[m[K [01;31m[Kerror: [m[K‘[01m[Ktf_broadcaster_[m[K’ does not name a type
[4.745s]    44 |     [01;31m[Ktf_broadcaster_[m[K->sendTransform(transform);
[4.745s]       |     [01;31m[K^~~~~~~~~~~~~~~[m[K
[4.752s] [01m[K/home/zjz/chapt9/fishbot_ws/src/fishbot_bringup/src/odom2tf.cpp:[m[K In member function ‘[01m[Kvoid OdomTopic2TF::odom_callback_(nav_msgs::msg::Odometry_<std::allocator<void> >::SharedPtr)[m[K’:
[4.752s] [01m[K/home/zjz/chapt9/fishbot_ws/src/fishbot_bringup/src/odom2tf.cpp:23:62:[m[K [01;35m[Kwarning: [m[Kunused parameter ‘[01m[Kmsg[m[K’ [[01;35m[K]8;;https://gcc.gnu.org/onlinedocs/gcc/Warning-Options.html#index-Wunused-parameter-Wunused-parameter]8;;[m[K]
[4.752s]    23 | void odom_callback_([01;35m[Kconst nav_msgs::msg::Odometry::SharedPtr msg[m[K) {
[4.752s]       |                     [01;35m[K~~~~~~~~~~~~~~~~~~~~~~~~~~~~~~~~~~~~~~~~~^~~[m[K
[4.752s] [01m[K/home/zjz/chapt9/fishbot_ws/src/fishbot_bringup/src/odom2tf.cpp:[m[K At global scope:
[4.752s] [01m[K/home/zjz/chapt9/fishbot_ws/src/fishbot_bringup/src/odom2tf.cpp:46:1:[m[K [01;31m[Kerror: [m[Kexpected declaration before ‘[01m[K}[m[K’ token
[4.752s]    46 | [01;31m[K}[m[K;
[4.752s]       | [01;31m[K^[m[K
[6.076s] gmake[2]: *** [CMakeFiles/odom2tf.dir/build.make:76: CMakeFiles/odom2tf.dir/src/odom2tf.cpp.o] Error 1
[6.076s] gmake[1]: *** [CMakeFiles/Makefile2:137: CMakeFiles/odom2tf.dir/all] Error 2
[6.076s] gmake: *** [Makefile:146: all] Error 2
[6.078s] Invoked command in '/home/zjz/chapt9/fishbot_ws/src/build/fishbot_bringup' returned '2': CMAKE_PREFIX_PATH=/opt/ros/humble /usr/bin/cmake --build /home/zjz/chapt9/fishbot_ws/src/build/fishbot_bringup -- -j32 -l32
