[0.008s] Invoking command in '/home/zjz/chapt9/fishbot_ws/src/build/fishbot_bringup': CMAKE_PREFIX_PATH=/opt/ros/humble /usr/bin/cmake --build /home/zjz/chapt9/fishbot_ws/src/build/fishbot_bringup -- -j32 -l32
[0.047s] [35m[1mConsolidate compiler generated dependencies of target odom2tf[0m
[0.055s] [100%] Built target odom2tf
[0.061s] Invoked command in '/home/zjz/chapt9/fishbot_ws/src/build/fishbot_bringup' returned '0': CMAKE_PREFIX_PATH=/opt/ros/humble /usr/bin/cmake --build /home/zjz/chapt9/fishbot_ws/src/build/fishbot_bringup -- -j32 -l32
[0.066s] Invoking command in '/home/zjz/chapt9/fishbot_ws/src/build/fishbot_bringup': CMAKE_PREFIX_PATH=/opt/ros/humble /usr/bin/cmake --install /home/zjz/chapt9/fishbot_ws/src/build/fishbot_bringup
[0.069s] -- Install configuration: ""
[0.070s] -- Up-to-date: /home/zjz/chapt9/fishbot_ws/src/install/fishbot_bringup/lib/fishbot_bringup/odom2tf
[0.070s] -- Up-to-date: /home/zjz/chapt9/fishbot_ws/src/install/fishbot_bringup/share/fishbot_bringup/launch
[0.070s] -- Up-to-date: /home/zjz/chapt9/fishbot_ws/src/install/fishbot_bringup/share/fishbot_bringup/launch/bringup.launch.py
[0.070s] -- Up-to-date: /home/zjz/chapt9/fishbot_ws/src/install/fishbot_bringup/share/fishbot_bringup/launch/urdf2tf.launch.py
[0.070s] -- Up-to-date: /home/zjz/chapt9/fishbot_ws/src/install/fishbot_bringup/share/ament_index/resource_index/package_run_dependencies/fishbot_bringup
[0.070s] -- Up-to-date: /home/zjz/chapt9/fishbot_ws/src/install/fishbot_bringup/share/ament_index/resource_index/parent_prefix_path/fishbot_bringup
[0.071s] -- Up-to-date: /home/zjz/chapt9/fishbot_ws/src/install/fishbot_bringup/share/fishbot_bringup/environment/ament_prefix_path.sh
[0.071s] -- Up-to-date: /home/zjz/chapt9/fishbot_ws/src/install/fishbot_bringup/share/fishbot_bringup/environment/ament_prefix_path.dsv
[0.071s] -- Up-to-date: /home/zjz/chapt9/fishbot_ws/src/install/fishbot_bringup/share/fishbot_bringup/environment/path.sh
[0.071s] -- Up-to-date: /home/zjz/chapt9/fishbot_ws/src/install/fishbot_bringup/share/fishbot_bringup/environment/path.dsv
[0.071s] -- Up-to-date: /home/zjz/chapt9/fishbot_ws/src/install/fishbot_bringup/share/fishbot_bringup/local_setup.bash
[0.071s] -- Up-to-date: /home/zjz/chapt9/fishbot_ws/src/install/fishbot_bringup/share/fishbot_bringup/local_setup.sh
[0.071s] -- Up-to-date: /home/zjz/chapt9/fishbot_ws/src/install/fishbot_bringup/share/fishbot_bringup/local_setup.zsh
[0.071s] -- Up-to-date: /home/zjz/chapt9/fishbot_ws/src/install/fishbot_bringup/share/fishbot_bringup/local_setup.dsv
[0.071s] -- Installing: /home/zjz/chapt9/fishbot_ws/src/install/fishbot_bringup/share/fishbot_bringup/package.dsv
[0.071s] -- Up-to-date: /home/zjz/chapt9/fishbot_ws/src/install/fishbot_bringup/share/ament_index/resource_index/packages/fishbot_bringup
[0.071s] -- Up-to-date: /home/zjz/chapt9/fishbot_ws/src/install/fishbot_bringup/share/fishbot_bringup/cmake/fishbot_bringupConfig.cmake
[0.071s] -- Up-to-date: /home/zjz/chapt9/fishbot_ws/src/install/fishbot_bringup/share/fishbot_bringup/cmake/fishbot_bringupConfig-version.cmake
[0.071s] -- Up-to-date: /home/zjz/chapt9/fishbot_ws/src/install/fishbot_bringup/share/fishbot_bringup/package.xml
[0.072s] Invoked command in '/home/zjz/chapt9/fishbot_ws/src/build/fishbot_bringup' returned '0': CMAKE_PREFIX_PATH=/opt/ros/humble /usr/bin/cmake --install /home/zjz/chapt9/fishbot_ws/src/build/fishbot_bringup
