[0.432s] Invoking command in '/home/zjz/chapt9/fishbot_ws/src/ros_serial2wifi': PYTHONPATH=/home/zjz/chapt9/fishbot_ws/build/ros_serial2wifi/prefix_override:/usr/lib/python3/dist-packages/colcon_core/task/python/colcon_distutils_commands:/home/zjz/chapt9/fishbot_ws/install/ros_serial2wifi/lib/python3.10/site-packages:${PYTHONPATH} /usr/bin/python3 -W ignore:setup.py install is deprecated -W ignore:easy_install command is deprecated setup.py egg_info --egg-base ../../build/ros_serial2wifi build --build-base /home/zjz/chapt9/fishbot_ws/build/ros_serial2wifi/build install --record /home/zjz/chapt9/fishbot_ws/build/ros_serial2wifi/install.log --install-scripts $base/lib/ros_serial2wifi --single-version-externally-managed install_data
[0.542s] running egg_info
[0.542s] writing ../../build/ros_serial2wifi/ros_serial2wifi.egg-info/PKG-INFO
[0.543s] writing dependency_links to ../../build/ros_serial2wifi/ros_serial2wifi.egg-info/dependency_links.txt
[0.543s] writing entry points to ../../build/ros_serial2wifi/ros_serial2wifi.egg-info/entry_points.txt
[0.543s] writing requirements to ../../build/ros_serial2wifi/ros_serial2wifi.egg-info/requires.txt
[0.543s] writing top-level names to ../../build/ros_serial2wifi/ros_serial2wifi.egg-info/top_level.txt
[0.544s] reading manifest file '../../build/ros_serial2wifi/ros_serial2wifi.egg-info/SOURCES.txt'
[0.545s] writing manifest file '../../build/ros_serial2wifi/ros_serial2wifi.egg-info/SOURCES.txt'
[0.545s] running build
[0.545s] running build_py
[0.545s] creating /home/zjz/chapt9/fishbot_ws/build/ros_serial2wifi/build/lib/ros_serail2wifi
[0.545s] copying ros_serail2wifi/__init__.py -> /home/zjz/chapt9/fishbot_ws/build/ros_serial2wifi/build/lib/ros_serail2wifi
[0.545s] copying ros_serail2wifi/udpserver.py -> /home/zjz/chapt9/fishbot_ws/build/ros_serial2wifi/build/lib/ros_serail2wifi
[0.545s] copying ros_serail2wifi/tcpserver.py -> /home/zjz/chapt9/fishbot_ws/build/ros_serial2wifi/build/lib/ros_serail2wifi
[0.545s] running install
[0.545s] running install_lib
[0.546s] creating /home/zjz/chapt9/fishbot_ws/install/ros_serial2wifi/lib/python3.10/site-packages/ros_serail2wifi
[0.546s] copying /home/zjz/chapt9/fishbot_ws/build/ros_serial2wifi/build/lib/ros_serail2wifi/__init__.py -> /home/zjz/chapt9/fishbot_ws/install/ros_serial2wifi/lib/python3.10/site-packages/ros_serail2wifi
[0.546s] copying /home/zjz/chapt9/fishbot_ws/build/ros_serial2wifi/build/lib/ros_serail2wifi/udpserver.py -> /home/zjz/chapt9/fishbot_ws/install/ros_serial2wifi/lib/python3.10/site-packages/ros_serail2wifi
[0.546s] copying /home/zjz/chapt9/fishbot_ws/build/ros_serial2wifi/build/lib/ros_serail2wifi/tcpserver.py -> /home/zjz/chapt9/fishbot_ws/install/ros_serial2wifi/lib/python3.10/site-packages/ros_serail2wifi
[0.546s] byte-compiling /home/zjz/chapt9/fishbot_ws/install/ros_serial2wifi/lib/python3.10/site-packages/ros_serail2wifi/__init__.py to __init__.cpython-310.pyc
[0.546s] byte-compiling /home/zjz/chapt9/fishbot_ws/install/ros_serial2wifi/lib/python3.10/site-packages/ros_serail2wifi/udpserver.py to udpserver.cpython-310.pyc
[0.547s] byte-compiling /home/zjz/chapt9/fishbot_ws/install/ros_serial2wifi/lib/python3.10/site-packages/ros_serail2wifi/tcpserver.py to tcpserver.cpython-310.pyc
[0.547s] running install_data
[0.547s] running install_egg_info
[0.548s] removing '/home/zjz/chapt9/fishbot_ws/install/ros_serial2wifi/lib/python3.10/site-packages/ros_serial2wifi-0.0.0-py3.10.egg-info' (and everything under it)
[0.549s] Copying ../../build/ros_serial2wifi/ros_serial2wifi.egg-info to /home/zjz/chapt9/fishbot_ws/install/ros_serial2wifi/lib/python3.10/site-packages/ros_serial2wifi-0.0.0-py3.10.egg-info
[0.550s] running install_scripts
[0.561s] Installing tcp_server script to /home/zjz/chapt9/fishbot_ws/install/ros_serial2wifi/lib/ros_serial2wifi
[0.562s] Installing udp_server script to /home/zjz/chapt9/fishbot_ws/install/ros_serial2wifi/lib/ros_serial2wifi
[0.562s] writing list of installed files to '/home/zjz/chapt9/fishbot_ws/build/ros_serial2wifi/install.log'
[0.572s] Invoked command in '/home/zjz/chapt9/fishbot_ws/src/ros_serial2wifi' returned '0': PYTHONPATH=/home/zjz/chapt9/fishbot_ws/build/ros_serial2wifi/prefix_override:/usr/lib/python3/dist-packages/colcon_core/task/python/colcon_distutils_commands:/home/zjz/chapt9/fishbot_ws/install/ros_serial2wifi/lib/python3.10/site-packages:${PYTHONPATH} /usr/bin/python3 -W ignore:setup.py install is deprecated -W ignore:easy_install command is deprecated setup.py egg_info --egg-base ../../build/ros_serial2wifi build --build-base /home/zjz/chapt9/fishbot_ws/build/ros_serial2wifi/build install --record /home/zjz/chapt9/fishbot_ws/build/ros_serial2wifi/install.log --install-scripts $base/lib/ros_serial2wifi --single-version-externally-managed install_data
