[0.013s] Invoking command in '/home/zjz/chapt9/fishbot_ws/src/build/fishbot_description': CMAKE_PREFIX_PATH=/opt/ros/humble /usr/bin/cmake /home/zjz/chapt9/fishbot_ws/src/fishbot_description -DCMAKE_INSTALL_PREFIX=/home/zjz/chapt9/fishbot_ws/src/install/fishbot_description
[0.141s] -- The C compiler identification is GNU 11.4.0
[0.371s] -- The CXX compiler identification is GNU 11.4.0
[0.528s] -- Detecting C compiler ABI info
[0.610s] -- Detecting C compiler ABI info - done
[0.613s] -- Check for working C compiler: /usr/bin/cc - skipped
[0.613s] -- Detecting C compile features
[0.614s] -- Detecting C compile features - done
[0.615s] -- Detecting CXX compiler ABI info
[0.702s] -- Detecting CXX compiler ABI info - done
[0.706s] -- Check for working CXX compiler: /usr/bin/c++ - skipped
[0.707s] -- Detecting CXX compile features
[0.707s] -- Detecting CXX compile features - done
[0.707s] -- Found ament_cmake: 1.3.14 (/opt/ros/humble/share/ament_cmake/cmake)
[0.799s] -- Found Python3: /usr/bin/python3 (found version "3.10.12") found components: Interpreter 
[0.846s] -- Found ament_lint_auto: 0.12.15 (/opt/ros/humble/share/ament_lint_auto/cmake)
[0.891s] -- Added test 'lint_cmake' to check CMake code style
[0.891s] -- Added test 'xmllint' to check XML markup files
[0.892s] -- Configuring done
[0.895s] -- Generating done
[0.896s] -- Build files have been written to: /home/zjz/chapt9/fishbot_ws/src/build/fishbot_description
[0.900s] Invoked command in '/home/zjz/chapt9/fishbot_ws/src/build/fishbot_description' returned '0': CMAKE_PREFIX_PATH=/opt/ros/humble /usr/bin/cmake /home/zjz/chapt9/fishbot_ws/src/fishbot_description -DCMAKE_INSTALL_PREFIX=/home/zjz/chapt9/fishbot_ws/src/install/fishbot_description
[0.901s] Invoking command in '/home/zjz/chapt9/fishbot_ws/src/build/fishbot_description': CMAKE_PREFIX_PATH=/opt/ros/humble /usr/bin/cmake --build /home/zjz/chapt9/fishbot_ws/src/build/fishbot_description -- -j32 -l32
[0.923s] Invoked command in '/home/zjz/chapt9/fishbot_ws/src/build/fishbot_description' returned '0': CMAKE_PREFIX_PATH=/opt/ros/humble /usr/bin/cmake --build /home/zjz/chapt9/fishbot_ws/src/build/fishbot_description -- -j32 -l32
[0.929s] Invoking command in '/home/zjz/chapt9/fishbot_ws/src/build/fishbot_description': CMAKE_PREFIX_PATH=/opt/ros/humble /usr/bin/cmake --install /home/zjz/chapt9/fishbot_ws/src/build/fishbot_description
[0.932s] -- Install configuration: ""
[0.932s] -- Installing: /home/zjz/chapt9/fishbot_ws/src/install/fishbot_description/share/fishbot_description/urdf
[0.932s] -- Installing: /home/zjz/chapt9/fishbot_ws/src/install/fishbot_description/share/fishbot_description/urdf/fishbot.urdf
[0.933s] -- Installing: /home/zjz/chapt9/fishbot_ws/src/install/fishbot_description/share/ament_index/resource_index/package_run_dependencies/fishbot_description
[0.933s] -- Installing: /home/zjz/chapt9/fishbot_ws/src/install/fishbot_description/share/ament_index/resource_index/parent_prefix_path/fishbot_description
[0.933s] -- Installing: /home/zjz/chapt9/fishbot_ws/src/install/fishbot_description/share/fishbot_description/environment/ament_prefix_path.sh
[0.933s] -- Installing: /home/zjz/chapt9/fishbot_ws/src/install/fishbot_description/share/fishbot_description/environment/ament_prefix_path.dsv
[0.933s] -- Installing: /home/zjz/chapt9/fishbot_ws/src/install/fishbot_description/share/fishbot_description/environment/path.sh
[0.933s] -- Installing: /home/zjz/chapt9/fishbot_ws/src/install/fishbot_description/share/fishbot_description/environment/path.dsv
[0.934s] -- Installing: /home/zjz/chapt9/fishbot_ws/src/install/fishbot_description/share/fishbot_description/local_setup.bash
[0.934s] -- Installing: /home/zjz/chapt9/fishbot_ws/src/install/fishbot_description/share/fishbot_description/local_setup.sh
[0.934s] -- Installing: /home/zjz/chapt9/fishbot_ws/src/install/fishbot_description/share/fishbot_description/local_setup.zsh
[0.934s] -- Installing: /home/zjz/chapt9/fishbot_ws/src/install/fishbot_description/share/fishbot_description/local_setup.dsv
[0.934s] -- Installing: /home/zjz/chapt9/fishbot_ws/src/install/fishbot_description/share/fishbot_description/package.dsv
[0.934s] -- Installing: /home/zjz/chapt9/fishbot_ws/src/install/fishbot_description/share/ament_index/resource_index/packages/fishbot_description
[0.934s] -- Installing: /home/zjz/chapt9/fishbot_ws/src/install/fishbot_description/share/fishbot_description/cmake/fishbot_descriptionConfig.cmake
[0.935s] -- Installing: /home/zjz/chapt9/fishbot_ws/src/install/fishbot_description/share/fishbot_description/cmake/fishbot_descriptionConfig-version.cmake
[0.935s] -- Installing: /home/zjz/chapt9/fishbot_ws/src/install/fishbot_description/share/fishbot_description/package.xml
[0.937s] Invoked command in '/home/zjz/chapt9/fishbot_ws/src/build/fishbot_description' returned '0': CMAKE_PREFIX_PATH=/opt/ros/humble /usr/bin/cmake --install /home/zjz/chapt9/fishbot_ws/src/build/fishbot_description
