[0.137s] Invoking command in '/home/zjz/chapt9/fishbot_ws/build/ydlidar': CMAKE_PREFIX_PATH=/opt/ros/humble /usr/bin/cmake --build /home/zjz/chapt9/fishbot_ws/build/ydlidar -- -j32 -l32
[0.162s] [  8%] Built target ydlidar_client
[0.166s] [100%] Built target ydlidar_node
[0.172s] Invoked command in '/home/zjz/chapt9/fishbot_ws/build/ydlidar' returned '0': CMAKE_PREFIX_PATH=/opt/ros/humble /usr/bin/cmake --build /home/zjz/chapt9/fishbot_ws/build/ydlidar -- -j32 -l32
[0.177s] Invoking command in '/home/zjz/chapt9/fishbot_ws/build/ydlidar': CMAKE_PREFIX_PATH=/opt/ros/humble /usr/bin/cmake --install /home/zjz/chapt9/fishbot_ws/build/ydlidar
[0.187s] -- Install configuration: ""
[0.187s] -- Up-to-date: /home/zjz/chapt9/fishbot_ws/install/ydlidar/lib/ydlidar/ydlidar_node
[0.187s] -- Up-to-date: /home/zjz/chapt9/fishbot_ws/install/ydlidar/lib/ydlidar/ydlidar_client
[0.187s] -- Up-to-date: /home/zjz/chapt9/fishbot_ws/install/ydlidar/share/ydlidar/launch
[0.188s] -- Up-to-date: /home/zjz/chapt9/fishbot_ws/install/ydlidar/share/ydlidar/launch/ydlidar.py
[0.188s] -- Up-to-date: /home/zjz/chapt9/fishbot_ws/install/ydlidar/share/ydlidar/launch/ydlidar_launch.py
[0.188s] -- Up-to-date: /home/zjz/chapt9/fishbot_ws/install/ydlidar/share/ydlidar/params
[0.188s] -- Up-to-date: /home/zjz/chapt9/fishbot_ws/install/ydlidar/share/ydlidar/params/ydlidar.yaml
[0.188s] -- Up-to-date: /home/zjz/chapt9/fishbot_ws/install/ydlidar/share/ydlidar/startup
[0.189s] -- Up-to-date: /home/zjz/chapt9/fishbot_ws/install/ydlidar/share/ydlidar/startup/initenv.sh
[0.189s] -- Up-to-date: /home/zjz/chapt9/fishbot_ws/install/ydlidar/share/ydlidar/config
[0.189s] -- Up-to-date: /home/zjz/chapt9/fishbot_ws/install/ydlidar/share/ydlidar/config/ydlidar.rviz
[0.189s] -- Up-to-date: /home/zjz/chapt9/fishbot_ws/install/ydlidar/share/ament_index/resource_index/package_run_dependencies/ydlidar
[0.189s] -- Up-to-date: /home/zjz/chapt9/fishbot_ws/install/ydlidar/share/ament_index/resource_index/parent_prefix_path/ydlidar
[0.190s] -- Up-to-date: /home/zjz/chapt9/fishbot_ws/install/ydlidar/share/ydlidar/environment/ament_prefix_path.sh
[0.190s] -- Up-to-date: /home/zjz/chapt9/fishbot_ws/install/ydlidar/share/ydlidar/environment/ament_prefix_path.dsv
[0.191s] -- Up-to-date: /home/zjz/chapt9/fishbot_ws/install/ydlidar/share/ydlidar/environment/path.sh
[0.191s] -- Up-to-date: /home/zjz/chapt9/fishbot_ws/install/ydlidar/share/ydlidar/environment/path.dsv
[0.191s] -- Up-to-date: /home/zjz/chapt9/fishbot_ws/install/ydlidar/share/ydlidar/local_setup.bash
[0.191s] -- Up-to-date: /home/zjz/chapt9/fishbot_ws/install/ydlidar/share/ydlidar/local_setup.sh
[0.191s] -- Up-to-date: /home/zjz/chapt9/fishbot_ws/install/ydlidar/share/ydlidar/local_setup.zsh
[0.191s] -- Up-to-date: /home/zjz/chapt9/fishbot_ws/install/ydlidar/share/ydlidar/local_setup.dsv
[0.191s] -- Installing: /home/zjz/chapt9/fishbot_ws/install/ydlidar/share/ydlidar/package.dsv
[0.192s] -- Up-to-date: /home/zjz/chapt9/fishbot_ws/install/ydlidar/share/ament_index/resource_index/packages/ydlidar
[0.192s] -- Up-to-date: /home/zjz/chapt9/fishbot_ws/install/ydlidar/share/ydlidar/cmake/ydlidarConfig.cmake
[0.192s] -- Up-to-date: /home/zjz/chapt9/fishbot_ws/install/ydlidar/share/ydlidar/cmake/ydlidarConfig-version.cmake
[0.192s] -- Up-to-date: /home/zjz/chapt9/fishbot_ws/install/ydlidar/share/ydlidar/package.xml
[0.192s] Invoked command in '/home/zjz/chapt9/fishbot_ws/build/ydlidar' returned '0': CMAKE_PREFIX_PATH=/opt/ros/humble /usr/bin/cmake --install /home/zjz/chapt9/fishbot_ws/build/ydlidar
