[0.013s] Invoking command in '/home/zjz/chapt9/fishbot_ws/build/fishbot_bringup': CMAKE_PREFIX_PATH=/opt/ros/humble /usr/bin/cmake /home/zjz/chapt9/fishbot_ws/src/fishbot_bringup -DCMAKE_INSTALL_PREFIX=/home/zjz/chapt9/fishbot_ws/install/fishbot_bringup
[0.143s] -- The C compiler identification is GNU 11.4.0
[0.349s] -- The CXX compiler identification is GNU 11.4.0
[0.532s] -- Detecting C compiler ABI info
[0.590s] -- Detecting C compiler ABI info - done
[0.594s] -- Check for working C compiler: /usr/bin/cc - skipped
[0.594s] -- Detecting C compile features
[0.594s] -- Detecting C compile features - done
[0.596s] -- Detecting CXX compiler ABI info
[0.669s] -- Detecting CXX compiler ABI info - done
[0.672s] -- Check for working CXX compiler: /usr/bin/c++ - skipped
[0.672s] -- Detecting CXX compile features
[0.672s] -- Detecting CXX compile features - done
[0.673s] -- Found ament_cmake: 1.3.14 (/opt/ros/humble/share/ament_cmake/cmake)
[0.758s] -- Found Python3: /usr/bin/python3 (found version "3.10.12") found components: Interpreter 
[0.805s] -- Found ament_lint_auto: 0.12.15 (/opt/ros/humble/share/ament_lint_auto/cmake)
[0.844s] -- Added test 'flake8' to check Python code syntax and style conventions
[0.844s] -- Added test 'lint_cmake' to check CMake code style
[0.844s] -- Added test 'pep257' to check Python code against some of the docstring style conventions in PEP 257
[0.845s] -- Added test 'xmllint' to check XML markup files
[0.845s] -- Configuring done
[0.847s] -- Generating done
[0.848s] -- Build files have been written to: /home/zjz/chapt9/fishbot_ws/build/fishbot_bringup
[0.850s] Invoked command in '/home/zjz/chapt9/fishbot_ws/build/fishbot_bringup' returned '0': CMAKE_PREFIX_PATH=/opt/ros/humble /usr/bin/cmake /home/zjz/chapt9/fishbot_ws/src/fishbot_bringup -DCMAKE_INSTALL_PREFIX=/home/zjz/chapt9/fishbot_ws/install/fishbot_bringup
[0.851s] Invoking command in '/home/zjz/chapt9/fishbot_ws/build/fishbot_bringup': CMAKE_PREFIX_PATH=/opt/ros/humble /usr/bin/cmake --build /home/zjz/chapt9/fishbot_ws/build/fishbot_bringup -- -j32 -l32
[0.870s] Invoked command in '/home/zjz/chapt9/fishbot_ws/build/fishbot_bringup' returned '0': CMAKE_PREFIX_PATH=/opt/ros/humble /usr/bin/cmake --build /home/zjz/chapt9/fishbot_ws/build/fishbot_bringup -- -j32 -l32
[0.871s] Invoking command in '/home/zjz/chapt9/fishbot_ws/build/fishbot_bringup': CMAKE_PREFIX_PATH=/opt/ros/humble /usr/bin/cmake --install /home/zjz/chapt9/fishbot_ws/build/fishbot_bringup
[0.874s] -- Install configuration: ""
[0.874s] -- Installing: /home/zjz/chapt9/fishbot_ws/install/fishbot_bringup/share/fishbot_bringup/launch
[0.874s] -- Installing: /home/zjz/chapt9/fishbot_ws/install/fishbot_bringup/share/fishbot_bringup/launch/urdf2tf.launch.py
[0.875s] -- Installing: /home/zjz/chapt9/fishbot_ws/install/fishbot_bringup/share/ament_index/resource_index/package_run_dependencies/fishbot_bringup
[0.875s] -- Installing: /home/zjz/chapt9/fishbot_ws/install/fishbot_bringup/share/ament_index/resource_index/parent_prefix_path/fishbot_bringup
[0.875s] -- Installing: /home/zjz/chapt9/fishbot_ws/install/fishbot_bringup/share/fishbot_bringup/environment/ament_prefix_path.sh
[0.875s] -- Installing: /home/zjz/chapt9/fishbot_ws/install/fishbot_bringup/share/fishbot_bringup/environment/ament_prefix_path.dsv
[0.875s] -- Installing: /home/zjz/chapt9/fishbot_ws/install/fishbot_bringup/share/fishbot_bringup/environment/path.sh
[0.875s] -- Installing: /home/zjz/chapt9/fishbot_ws/install/fishbot_bringup/share/fishbot_bringup/environment/path.dsv
[0.875s] -- Installing: /home/zjz/chapt9/fishbot_ws/install/fishbot_bringup/share/fishbot_bringup/local_setup.bash
[0.875s] -- Installing: /home/zjz/chapt9/fishbot_ws/install/fishbot_bringup/share/fishbot_bringup/local_setup.sh
[0.875s] -- Installing: /home/zjz/chapt9/fishbot_ws/install/fishbot_bringup/share/fishbot_bringup/local_setup.zsh
[0.875s] -- Installing: /home/zjz/chapt9/fishbot_ws/install/fishbot_bringup/share/fishbot_bringup/local_setup.dsv
[0.876s] -- Installing: /home/zjz/chapt9/fishbot_ws/install/fishbot_bringup/share/fishbot_bringup/package.dsv
[0.876s] -- Installing: /home/zjz/chapt9/fishbot_ws/install/fishbot_bringup/share/ament_index/resource_index/packages/fishbot_bringup
[0.876s] -- Installing: /home/zjz/chapt9/fishbot_ws/install/fishbot_bringup/share/fishbot_bringup/cmake/fishbot_bringupConfig.cmake
[0.876s] -- Installing: /home/zjz/chapt9/fishbot_ws/install/fishbot_bringup/share/fishbot_bringup/cmake/fishbot_bringupConfig-version.cmake
[0.876s] -- Installing: /home/zjz/chapt9/fishbot_ws/install/fishbot_bringup/share/fishbot_bringup/package.xml
[0.877s] Invoked command in '/home/zjz/chapt9/fishbot_ws/build/fishbot_bringup' returned '0': CMAKE_PREFIX_PATH=/opt/ros/humble /usr/bin/cmake --install /home/zjz/chapt9/fishbot_ws/build/fishbot_bringup
