[  4%] [32mBuilding CXX object CMakeFiles/ydlidar_client.dir/src/ydlidar_client.cpp.o[0m
[ 12%] [32mBuilding CXX object CMakeFiles/ydlidar_node.dir/sdk/core/base/timer.cpp.o[0m
[ 12%] [32mBuilding CXX object CMakeFiles/ydlidar_node.dir/src/ydlidar_node.cpp.o[0m
[ 16%] [32mBuilding CXX object CMakeFiles/ydlidar_node.dir/sdk/core/network/ActiveSocket.cpp.o[0m
[ 20%] [32mBuilding C object CMakeFiles/ydlidar_node.dir/sdk/core/json/cJSON.c.o[0m
[ 25%] [32mBuilding CXX object CMakeFiles/ydlidar_node.dir/sdk/core/common/ydlidar_def.cpp.o[0m
[ 29%] [32mBuilding CXX object CMakeFiles/ydlidar_node.dir/sdk/core/network/SimpleSocket.cpp.o[0m
[ 33%] [32mBuilding CXX object CMakeFiles/ydlidar_node.dir/sdk/src/DTSLidarDriver.cpp.o[0m
[ 41%] [32mBuilding CXX object CMakeFiles/ydlidar_node.dir/sdk/core/network/PassiveSocket.cpp.o[0m
[ 41%] [32mBuilding CXX object CMakeFiles/ydlidar_node.dir/sdk/core/serial/impl/unix/unix_serial.cpp.o[0m
[ 45%] [32mBuilding CXX object CMakeFiles/ydlidar_node.dir/sdk/core/serial/serial.cpp.o[0m
[ 50%] [32mBuilding C object CMakeFiles/ydlidar_node.dir/sdk/core/serial/impl/unix/lock.c.o[0m
[ 54%] [32mBuilding CXX object CMakeFiles/ydlidar_node.dir/sdk/core/serial/impl/unix/list_ports_linux.cpp.o[0m
[ 58%] [32mBuilding CXX object CMakeFiles/ydlidar_node.dir/sdk/src/TiaLidarDriver.cpp.o[0m
[ 62%] [32mBuilding CXX object CMakeFiles/ydlidar_node.dir/sdk/src/YDlidarDriver.cpp.o[0m
[ 70%] [32mBuilding CXX object CMakeFiles/ydlidar_node.dir/sdk/src/CYdLidar.cpp.o[0m
[ 70%] [32mBuilding CXX object CMakeFiles/ydlidar_node.dir/sdk/src/GSLidarDriver.cpp.o[0m
[ 75%] [32mBuilding CXX object CMakeFiles/ydlidar_node.dir/sdk/src/ETLidarDriver.cpp.o[0m
[ 79%] [32mBuilding CXX object CMakeFiles/ydlidar_node.dir/sdk/src/filters/StrongLightFilter.cpp.o[0m
[ 87%] [32mBuilding CXX object CMakeFiles/ydlidar_node.dir/sdk/src/filters/NoiseFilter.cpp.o[0m
[ 87%] [32mBuilding CXX object CMakeFiles/ydlidar_node.dir/sdk/src/SDMLidarDriver.cpp.o[0m
[ 91%] [32mBuilding CXX object CMakeFiles/ydlidar_node.dir/sdk/src/ydlidar_sdk.cpp.o[0m
[ 95%] [32m[1mLinking CXX executable ydlidar_node[0m
[ 95%] Built target ydlidar_node
[100%] [32m[1mLinking CXX executable ydlidar_client[0m
[100%] Built target ydlidar_client
-- Install configuration: ""
-- Installing: /home/zjz/chapt9/fishbot_ws/src/install/ydlidar/lib/ydlidar/ydlidar_node
-- Set runtime path of "/home/zjz/chapt9/fishbot_ws/src/install/ydlidar/lib/ydlidar/ydlidar_node" to ""
-- Installing: /home/zjz/chapt9/fishbot_ws/src/install/ydlidar/lib/ydlidar/ydlidar_client
-- Set runtime path of "/home/zjz/chapt9/fishbot_ws/src/install/ydlidar/lib/ydlidar/ydlidar_client" to ""
-- Installing: /home/zjz/chapt9/fishbot_ws/src/install/ydlidar/share/ydlidar/launch
-- Installing: /home/zjz/chapt9/fishbot_ws/src/install/ydlidar/share/ydlidar/launch/ydlidar.py
-- Installing: /home/zjz/chapt9/fishbot_ws/src/install/ydlidar/share/ydlidar/launch/ydlidar_launch.py
-- Installing: /home/zjz/chapt9/fishbot_ws/src/install/ydlidar/share/ydlidar/params
-- Installing: /home/zjz/chapt9/fishbot_ws/src/install/ydlidar/share/ydlidar/params/ydlidar.yaml
-- Installing: /home/zjz/chapt9/fishbot_ws/src/install/ydlidar/share/ydlidar/startup
-- Installing: /home/zjz/chapt9/fishbot_ws/src/install/ydlidar/share/ydlidar/startup/initenv.sh
-- Installing: /home/zjz/chapt9/fishbot_ws/src/install/ydlidar/share/ydlidar/config
-- Installing: /home/zjz/chapt9/fishbot_ws/src/install/ydlidar/share/ydlidar/config/ydlidar.rviz
-- Installing: /home/zjz/chapt9/fishbot_ws/src/install/ydlidar/share/ament_index/resource_index/package_run_dependencies/ydlidar
-- Installing: /home/zjz/chapt9/fishbot_ws/src/install/ydlidar/share/ament_index/resource_index/parent_prefix_path/ydlidar
-- Installing: /home/zjz/chapt9/fishbot_ws/src/install/ydlidar/share/ydlidar/environment/ament_prefix_path.sh
-- Installing: /home/zjz/chapt9/fishbot_ws/src/install/ydlidar/share/ydlidar/environment/ament_prefix_path.dsv
-- Installing: /home/zjz/chapt9/fishbot_ws/src/install/ydlidar/share/ydlidar/environment/path.sh
-- Installing: /home/zjz/chapt9/fishbot_ws/src/install/ydlidar/share/ydlidar/environment/path.dsv
-- Installing: /home/zjz/chapt9/fishbot_ws/src/install/ydlidar/share/ydlidar/local_setup.bash
-- Installing: /home/zjz/chapt9/fishbot_ws/src/install/ydlidar/share/ydlidar/local_setup.sh
-- Installing: /home/zjz/chapt9/fishbot_ws/src/install/ydlidar/share/ydlidar/local_setup.zsh
-- Installing: /home/zjz/chapt9/fishbot_ws/src/install/ydlidar/share/ydlidar/local_setup.dsv
-- Installing: /home/zjz/chapt9/fishbot_ws/src/install/ydlidar/share/ydlidar/package.dsv
-- Installing: /home/zjz/chapt9/fishbot_ws/src/install/ydlidar/share/ament_index/resource_index/packages/ydlidar
-- Installing: /home/zjz/chapt9/fishbot_ws/src/install/ydlidar/share/ydlidar/cmake/ydlidarConfig.cmake
-- Installing: /home/zjz/chapt9/fishbot_ws/src/install/ydlidar/share/ydlidar/cmake/ydlidarConfig-version.cmake
-- Installing: /home/zjz/chapt9/fishbot_ws/src/install/ydlidar/share/ydlidar/package.xml
