[0.431s] Invoking command in '/home/zjz/chapt9/fishbot_ws/src/ros_serial2wifi': PYTHONPATH=/home/zjz/chapt9/fishbot_ws/build/ros_serial2wifi/prefix_override:/usr/lib/python3/dist-packages/colcon_core/task/python/colcon_distutils_commands:/home/zjz/chapt9/fishbot_ws/install/ros_serial2wifi/lib/python3.10/site-packages:${PYTHONPATH} /usr/bin/python3 -W ignore:setup.py install is deprecated -W ignore:easy_install command is deprecated setup.py egg_info --egg-base ../../build/ros_serial2wifi build --build-base /home/zjz/chapt9/fishbot_ws/build/ros_serial2wifi/build install --record /home/zjz/chapt9/fishbot_ws/build/ros_serial2wifi/install.log --install-scripts $base/lib/ros_serial2wifi --single-version-externally-managed install_data
[0.545s] running egg_info
[0.545s] creating ../../build/ros_serial2wifi/ros_serial2wifi.egg-info
[0.545s] writing ../../build/ros_serial2wifi/ros_serial2wifi.egg-info/PKG-INFO
[0.546s] writing dependency_links to ../../build/ros_serial2wifi/ros_serial2wifi.egg-info/dependency_links.txt
[0.546s] writing entry points to ../../build/ros_serial2wifi/ros_serial2wifi.egg-info/entry_points.txt
[0.546s] writing requirements to ../../build/ros_serial2wifi/ros_serial2wifi.egg-info/requires.txt
[0.546s] writing top-level names to ../../build/ros_serial2wifi/ros_serial2wifi.egg-info/top_level.txt
[0.546s] writing manifest file '../../build/ros_serial2wifi/ros_serial2wifi.egg-info/SOURCES.txt'
[0.547s] reading manifest file '../../build/ros_serial2wifi/ros_serial2wifi.egg-info/SOURCES.txt'
[0.547s] writing manifest file '../../build/ros_serial2wifi/ros_serial2wifi.egg-info/SOURCES.txt'
[0.547s] running build
[0.547s] running build_py
[0.548s] creating /home/zjz/chapt9/fishbot_ws/build/ros_serial2wifi/build
[0.548s] creating /home/zjz/chapt9/fishbot_ws/build/ros_serial2wifi/build/lib
[0.548s] creating /home/zjz/chapt9/fishbot_ws/build/ros_serial2wifi/build/lib/ros_serial2wifi
[0.548s] copying ros_serial2wifi/__init__.py -> /home/zjz/chapt9/fishbot_ws/build/ros_serial2wifi/build/lib/ros_serial2wifi
[0.548s] copying ros_serial2wifi/udpserver.py -> /home/zjz/chapt9/fishbot_ws/build/ros_serial2wifi/build/lib/ros_serial2wifi
[0.548s] copying ros_serial2wifi/tcpserver.py -> /home/zjz/chapt9/fishbot_ws/build/ros_serial2wifi/build/lib/ros_serial2wifi
[0.548s] running install
[0.548s] running install_lib
[0.549s] creating /home/zjz/chapt9/fishbot_ws/install/ros_serial2wifi/lib/python3.10/site-packages/ros_serial2wifi
[0.549s] copying /home/zjz/chapt9/fishbot_ws/build/ros_serial2wifi/build/lib/ros_serial2wifi/__init__.py -> /home/zjz/chapt9/fishbot_ws/install/ros_serial2wifi/lib/python3.10/site-packages/ros_serial2wifi
[0.549s] copying /home/zjz/chapt9/fishbot_ws/build/ros_serial2wifi/build/lib/ros_serial2wifi/udpserver.py -> /home/zjz/chapt9/fishbot_ws/install/ros_serial2wifi/lib/python3.10/site-packages/ros_serial2wifi
[0.549s] copying /home/zjz/chapt9/fishbot_ws/build/ros_serial2wifi/build/lib/ros_serial2wifi/tcpserver.py -> /home/zjz/chapt9/fishbot_ws/install/ros_serial2wifi/lib/python3.10/site-packages/ros_serial2wifi
[0.549s] byte-compiling /home/zjz/chapt9/fishbot_ws/install/ros_serial2wifi/lib/python3.10/site-packages/ros_serial2wifi/__init__.py to __init__.cpython-310.pyc
[0.549s] byte-compiling /home/zjz/chapt9/fishbot_ws/install/ros_serial2wifi/lib/python3.10/site-packages/ros_serial2wifi/udpserver.py to udpserver.cpython-310.pyc
[0.550s] byte-compiling /home/zjz/chapt9/fishbot_ws/install/ros_serial2wifi/lib/python3.10/site-packages/ros_serial2wifi/tcpserver.py to tcpserver.cpython-310.pyc
[0.550s] running install_data
[0.550s] creating /home/zjz/chapt9/fishbot_ws/install/ros_serial2wifi/share/ament_index
[0.550s] creating /home/zjz/chapt9/fishbot_ws/install/ros_serial2wifi/share/ament_index/resource_index
[0.550s] creating /home/zjz/chapt9/fishbot_ws/install/ros_serial2wifi/share/ament_index/resource_index/packages
[0.551s] copying resource/ros_serial2wifi -> /home/zjz/chapt9/fishbot_ws/install/ros_serial2wifi/share/ament_index/resource_index/packages
[0.551s] copying package.xml -> /home/zjz/chapt9/fishbot_ws/install/ros_serial2wifi/share/ros_serial2wifi
[0.551s] running install_egg_info
[0.552s] Copying ../../build/ros_serial2wifi/ros_serial2wifi.egg-info to /home/zjz/chapt9/fishbot_ws/install/ros_serial2wifi/lib/python3.10/site-packages/ros_serial2wifi-0.0.0-py3.10.egg-info
[0.552s] running install_scripts
[0.565s] Installing tcp_server script to /home/zjz/chapt9/fishbot_ws/install/ros_serial2wifi/lib/ros_serial2wifi
[0.565s] Installing udp_server script to /home/zjz/chapt9/fishbot_ws/install/ros_serial2wifi/lib/ros_serial2wifi
[0.565s] writing list of installed files to '/home/zjz/chapt9/fishbot_ws/build/ros_serial2wifi/install.log'
[0.579s] Invoked command in '/home/zjz/chapt9/fishbot_ws/src/ros_serial2wifi' returned '0': PYTHONPATH=/home/zjz/chapt9/fishbot_ws/build/ros_serial2wifi/prefix_override:/usr/lib/python3/dist-packages/colcon_core/task/python/colcon_distutils_commands:/home/zjz/chapt9/fishbot_ws/install/ros_serial2wifi/lib/python3.10/site-packages:${PYTHONPATH} /usr/bin/python3 -W ignore:setup.py install is deprecated -W ignore:easy_install command is deprecated setup.py egg_info --egg-base ../../build/ros_serial2wifi build --build-base /home/zjz/chapt9/fishbot_ws/build/ros_serial2wifi/build install --record /home/zjz/chapt9/fishbot_ws/build/ros_serial2wifi/install.log --install-scripts $base/lib/ros_serial2wifi --single-version-externally-managed install_data
