[0.250s] DEBUG:colcon:Command line arguments: ['/usr/bin/colcon', 'build']
[0.250s] DEBUG:colcon:Parsed command line arguments: Namespace(log_base=None, log_level=None, verb_name='build', build_base='build', install_base='install', merge_install=False, symlink_install=False, test_result_base=None, continue_on_error=False, executor='parallel', parallel_workers=32, event_handlers=None, ignore_user_meta=False, metas=['./colcon.meta'], base_paths=['.'], packages_ignore=None, packages_ignore_regex=None, paths=None, packages_up_to=None, packages_up_to_regex=None, packages_above=None, packages_above_and_dependencies=None, packages_above_depth=None, packages_select_by_dep=None, packages_skip_by_dep=None, packages_skip_up_to=None, packages_select_build_failed=False, packages_skip_build_finished=False, packages_select_test_failures=False, packages_skip_test_passed=False, packages_select=None, packages_skip=None, packages_select_regex=None, packages_skip_regex=None, packages_start=None, packages_end=None, allow_overriding=[], cmake_args=None, cmake_target=None, cmake_target_skip_unavailable=False, cmake_clean_cache=False, cmake_clean_first=False, cmake_force_configure=False, ament_cmake_args=None, catkin_cmake_args=None, catkin_skip_building_tests=False, verb_parser=<colcon_defaults.argument_parser.defaults.DefaultArgumentsDecorator object at 0x793bca12f490>, verb_extension=<colcon_core.verb.build.BuildVerb object at 0x793bca2dcc70>, main=<bound method BuildVerb.main of <colcon_core.verb.build.BuildVerb object at 0x793bca2dcc70>>)
[0.416s] Level 1:colcon.colcon_core.package_discovery:discover_packages(colcon_meta) check parameters
[0.416s] Level 1:colcon.colcon_core.package_discovery:discover_packages(recursive) check parameters
[0.416s] Level 1:colcon.colcon_core.package_discovery:discover_packages(ignore) check parameters
[0.416s] Level 1:colcon.colcon_core.package_discovery:discover_packages(path) check parameters
[0.416s] Level 1:colcon.colcon_core.package_discovery:discover_packages(colcon_meta) discover
[0.416s] Level 1:colcon.colcon_core.package_discovery:discover_packages(recursive) discover
[0.416s] INFO:colcon.colcon_core.package_discovery:Crawling recursively for packages in '/home/zjz/chapt9/fishbot_ws'
[0.416s] Level 1:colcon.colcon_core.package_identification:_identify(.) by extensions ['ignore', 'ignore_ament_install']
[0.416s] Level 1:colcon.colcon_core.package_identification:_identify(.) by extension 'ignore'
[0.416s] Level 1:colcon.colcon_core.package_identification:_identify(.) by extension 'ignore_ament_install'
[0.416s] Level 1:colcon.colcon_core.package_identification:_identify(.) by extensions ['colcon_pkg']
[0.416s] Level 1:colcon.colcon_core.package_identification:_identify(.) by extension 'colcon_pkg'
[0.416s] Level 1:colcon.colcon_core.package_identification:_identify(.) by extensions ['colcon_meta']
[0.416s] Level 1:colcon.colcon_core.package_identification:_identify(.) by extension 'colcon_meta'
[0.416s] Level 1:colcon.colcon_core.package_identification:_identify(.) by extensions ['ros']
[0.416s] Level 1:colcon.colcon_core.package_identification:_identify(.) by extension 'ros'
[0.425s] Level 1:colcon.colcon_core.package_identification:_identify(.) by extensions ['cmake', 'python']
[0.425s] Level 1:colcon.colcon_core.package_identification:_identify(.) by extension 'cmake'
[0.425s] Level 1:colcon.colcon_core.package_identification:_identify(.) by extension 'python'
[0.425s] Level 1:colcon.colcon_core.package_identification:_identify(.) by extensions ['python_setup_py']
[0.425s] Level 1:colcon.colcon_core.package_identification:_identify(.) by extension 'python_setup_py'
[0.425s] Level 1:colcon.colcon_core.package_identification:_identify(build) by extensions ['ignore', 'ignore_ament_install']
[0.425s] Level 1:colcon.colcon_core.package_identification:_identify(build) by extension 'ignore'
[0.425s] Level 1:colcon.colcon_core.package_identification:_identify(build) ignored
[0.426s] Level 1:colcon.colcon_core.package_identification:_identify(install) by extensions ['ignore', 'ignore_ament_install']
[0.426s] Level 1:colcon.colcon_core.package_identification:_identify(install) by extension 'ignore'
[0.426s] Level 1:colcon.colcon_core.package_identification:_identify(install) ignored
[0.426s] Level 1:colcon.colcon_core.package_identification:_identify(log) by extensions ['ignore', 'ignore_ament_install']
[0.426s] Level 1:colcon.colcon_core.package_identification:_identify(log) by extension 'ignore'
[0.426s] Level 1:colcon.colcon_core.package_identification:_identify(log) ignored
[0.426s] Level 1:colcon.colcon_core.package_identification:_identify(src) by extensions ['ignore', 'ignore_ament_install']
[0.426s] Level 1:colcon.colcon_core.package_identification:_identify(src) by extension 'ignore'
[0.426s] Level 1:colcon.colcon_core.package_identification:_identify(src) by extension 'ignore_ament_install'
[0.426s] Level 1:colcon.colcon_core.package_identification:_identify(src) by extensions ['colcon_pkg']
[0.426s] Level 1:colcon.colcon_core.package_identification:_identify(src) by extension 'colcon_pkg'
[0.426s] Level 1:colcon.colcon_core.package_identification:_identify(src) by extensions ['colcon_meta']
[0.426s] Level 1:colcon.colcon_core.package_identification:_identify(src) by extension 'colcon_meta'
[0.426s] Level 1:colcon.colcon_core.package_identification:_identify(src) by extensions ['ros']
[0.426s] Level 1:colcon.colcon_core.package_identification:_identify(src) by extension 'ros'
[0.426s] Level 1:colcon.colcon_core.package_identification:_identify(src) by extensions ['cmake', 'python']
[0.426s] Level 1:colcon.colcon_core.package_identification:_identify(src) by extension 'cmake'
[0.426s] Level 1:colcon.colcon_core.package_identification:_identify(src) by extension 'python'
[0.426s] Level 1:colcon.colcon_core.package_identification:_identify(src) by extensions ['python_setup_py']
[0.426s] Level 1:colcon.colcon_core.package_identification:_identify(src) by extension 'python_setup_py'
[0.426s] Level 1:colcon.colcon_core.package_identification:_identify(src/https:) by extensions ['ignore', 'ignore_ament_install']
[0.426s] Level 1:colcon.colcon_core.package_identification:_identify(src/https:) by extension 'ignore'
[0.426s] Level 1:colcon.colcon_core.package_identification:_identify(src/https:) by extension 'ignore_ament_install'
[0.426s] Level 1:colcon.colcon_core.package_identification:_identify(src/https:) by extensions ['colcon_pkg']
[0.426s] Level 1:colcon.colcon_core.package_identification:_identify(src/https:) by extension 'colcon_pkg'
[0.426s] Level 1:colcon.colcon_core.package_identification:_identify(src/https:) by extensions ['colcon_meta']
[0.426s] Level 1:colcon.colcon_core.package_identification:_identify(src/https:) by extension 'colcon_meta'
[0.426s] Level 1:colcon.colcon_core.package_identification:_identify(src/https:) by extensions ['ros']
[0.426s] Level 1:colcon.colcon_core.package_identification:_identify(src/https:) by extension 'ros'
[0.426s] Level 1:colcon.colcon_core.package_identification:_identify(src/https:) by extensions ['cmake', 'python']
[0.426s] Level 1:colcon.colcon_core.package_identification:_identify(src/https:) by extension 'cmake'
[0.426s] Level 1:colcon.colcon_core.package_identification:_identify(src/https:) by extension 'python'
[0.426s] Level 1:colcon.colcon_core.package_identification:_identify(src/https:) by extensions ['python_setup_py']
[0.426s] Level 1:colcon.colcon_core.package_identification:_identify(src/https:) by extension 'python_setup_py'
[0.426s] Level 1:colcon.colcon_core.package_identification:_identify(src/https:/github.com) by extensions ['ignore', 'ignore_ament_install']
[0.426s] Level 1:colcon.colcon_core.package_identification:_identify(src/https:/github.com) by extension 'ignore'
[0.426s] Level 1:colcon.colcon_core.package_identification:_identify(src/https:/github.com) by extension 'ignore_ament_install'
[0.426s] Level 1:colcon.colcon_core.package_identification:_identify(src/https:/github.com) by extensions ['colcon_pkg']
[0.426s] Level 1:colcon.colcon_core.package_identification:_identify(src/https:/github.com) by extension 'colcon_pkg'
[0.426s] Level 1:colcon.colcon_core.package_identification:_identify(src/https:/github.com) by extensions ['colcon_meta']
[0.426s] Level 1:colcon.colcon_core.package_identification:_identify(src/https:/github.com) by extension 'colcon_meta'
[0.426s] Level 1:colcon.colcon_core.package_identification:_identify(src/https:/github.com) by extensions ['ros']
[0.426s] Level 1:colcon.colcon_core.package_identification:_identify(src/https:/github.com) by extension 'ros'
[0.426s] Level 1:colcon.colcon_core.package_identification:_identify(src/https:/github.com) by extensions ['cmake', 'python']
[0.426s] Level 1:colcon.colcon_core.package_identification:_identify(src/https:/github.com) by extension 'cmake'
[0.426s] Level 1:colcon.colcon_core.package_identification:_identify(src/https:/github.com) by extension 'python'
[0.426s] Level 1:colcon.colcon_core.package_identification:_identify(src/https:/github.com) by extensions ['python_setup_py']
[0.426s] Level 1:colcon.colcon_core.package_identification:_identify(src/https:/github.com) by extension 'python_setup_py'
[0.427s] Level 1:colcon.colcon_core.package_identification:_identify(src/https:/github.com/micro-ROS) by extensions ['ignore', 'ignore_ament_install']
[0.427s] Level 1:colcon.colcon_core.package_identification:_identify(src/https:/github.com/micro-ROS) by extension 'ignore'
[0.427s] Level 1:colcon.colcon_core.package_identification:_identify(src/https:/github.com/micro-ROS) by extension 'ignore_ament_install'
[0.427s] Level 1:colcon.colcon_core.package_identification:_identify(src/https:/github.com/micro-ROS) by extensions ['colcon_pkg']
[0.427s] Level 1:colcon.colcon_core.package_identification:_identify(src/https:/github.com/micro-ROS) by extension 'colcon_pkg'
[0.427s] Level 1:colcon.colcon_core.package_identification:_identify(src/https:/github.com/micro-ROS) by extensions ['colcon_meta']
[0.427s] Level 1:colcon.colcon_core.package_identification:_identify(src/https:/github.com/micro-ROS) by extension 'colcon_meta'
[0.427s] Level 1:colcon.colcon_core.package_identification:_identify(src/https:/github.com/micro-ROS) by extensions ['ros']
[0.427s] Level 1:colcon.colcon_core.package_identification:_identify(src/https:/github.com/micro-ROS) by extension 'ros'
[0.427s] Level 1:colcon.colcon_core.package_identification:_identify(src/https:/github.com/micro-ROS) by extensions ['cmake', 'python']
[0.427s] Level 1:colcon.colcon_core.package_identification:_identify(src/https:/github.com/micro-ROS) by extension 'cmake'
[0.427s] Level 1:colcon.colcon_core.package_identification:_identify(src/https:/github.com/micro-ROS) by extension 'python'
[0.427s] Level 1:colcon.colcon_core.package_identification:_identify(src/https:/github.com/micro-ROS) by extensions ['python_setup_py']
[0.427s] Level 1:colcon.colcon_core.package_identification:_identify(src/https:/github.com/micro-ROS) by extension 'python_setup_py'
[0.427s] Level 1:colcon.colcon_core.package_identification:_identify(src/micro-ROS-Agent) by extensions ['ignore', 'ignore_ament_install']
[0.427s] Level 1:colcon.colcon_core.package_identification:_identify(src/micro-ROS-Agent) by extension 'ignore'
[0.427s] Level 1:colcon.colcon_core.package_identification:_identify(src/micro-ROS-Agent) by extension 'ignore_ament_install'
[0.427s] Level 1:colcon.colcon_core.package_identification:_identify(src/micro-ROS-Agent) by extensions ['colcon_pkg']
[0.427s] Level 1:colcon.colcon_core.package_identification:_identify(src/micro-ROS-Agent) by extension 'colcon_pkg'
[0.427s] Level 1:colcon.colcon_core.package_identification:_identify(src/micro-ROS-Agent) by extensions ['colcon_meta']
[0.427s] Level 1:colcon.colcon_core.package_identification:_identify(src/micro-ROS-Agent) by extension 'colcon_meta'
[0.427s] Level 1:colcon.colcon_core.package_identification:_identify(src/micro-ROS-Agent) by extensions ['ros']
[0.427s] Level 1:colcon.colcon_core.package_identification:_identify(src/micro-ROS-Agent) by extension 'ros'
[0.427s] Level 1:colcon.colcon_core.package_identification:_identify(src/micro-ROS-Agent) by extensions ['cmake', 'python']
[0.427s] Level 1:colcon.colcon_core.package_identification:_identify(src/micro-ROS-Agent) by extension 'cmake'
[0.427s] Level 1:colcon.colcon_core.package_identification:_identify(src/micro-ROS-Agent) by extension 'python'
[0.427s] Level 1:colcon.colcon_core.package_identification:_identify(src/micro-ROS-Agent) by extensions ['python_setup_py']
[0.427s] Level 1:colcon.colcon_core.package_identification:_identify(src/micro-ROS-Agent) by extension 'python_setup_py'
[0.427s] Level 1:colcon.colcon_core.package_identification:_identify(src/micro-ROS-Agent/micro_ros_agent) by extensions ['ignore', 'ignore_ament_install']
[0.427s] Level 1:colcon.colcon_core.package_identification:_identify(src/micro-ROS-Agent/micro_ros_agent) by extension 'ignore'
[0.427s] Level 1:colcon.colcon_core.package_identification:_identify(src/micro-ROS-Agent/micro_ros_agent) by extension 'ignore_ament_install'
[0.427s] Level 1:colcon.colcon_core.package_identification:_identify(src/micro-ROS-Agent/micro_ros_agent) by extensions ['colcon_pkg']
[0.427s] Level 1:colcon.colcon_core.package_identification:_identify(src/micro-ROS-Agent/micro_ros_agent) by extension 'colcon_pkg'
[0.427s] Level 1:colcon.colcon_core.package_identification:_identify(src/micro-ROS-Agent/micro_ros_agent) by extensions ['colcon_meta']
[0.427s] Level 1:colcon.colcon_core.package_identification:_identify(src/micro-ROS-Agent/micro_ros_agent) by extension 'colcon_meta'
[0.427s] Level 1:colcon.colcon_core.package_identification:_identify(src/micro-ROS-Agent/micro_ros_agent) by extensions ['ros']
[0.427s] Level 1:colcon.colcon_core.package_identification:_identify(src/micro-ROS-Agent/micro_ros_agent) by extension 'ros'
[0.429s] DEBUG:colcon.colcon_core.package_identification:Package 'src/micro-ROS-Agent/micro_ros_agent' with type 'ros.ament_cmake' and name 'micro_ros_agent'
[0.429s] Level 1:colcon.colcon_core.package_identification:_identify(src/micro-ROS-Agent/snap) by extensions ['ignore', 'ignore_ament_install']
[0.430s] Level 1:colcon.colcon_core.package_identification:_identify(src/micro-ROS-Agent/snap) by extension 'ignore'
[0.430s] Level 1:colcon.colcon_core.package_identification:_identify(src/micro-ROS-Agent/snap) by extension 'ignore_ament_install'
[0.430s] Level 1:colcon.colcon_core.package_identification:_identify(src/micro-ROS-Agent/snap) by extensions ['colcon_pkg']
[0.430s] Level 1:colcon.colcon_core.package_identification:_identify(src/micro-ROS-Agent/snap) by extension 'colcon_pkg'
[0.430s] Level 1:colcon.colcon_core.package_identification:_identify(src/micro-ROS-Agent/snap) by extensions ['colcon_meta']
[0.430s] Level 1:colcon.colcon_core.package_identification:_identify(src/micro-ROS-Agent/snap) by extension 'colcon_meta'
[0.430s] Level 1:colcon.colcon_core.package_identification:_identify(src/micro-ROS-Agent/snap) by extensions ['ros']
[0.430s] Level 1:colcon.colcon_core.package_identification:_identify(src/micro-ROS-Agent/snap) by extension 'ros'
[0.430s] Level 1:colcon.colcon_core.package_identification:_identify(src/micro-ROS-Agent/snap) by extensions ['cmake', 'python']
[0.430s] Level 1:colcon.colcon_core.package_identification:_identify(src/micro-ROS-Agent/snap) by extension 'cmake'
[0.430s] Level 1:colcon.colcon_core.package_identification:_identify(src/micro-ROS-Agent/snap) by extension 'python'
[0.430s] Level 1:colcon.colcon_core.package_identification:_identify(src/micro-ROS-Agent/snap) by extensions ['python_setup_py']
[0.430s] Level 1:colcon.colcon_core.package_identification:_identify(src/micro-ROS-Agent/snap) by extension 'python_setup_py'
[0.430s] Level 1:colcon.colcon_core.package_identification:_identify(src/micro-ROS-Agent/snap/hooks) by extensions ['ignore', 'ignore_ament_install']
[0.430s] Level 1:colcon.colcon_core.package_identification:_identify(src/micro-ROS-Agent/snap/hooks) by extension 'ignore'
[0.430s] Level 1:colcon.colcon_core.package_identification:_identify(src/micro-ROS-Agent/snap/hooks) by extension 'ignore_ament_install'
[0.430s] Level 1:colcon.colcon_core.package_identification:_identify(src/micro-ROS-Agent/snap/hooks) by extensions ['colcon_pkg']
[0.430s] Level 1:colcon.colcon_core.package_identification:_identify(src/micro-ROS-Agent/snap/hooks) by extension 'colcon_pkg'
[0.430s] Level 1:colcon.colcon_core.package_identification:_identify(src/micro-ROS-Agent/snap/hooks) by extensions ['colcon_meta']
[0.430s] Level 1:colcon.colcon_core.package_identification:_identify(src/micro-ROS-Agent/snap/hooks) by extension 'colcon_meta'
[0.430s] Level 1:colcon.colcon_core.package_identification:_identify(src/micro-ROS-Agent/snap/hooks) by extensions ['ros']
[0.430s] Level 1:colcon.colcon_core.package_identification:_identify(src/micro-ROS-Agent/snap/hooks) by extension 'ros'
[0.430s] Level 1:colcon.colcon_core.package_identification:_identify(src/micro-ROS-Agent/snap/hooks) by extensions ['cmake', 'python']
[0.430s] Level 1:colcon.colcon_core.package_identification:_identify(src/micro-ROS-Agent/snap/hooks) by extension 'cmake'
[0.430s] Level 1:colcon.colcon_core.package_identification:_identify(src/micro-ROS-Agent/snap/hooks) by extension 'python'
[0.430s] Level 1:colcon.colcon_core.package_identification:_identify(src/micro-ROS-Agent/snap/hooks) by extensions ['python_setup_py']
[0.430s] Level 1:colcon.colcon_core.package_identification:_identify(src/micro-ROS-Agent/snap/hooks) by extension 'python_setup_py'
[0.430s] Level 1:colcon.colcon_core.package_identification:_identify(src/micro-ROS-Agent/snap/local) by extensions ['ignore', 'ignore_ament_install']
[0.430s] Level 1:colcon.colcon_core.package_identification:_identify(src/micro-ROS-Agent/snap/local) by extension 'ignore'
[0.430s] Level 1:colcon.colcon_core.package_identification:_identify(src/micro-ROS-Agent/snap/local) by extension 'ignore_ament_install'
[0.430s] Level 1:colcon.colcon_core.package_identification:_identify(src/micro-ROS-Agent/snap/local) by extensions ['colcon_pkg']
[0.430s] Level 1:colcon.colcon_core.package_identification:_identify(src/micro-ROS-Agent/snap/local) by extension 'colcon_pkg'
[0.430s] Level 1:colcon.colcon_core.package_identification:_identify(src/micro-ROS-Agent/snap/local) by extensions ['colcon_meta']
[0.430s] Level 1:colcon.colcon_core.package_identification:_identify(src/micro-ROS-Agent/snap/local) by extension 'colcon_meta'
[0.430s] Level 1:colcon.colcon_core.package_identification:_identify(src/micro-ROS-Agent/snap/local) by extensions ['ros']
[0.430s] Level 1:colcon.colcon_core.package_identification:_identify(src/micro-ROS-Agent/snap/local) by extension 'ros'
[0.430s] Level 1:colcon.colcon_core.package_identification:_identify(src/micro-ROS-Agent/snap/local) by extensions ['cmake', 'python']
[0.430s] Level 1:colcon.colcon_core.package_identification:_identify(src/micro-ROS-Agent/snap/local) by extension 'cmake'
[0.430s] Level 1:colcon.colcon_core.package_identification:_identify(src/micro-ROS-Agent/snap/local) by extension 'python'
[0.430s] Level 1:colcon.colcon_core.package_identification:_identify(src/micro-ROS-Agent/snap/local) by extensions ['python_setup_py']
[0.430s] Level 1:colcon.colcon_core.package_identification:_identify(src/micro-ROS-Agent/snap/local) by extension 'python_setup_py'
[0.430s] Level 1:colcon.colcon_core.package_identification:_identify(src/micro_ros_msgs) by extensions ['ignore', 'ignore_ament_install']
[0.431s] Level 1:colcon.colcon_core.package_identification:_identify(src/micro_ros_msgs) by extension 'ignore'
[0.431s] Level 1:colcon.colcon_core.package_identification:_identify(src/micro_ros_msgs) by extension 'ignore_ament_install'
[0.431s] Level 1:colcon.colcon_core.package_identification:_identify(src/micro_ros_msgs) by extensions ['colcon_pkg']
[0.431s] Level 1:colcon.colcon_core.package_identification:_identify(src/micro_ros_msgs) by extension 'colcon_pkg'
[0.431s] Level 1:colcon.colcon_core.package_identification:_identify(src/micro_ros_msgs) by extensions ['colcon_meta']
[0.431s] Level 1:colcon.colcon_core.package_identification:_identify(src/micro_ros_msgs) by extension 'colcon_meta'
[0.431s] Level 1:colcon.colcon_core.package_identification:_identify(src/micro_ros_msgs) by extensions ['ros']
[0.431s] Level 1:colcon.colcon_core.package_identification:_identify(src/micro_ros_msgs) by extension 'ros'
[0.431s] DEBUG:colcon.colcon_core.package_identification:Package 'src/micro_ros_msgs' with type 'ros.ament_cmake' and name 'micro_ros_msgs'
[0.431s] Level 1:colcon.colcon_core.package_discovery:discover_packages(recursive) using defaults
[0.431s] Level 1:colcon.colcon_core.package_discovery:discover_packages(ignore) discover
[0.431s] Level 1:colcon.colcon_core.package_discovery:discover_packages(ignore) using defaults
[0.431s] Level 1:colcon.colcon_core.package_discovery:discover_packages(path) discover
[0.431s] Level 1:colcon.colcon_core.package_discovery:discover_packages(path) using defaults
[0.450s] Level 1:colcon.colcon_core.package_discovery:discover_packages(prefix_path) check parameters
[0.450s] Level 1:colcon.colcon_core.package_discovery:discover_packages(prefix_path) discover
[0.453s] DEBUG:colcon.colcon_installed_package_information.package_discovery:Found 319 installed packages in /opt/ros/humble
[0.459s] Level 1:colcon.colcon_core.package_discovery:discover_packages(prefix_path) using defaults
[0.481s] Level 5:colcon.colcon_core.verb:set package 'micro_ros_msgs' build argument 'cmake_args' from command line to 'None'
[0.481s] Level 5:colcon.colcon_core.verb:set package 'micro_ros_msgs' build argument 'cmake_target' from command line to 'None'
[0.481s] Level 5:colcon.colcon_core.verb:set package 'micro_ros_msgs' build argument 'cmake_target_skip_unavailable' from command line to 'False'
[0.481s] Level 5:colcon.colcon_core.verb:set package 'micro_ros_msgs' build argument 'cmake_clean_cache' from command line to 'False'
[0.481s] Level 5:colcon.colcon_core.verb:set package 'micro_ros_msgs' build argument 'cmake_clean_first' from command line to 'False'
[0.481s] Level 5:colcon.colcon_core.verb:set package 'micro_ros_msgs' build argument 'cmake_force_configure' from command line to 'False'
[0.481s] Level 5:colcon.colcon_core.verb:set package 'micro_ros_msgs' build argument 'ament_cmake_args' from command line to 'None'
[0.481s] Level 5:colcon.colcon_core.verb:set package 'micro_ros_msgs' build argument 'catkin_cmake_args' from command line to 'None'
[0.481s] Level 5:colcon.colcon_core.verb:set package 'micro_ros_msgs' build argument 'catkin_skip_building_tests' from command line to 'False'
[0.481s] DEBUG:colcon.colcon_core.verb:Building package 'micro_ros_msgs' with the following arguments: {'ament_cmake_args': None, 'build_base': '/home/zjz/chapt9/fishbot_ws/build/micro_ros_msgs', 'catkin_cmake_args': None, 'catkin_skip_building_tests': False, 'cmake_args': None, 'cmake_clean_cache': False, 'cmake_clean_first': False, 'cmake_force_configure': False, 'cmake_target': None, 'cmake_target_skip_unavailable': False, 'install_base': '/home/zjz/chapt9/fishbot_ws/install/micro_ros_msgs', 'merge_install': False, 'path': '/home/zjz/chapt9/fishbot_ws/src/micro_ros_msgs', 'symlink_install': False, 'test_result_base': None}
[0.481s] Level 5:colcon.colcon_core.verb:set package 'micro_ros_agent' build argument 'cmake_args' from command line to 'None'
[0.481s] Level 5:colcon.colcon_core.verb:set package 'micro_ros_agent' build argument 'cmake_target' from command line to 'None'
[0.481s] Level 5:colcon.colcon_core.verb:set package 'micro_ros_agent' build argument 'cmake_target_skip_unavailable' from command line to 'False'
[0.481s] Level 5:colcon.colcon_core.verb:set package 'micro_ros_agent' build argument 'cmake_clean_cache' from command line to 'False'
[0.481s] Level 5:colcon.colcon_core.verb:set package 'micro_ros_agent' build argument 'cmake_clean_first' from command line to 'False'
[0.481s] Level 5:colcon.colcon_core.verb:set package 'micro_ros_agent' build argument 'cmake_force_configure' from command line to 'False'
[0.481s] Level 5:colcon.colcon_core.verb:set package 'micro_ros_agent' build argument 'ament_cmake_args' from command line to 'None'
[0.481s] Level 5:colcon.colcon_core.verb:set package 'micro_ros_agent' build argument 'catkin_cmake_args' from command line to 'None'
[0.481s] Level 5:colcon.colcon_core.verb:set package 'micro_ros_agent' build argument 'catkin_skip_building_tests' from command line to 'False'
[0.481s] DEBUG:colcon.colcon_core.verb:Building package 'micro_ros_agent' with the following arguments: {'ament_cmake_args': None, 'build_base': '/home/zjz/chapt9/fishbot_ws/build/micro_ros_agent', 'catkin_cmake_args': None, 'catkin_skip_building_tests': False, 'cmake_args': None, 'cmake_clean_cache': False, 'cmake_clean_first': False, 'cmake_force_configure': False, 'cmake_target': None, 'cmake_target_skip_unavailable': False, 'install_base': '/home/zjz/chapt9/fishbot_ws/install/micro_ros_agent', 'merge_install': False, 'path': '/home/zjz/chapt9/fishbot_ws/src/micro-ROS-Agent/micro_ros_agent', 'symlink_install': False, 'test_result_base': None}
[0.481s] INFO:colcon.colcon_core.executor:Executing jobs using 'parallel' executor
[0.482s] DEBUG:colcon.colcon_parallel_executor.executor.parallel:run_until_complete
[0.482s] INFO:colcon.colcon_ros.task.ament_cmake.build:Building ROS package in '/home/zjz/chapt9/fishbot_ws/src/micro_ros_msgs' with build type 'ament_cmake'
[0.482s] INFO:colcon.colcon_cmake.task.cmake.build:Building CMake package in '/home/zjz/chapt9/fishbot_ws/src/micro_ros_msgs'
[0.487s] INFO:colcon.colcon_core.plugin_system:Skipping extension 'colcon_core.shell.bat': Not used on non-Windows systems
[0.487s] INFO:colcon.colcon_core.shell:Skip shell extension 'powershell' for command environment: Not usable outside of PowerShell
[0.487s] DEBUG:colcon.colcon_core.shell:Skip shell extension 'dsv' for command environment
[0.491s] DEBUG:colcon.colcon_core.event_handler.log_command:Invoking command in '/home/zjz/chapt9/fishbot_ws/build/micro_ros_msgs': CMAKE_PREFIX_PATH=/opt/ros/humble /usr/bin/cmake /home/zjz/chapt9/fishbot_ws/src/micro_ros_msgs -DCMAKE_INSTALL_PREFIX=/home/zjz/chapt9/fishbot_ws/install/micro_ros_msgs
[3.224s] DEBUG:colcon.colcon_core.event_handler.log_command:Invoked command in '/home/zjz/chapt9/fishbot_ws/build/micro_ros_msgs' returned '0': CMAKE_PREFIX_PATH=/opt/ros/humble /usr/bin/cmake /home/zjz/chapt9/fishbot_ws/src/micro_ros_msgs -DCMAKE_INSTALL_PREFIX=/home/zjz/chapt9/fishbot_ws/install/micro_ros_msgs
[3.225s] DEBUG:colcon.colcon_core.event_handler.log_command:Invoking command in '/home/zjz/chapt9/fishbot_ws/build/micro_ros_msgs': CMAKE_PREFIX_PATH=/opt/ros/humble /usr/bin/cmake --build /home/zjz/chapt9/fishbot_ws/build/micro_ros_msgs -- -j32 -l32
[4.908s] DEBUG:colcon.colcon_core.event_handler.log_command:Invoked command in '/home/zjz/chapt9/fishbot_ws/build/micro_ros_msgs' returned '0': CMAKE_PREFIX_PATH=/opt/ros/humble /usr/bin/cmake --build /home/zjz/chapt9/fishbot_ws/build/micro_ros_msgs -- -j32 -l32
[4.913s] DEBUG:colcon.colcon_core.event_handler.log_command:Invoking command in '/home/zjz/chapt9/fishbot_ws/build/micro_ros_msgs': CMAKE_PREFIX_PATH=/opt/ros/humble /usr/bin/cmake --install /home/zjz/chapt9/fishbot_ws/build/micro_ros_msgs
[4.950s] Level 1:colcon.colcon_core.environment:create_environment_scripts_only(micro_ros_msgs)
[4.951s] DEBUG:colcon.colcon_core.event_handler.log_command:Invoked command in '/home/zjz/chapt9/fishbot_ws/build/micro_ros_msgs' returned '0': CMAKE_PREFIX_PATH=/opt/ros/humble /usr/bin/cmake --install /home/zjz/chapt9/fishbot_ws/build/micro_ros_msgs
[4.956s] Level 1:colcon.colcon_core.environment:checking '/home/zjz/chapt9/fishbot_ws/install/micro_ros_msgs' for CMake module files
[4.956s] Level 1:colcon.colcon_core.environment:checking '/home/zjz/chapt9/fishbot_ws/install/micro_ros_msgs' for CMake config files
[4.956s] Level 1:colcon.colcon_core.shell:create_environment_hook('micro_ros_msgs', 'cmake_prefix_path')
[4.956s] INFO:colcon.colcon_core.shell:Creating environment hook '/home/zjz/chapt9/fishbot_ws/install/micro_ros_msgs/share/micro_ros_msgs/hook/cmake_prefix_path.ps1'
[4.957s] INFO:colcon.colcon_core.shell:Creating environment descriptor '/home/zjz/chapt9/fishbot_ws/install/micro_ros_msgs/share/micro_ros_msgs/hook/cmake_prefix_path.dsv'
[4.958s] INFO:colcon.colcon_core.shell:Creating environment hook '/home/zjz/chapt9/fishbot_ws/install/micro_ros_msgs/share/micro_ros_msgs/hook/cmake_prefix_path.sh'
[4.958s] Level 1:colcon.colcon_core.environment:checking '/home/zjz/chapt9/fishbot_ws/install/micro_ros_msgs/lib'
[4.958s] Level 1:colcon.colcon_core.shell:create_environment_hook('micro_ros_msgs', 'ld_library_path_lib')
[4.959s] INFO:colcon.colcon_core.shell:Creating environment hook '/home/zjz/chapt9/fishbot_ws/install/micro_ros_msgs/share/micro_ros_msgs/hook/ld_library_path_lib.ps1'
[4.959s] INFO:colcon.colcon_core.shell:Creating environment descriptor '/home/zjz/chapt9/fishbot_ws/install/micro_ros_msgs/share/micro_ros_msgs/hook/ld_library_path_lib.dsv'
[4.959s] INFO:colcon.colcon_core.shell:Creating environment hook '/home/zjz/chapt9/fishbot_ws/install/micro_ros_msgs/share/micro_ros_msgs/hook/ld_library_path_lib.sh'
[4.959s] Level 1:colcon.colcon_core.environment:checking '/home/zjz/chapt9/fishbot_ws/install/micro_ros_msgs/bin'
[4.959s] Level 1:colcon.colcon_core.environment:checking '/home/zjz/chapt9/fishbot_ws/install/micro_ros_msgs/lib/pkgconfig/micro_ros_msgs.pc'
[4.959s] Level 1:colcon.colcon_core.environment:checking '/home/zjz/chapt9/fishbot_ws/install/micro_ros_msgs/lib/python3.10/site-packages'
[4.959s] Level 1:colcon.colcon_core.environment:checking '/home/zjz/chapt9/fishbot_ws/install/micro_ros_msgs/bin'
[4.959s] INFO:colcon.colcon_core.shell:Creating package script '/home/zjz/chapt9/fishbot_ws/install/micro_ros_msgs/share/micro_ros_msgs/package.ps1'
[4.960s] INFO:colcon.colcon_core.shell:Creating package descriptor '/home/zjz/chapt9/fishbot_ws/install/micro_ros_msgs/share/micro_ros_msgs/package.dsv'
[4.961s] INFO:colcon.colcon_core.shell:Creating package script '/home/zjz/chapt9/fishbot_ws/install/micro_ros_msgs/share/micro_ros_msgs/package.sh'
[4.961s] INFO:colcon.colcon_core.shell:Creating package script '/home/zjz/chapt9/fishbot_ws/install/micro_ros_msgs/share/micro_ros_msgs/package.bash'
[4.962s] INFO:colcon.colcon_core.shell:Creating package script '/home/zjz/chapt9/fishbot_ws/install/micro_ros_msgs/share/micro_ros_msgs/package.zsh'
[4.963s] Level 1:colcon.colcon_core.environment:create_file_with_runtime_dependencies(/home/zjz/chapt9/fishbot_ws/install/micro_ros_msgs/share/colcon-core/packages/micro_ros_msgs)
[4.963s] Level 1:colcon.colcon_core.environment:create_environment_scripts_only(micro_ros_msgs)
[4.963s] Level 1:colcon.colcon_core.environment:checking '/home/zjz/chapt9/fishbot_ws/install/micro_ros_msgs' for CMake module files
[4.964s] Level 1:colcon.colcon_core.environment:checking '/home/zjz/chapt9/fishbot_ws/install/micro_ros_msgs' for CMake config files
[4.964s] Level 1:colcon.colcon_core.shell:create_environment_hook('micro_ros_msgs', 'cmake_prefix_path')
[4.964s] INFO:colcon.colcon_core.shell:Creating environment hook '/home/zjz/chapt9/fishbot_ws/install/micro_ros_msgs/share/micro_ros_msgs/hook/cmake_prefix_path.ps1'
[4.964s] INFO:colcon.colcon_core.shell:Creating environment descriptor '/home/zjz/chapt9/fishbot_ws/install/micro_ros_msgs/share/micro_ros_msgs/hook/cmake_prefix_path.dsv'
[4.964s] INFO:colcon.colcon_core.shell:Creating environment hook '/home/zjz/chapt9/fishbot_ws/install/micro_ros_msgs/share/micro_ros_msgs/hook/cmake_prefix_path.sh'
[4.965s] Level 1:colcon.colcon_core.environment:checking '/home/zjz/chapt9/fishbot_ws/install/micro_ros_msgs/lib'
[4.965s] Level 1:colcon.colcon_core.shell:create_environment_hook('micro_ros_msgs', 'ld_library_path_lib')
[4.965s] INFO:colcon.colcon_core.shell:Creating environment hook '/home/zjz/chapt9/fishbot_ws/install/micro_ros_msgs/share/micro_ros_msgs/hook/ld_library_path_lib.ps1'
[4.965s] INFO:colcon.colcon_core.shell:Creating environment descriptor '/home/zjz/chapt9/fishbot_ws/install/micro_ros_msgs/share/micro_ros_msgs/hook/ld_library_path_lib.dsv'
[4.965s] INFO:colcon.colcon_core.shell:Creating environment hook '/home/zjz/chapt9/fishbot_ws/install/micro_ros_msgs/share/micro_ros_msgs/hook/ld_library_path_lib.sh'
[4.965s] Level 1:colcon.colcon_core.environment:checking '/home/zjz/chapt9/fishbot_ws/install/micro_ros_msgs/bin'
[4.965s] Level 1:colcon.colcon_core.environment:checking '/home/zjz/chapt9/fishbot_ws/install/micro_ros_msgs/lib/pkgconfig/micro_ros_msgs.pc'
[4.965s] Level 1:colcon.colcon_core.environment:checking '/home/zjz/chapt9/fishbot_ws/install/micro_ros_msgs/lib/python3.10/site-packages'
[4.965s] Level 1:colcon.colcon_core.environment:checking '/home/zjz/chapt9/fishbot_ws/install/micro_ros_msgs/bin'
[4.966s] INFO:colcon.colcon_core.shell:Creating package script '/home/zjz/chapt9/fishbot_ws/install/micro_ros_msgs/share/micro_ros_msgs/package.ps1'
[4.966s] INFO:colcon.colcon_core.shell:Creating package descriptor '/home/zjz/chapt9/fishbot_ws/install/micro_ros_msgs/share/micro_ros_msgs/package.dsv'
[4.966s] INFO:colcon.colcon_core.shell:Creating package script '/home/zjz/chapt9/fishbot_ws/install/micro_ros_msgs/share/micro_ros_msgs/package.sh'
[4.966s] INFO:colcon.colcon_core.shell:Creating package script '/home/zjz/chapt9/fishbot_ws/install/micro_ros_msgs/share/micro_ros_msgs/package.bash'
[4.966s] INFO:colcon.colcon_core.shell:Creating package script '/home/zjz/chapt9/fishbot_ws/install/micro_ros_msgs/share/micro_ros_msgs/package.zsh'
[4.967s] Level 1:colcon.colcon_core.environment:create_file_with_runtime_dependencies(/home/zjz/chapt9/fishbot_ws/install/micro_ros_msgs/share/colcon-core/packages/micro_ros_msgs)
[4.967s] INFO:colcon.colcon_ros.task.ament_cmake.build:Building ROS package in '/home/zjz/chapt9/fishbot_ws/src/micro-ROS-Agent/micro_ros_agent' with build type 'ament_cmake'
[4.967s] INFO:colcon.colcon_cmake.task.cmake.build:Building CMake package in '/home/zjz/chapt9/fishbot_ws/src/micro-ROS-Agent/micro_ros_agent'
[4.967s] INFO:colcon.colcon_core.shell:Skip shell extension 'powershell' for command environment: Not usable outside of PowerShell
[4.967s] DEBUG:colcon.colcon_core.shell:Skip shell extension 'dsv' for command environment
[5.244s] DEBUG:colcon.colcon_core.event_handler.log_command:Invoking command in '/home/zjz/chapt9/fishbot_ws/build/micro_ros_agent': AMENT_PREFIX_PATH=/home/zjz/chapt9/fishbot_ws/install/micro_ros_msgs:${AMENT_PREFIX_PATH} CMAKE_PREFIX_PATH=/home/zjz/chapt9/fishbot_ws/install/micro_ros_msgs:/opt/ros/humble LD_LIBRARY_PATH=/home/zjz/chapt9/fishbot_ws/install/micro_ros_msgs/lib:${LD_LIBRARY_PATH} PYTHONPATH=/home/zjz/chapt9/fishbot_ws/install/micro_ros_msgs/local/lib/python3.10/dist-packages:${PYTHONPATH} /usr/bin/cmake /home/zjz/chapt9/fishbot_ws/src/micro-ROS-Agent/micro_ros_agent -DCMAKE_INSTALL_PREFIX=/home/zjz/chapt9/fishbot_ws/install/micro_ros_agent
[7.555s] DEBUG:colcon.colcon_core.event_handler.log_command:Invoked command in '/home/zjz/chapt9/fishbot_ws/build/micro_ros_agent' returned '0': AMENT_PREFIX_PATH=/home/zjz/chapt9/fishbot_ws/install/micro_ros_msgs:${AMENT_PREFIX_PATH} CMAKE_PREFIX_PATH=/home/zjz/chapt9/fishbot_ws/install/micro_ros_msgs:/opt/ros/humble LD_LIBRARY_PATH=/home/zjz/chapt9/fishbot_ws/install/micro_ros_msgs/lib:${LD_LIBRARY_PATH} PYTHONPATH=/home/zjz/chapt9/fishbot_ws/install/micro_ros_msgs/local/lib/python3.10/dist-packages:${PYTHONPATH} /usr/bin/cmake /home/zjz/chapt9/fishbot_ws/src/micro-ROS-Agent/micro_ros_agent -DCMAKE_INSTALL_PREFIX=/home/zjz/chapt9/fishbot_ws/install/micro_ros_agent
[7.556s] DEBUG:colcon.colcon_core.event_handler.log_command:Invoking command in '/home/zjz/chapt9/fishbot_ws/build/micro_ros_agent': AMENT_PREFIX_PATH=/home/zjz/chapt9/fishbot_ws/install/micro_ros_msgs:${AMENT_PREFIX_PATH} CMAKE_PREFIX_PATH=/home/zjz/chapt9/fishbot_ws/install/micro_ros_msgs:/opt/ros/humble LD_LIBRARY_PATH=/home/zjz/chapt9/fishbot_ws/install/micro_ros_msgs/lib:${LD_LIBRARY_PATH} PYTHONPATH=/home/zjz/chapt9/fishbot_ws/install/micro_ros_msgs/local/lib/python3.10/dist-packages:${PYTHONPATH} /usr/bin/cmake --build /home/zjz/chapt9/fishbot_ws/build/micro_ros_agent -- -j32 -l32
[34.477s] DEBUG:colcon.colcon_core.event_handler.log_command:Invoked command in '/home/zjz/chapt9/fishbot_ws/build/micro_ros_agent' returned '0': AMENT_PREFIX_PATH=/home/zjz/chapt9/fishbot_ws/install/micro_ros_msgs:${AMENT_PREFIX_PATH} CMAKE_PREFIX_PATH=/home/zjz/chapt9/fishbot_ws/install/micro_ros_msgs:/opt/ros/humble LD_LIBRARY_PATH=/home/zjz/chapt9/fishbot_ws/install/micro_ros_msgs/lib:${LD_LIBRARY_PATH} PYTHONPATH=/home/zjz/chapt9/fishbot_ws/install/micro_ros_msgs/local/lib/python3.10/dist-packages:${PYTHONPATH} /usr/bin/cmake --build /home/zjz/chapt9/fishbot_ws/build/micro_ros_agent -- -j32 -l32
[34.477s] DEBUG:colcon.colcon_core.event_handler.log_command:Invoking command in '/home/zjz/chapt9/fishbot_ws/build/micro_ros_agent': AMENT_PREFIX_PATH=/home/zjz/chapt9/fishbot_ws/install/micro_ros_msgs:${AMENT_PREFIX_PATH} CMAKE_PREFIX_PATH=/home/zjz/chapt9/fishbot_ws/install/micro_ros_msgs:/opt/ros/humble LD_LIBRARY_PATH=/home/zjz/chapt9/fishbot_ws/install/micro_ros_msgs/lib:${LD_LIBRARY_PATH} PYTHONPATH=/home/zjz/chapt9/fishbot_ws/install/micro_ros_msgs/local/lib/python3.10/dist-packages:${PYTHONPATH} /usr/bin/cmake --install /home/zjz/chapt9/fishbot_ws/build/micro_ros_agent
[34.484s] Level 1:colcon.colcon_core.environment:create_environment_scripts_only(micro_ros_agent)
[34.484s] Level 1:colcon.colcon_core.environment:checking '/home/zjz/chapt9/fishbot_ws/install/micro_ros_agent' for CMake module files
[34.485s] DEBUG:colcon.colcon_core.event_handler.log_command:Invoked command in '/home/zjz/chapt9/fishbot_ws/build/micro_ros_agent' returned '0': AMENT_PREFIX_PATH=/home/zjz/chapt9/fishbot_ws/install/micro_ros_msgs:${AMENT_PREFIX_PATH} CMAKE_PREFIX_PATH=/home/zjz/chapt9/fishbot_ws/install/micro_ros_msgs:/opt/ros/humble LD_LIBRARY_PATH=/home/zjz/chapt9/fishbot_ws/install/micro_ros_msgs/lib:${LD_LIBRARY_PATH} PYTHONPATH=/home/zjz/chapt9/fishbot_ws/install/micro_ros_msgs/local/lib/python3.10/dist-packages:${PYTHONPATH} /usr/bin/cmake --install /home/zjz/chapt9/fishbot_ws/build/micro_ros_agent
[34.485s] Level 1:colcon.colcon_core.environment:checking '/home/zjz/chapt9/fishbot_ws/install/micro_ros_agent' for CMake config files
[34.485s] Level 1:colcon.colcon_core.shell:create_environment_hook('micro_ros_agent', 'cmake_prefix_path')
[34.485s] INFO:colcon.colcon_core.shell:Creating environment hook '/home/zjz/chapt9/fishbot_ws/install/micro_ros_agent/share/micro_ros_agent/hook/cmake_prefix_path.ps1'
[34.485s] INFO:colcon.colcon_core.shell:Creating environment descriptor '/home/zjz/chapt9/fishbot_ws/install/micro_ros_agent/share/micro_ros_agent/hook/cmake_prefix_path.dsv'
[34.486s] INFO:colcon.colcon_core.shell:Creating environment hook '/home/zjz/chapt9/fishbot_ws/install/micro_ros_agent/share/micro_ros_agent/hook/cmake_prefix_path.sh'
[34.486s] Level 1:colcon.colcon_core.environment:checking '/home/zjz/chapt9/fishbot_ws/install/micro_ros_agent/lib'
[34.486s] Level 1:colcon.colcon_core.shell:create_environment_hook('micro_ros_agent', 'ld_library_path_lib')
[34.486s] INFO:colcon.colcon_core.shell:Creating environment hook '/home/zjz/chapt9/fishbot_ws/install/micro_ros_agent/share/micro_ros_agent/hook/ld_library_path_lib.ps1'
[34.486s] INFO:colcon.colcon_core.shell:Creating environment descriptor '/home/zjz/chapt9/fishbot_ws/install/micro_ros_agent/share/micro_ros_agent/hook/ld_library_path_lib.dsv'
[34.486s] INFO:colcon.colcon_core.shell:Creating environment hook '/home/zjz/chapt9/fishbot_ws/install/micro_ros_agent/share/micro_ros_agent/hook/ld_library_path_lib.sh'
[34.486s] Level 1:colcon.colcon_core.environment:checking '/home/zjz/chapt9/fishbot_ws/install/micro_ros_agent/bin'
[34.486s] Level 1:colcon.colcon_core.environment:checking '/home/zjz/chapt9/fishbot_ws/install/micro_ros_agent/lib/pkgconfig/micro_ros_agent.pc'
[34.486s] Level 1:colcon.colcon_core.environment:checking '/home/zjz/chapt9/fishbot_ws/install/micro_ros_agent/lib/python3.10/site-packages'
[34.487s] Level 1:colcon.colcon_core.environment:checking '/home/zjz/chapt9/fishbot_ws/install/micro_ros_agent/bin'
[34.487s] INFO:colcon.colcon_core.shell:Creating package script '/home/zjz/chapt9/fishbot_ws/install/micro_ros_agent/share/micro_ros_agent/package.ps1'
[34.487s] INFO:colcon.colcon_core.shell:Creating package descriptor '/home/zjz/chapt9/fishbot_ws/install/micro_ros_agent/share/micro_ros_agent/package.dsv'
[34.487s] INFO:colcon.colcon_core.shell:Creating package script '/home/zjz/chapt9/fishbot_ws/install/micro_ros_agent/share/micro_ros_agent/package.sh'
[34.487s] INFO:colcon.colcon_core.shell:Creating package script '/home/zjz/chapt9/fishbot_ws/install/micro_ros_agent/share/micro_ros_agent/package.bash'
[34.487s] INFO:colcon.colcon_core.shell:Creating package script '/home/zjz/chapt9/fishbot_ws/install/micro_ros_agent/share/micro_ros_agent/package.zsh'
[34.488s] Level 1:colcon.colcon_core.environment:create_file_with_runtime_dependencies(/home/zjz/chapt9/fishbot_ws/install/micro_ros_agent/share/colcon-core/packages/micro_ros_agent)
[34.488s] Level 1:colcon.colcon_core.environment:create_environment_scripts_only(micro_ros_agent)
[34.488s] Level 1:colcon.colcon_core.environment:checking '/home/zjz/chapt9/fishbot_ws/install/micro_ros_agent' for CMake module files
[34.488s] Level 1:colcon.colcon_core.environment:checking '/home/zjz/chapt9/fishbot_ws/install/micro_ros_agent' for CMake config files
[34.488s] Level 1:colcon.colcon_core.shell:create_environment_hook('micro_ros_agent', 'cmake_prefix_path')
[34.488s] INFO:colcon.colcon_core.shell:Creating environment hook '/home/zjz/chapt9/fishbot_ws/install/micro_ros_agent/share/micro_ros_agent/hook/cmake_prefix_path.ps1'
[34.489s] INFO:colcon.colcon_core.shell:Creating environment descriptor '/home/zjz/chapt9/fishbot_ws/install/micro_ros_agent/share/micro_ros_agent/hook/cmake_prefix_path.dsv'
[34.489s] INFO:colcon.colcon_core.shell:Creating environment hook '/home/zjz/chapt9/fishbot_ws/install/micro_ros_agent/share/micro_ros_agent/hook/cmake_prefix_path.sh'
[34.489s] Level 1:colcon.colcon_core.environment:checking '/home/zjz/chapt9/fishbot_ws/install/micro_ros_agent/lib'
[34.489s] Level 1:colcon.colcon_core.shell:create_environment_hook('micro_ros_agent', 'ld_library_path_lib')
[34.489s] INFO:colcon.colcon_core.shell:Creating environment hook '/home/zjz/chapt9/fishbot_ws/install/micro_ros_agent/share/micro_ros_agent/hook/ld_library_path_lib.ps1'
[34.489s] INFO:colcon.colcon_core.shell:Creating environment descriptor '/home/zjz/chapt9/fishbot_ws/install/micro_ros_agent/share/micro_ros_agent/hook/ld_library_path_lib.dsv'
[34.489s] INFO:colcon.colcon_core.shell:Creating environment hook '/home/zjz/chapt9/fishbot_ws/install/micro_ros_agent/share/micro_ros_agent/hook/ld_library_path_lib.sh'
[34.489s] Level 1:colcon.colcon_core.environment:checking '/home/zjz/chapt9/fishbot_ws/install/micro_ros_agent/bin'
[34.489s] Level 1:colcon.colcon_core.environment:checking '/home/zjz/chapt9/fishbot_ws/install/micro_ros_agent/lib/pkgconfig/micro_ros_agent.pc'
[34.490s] Level 1:colcon.colcon_core.environment:checking '/home/zjz/chapt9/fishbot_ws/install/micro_ros_agent/lib/python3.10/site-packages'
[34.490s] Level 1:colcon.colcon_core.environment:checking '/home/zjz/chapt9/fishbot_ws/install/micro_ros_agent/bin'
[34.490s] INFO:colcon.colcon_core.shell:Creating package script '/home/zjz/chapt9/fishbot_ws/install/micro_ros_agent/share/micro_ros_agent/package.ps1'
[34.490s] INFO:colcon.colcon_core.shell:Creating package descriptor '/home/zjz/chapt9/fishbot_ws/install/micro_ros_agent/share/micro_ros_agent/package.dsv'
[34.490s] INFO:colcon.colcon_core.shell:Creating package script '/home/zjz/chapt9/fishbot_ws/install/micro_ros_agent/share/micro_ros_agent/package.sh'
[34.491s] INFO:colcon.colcon_core.shell:Creating package script '/home/zjz/chapt9/fishbot_ws/install/micro_ros_agent/share/micro_ros_agent/package.bash'
[34.491s] INFO:colcon.colcon_core.shell:Creating package script '/home/zjz/chapt9/fishbot_ws/install/micro_ros_agent/share/micro_ros_agent/package.zsh'
[34.491s] Level 1:colcon.colcon_core.environment:create_file_with_runtime_dependencies(/home/zjz/chapt9/fishbot_ws/install/micro_ros_agent/share/colcon-core/packages/micro_ros_agent)
[34.491s] DEBUG:colcon.colcon_parallel_executor.executor.parallel:closing loop
[34.491s] DEBUG:colcon.colcon_parallel_executor.executor.parallel:loop closed
[34.491s] DEBUG:colcon.colcon_parallel_executor.executor.parallel:run_until_complete finished with '0'
[34.491s] DEBUG:colcon.colcon_core.event_reactor:joining thread
[34.529s] INFO:colcon.colcon_core.plugin_system:Skipping extension 'colcon_notification.desktop_notification.notify_send': Could not find 'notify-send'
[34.529s] INFO:colcon.colcon_core.plugin_system:Skipping extension 'colcon_notification.desktop_notification.terminal_notifier': Not used on non-Darwin systems
[34.529s] INFO:colcon.colcon_core.plugin_system:Skipping extension 'colcon_notification.desktop_notification.win32': Not used on non-Windows systems
[34.529s] INFO:colcon.colcon_notification.desktop_notification:Sending desktop notification using 'notify2'
[34.575s] DEBUG:colcon.colcon_notification.desktop_notification.notify2:Failed to initialize notify2: org.freedesktop.DBus.Error.ServiceUnknown: The name org.freedesktop.Notifications was not provided by any .service files
[34.575s] DEBUG:colcon.colcon_core.event_reactor:joined thread
[34.575s] INFO:colcon.colcon_core.shell:Creating prefix script '/home/zjz/chapt9/fishbot_ws/install/local_setup.ps1'
[34.576s] INFO:colcon.colcon_core.shell:Creating prefix util module '/home/zjz/chapt9/fishbot_ws/install/_local_setup_util_ps1.py'
[34.577s] INFO:colcon.colcon_core.shell:Creating prefix chain script '/home/zjz/chapt9/fishbot_ws/install/setup.ps1'
[34.578s] INFO:colcon.colcon_core.shell:Creating prefix script '/home/zjz/chapt9/fishbot_ws/install/local_setup.sh'
[34.578s] INFO:colcon.colcon_core.shell:Creating prefix util module '/home/zjz/chapt9/fishbot_ws/install/_local_setup_util_sh.py'
[34.578s] INFO:colcon.colcon_core.shell:Creating prefix chain script '/home/zjz/chapt9/fishbot_ws/install/setup.sh'
[34.579s] INFO:colcon.colcon_core.shell:Creating prefix script '/home/zjz/chapt9/fishbot_ws/install/local_setup.bash'
[34.579s] INFO:colcon.colcon_core.shell:Creating prefix chain script '/home/zjz/chapt9/fishbot_ws/install/setup.bash'
[34.580s] INFO:colcon.colcon_core.shell:Creating prefix script '/home/zjz/chapt9/fishbot_ws/install/local_setup.zsh'
[34.581s] INFO:colcon.colcon_core.shell:Creating prefix chain script '/home/zjz/chapt9/fishbot_ws/install/setup.zsh'
