[0.021s] Invoking command in '/home/zjz/chapt9/fishbot_ws/build/fishbot_bringup': CMAKE_PREFIX_PATH=${CMAKE_PREFIX_PATH}:/home/zjz/chapt9/fishbot_ws/install/ros_serial2wifi:/opt/ros/humble /usr/bin/cmake --build /home/zjz/chapt9/fishbot_ws/build/fishbot_bringup -- -j32 -l32
[0.179s] -- Found ament_cmake: 1.3.14 (/opt/ros/humble/share/ament_cmake/cmake)
[0.179s] -- Found ament_lint_auto: 0.12.15 (/opt/ros/humble/share/ament_lint_auto/cmake)
[0.224s] -- Found rclcpp: 16.0.19 (/opt/ros/humble/share/rclcpp/cmake)
[0.361s] -- Found rosidl_generator_c: 3.1.8 (/opt/ros/humble/share/rosidl_generator_c/cmake)
[0.366s] -- Found rosidl_adapter: 3.1.8 (/opt/ros/humble/share/rosidl_adapter/cmake)
[0.375s] -- Found rosidl_generator_cpp: 3.1.8 (/opt/ros/humble/share/rosidl_generator_cpp/cmake)
[0.388s] -- Using all available rosidl_typesupport_c: rosidl_typesupport_fastrtps_c;rosidl_typesupport_introspection_c
[0.404s] -- Using all available rosidl_typesupport_cpp: rosidl_typesupport_fastrtps_cpp;rosidl_typesupport_introspection_cpp
[0.447s] -- Found rmw_implementation_cmake: 6.1.2 (/opt/ros/humble/share/rmw_implementation_cmake/cmake)
[0.450s] -- Found rmw_fastrtps_cpp: 6.2.10 (/opt/ros/humble/share/rmw_fastrtps_cpp/cmake)
[1.076s] -- Found OpenSSL: /usr/lib/x86_64-linux-gnu/libcrypto.so (found version "3.0.2")  
[1.628s] -- Found FastRTPS: /opt/ros/humble/include  
[2.928s] -- Using RMW implementation 'rmw_fastrtps_cpp' as default
[2.937s] -- Looking for pthread.h
[3.023s] -- Looking for pthread.h - found
[3.023s] -- Performing Test CMAKE_HAVE_LIBC_PTHREAD
[3.080s] -- Performing Test CMAKE_HAVE_LIBC_PTHREAD - Success
[3.080s] -- Found Threads: TRUE  
[3.127s] -- Found tf2: 0.25.20 (/opt/ros/humble/share/tf2/cmake)
[3.145s] -- Found tf2_ros: 0.25.20 (/opt/ros/humble/share/tf2_ros/cmake)
[3.226s] -- Found nav_msgs: 4.9.1 (/opt/ros/humble/share/nav_msgs/cmake)
[3.246s] -- Added test 'cppcheck' to perform static code analysis on C / C++ code
[3.246s] -- Configured cppcheck include dirs: 
[3.246s] -- Configured cppcheck exclude dirs and/or files: 
[3.246s] -- Added test 'flake8' to check Python code syntax and style conventions
[3.247s] -- Added test 'lint_cmake' to check CMake code style
[3.247s] -- Added test 'pep257' to check Python code against some of the docstring style conventions in PEP 257
[3.247s] -- Added test 'uncrustify' to check C / C++ code style
[3.248s] -- Configured uncrustify additional arguments: 
[3.248s] -- Added test 'xmllint' to check XML markup files
[3.249s] -- Configuring done
[3.258s] -- Generating done
[3.261s] -- Build files have been written to: /home/zjz/chapt9/fishbot_ws/build/fishbot_bringup
[3.279s] [ 50%] [32mBuilding CXX object CMakeFiles/odom2tf.dir/src/odom2tf.cpp.o[0m
[7.916s] [100%] [32m[1mLinking CXX executable odom2tf[0m
[8.253s] [100%] Built target odom2tf
[8.259s] Invoked command in '/home/zjz/chapt9/fishbot_ws/build/fishbot_bringup' returned '0': CMAKE_PREFIX_PATH=${CMAKE_PREFIX_PATH}:/home/zjz/chapt9/fishbot_ws/install/ros_serial2wifi:/opt/ros/humble /usr/bin/cmake --build /home/zjz/chapt9/fishbot_ws/build/fishbot_bringup -- -j32 -l32
[8.260s] Invoking command in '/home/zjz/chapt9/fishbot_ws/build/fishbot_bringup': CMAKE_PREFIX_PATH=${CMAKE_PREFIX_PATH}:/home/zjz/chapt9/fishbot_ws/install/ros_serial2wifi:/opt/ros/humble /usr/bin/cmake --install /home/zjz/chapt9/fishbot_ws/build/fishbot_bringup
[8.263s] -- Install configuration: ""
[8.263s] -- Installing: /home/zjz/chapt9/fishbot_ws/install/fishbot_bringup/lib/fishbot_bringup/odom2tf
[8.265s] -- Set runtime path of "/home/zjz/chapt9/fishbot_ws/install/fishbot_bringup/lib/fishbot_bringup/odom2tf" to ""
[8.265s] -- Up-to-date: /home/zjz/chapt9/fishbot_ws/install/fishbot_bringup/share/fishbot_bringup/launch
[8.265s] -- Up-to-date: /home/zjz/chapt9/fishbot_ws/install/fishbot_bringup/share/fishbot_bringup/launch/urdf2tf.launch.py
[8.265s] -- Up-to-date: /home/zjz/chapt9/fishbot_ws/install/fishbot_bringup/share/ament_index/resource_index/package_run_dependencies/fishbot_bringup
[8.265s] -- Installing: /home/zjz/chapt9/fishbot_ws/install/fishbot_bringup/share/ament_index/resource_index/parent_prefix_path/fishbot_bringup
[8.265s] -- Up-to-date: /home/zjz/chapt9/fishbot_ws/install/fishbot_bringup/share/fishbot_bringup/environment/ament_prefix_path.sh
[8.265s] -- Installing: /home/zjz/chapt9/fishbot_ws/install/fishbot_bringup/share/fishbot_bringup/environment/ament_prefix_path.dsv
[8.265s] -- Up-to-date: /home/zjz/chapt9/fishbot_ws/install/fishbot_bringup/share/fishbot_bringup/environment/path.sh
[8.266s] -- Installing: /home/zjz/chapt9/fishbot_ws/install/fishbot_bringup/share/fishbot_bringup/environment/path.dsv
[8.266s] -- Up-to-date: /home/zjz/chapt9/fishbot_ws/install/fishbot_bringup/share/fishbot_bringup/local_setup.bash
[8.266s] -- Up-to-date: /home/zjz/chapt9/fishbot_ws/install/fishbot_bringup/share/fishbot_bringup/local_setup.sh
[8.266s] -- Up-to-date: /home/zjz/chapt9/fishbot_ws/install/fishbot_bringup/share/fishbot_bringup/local_setup.zsh
[8.266s] -- Installing: /home/zjz/chapt9/fishbot_ws/install/fishbot_bringup/share/fishbot_bringup/local_setup.dsv
[8.266s] -- Installing: /home/zjz/chapt9/fishbot_ws/install/fishbot_bringup/share/fishbot_bringup/package.dsv
[8.266s] -- Up-to-date: /home/zjz/chapt9/fishbot_ws/install/fishbot_bringup/share/ament_index/resource_index/packages/fishbot_bringup
[8.266s] -- Up-to-date: /home/zjz/chapt9/fishbot_ws/install/fishbot_bringup/share/fishbot_bringup/cmake/fishbot_bringupConfig.cmake
[8.267s] -- Up-to-date: /home/zjz/chapt9/fishbot_ws/install/fishbot_bringup/share/fishbot_bringup/cmake/fishbot_bringupConfig-version.cmake
[8.267s] -- Up-to-date: /home/zjz/chapt9/fishbot_ws/install/fishbot_bringup/share/fishbot_bringup/package.xml
[8.267s] Invoked command in '/home/zjz/chapt9/fishbot_ws/build/fishbot_bringup' returned '0': CMAKE_PREFIX_PATH=${CMAKE_PREFIX_PATH}:/home/zjz/chapt9/fishbot_ws/install/ros_serial2wifi:/opt/ros/humble /usr/bin/cmake --install /home/zjz/chapt9/fishbot_ws/build/fishbot_bringup
