[0.009s] Invoking command in '/home/zjz/chapt9/fishbot_ws/build/micro_ros_msgs': CMAKE_PREFIX_PATH=/opt/ros/humble /usr/bin/cmake /home/zjz/chapt9/fishbot_ws/src/micro_ros_msgs -DCMAKE_INSTALL_PREFIX=/home/zjz/chapt9/fishbot_ws/install/micro_ros_msgs
[0.181s] -- The C compiler identification is GNU 11.4.0
[0.475s] -- The CXX compiler identification is GNU 11.4.0
[1.161s] -- Detecting C compiler ABI info
[1.427s] -- Detecting C compiler ABI info - done
[1.430s] -- Check for working C compiler: /usr/bin/cc - skipped
[1.441s] -- Detecting C compile features
[1.442s] -- Detecting C compile features - done
[1.444s] -- Detecting CXX compiler ABI info
[1.525s] -- Detecting CXX compiler ABI info - done
[1.529s] -- Check for working CXX compiler: /usr/bin/c++ - skipped
[1.529s] -- Detecting CXX compile features
[1.529s] -- Detecting CXX compile features - done
[1.539s] -- Found ament_cmake: 1.3.14 (/opt/ros/humble/share/ament_cmake/cmake)
[1.621s] -- Found Python3: /usr/bin/python3 (found version "3.10.12") found components: Interpreter 
[1.690s] -- Found rosidl_default_generators: 1.2.1 (/opt/ros/humble/share/rosidl_default_generators/cmake)
[1.694s] -- Using all available rosidl_typesupport_c: rosidl_typesupport_fastrtps_c;rosidl_typesupport_introspection_c
[1.701s] -- Found rosidl_adapter: 3.1.8 (/opt/ros/humble/share/rosidl_adapter/cmake)
[1.845s] -- Using all available rosidl_typesupport_cpp: rosidl_typesupport_fastrtps_cpp;rosidl_typesupport_introspection_cpp
[1.881s] -- Found ament_lint_auto: 0.12.15 (/opt/ros/humble/share/ament_lint_auto/cmake)
[2.039s] -- Found ament_cmake_ros: 0.10.0 (/opt/ros/humble/share/ament_cmake_ros/cmake)
[2.141s] -- Using all available rosidl_typesupport_c: rosidl_typesupport_fastrtps_c;rosidl_typesupport_introspection_c
[2.265s] -- Using all available rosidl_typesupport_cpp: rosidl_typesupport_fastrtps_cpp;rosidl_typesupport_introspection_cpp
[2.364s] -- Found PythonInterp: /usr/bin/python3 (found suitable version "3.10.12", minimum required is "3.6") 
[2.366s] -- Found python_cmake_module: 0.10.0 (/opt/ros/humble/share/python_cmake_module/cmake)
[2.594s] -- Found PythonLibs: /usr/lib/x86_64-linux-gnu/libpython3.10.so (found suitable version "3.10.12", minimum required is "3.5") 
[2.594s] -- Using PYTHON_EXECUTABLE: /usr/bin/python3
[2.594s] -- Using PYTHON_INCLUDE_DIRS: /usr/include/python3.10
[2.594s] -- Using PYTHON_LIBRARIES: /usr/lib/x86_64-linux-gnu/libpython3.10.so
[2.606s] -- Found PythonExtra: .so  
[2.695s] -- Added test 'copyright' to check source files copyright and LICENSE
[2.699s] -- Added test 'lint_cmake' to check CMake code style
[2.701s] -- Added test 'xmllint' to check XML markup files
[2.708s] -- Configuring done
[2.731s] -- Generating done
[2.737s] -- Build files have been written to: /home/zjz/chapt9/fishbot_ws/build/micro_ros_msgs
[2.741s] Invoked command in '/home/zjz/chapt9/fishbot_ws/build/micro_ros_msgs' returned '0': CMAKE_PREFIX_PATH=/opt/ros/humble /usr/bin/cmake /home/zjz/chapt9/fishbot_ws/src/micro_ros_msgs -DCMAKE_INSTALL_PREFIX=/home/zjz/chapt9/fishbot_ws/install/micro_ros_msgs
[2.743s] Invoking command in '/home/zjz/chapt9/fishbot_ws/build/micro_ros_msgs': CMAKE_PREFIX_PATH=/opt/ros/humble /usr/bin/cmake --build /home/zjz/chapt9/fishbot_ws/build/micro_ros_msgs -- -j32 -l32
[2.765s] [  2%] [34m[1mGenerating C code for ROS interfaces[0m
[2.771s] [  4%] [34m[1mGenerating Rust code for ROS interfaces[0m
[2.772s] [  6%] [34m[1mGenerating C++ code for ROS interfaces[0m
[2.776s] [  6%] Built target ament_cmake_python_copy_micro_ros_msgs
[2.915s] running egg_info
[2.915s] creating micro_ros_msgs.egg-info
[2.916s] writing micro_ros_msgs.egg-info/PKG-INFO
[2.916s] writing dependency_links to micro_ros_msgs.egg-info/dependency_links.txt
[2.916s] writing top-level names to micro_ros_msgs.egg-info/top_level.txt
[2.916s] writing manifest file 'micro_ros_msgs.egg-info/SOURCES.txt'
[2.918s] reading manifest file 'micro_ros_msgs.egg-info/SOURCES.txt'
[2.918s] writing manifest file 'micro_ros_msgs.egg-info/SOURCES.txt'
[2.934s] [  6%] Built target ament_cmake_python_build_micro_ros_msgs_egg
[2.940s] [  6%] Built target micro_ros_msgs__rs
[2.985s] [  6%] Built target micro_ros_msgs__cpp
[2.990s] [  8%] [34m[1mGenerating C++ type support dispatch for ROS interfaces[0m
[2.990s] [ 10%] [34m[1mGenerating C++ type support for eProsima Fast-RTPS[0m
[2.990s] [ 14%] [32mBuilding C object CMakeFiles/micro_ros_msgs__rosidl_generator_c.dir/rosidl_generator_c/micro_ros_msgs/msg/detail/entity__functions.c.o[0m
[2.990s] [ 14%] [32mBuilding C object CMakeFiles/micro_ros_msgs__rosidl_generator_c.dir/rosidl_generator_c/micro_ros_msgs/msg/detail/graph__functions.c.o[0m
[2.990s] [ 16%] [32mBuilding C object CMakeFiles/micro_ros_msgs__rosidl_generator_c.dir/rosidl_generator_c/micro_ros_msgs/msg/detail/node__functions.c.o[0m
[2.990s] [ 18%] [34m[1mGenerating C++ introspection for ROS interfaces[0m
[3.037s] [ 20%] [32m[1mLinking C shared library libmicro_ros_msgs__rosidl_generator_c.so[0m
[3.127s] [ 20%] Built target micro_ros_msgs__rosidl_generator_c
[3.133s] [ 22%] [34m[1mGenerating C type support dispatch for ROS interfaces[0m
[3.133s] [ 25%] [34m[1mGenerating C introspection for ROS interfaces[0m
[3.136s] [ 27%] [34m[1mGenerating C type support for eProsima Fast-RTPS[0m
[3.162s] [ 31%] [32mBuilding CXX object CMakeFiles/micro_ros_msgs__rosidl_typesupport_cpp.dir/rosidl_typesupport_cpp/micro_ros_msgs/msg/entity__type_support.cpp.o[0m
[3.162s] [ 31%] [32mBuilding CXX object CMakeFiles/micro_ros_msgs__rosidl_typesupport_cpp.dir/rosidl_typesupport_cpp/micro_ros_msgs/msg/node__type_support.cpp.o[0m
[3.164s] [ 33%] [32mBuilding CXX object CMakeFiles/micro_ros_msgs__rosidl_typesupport_cpp.dir/rosidl_typesupport_cpp/micro_ros_msgs/msg/graph__type_support.cpp.o[0m
[3.184s] [ 35%] [32mBuilding CXX object CMakeFiles/micro_ros_msgs__rosidl_typesupport_introspection_cpp.dir/rosidl_typesupport_introspection_cpp/micro_ros_msgs/msg/detail/entity__type_support.cpp.o[0m
[3.184s] [ 37%] [32mBuilding CXX object CMakeFiles/micro_ros_msgs__rosidl_typesupport_introspection_cpp.dir/rosidl_typesupport_introspection_cpp/micro_ros_msgs/msg/detail/graph__type_support.cpp.o[0m
[3.184s] [ 39%] [32mBuilding CXX object CMakeFiles/micro_ros_msgs__rosidl_typesupport_introspection_cpp.dir/rosidl_typesupport_introspection_cpp/micro_ros_msgs/msg/detail/node__type_support.cpp.o[0m
[3.199s] [ 43%] [32mBuilding CXX object CMakeFiles/micro_ros_msgs__rosidl_typesupport_fastrtps_cpp.dir/rosidl_typesupport_fastrtps_cpp/micro_ros_msgs/msg/detail/dds_fastrtps/entity__type_support.cpp.o[0m
[3.199s] [ 43%] [32mBuilding CXX object CMakeFiles/micro_ros_msgs__rosidl_typesupport_fastrtps_cpp.dir/rosidl_typesupport_fastrtps_cpp/micro_ros_msgs/msg/detail/dds_fastrtps/graph__type_support.cpp.o[0m
[3.199s] [ 45%] [32mBuilding CXX object CMakeFiles/micro_ros_msgs__rosidl_typesupport_fastrtps_cpp.dir/rosidl_typesupport_fastrtps_cpp/micro_ros_msgs/msg/detail/dds_fastrtps/node__type_support.cpp.o[0m
[3.362s] [ 47%] [32mBuilding CXX object CMakeFiles/micro_ros_msgs__rosidl_typesupport_c.dir/rosidl_typesupport_c/micro_ros_msgs/msg/graph__type_support.cpp.o[0m
[3.362s] [ 50%] [32mBuilding CXX object CMakeFiles/micro_ros_msgs__rosidl_typesupport_c.dir/rosidl_typesupport_c/micro_ros_msgs/msg/entity__type_support.cpp.o[0m
[3.366s] [ 52%] [32mBuilding CXX object CMakeFiles/micro_ros_msgs__rosidl_typesupport_c.dir/rosidl_typesupport_c/micro_ros_msgs/msg/node__type_support.cpp.o[0m
[3.392s] [ 54%] [32m[1mLinking CXX shared library libmicro_ros_msgs__rosidl_typesupport_c.so[0m
[3.410s] [ 56%] [32mBuilding CXX object CMakeFiles/micro_ros_msgs__rosidl_typesupport_fastrtps_c.dir/rosidl_typesupport_fastrtps_c/micro_ros_msgs/msg/detail/node__type_support_c.cpp.o[0m
[3.411s] [ 58%] [32mBuilding C object CMakeFiles/micro_ros_msgs__rosidl_typesupport_introspection_c.dir/rosidl_typesupport_introspection_c/micro_ros_msgs/msg/detail/graph__type_support.c.o[0m
[3.411s] [ 64%] [32mBuilding C object CMakeFiles/micro_ros_msgs__rosidl_typesupport_introspection_c.dir/rosidl_typesupport_introspection_c/micro_ros_msgs/msg/detail/entity__type_support.c.o[0m
[3.411s] [ 64%] [32mBuilding C object CMakeFiles/micro_ros_msgs__rosidl_typesupport_introspection_c.dir/rosidl_typesupport_introspection_c/micro_ros_msgs/msg/detail/node__type_support.c.o[0m
[3.411s] [ 64%] [32mBuilding CXX object CMakeFiles/micro_ros_msgs__rosidl_typesupport_fastrtps_c.dir/rosidl_typesupport_fastrtps_c/micro_ros_msgs/msg/detail/graph__type_support_c.cpp.o[0m
[3.412s] [ 66%] [32mBuilding CXX object CMakeFiles/micro_ros_msgs__rosidl_typesupport_fastrtps_c.dir/rosidl_typesupport_fastrtps_c/micro_ros_msgs/msg/detail/entity__type_support_c.cpp.o[0m
[3.439s] [ 68%] [32m[1mLinking CXX shared library libmicro_ros_msgs__rosidl_typesupport_cpp.so[0m
[3.443s] [ 70%] [32m[1mLinking C shared library libmicro_ros_msgs__rosidl_typesupport_introspection_c.so[0m
[3.492s] [ 70%] Built target micro_ros_msgs__rosidl_typesupport_c
[3.519s] [ 70%] Built target micro_ros_msgs__rosidl_typesupport_introspection_c
[3.525s] [ 70%] Built target micro_ros_msgs__rosidl_typesupport_cpp
[3.598s] [ 72%] [32m[1mLinking CXX shared library libmicro_ros_msgs__rosidl_typesupport_fastrtps_cpp.so[0m
[3.626s] [ 75%] [32m[1mLinking CXX shared library libmicro_ros_msgs__rosidl_typesupport_introspection_cpp.so[0m
[3.645s] [ 77%] [32m[1mLinking CXX shared library libmicro_ros_msgs__rosidl_typesupport_fastrtps_c.so[0m
[3.694s] [ 77%] Built target micro_ros_msgs__rosidl_typesupport_fastrtps_cpp
[3.726s] [ 77%] Built target micro_ros_msgs__rosidl_typesupport_introspection_cpp
[3.750s] [ 77%] Built target micro_ros_msgs__rosidl_typesupport_fastrtps_c
[3.760s] [ 77%] Built target micro_ros_msgs
[3.771s] [ 79%] [34m[1mGenerating Python code for ROS interfaces[0m
[4.043s] [ 79%] Built target micro_ros_msgs__py
[4.052s] [ 81%] [32mBuilding C object CMakeFiles/micro_ros_msgs__rosidl_generator_py.dir/rosidl_generator_py/micro_ros_msgs/msg/_graph_s.c.o[0m
[4.052s] [ 83%] [32mBuilding C object CMakeFiles/micro_ros_msgs__rosidl_generator_py.dir/rosidl_generator_py/micro_ros_msgs/msg/_node_s.c.o[0m
[4.053s] [ 85%] [32mBuilding C object CMakeFiles/micro_ros_msgs__rosidl_generator_py.dir/rosidl_generator_py/micro_ros_msgs/msg/_entity_s.c.o[0m
[4.138s] [ 87%] [32m[1mLinking C shared library rosidl_generator_py/micro_ros_msgs/libmicro_ros_msgs__rosidl_generator_py.so[0m
[4.275s] [ 87%] Built target micro_ros_msgs__rosidl_generator_py
[4.285s] [ 91%] [32mBuilding C object CMakeFiles/micro_ros_msgs__rosidl_typesupport_c__pyext.dir/rosidl_generator_py/micro_ros_msgs/_micro_ros_msgs_s.ep.rosidl_typesupport_c.c.o[0m
[4.285s] [ 91%] [32mBuilding C object CMakeFiles/micro_ros_msgs__rosidl_typesupport_introspection_c__pyext.dir/rosidl_generator_py/micro_ros_msgs/_micro_ros_msgs_s.ep.rosidl_typesupport_introspection_c.c.o[0m
[4.285s] [ 93%] [32mBuilding C object CMakeFiles/micro_ros_msgs__rosidl_typesupport_fastrtps_c__pyext.dir/rosidl_generator_py/micro_ros_msgs/_micro_ros_msgs_s.ep.rosidl_typesupport_fastrtps_c.c.o[0m
[4.333s] [ 97%] [32m[1mLinking C shared library rosidl_generator_py/micro_ros_msgs/micro_ros_msgs_s__rosidl_typesupport_c.cpython-310-x86_64-linux-gnu.so[0m
[4.333s] [ 97%] [32m[1mLinking C shared library rosidl_generator_py/micro_ros_msgs/micro_ros_msgs_s__rosidl_typesupport_fastrtps_c.cpython-310-x86_64-linux-gnu.so[0m
[4.333s] [100%] [32m[1mLinking C shared library rosidl_generator_py/micro_ros_msgs/micro_ros_msgs_s__rosidl_typesupport_introspection_c.cpython-310-x86_64-linux-gnu.so[0m
[4.419s] [100%] Built target micro_ros_msgs__rosidl_typesupport_fastrtps_c__pyext
[4.419s] [100%] Built target micro_ros_msgs__rosidl_typesupport_c__pyext
[4.419s] [100%] Built target micro_ros_msgs__rosidl_typesupport_introspection_c__pyext
[4.425s] Invoked command in '/home/zjz/chapt9/fishbot_ws/build/micro_ros_msgs' returned '0': CMAKE_PREFIX_PATH=/opt/ros/humble /usr/bin/cmake --build /home/zjz/chapt9/fishbot_ws/build/micro_ros_msgs -- -j32 -l32
[4.430s] Invoking command in '/home/zjz/chapt9/fishbot_ws/build/micro_ros_msgs': CMAKE_PREFIX_PATH=/opt/ros/humble /usr/bin/cmake --install /home/zjz/chapt9/fishbot_ws/build/micro_ros_msgs
[4.434s] -- Install configuration: ""
[4.434s] -- Installing: /home/zjz/chapt9/fishbot_ws/install/micro_ros_msgs/share/ament_index/resource_index/rosidl_interfaces/micro_ros_msgs
[4.434s] -- Installing: /home/zjz/chapt9/fishbot_ws/install/micro_ros_msgs/include/micro_ros_msgs/micro_ros_msgs
[4.434s] -- Installing: /home/zjz/chapt9/fishbot_ws/install/micro_ros_msgs/include/micro_ros_msgs/micro_ros_msgs/msg
[4.434s] -- Installing: /home/zjz/chapt9/fishbot_ws/install/micro_ros_msgs/include/micro_ros_msgs/micro_ros_msgs/msg/entity.h
[4.435s] -- Installing: /home/zjz/chapt9/fishbot_ws/install/micro_ros_msgs/include/micro_ros_msgs/micro_ros_msgs/msg/detail
[4.435s] -- Installing: /home/zjz/chapt9/fishbot_ws/install/micro_ros_msgs/include/micro_ros_msgs/micro_ros_msgs/msg/detail/entity__functions.c
[4.435s] -- Installing: /home/zjz/chapt9/fishbot_ws/install/micro_ros_msgs/include/micro_ros_msgs/micro_ros_msgs/msg/detail/node__functions.c
[4.435s] -- Installing: /home/zjz/chapt9/fishbot_ws/install/micro_ros_msgs/include/micro_ros_msgs/micro_ros_msgs/msg/detail/node__functions.h
[4.435s] -- Installing: /home/zjz/chapt9/fishbot_ws/install/micro_ros_msgs/include/micro_ros_msgs/micro_ros_msgs/msg/detail/node__type_support.h
[4.435s] -- Installing: /home/zjz/chapt9/fishbot_ws/install/micro_ros_msgs/include/micro_ros_msgs/micro_ros_msgs/msg/detail/graph__functions.c
[4.435s] -- Installing: /home/zjz/chapt9/fishbot_ws/install/micro_ros_msgs/include/micro_ros_msgs/micro_ros_msgs/msg/detail/node__struct.h
[4.435s] -- Installing: /home/zjz/chapt9/fishbot_ws/install/micro_ros_msgs/include/micro_ros_msgs/micro_ros_msgs/msg/detail/graph__struct.h
[4.435s] -- Installing: /home/zjz/chapt9/fishbot_ws/install/micro_ros_msgs/include/micro_ros_msgs/micro_ros_msgs/msg/detail/entity__type_support.h
[4.435s] -- Installing: /home/zjz/chapt9/fishbot_ws/install/micro_ros_msgs/include/micro_ros_msgs/micro_ros_msgs/msg/detail/graph__type_support.h
[4.435s] -- Installing: /home/zjz/chapt9/fishbot_ws/install/micro_ros_msgs/include/micro_ros_msgs/micro_ros_msgs/msg/detail/entity__struct.h
[4.435s] -- Installing: /home/zjz/chapt9/fishbot_ws/install/micro_ros_msgs/include/micro_ros_msgs/micro_ros_msgs/msg/detail/graph__functions.h
[4.436s] -- Installing: /home/zjz/chapt9/fishbot_ws/install/micro_ros_msgs/include/micro_ros_msgs/micro_ros_msgs/msg/detail/entity__functions.h
[4.436s] -- Installing: /home/zjz/chapt9/fishbot_ws/install/micro_ros_msgs/include/micro_ros_msgs/micro_ros_msgs/msg/graph.h
[4.436s] -- Installing: /home/zjz/chapt9/fishbot_ws/install/micro_ros_msgs/include/micro_ros_msgs/micro_ros_msgs/msg/node.h
[4.436s] -- Installing: /home/zjz/chapt9/fishbot_ws/install/micro_ros_msgs/include/micro_ros_msgs/micro_ros_msgs/msg/rosidl_generator_c__visibility_control.h
[4.436s] -- Installing: /home/zjz/chapt9/fishbot_ws/install/micro_ros_msgs/share/micro_ros_msgs/environment/library_path.sh
[4.436s] -- Installing: /home/zjz/chapt9/fishbot_ws/install/micro_ros_msgs/share/micro_ros_msgs/environment/library_path.dsv
[4.436s] -- Installing: /home/zjz/chapt9/fishbot_ws/install/micro_ros_msgs/lib/libmicro_ros_msgs__rosidl_generator_c.so
[4.436s] -- Set runtime path of "/home/zjz/chapt9/fishbot_ws/install/micro_ros_msgs/lib/libmicro_ros_msgs__rosidl_generator_c.so" to ""
[4.436s] -- Up-to-date: /home/zjz/chapt9/fishbot_ws/install/micro_ros_msgs/include/micro_ros_msgs/micro_ros_msgs
[4.436s] -- Up-to-date: /home/zjz/chapt9/fishbot_ws/install/micro_ros_msgs/include/micro_ros_msgs/micro_ros_msgs/msg
[4.436s] -- Up-to-date: /home/zjz/chapt9/fishbot_ws/install/micro_ros_msgs/include/micro_ros_msgs/micro_ros_msgs/msg/detail
[4.436s] -- Installing: /home/zjz/chapt9/fishbot_ws/install/micro_ros_msgs/include/micro_ros_msgs/micro_ros_msgs/msg/detail/graph__rosidl_typesupport_fastrtps_c.h
[4.437s] -- Installing: /home/zjz/chapt9/fishbot_ws/install/micro_ros_msgs/include/micro_ros_msgs/micro_ros_msgs/msg/detail/node__rosidl_typesupport_fastrtps_c.h
[4.437s] -- Installing: /home/zjz/chapt9/fishbot_ws/install/micro_ros_msgs/include/micro_ros_msgs/micro_ros_msgs/msg/detail/entity__rosidl_typesupport_fastrtps_c.h
[4.437s] -- Installing: /home/zjz/chapt9/fishbot_ws/install/micro_ros_msgs/include/micro_ros_msgs/micro_ros_msgs/msg/rosidl_typesupport_fastrtps_c__visibility_control.h
[4.437s] -- Installing: /home/zjz/chapt9/fishbot_ws/install/micro_ros_msgs/lib/libmicro_ros_msgs__rosidl_typesupport_fastrtps_c.so
[4.437s] -- Set runtime path of "/home/zjz/chapt9/fishbot_ws/install/micro_ros_msgs/lib/libmicro_ros_msgs__rosidl_typesupport_fastrtps_c.so" to ""
[4.437s] -- Up-to-date: /home/zjz/chapt9/fishbot_ws/install/micro_ros_msgs/include/micro_ros_msgs/micro_ros_msgs
[4.437s] -- Up-to-date: /home/zjz/chapt9/fishbot_ws/install/micro_ros_msgs/include/micro_ros_msgs/micro_ros_msgs/msg
[4.437s] -- Up-to-date: /home/zjz/chapt9/fishbot_ws/install/micro_ros_msgs/include/micro_ros_msgs/micro_ros_msgs/msg/detail
[4.437s] -- Installing: /home/zjz/chapt9/fishbot_ws/install/micro_ros_msgs/include/micro_ros_msgs/micro_ros_msgs/msg/detail/entity__type_support.c
[4.438s] -- Installing: /home/zjz/chapt9/fishbot_ws/install/micro_ros_msgs/include/micro_ros_msgs/micro_ros_msgs/msg/detail/entity__rosidl_typesupport_introspection_c.h
[4.438s] -- Installing: /home/zjz/chapt9/fishbot_ws/install/micro_ros_msgs/include/micro_ros_msgs/micro_ros_msgs/msg/detail/graph__type_support.c
[4.438s] -- Installing: /home/zjz/chapt9/fishbot_ws/install/micro_ros_msgs/include/micro_ros_msgs/micro_ros_msgs/msg/detail/node__rosidl_typesupport_introspection_c.h
[4.438s] -- Installing: /home/zjz/chapt9/fishbot_ws/install/micro_ros_msgs/include/micro_ros_msgs/micro_ros_msgs/msg/detail/graph__rosidl_typesupport_introspection_c.h
[4.438s] -- Installing: /home/zjz/chapt9/fishbot_ws/install/micro_ros_msgs/include/micro_ros_msgs/micro_ros_msgs/msg/detail/node__type_support.c
[4.438s] -- Installing: /home/zjz/chapt9/fishbot_ws/install/micro_ros_msgs/include/micro_ros_msgs/micro_ros_msgs/msg/rosidl_typesupport_introspection_c__visibility_control.h
[4.438s] -- Installing: /home/zjz/chapt9/fishbot_ws/install/micro_ros_msgs/lib/libmicro_ros_msgs__rosidl_typesupport_introspection_c.so
[4.438s] -- Set runtime path of "/home/zjz/chapt9/fishbot_ws/install/micro_ros_msgs/lib/libmicro_ros_msgs__rosidl_typesupport_introspection_c.so" to ""
[4.438s] -- Installing: /home/zjz/chapt9/fishbot_ws/install/micro_ros_msgs/lib/libmicro_ros_msgs__rosidl_typesupport_c.so
[4.438s] -- Set runtime path of "/home/zjz/chapt9/fishbot_ws/install/micro_ros_msgs/lib/libmicro_ros_msgs__rosidl_typesupport_c.so" to ""
[4.438s] -- Up-to-date: /home/zjz/chapt9/fishbot_ws/install/micro_ros_msgs/include/micro_ros_msgs/micro_ros_msgs
[4.438s] -- Up-to-date: /home/zjz/chapt9/fishbot_ws/install/micro_ros_msgs/include/micro_ros_msgs/micro_ros_msgs/msg
[4.438s] -- Installing: /home/zjz/chapt9/fishbot_ws/install/micro_ros_msgs/include/micro_ros_msgs/micro_ros_msgs/msg/node.hpp
[4.439s] -- Up-to-date: /home/zjz/chapt9/fishbot_ws/install/micro_ros_msgs/include/micro_ros_msgs/micro_ros_msgs/msg/detail
[4.439s] -- Installing: /home/zjz/chapt9/fishbot_ws/install/micro_ros_msgs/include/micro_ros_msgs/micro_ros_msgs/msg/detail/entity__type_support.hpp
[4.439s] -- Installing: /home/zjz/chapt9/fishbot_ws/install/micro_ros_msgs/include/micro_ros_msgs/micro_ros_msgs/msg/detail/node__type_support.hpp
[4.439s] -- Installing: /home/zjz/chapt9/fishbot_ws/install/micro_ros_msgs/include/micro_ros_msgs/micro_ros_msgs/msg/detail/graph__builder.hpp
[4.439s] -- Installing: /home/zjz/chapt9/fishbot_ws/install/micro_ros_msgs/include/micro_ros_msgs/micro_ros_msgs/msg/detail/graph__struct.hpp
[4.439s] -- Installing: /home/zjz/chapt9/fishbot_ws/install/micro_ros_msgs/include/micro_ros_msgs/micro_ros_msgs/msg/detail/entity__builder.hpp
[4.439s] -- Installing: /home/zjz/chapt9/fishbot_ws/install/micro_ros_msgs/include/micro_ros_msgs/micro_ros_msgs/msg/detail/node__builder.hpp
[4.439s] -- Installing: /home/zjz/chapt9/fishbot_ws/install/micro_ros_msgs/include/micro_ros_msgs/micro_ros_msgs/msg/detail/entity__traits.hpp
[4.439s] -- Installing: /home/zjz/chapt9/fishbot_ws/install/micro_ros_msgs/include/micro_ros_msgs/micro_ros_msgs/msg/detail/graph__traits.hpp
[4.439s] -- Installing: /home/zjz/chapt9/fishbot_ws/install/micro_ros_msgs/include/micro_ros_msgs/micro_ros_msgs/msg/detail/entity__struct.hpp
[4.439s] -- Installing: /home/zjz/chapt9/fishbot_ws/install/micro_ros_msgs/include/micro_ros_msgs/micro_ros_msgs/msg/detail/node__struct.hpp
[4.439s] -- Installing: /home/zjz/chapt9/fishbot_ws/install/micro_ros_msgs/include/micro_ros_msgs/micro_ros_msgs/msg/detail/graph__type_support.hpp
[4.439s] -- Installing: /home/zjz/chapt9/fishbot_ws/install/micro_ros_msgs/include/micro_ros_msgs/micro_ros_msgs/msg/detail/node__traits.hpp
[4.439s] -- Installing: /home/zjz/chapt9/fishbot_ws/install/micro_ros_msgs/include/micro_ros_msgs/micro_ros_msgs/msg/entity.hpp
[4.439s] -- Installing: /home/zjz/chapt9/fishbot_ws/install/micro_ros_msgs/include/micro_ros_msgs/micro_ros_msgs/msg/graph.hpp
[4.440s] -- Installing: /home/zjz/chapt9/fishbot_ws/install/micro_ros_msgs/include/micro_ros_msgs/micro_ros_msgs/msg/rosidl_generator_cpp__visibility_control.hpp
[4.440s] -- Up-to-date: /home/zjz/chapt9/fishbot_ws/install/micro_ros_msgs/include/micro_ros_msgs/micro_ros_msgs
[4.440s] -- Up-to-date: /home/zjz/chapt9/fishbot_ws/install/micro_ros_msgs/include/micro_ros_msgs/micro_ros_msgs/msg
[4.440s] -- Up-to-date: /home/zjz/chapt9/fishbot_ws/install/micro_ros_msgs/include/micro_ros_msgs/micro_ros_msgs/msg/detail
[4.440s] -- Installing: /home/zjz/chapt9/fishbot_ws/install/micro_ros_msgs/include/micro_ros_msgs/micro_ros_msgs/msg/detail/entity__rosidl_typesupport_fastrtps_cpp.hpp
[4.440s] -- Installing: /home/zjz/chapt9/fishbot_ws/install/micro_ros_msgs/include/micro_ros_msgs/micro_ros_msgs/msg/detail/graph__rosidl_typesupport_fastrtps_cpp.hpp
[4.440s] -- Installing: /home/zjz/chapt9/fishbot_ws/install/micro_ros_msgs/include/micro_ros_msgs/micro_ros_msgs/msg/detail/node__rosidl_typesupport_fastrtps_cpp.hpp
[4.440s] -- Installing: /home/zjz/chapt9/fishbot_ws/install/micro_ros_msgs/include/micro_ros_msgs/micro_ros_msgs/msg/detail/dds_fastrtps
[4.440s] -- Installing: /home/zjz/chapt9/fishbot_ws/install/micro_ros_msgs/include/micro_ros_msgs/micro_ros_msgs/msg/rosidl_typesupport_fastrtps_cpp__visibility_control.h
[4.440s] -- Installing: /home/zjz/chapt9/fishbot_ws/install/micro_ros_msgs/lib/libmicro_ros_msgs__rosidl_typesupport_fastrtps_cpp.so
[4.440s] -- Set runtime path of "/home/zjz/chapt9/fishbot_ws/install/micro_ros_msgs/lib/libmicro_ros_msgs__rosidl_typesupport_fastrtps_cpp.so" to ""
[4.440s] -- Up-to-date: /home/zjz/chapt9/fishbot_ws/install/micro_ros_msgs/include/micro_ros_msgs/micro_ros_msgs
[4.440s] -- Up-to-date: /home/zjz/chapt9/fishbot_ws/install/micro_ros_msgs/include/micro_ros_msgs/micro_ros_msgs/msg
[4.440s] -- Up-to-date: /home/zjz/chapt9/fishbot_ws/install/micro_ros_msgs/include/micro_ros_msgs/micro_ros_msgs/msg/detail
[4.441s] -- Installing: /home/zjz/chapt9/fishbot_ws/install/micro_ros_msgs/include/micro_ros_msgs/micro_ros_msgs/msg/detail/graph__rosidl_typesupport_introspection_cpp.hpp
[4.441s] -- Installing: /home/zjz/chapt9/fishbot_ws/install/micro_ros_msgs/include/micro_ros_msgs/micro_ros_msgs/msg/detail/node__rosidl_typesupport_introspection_cpp.hpp
[4.441s] -- Installing: /home/zjz/chapt9/fishbot_ws/install/micro_ros_msgs/include/micro_ros_msgs/micro_ros_msgs/msg/detail/entity__rosidl_typesupport_introspection_cpp.hpp
[4.441s] -- Installing: /home/zjz/chapt9/fishbot_ws/install/micro_ros_msgs/include/micro_ros_msgs/micro_ros_msgs/msg/detail/entity__type_support.cpp
[4.441s] -- Installing: /home/zjz/chapt9/fishbot_ws/install/micro_ros_msgs/include/micro_ros_msgs/micro_ros_msgs/msg/detail/graph__type_support.cpp
[4.441s] -- Installing: /home/zjz/chapt9/fishbot_ws/install/micro_ros_msgs/include/micro_ros_msgs/micro_ros_msgs/msg/detail/node__type_support.cpp
[4.441s] -- Installing: /home/zjz/chapt9/fishbot_ws/install/micro_ros_msgs/lib/libmicro_ros_msgs__rosidl_typesupport_introspection_cpp.so
[4.441s] -- Set runtime path of "/home/zjz/chapt9/fishbot_ws/install/micro_ros_msgs/lib/libmicro_ros_msgs__rosidl_typesupport_introspection_cpp.so" to ""
[4.441s] -- Installing: /home/zjz/chapt9/fishbot_ws/install/micro_ros_msgs/lib/libmicro_ros_msgs__rosidl_typesupport_cpp.so
[4.441s] -- Set runtime path of "/home/zjz/chapt9/fishbot_ws/install/micro_ros_msgs/lib/libmicro_ros_msgs__rosidl_typesupport_cpp.so" to ""
[4.441s] -- Installing: /home/zjz/chapt9/fishbot_ws/install/micro_ros_msgs/share/micro_ros_msgs/environment/pythonpath.sh
[4.441s] -- Installing: /home/zjz/chapt9/fishbot_ws/install/micro_ros_msgs/share/micro_ros_msgs/environment/pythonpath.dsv
[4.441s] -- Installing: /home/zjz/chapt9/fishbot_ws/install/micro_ros_msgs/local/lib/python3.10/dist-packages/micro_ros_msgs-3.0.1-py3.10.egg-info
[4.441s] -- Installing: /home/zjz/chapt9/fishbot_ws/install/micro_ros_msgs/local/lib/python3.10/dist-packages/micro_ros_msgs-3.0.1-py3.10.egg-info/dependency_links.txt
[4.441s] -- Installing: /home/zjz/chapt9/fishbot_ws/install/micro_ros_msgs/local/lib/python3.10/dist-packages/micro_ros_msgs-3.0.1-py3.10.egg-info/top_level.txt
[4.441s] -- Installing: /home/zjz/chapt9/fishbot_ws/install/micro_ros_msgs/local/lib/python3.10/dist-packages/micro_ros_msgs-3.0.1-py3.10.egg-info/SOURCES.txt
[4.441s] -- Installing: /home/zjz/chapt9/fishbot_ws/install/micro_ros_msgs/local/lib/python3.10/dist-packages/micro_ros_msgs-3.0.1-py3.10.egg-info/PKG-INFO
[4.441s] -- Installing: /home/zjz/chapt9/fishbot_ws/install/micro_ros_msgs/local/lib/python3.10/dist-packages/micro_ros_msgs
[4.441s] -- Installing: /home/zjz/chapt9/fishbot_ws/install/micro_ros_msgs/local/lib/python3.10/dist-packages/micro_ros_msgs/msg
[4.441s] -- Installing: /home/zjz/chapt9/fishbot_ws/install/micro_ros_msgs/local/lib/python3.10/dist-packages/micro_ros_msgs/msg/_graph_s.c
[4.441s] -- Installing: /home/zjz/chapt9/fishbot_ws/install/micro_ros_msgs/local/lib/python3.10/dist-packages/micro_ros_msgs/msg/_graph.py
[4.441s] -- Installing: /home/zjz/chapt9/fishbot_ws/install/micro_ros_msgs/local/lib/python3.10/dist-packages/micro_ros_msgs/msg/__init__.py
[4.441s] -- Installing: /home/zjz/chapt9/fishbot_ws/install/micro_ros_msgs/local/lib/python3.10/dist-packages/micro_ros_msgs/msg/_entity.py
[4.441s] -- Installing: /home/zjz/chapt9/fishbot_ws/install/micro_ros_msgs/local/lib/python3.10/dist-packages/micro_ros_msgs/msg/_node.py
[4.441s] -- Installing: /home/zjz/chapt9/fishbot_ws/install/micro_ros_msgs/local/lib/python3.10/dist-packages/micro_ros_msgs/msg/_node_s.c
[4.441s] -- Installing: /home/zjz/chapt9/fishbot_ws/install/micro_ros_msgs/local/lib/python3.10/dist-packages/micro_ros_msgs/msg/_entity_s.c
[4.441s] -- Installing: /home/zjz/chapt9/fishbot_ws/install/micro_ros_msgs/local/lib/python3.10/dist-packages/micro_ros_msgs/_micro_ros_msgs_s.ep.rosidl_typesupport_introspection_c.c
[4.441s] -- Installing: /home/zjz/chapt9/fishbot_ws/install/micro_ros_msgs/local/lib/python3.10/dist-packages/micro_ros_msgs/micro_ros_msgs_s__rosidl_typesupport_c.cpython-310-x86_64-linux-gnu.so
[4.441s] -- Installing: /home/zjz/chapt9/fishbot_ws/install/micro_ros_msgs/local/lib/python3.10/dist-packages/micro_ros_msgs/micro_ros_msgs_s__rosidl_typesupport_introspection_c.cpython-310-x86_64-linux-gnu.so
[4.441s] -- Installing: /home/zjz/chapt9/fishbot_ws/install/micro_ros_msgs/local/lib/python3.10/dist-packages/micro_ros_msgs/__init__.py
[4.441s] -- Installing: /home/zjz/chapt9/fishbot_ws/install/micro_ros_msgs/local/lib/python3.10/dist-packages/micro_ros_msgs/libmicro_ros_msgs__rosidl_generator_py.so
[4.441s] -- Installing: /home/zjz/chapt9/fishbot_ws/install/micro_ros_msgs/local/lib/python3.10/dist-packages/micro_ros_msgs/micro_ros_msgs_s__rosidl_typesupport_fastrtps_c.cpython-310-x86_64-linux-gnu.so
[4.441s] -- Installing: /home/zjz/chapt9/fishbot_ws/install/micro_ros_msgs/local/lib/python3.10/dist-packages/micro_ros_msgs/_micro_ros_msgs_s.ep.rosidl_typesupport_c.c
[4.441s] -- Installing: /home/zjz/chapt9/fishbot_ws/install/micro_ros_msgs/local/lib/python3.10/dist-packages/micro_ros_msgs/_micro_ros_msgs_s.ep.rosidl_typesupport_fastrtps_c.c
[4.460s] Listing '/home/zjz/chapt9/fishbot_ws/install/micro_ros_msgs/local/lib/python3.10/dist-packages/micro_ros_msgs'...
[4.460s] Compiling '/home/zjz/chapt9/fishbot_ws/install/micro_ros_msgs/local/lib/python3.10/dist-packages/micro_ros_msgs/__init__.py'...
[4.460s] Listing '/home/zjz/chapt9/fishbot_ws/install/micro_ros_msgs/local/lib/python3.10/dist-packages/micro_ros_msgs/msg'...
[4.460s] Compiling '/home/zjz/chapt9/fishbot_ws/install/micro_ros_msgs/local/lib/python3.10/dist-packages/micro_ros_msgs/msg/__init__.py'...
[4.460s] Compiling '/home/zjz/chapt9/fishbot_ws/install/micro_ros_msgs/local/lib/python3.10/dist-packages/micro_ros_msgs/msg/_entity.py'...
[4.460s] Compiling '/home/zjz/chapt9/fishbot_ws/install/micro_ros_msgs/local/lib/python3.10/dist-packages/micro_ros_msgs/msg/_graph.py'...
[4.460s] Compiling '/home/zjz/chapt9/fishbot_ws/install/micro_ros_msgs/local/lib/python3.10/dist-packages/micro_ros_msgs/msg/_node.py'...
[4.462s] -- Installing: /home/zjz/chapt9/fishbot_ws/install/micro_ros_msgs/local/lib/python3.10/dist-packages/micro_ros_msgs/micro_ros_msgs_s__rosidl_typesupport_fastrtps_c.cpython-310-x86_64-linux-gnu.so
[4.462s] -- Set runtime path of "/home/zjz/chapt9/fishbot_ws/install/micro_ros_msgs/local/lib/python3.10/dist-packages/micro_ros_msgs/micro_ros_msgs_s__rosidl_typesupport_fastrtps_c.cpython-310-x86_64-linux-gnu.so" to ""
[4.463s] -- Installing: /home/zjz/chapt9/fishbot_ws/install/micro_ros_msgs/local/lib/python3.10/dist-packages/micro_ros_msgs/micro_ros_msgs_s__rosidl_typesupport_introspection_c.cpython-310-x86_64-linux-gnu.so
[4.463s] -- Set runtime path of "/home/zjz/chapt9/fishbot_ws/install/micro_ros_msgs/local/lib/python3.10/dist-packages/micro_ros_msgs/micro_ros_msgs_s__rosidl_typesupport_introspection_c.cpython-310-x86_64-linux-gnu.so" to ""
[4.463s] -- Installing: /home/zjz/chapt9/fishbot_ws/install/micro_ros_msgs/local/lib/python3.10/dist-packages/micro_ros_msgs/micro_ros_msgs_s__rosidl_typesupport_c.cpython-310-x86_64-linux-gnu.so
[4.463s] -- Set runtime path of "/home/zjz/chapt9/fishbot_ws/install/micro_ros_msgs/local/lib/python3.10/dist-packages/micro_ros_msgs/micro_ros_msgs_s__rosidl_typesupport_c.cpython-310-x86_64-linux-gnu.so" to ""
[4.463s] -- Installing: /home/zjz/chapt9/fishbot_ws/install/micro_ros_msgs/lib/libmicro_ros_msgs__rosidl_generator_py.so
[4.463s] -- Set runtime path of "/home/zjz/chapt9/fishbot_ws/install/micro_ros_msgs/lib/libmicro_ros_msgs__rosidl_generator_py.so" to ""
[4.463s] -- Installing: /home/zjz/chapt9/fishbot_ws/install/micro_ros_msgs/share/ament_index/resource_index/rust_packages/micro_ros_msgs
[4.463s] -- Installing: /home/zjz/chapt9/fishbot_ws/install/micro_ros_msgs/share/micro_ros_msgs/rust
[4.463s] -- Installing: /home/zjz/chapt9/fishbot_ws/install/micro_ros_msgs/share/micro_ros_msgs/rust/build.rs
[4.463s] -- Installing: /home/zjz/chapt9/fishbot_ws/install/micro_ros_msgs/share/micro_ros_msgs/rust/Cargo.toml
[4.463s] -- Installing: /home/zjz/chapt9/fishbot_ws/install/micro_ros_msgs/share/micro_ros_msgs/rust/src
[4.464s] -- Installing: /home/zjz/chapt9/fishbot_ws/install/micro_ros_msgs/share/micro_ros_msgs/rust/src/msg
[4.464s] -- Installing: /home/zjz/chapt9/fishbot_ws/install/micro_ros_msgs/share/micro_ros_msgs/rust/src/msg/rmw.rs
[4.464s] -- Installing: /home/zjz/chapt9/fishbot_ws/install/micro_ros_msgs/share/micro_ros_msgs/rust/src/msg.rs
[4.464s] -- Installing: /home/zjz/chapt9/fishbot_ws/install/micro_ros_msgs/share/micro_ros_msgs/rust/src/lib.rs
[4.464s] -- Installing: /home/zjz/chapt9/fishbot_ws/install/micro_ros_msgs/share/micro_ros_msgs/msg/Graph.idl
[4.464s] -- Installing: /home/zjz/chapt9/fishbot_ws/install/micro_ros_msgs/share/micro_ros_msgs/msg/Node.idl
[4.464s] -- Installing: /home/zjz/chapt9/fishbot_ws/install/micro_ros_msgs/share/micro_ros_msgs/msg/Entity.idl
[4.464s] -- Installing: /home/zjz/chapt9/fishbot_ws/install/micro_ros_msgs/share/micro_ros_msgs/msg/Graph.msg
[4.464s] -- Installing: /home/zjz/chapt9/fishbot_ws/install/micro_ros_msgs/share/micro_ros_msgs/msg/Node.msg
[4.464s] -- Installing: /home/zjz/chapt9/fishbot_ws/install/micro_ros_msgs/share/micro_ros_msgs/msg/Entity.msg
[4.464s] -- Installing: /home/zjz/chapt9/fishbot_ws/install/micro_ros_msgs/share/ament_index/resource_index/package_run_dependencies/micro_ros_msgs
[4.464s] -- Installing: /home/zjz/chapt9/fishbot_ws/install/micro_ros_msgs/share/ament_index/resource_index/parent_prefix_path/micro_ros_msgs
[4.465s] -- Installing: /home/zjz/chapt9/fishbot_ws/install/micro_ros_msgs/share/micro_ros_msgs/environment/ament_prefix_path.sh
[4.465s] -- Installing: /home/zjz/chapt9/fishbot_ws/install/micro_ros_msgs/share/micro_ros_msgs/environment/ament_prefix_path.dsv
[4.465s] -- Installing: /home/zjz/chapt9/fishbot_ws/install/micro_ros_msgs/share/micro_ros_msgs/environment/path.sh
[4.465s] -- Installing: /home/zjz/chapt9/fishbot_ws/install/micro_ros_msgs/share/micro_ros_msgs/environment/path.dsv
[4.465s] -- Installing: /home/zjz/chapt9/fishbot_ws/install/micro_ros_msgs/share/micro_ros_msgs/local_setup.bash
[4.465s] -- Installing: /home/zjz/chapt9/fishbot_ws/install/micro_ros_msgs/share/micro_ros_msgs/local_setup.sh
[4.465s] -- Installing: /home/zjz/chapt9/fishbot_ws/install/micro_ros_msgs/share/micro_ros_msgs/local_setup.zsh
[4.465s] -- Installing: /home/zjz/chapt9/fishbot_ws/install/micro_ros_msgs/share/micro_ros_msgs/local_setup.dsv
[4.465s] -- Installing: /home/zjz/chapt9/fishbot_ws/install/micro_ros_msgs/share/micro_ros_msgs/package.dsv
[4.465s] -- Installing: /home/zjz/chapt9/fishbot_ws/install/micro_ros_msgs/share/ament_index/resource_index/packages/micro_ros_msgs
[4.465s] -- Installing: /home/zjz/chapt9/fishbot_ws/install/micro_ros_msgs/share/micro_ros_msgs/cmake/export_micro_ros_msgs__rosidl_generator_cExport.cmake
[4.465s] -- Installing: /home/zjz/chapt9/fishbot_ws/install/micro_ros_msgs/share/micro_ros_msgs/cmake/export_micro_ros_msgs__rosidl_generator_cExport-noconfig.cmake
[4.465s] -- Installing: /home/zjz/chapt9/fishbot_ws/install/micro_ros_msgs/share/micro_ros_msgs/cmake/export_micro_ros_msgs__rosidl_typesupport_fastrtps_cExport.cmake
[4.465s] -- Installing: /home/zjz/chapt9/fishbot_ws/install/micro_ros_msgs/share/micro_ros_msgs/cmake/export_micro_ros_msgs__rosidl_typesupport_fastrtps_cExport-noconfig.cmake
[4.466s] -- Installing: /home/zjz/chapt9/fishbot_ws/install/micro_ros_msgs/share/micro_ros_msgs/cmake/micro_ros_msgs__rosidl_typesupport_introspection_cExport.cmake
[4.466s] -- Installing: /home/zjz/chapt9/fishbot_ws/install/micro_ros_msgs/share/micro_ros_msgs/cmake/micro_ros_msgs__rosidl_typesupport_introspection_cExport-noconfig.cmake
[4.466s] -- Installing: /home/zjz/chapt9/fishbot_ws/install/micro_ros_msgs/share/micro_ros_msgs/cmake/micro_ros_msgs__rosidl_typesupport_cExport.cmake
[4.466s] -- Installing: /home/zjz/chapt9/fishbot_ws/install/micro_ros_msgs/share/micro_ros_msgs/cmake/micro_ros_msgs__rosidl_typesupport_cExport-noconfig.cmake
[4.466s] -- Installing: /home/zjz/chapt9/fishbot_ws/install/micro_ros_msgs/share/micro_ros_msgs/cmake/export_micro_ros_msgs__rosidl_generator_cppExport.cmake
[4.466s] -- Installing: /home/zjz/chapt9/fishbot_ws/install/micro_ros_msgs/share/micro_ros_msgs/cmake/export_micro_ros_msgs__rosidl_typesupport_fastrtps_cppExport.cmake
[4.466s] -- Installing: /home/zjz/chapt9/fishbot_ws/install/micro_ros_msgs/share/micro_ros_msgs/cmake/export_micro_ros_msgs__rosidl_typesupport_fastrtps_cppExport-noconfig.cmake
[4.466s] -- Installing: /home/zjz/chapt9/fishbot_ws/install/micro_ros_msgs/share/micro_ros_msgs/cmake/micro_ros_msgs__rosidl_typesupport_introspection_cppExport.cmake
[4.467s] -- Installing: /home/zjz/chapt9/fishbot_ws/install/micro_ros_msgs/share/micro_ros_msgs/cmake/micro_ros_msgs__rosidl_typesupport_introspection_cppExport-noconfig.cmake
[4.467s] -- Installing: /home/zjz/chapt9/fishbot_ws/install/micro_ros_msgs/share/micro_ros_msgs/cmake/micro_ros_msgs__rosidl_typesupport_cppExport.cmake
[4.467s] -- Installing: /home/zjz/chapt9/fishbot_ws/install/micro_ros_msgs/share/micro_ros_msgs/cmake/micro_ros_msgs__rosidl_typesupport_cppExport-noconfig.cmake
[4.467s] -- Installing: /home/zjz/chapt9/fishbot_ws/install/micro_ros_msgs/share/micro_ros_msgs/cmake/export_micro_ros_msgs__rosidl_generator_pyExport.cmake
[4.467s] -- Installing: /home/zjz/chapt9/fishbot_ws/install/micro_ros_msgs/share/micro_ros_msgs/cmake/export_micro_ros_msgs__rosidl_generator_pyExport-noconfig.cmake
[4.467s] -- Installing: /home/zjz/chapt9/fishbot_ws/install/micro_ros_msgs/share/micro_ros_msgs/cmake/rosidl_cmake-extras.cmake
[4.467s] -- Installing: /home/zjz/chapt9/fishbot_ws/install/micro_ros_msgs/share/micro_ros_msgs/cmake/ament_cmake_export_include_directories-extras.cmake
[4.467s] -- Installing: /home/zjz/chapt9/fishbot_ws/install/micro_ros_msgs/share/micro_ros_msgs/cmake/ament_cmake_export_libraries-extras.cmake
[4.467s] -- Installing: /home/zjz/chapt9/fishbot_ws/install/micro_ros_msgs/share/micro_ros_msgs/cmake/ament_cmake_export_targets-extras.cmake
[4.467s] -- Installing: /home/zjz/chapt9/fishbot_ws/install/micro_ros_msgs/share/micro_ros_msgs/cmake/rosidl_cmake_export_typesupport_targets-extras.cmake
[4.467s] -- Installing: /home/zjz/chapt9/fishbot_ws/install/micro_ros_msgs/share/micro_ros_msgs/cmake/ament_cmake_export_dependencies-extras.cmake
[4.467s] -- Installing: /home/zjz/chapt9/fishbot_ws/install/micro_ros_msgs/share/micro_ros_msgs/cmake/rosidl_cmake_export_typesupport_libraries-extras.cmake
[4.467s] -- Installing: /home/zjz/chapt9/fishbot_ws/install/micro_ros_msgs/share/micro_ros_msgs/cmake/micro_ros_msgsConfig.cmake
[4.467s] -- Installing: /home/zjz/chapt9/fishbot_ws/install/micro_ros_msgs/share/micro_ros_msgs/cmake/micro_ros_msgsConfig-version.cmake
[4.467s] -- Installing: /home/zjz/chapt9/fishbot_ws/install/micro_ros_msgs/share/micro_ros_msgs/package.xml
[4.468s] Invoked command in '/home/zjz/chapt9/fishbot_ws/build/micro_ros_msgs' returned '0': CMAKE_PREFIX_PATH=/opt/ros/humble /usr/bin/cmake --install /home/zjz/chapt9/fishbot_ws/build/micro_ros_msgs
