[0.011s] Invoking command in '/home/zjz/chapt9/fishbot_ws/build/micro_ros_msgs': CMAKE_PREFIX_PATH=${CMAKE_PREFIX_PATH}:/home/zjz/chapt9/fishbot_ws/install/ros_serial2wifi:/opt/ros/humble /usr/bin/cmake --build /home/zjz/chapt9/fishbot_ws/build/micro_ros_msgs -- -j32 -l32
[0.149s] [ 10%] Built target micro_ros_msgs__rosidl_generator_c
[0.150s] [ 12%] Built target micro_ros_msgs__cpp
[0.150s] [ 14%] Built target micro_ros_msgs__rs
[0.150s] [ 14%] Built target ament_cmake_python_copy_micro_ros_msgs
[0.150s] [ 25%] Built target micro_ros_msgs__rosidl_typesupport_introspection_c
[0.151s] [ 45%] Built target micro_ros_msgs__rosidl_typesupport_introspection_cpp
[0.152s] [ 45%] Built target micro_ros_msgs__rosidl_typesupport_fastrtps_c
[0.152s] [ 62%] Built target micro_ros_msgs__rosidl_typesupport_fastrtps_cpp
[0.153s] [ 66%] Built target micro_ros_msgs__rosidl_typesupport_c
[0.153s] [ 77%] Built target micro_ros_msgs__rosidl_typesupport_cpp
[0.153s] [ 77%] Built target micro_ros_msgs
[0.154s] [ 79%] Built target micro_ros_msgs__py
[0.154s] [ 87%] Built target micro_ros_msgs__rosidl_generator_py
[0.154s] [ 91%] Built target micro_ros_msgs__rosidl_typesupport_c__pyext
[0.154s] [ 95%] Built target micro_ros_msgs__rosidl_typesupport_fastrtps_c__pyext
[0.154s] [100%] Built target micro_ros_msgs__rosidl_typesupport_introspection_c__pyext
[0.175s] running egg_info
[0.176s] writing micro_ros_msgs.egg-info/PKG-INFO
[0.176s] writing dependency_links to micro_ros_msgs.egg-info/dependency_links.txt
[0.176s] writing top-level names to micro_ros_msgs.egg-info/top_level.txt
[0.177s] reading manifest file 'micro_ros_msgs.egg-info/SOURCES.txt'
[0.177s] writing manifest file 'micro_ros_msgs.egg-info/SOURCES.txt'
[0.191s] [100%] Built target ament_cmake_python_build_micro_ros_msgs_egg
[0.201s] Invoked command in '/home/zjz/chapt9/fishbot_ws/build/micro_ros_msgs' returned '0': CMAKE_PREFIX_PATH=${CMAKE_PREFIX_PATH}:/home/zjz/chapt9/fishbot_ws/install/ros_serial2wifi:/opt/ros/humble /usr/bin/cmake --build /home/zjz/chapt9/fishbot_ws/build/micro_ros_msgs -- -j32 -l32
[0.205s] Invoking command in '/home/zjz/chapt9/fishbot_ws/build/micro_ros_msgs': CMAKE_PREFIX_PATH=${CMAKE_PREFIX_PATH}:/home/zjz/chapt9/fishbot_ws/install/ros_serial2wifi:/opt/ros/humble /usr/bin/cmake --install /home/zjz/chapt9/fishbot_ws/build/micro_ros_msgs
[0.206s] -- Install configuration: ""
[0.206s] -- Up-to-date: /home/zjz/chapt9/fishbot_ws/install/micro_ros_msgs/share/ament_index/resource_index/rosidl_interfaces/micro_ros_msgs
[0.206s] -- Up-to-date: /home/zjz/chapt9/fishbot_ws/install/micro_ros_msgs/include/micro_ros_msgs/micro_ros_msgs
[0.206s] -- Up-to-date: /home/zjz/chapt9/fishbot_ws/install/micro_ros_msgs/include/micro_ros_msgs/micro_ros_msgs/msg
[0.207s] -- Up-to-date: /home/zjz/chapt9/fishbot_ws/install/micro_ros_msgs/include/micro_ros_msgs/micro_ros_msgs/msg/entity.h
[0.207s] -- Up-to-date: /home/zjz/chapt9/fishbot_ws/install/micro_ros_msgs/include/micro_ros_msgs/micro_ros_msgs/msg/detail
[0.207s] -- Up-to-date: /home/zjz/chapt9/fishbot_ws/install/micro_ros_msgs/include/micro_ros_msgs/micro_ros_msgs/msg/detail/entity__functions.c
[0.208s] -- Up-to-date: /home/zjz/chapt9/fishbot_ws/install/micro_ros_msgs/include/micro_ros_msgs/micro_ros_msgs/msg/detail/node__functions.c
[0.208s] -- Up-to-date: /home/zjz/chapt9/fishbot_ws/install/micro_ros_msgs/include/micro_ros_msgs/micro_ros_msgs/msg/detail/node__functions.h
[0.208s] -- Up-to-date: /home/zjz/chapt9/fishbot_ws/install/micro_ros_msgs/include/micro_ros_msgs/micro_ros_msgs/msg/detail/node__type_support.h
[0.208s] -- Up-to-date: /home/zjz/chapt9/fishbot_ws/install/micro_ros_msgs/include/micro_ros_msgs/micro_ros_msgs/msg/detail/graph__functions.c
[0.209s] -- Up-to-date: /home/zjz/chapt9/fishbot_ws/install/micro_ros_msgs/include/micro_ros_msgs/micro_ros_msgs/msg/detail/node__struct.h
[0.209s] -- Up-to-date: /home/zjz/chapt9/fishbot_ws/install/micro_ros_msgs/include/micro_ros_msgs/micro_ros_msgs/msg/detail/graph__struct.h
[0.209s] -- Up-to-date: /home/zjz/chapt9/fishbot_ws/install/micro_ros_msgs/include/micro_ros_msgs/micro_ros_msgs/msg/detail/entity__type_support.h
[0.209s] -- Up-to-date: /home/zjz/chapt9/fishbot_ws/install/micro_ros_msgs/include/micro_ros_msgs/micro_ros_msgs/msg/detail/graph__type_support.h
[0.209s] -- Up-to-date: /home/zjz/chapt9/fishbot_ws/install/micro_ros_msgs/include/micro_ros_msgs/micro_ros_msgs/msg/detail/entity__struct.h
[0.209s] -- Up-to-date: /home/zjz/chapt9/fishbot_ws/install/micro_ros_msgs/include/micro_ros_msgs/micro_ros_msgs/msg/detail/graph__functions.h
[0.209s] -- Up-to-date: /home/zjz/chapt9/fishbot_ws/install/micro_ros_msgs/include/micro_ros_msgs/micro_ros_msgs/msg/detail/entity__functions.h
[0.209s] -- Up-to-date: /home/zjz/chapt9/fishbot_ws/install/micro_ros_msgs/include/micro_ros_msgs/micro_ros_msgs/msg/graph.h
[0.210s] -- Up-to-date: /home/zjz/chapt9/fishbot_ws/install/micro_ros_msgs/include/micro_ros_msgs/micro_ros_msgs/msg/node.h
[0.210s] -- Up-to-date: /home/zjz/chapt9/fishbot_ws/install/micro_ros_msgs/include/micro_ros_msgs/micro_ros_msgs/msg/rosidl_generator_c__visibility_control.h
[0.210s] -- Up-to-date: /home/zjz/chapt9/fishbot_ws/install/micro_ros_msgs/share/micro_ros_msgs/environment/library_path.sh
[0.210s] -- Up-to-date: /home/zjz/chapt9/fishbot_ws/install/micro_ros_msgs/share/micro_ros_msgs/environment/library_path.dsv
[0.211s] -- Up-to-date: /home/zjz/chapt9/fishbot_ws/install/micro_ros_msgs/lib/libmicro_ros_msgs__rosidl_generator_c.so
[0.212s] -- Up-to-date: /home/zjz/chapt9/fishbot_ws/install/micro_ros_msgs/include/micro_ros_msgs/micro_ros_msgs
[0.212s] -- Up-to-date: /home/zjz/chapt9/fishbot_ws/install/micro_ros_msgs/include/micro_ros_msgs/micro_ros_msgs/msg
[0.212s] -- Up-to-date: /home/zjz/chapt9/fishbot_ws/install/micro_ros_msgs/include/micro_ros_msgs/micro_ros_msgs/msg/detail
[0.213s] -- Up-to-date: /home/zjz/chapt9/fishbot_ws/install/micro_ros_msgs/include/micro_ros_msgs/micro_ros_msgs/msg/detail/graph__rosidl_typesupport_fastrtps_c.h
[0.213s] -- Up-to-date: /home/zjz/chapt9/fishbot_ws/install/micro_ros_msgs/include/micro_ros_msgs/micro_ros_msgs/msg/detail/node__rosidl_typesupport_fastrtps_c.h
[0.213s] -- Up-to-date: /home/zjz/chapt9/fishbot_ws/install/micro_ros_msgs/include/micro_ros_msgs/micro_ros_msgs/msg/detail/entity__rosidl_typesupport_fastrtps_c.h
[0.213s] -- Up-to-date: /home/zjz/chapt9/fishbot_ws/install/micro_ros_msgs/include/micro_ros_msgs/micro_ros_msgs/msg/rosidl_typesupport_fastrtps_c__visibility_control.h
[0.214s] -- Up-to-date: /home/zjz/chapt9/fishbot_ws/install/micro_ros_msgs/lib/libmicro_ros_msgs__rosidl_typesupport_fastrtps_c.so
[0.214s] -- Up-to-date: /home/zjz/chapt9/fishbot_ws/install/micro_ros_msgs/include/micro_ros_msgs/micro_ros_msgs
[0.214s] -- Up-to-date: /home/zjz/chapt9/fishbot_ws/install/micro_ros_msgs/include/micro_ros_msgs/micro_ros_msgs/msg
[0.214s] -- Up-to-date: /home/zjz/chapt9/fishbot_ws/install/micro_ros_msgs/include/micro_ros_msgs/micro_ros_msgs/msg/detail
[0.214s] -- Up-to-date: /home/zjz/chapt9/fishbot_ws/install/micro_ros_msgs/include/micro_ros_msgs/micro_ros_msgs/msg/detail/entity__type_support.c
[0.215s] -- Up-to-date: /home/zjz/chapt9/fishbot_ws/install/micro_ros_msgs/include/micro_ros_msgs/micro_ros_msgs/msg/detail/entity__rosidl_typesupport_introspection_c.h
[0.215s] -- Up-to-date: /home/zjz/chapt9/fishbot_ws/install/micro_ros_msgs/include/micro_ros_msgs/micro_ros_msgs/msg/detail/graph__type_support.c
[0.215s] -- Up-to-date: /home/zjz/chapt9/fishbot_ws/install/micro_ros_msgs/include/micro_ros_msgs/micro_ros_msgs/msg/detail/node__rosidl_typesupport_introspection_c.h
[0.215s] -- Up-to-date: /home/zjz/chapt9/fishbot_ws/install/micro_ros_msgs/include/micro_ros_msgs/micro_ros_msgs/msg/detail/graph__rosidl_typesupport_introspection_c.h
[0.216s] -- Up-to-date: /home/zjz/chapt9/fishbot_ws/install/micro_ros_msgs/include/micro_ros_msgs/micro_ros_msgs/msg/detail/node__type_support.c
[0.216s] -- Up-to-date: /home/zjz/chapt9/fishbot_ws/install/micro_ros_msgs/include/micro_ros_msgs/micro_ros_msgs/msg/rosidl_typesupport_introspection_c__visibility_control.h
[0.216s] -- Up-to-date: /home/zjz/chapt9/fishbot_ws/install/micro_ros_msgs/lib/libmicro_ros_msgs__rosidl_typesupport_introspection_c.so
[0.216s] -- Up-to-date: /home/zjz/chapt9/fishbot_ws/install/micro_ros_msgs/lib/libmicro_ros_msgs__rosidl_typesupport_c.so
[0.217s] -- Up-to-date: /home/zjz/chapt9/fishbot_ws/install/micro_ros_msgs/include/micro_ros_msgs/micro_ros_msgs
[0.217s] -- Up-to-date: /home/zjz/chapt9/fishbot_ws/install/micro_ros_msgs/include/micro_ros_msgs/micro_ros_msgs/msg
[0.217s] -- Up-to-date: /home/zjz/chapt9/fishbot_ws/install/micro_ros_msgs/include/micro_ros_msgs/micro_ros_msgs/msg/node.hpp
[0.218s] -- Up-to-date: /home/zjz/chapt9/fishbot_ws/install/micro_ros_msgs/include/micro_ros_msgs/micro_ros_msgs/msg/detail
[0.218s] -- Up-to-date: /home/zjz/chapt9/fishbot_ws/install/micro_ros_msgs/include/micro_ros_msgs/micro_ros_msgs/msg/detail/entity__type_support.hpp
[0.218s] -- Up-to-date: /home/zjz/chapt9/fishbot_ws/install/micro_ros_msgs/include/micro_ros_msgs/micro_ros_msgs/msg/detail/node__type_support.hpp
[0.218s] -- Up-to-date: /home/zjz/chapt9/fishbot_ws/install/micro_ros_msgs/include/micro_ros_msgs/micro_ros_msgs/msg/detail/graph__builder.hpp
[0.218s] -- Up-to-date: /home/zjz/chapt9/fishbot_ws/install/micro_ros_msgs/include/micro_ros_msgs/micro_ros_msgs/msg/detail/graph__struct.hpp
[0.218s] -- Up-to-date: /home/zjz/chapt9/fishbot_ws/install/micro_ros_msgs/include/micro_ros_msgs/micro_ros_msgs/msg/detail/entity__builder.hpp
[0.219s] -- Up-to-date: /home/zjz/chapt9/fishbot_ws/install/micro_ros_msgs/include/micro_ros_msgs/micro_ros_msgs/msg/detail/node__builder.hpp
[0.219s] -- Up-to-date: /home/zjz/chapt9/fishbot_ws/install/micro_ros_msgs/include/micro_ros_msgs/micro_ros_msgs/msg/detail/entity__traits.hpp
[0.219s] -- Up-to-date: /home/zjz/chapt9/fishbot_ws/install/micro_ros_msgs/include/micro_ros_msgs/micro_ros_msgs/msg/detail/graph__traits.hpp
[0.219s] -- Up-to-date: /home/zjz/chapt9/fishbot_ws/install/micro_ros_msgs/include/micro_ros_msgs/micro_ros_msgs/msg/detail/entity__struct.hpp
[0.219s] -- Up-to-date: /home/zjz/chapt9/fishbot_ws/install/micro_ros_msgs/include/micro_ros_msgs/micro_ros_msgs/msg/detail/node__struct.hpp
[0.219s] -- Up-to-date: /home/zjz/chapt9/fishbot_ws/install/micro_ros_msgs/include/micro_ros_msgs/micro_ros_msgs/msg/detail/graph__type_support.hpp
[0.220s] -- Up-to-date: /home/zjz/chapt9/fishbot_ws/install/micro_ros_msgs/include/micro_ros_msgs/micro_ros_msgs/msg/detail/node__traits.hpp
[0.220s] -- Up-to-date: /home/zjz/chapt9/fishbot_ws/install/micro_ros_msgs/include/micro_ros_msgs/micro_ros_msgs/msg/entity.hpp
[0.220s] -- Up-to-date: /home/zjz/chapt9/fishbot_ws/install/micro_ros_msgs/include/micro_ros_msgs/micro_ros_msgs/msg/graph.hpp
[0.220s] -- Up-to-date: /home/zjz/chapt9/fishbot_ws/install/micro_ros_msgs/include/micro_ros_msgs/micro_ros_msgs/msg/rosidl_generator_cpp__visibility_control.hpp
[0.220s] -- Up-to-date: /home/zjz/chapt9/fishbot_ws/install/micro_ros_msgs/include/micro_ros_msgs/micro_ros_msgs
[0.220s] -- Up-to-date: /home/zjz/chapt9/fishbot_ws/install/micro_ros_msgs/include/micro_ros_msgs/micro_ros_msgs/msg
[0.221s] -- Up-to-date: /home/zjz/chapt9/fishbot_ws/install/micro_ros_msgs/include/micro_ros_msgs/micro_ros_msgs/msg/detail
[0.221s] -- Up-to-date: /home/zjz/chapt9/fishbot_ws/install/micro_ros_msgs/include/micro_ros_msgs/micro_ros_msgs/msg/detail/entity__rosidl_typesupport_fastrtps_cpp.hpp
[0.221s] -- Up-to-date: /home/zjz/chapt9/fishbot_ws/install/micro_ros_msgs/include/micro_ros_msgs/micro_ros_msgs/msg/detail/graph__rosidl_typesupport_fastrtps_cpp.hpp
[0.221s] -- Up-to-date: /home/zjz/chapt9/fishbot_ws/install/micro_ros_msgs/include/micro_ros_msgs/micro_ros_msgs/msg/detail/node__rosidl_typesupport_fastrtps_cpp.hpp
[0.222s] -- Up-to-date: /home/zjz/chapt9/fishbot_ws/install/micro_ros_msgs/include/micro_ros_msgs/micro_ros_msgs/msg/detail/dds_fastrtps
[0.222s] -- Up-to-date: /home/zjz/chapt9/fishbot_ws/install/micro_ros_msgs/include/micro_ros_msgs/micro_ros_msgs/msg/rosidl_typesupport_fastrtps_cpp__visibility_control.h
[0.223s] -- Up-to-date: /home/zjz/chapt9/fishbot_ws/install/micro_ros_msgs/lib/libmicro_ros_msgs__rosidl_typesupport_fastrtps_cpp.so
[0.223s] -- Up-to-date: /home/zjz/chapt9/fishbot_ws/install/micro_ros_msgs/include/micro_ros_msgs/micro_ros_msgs
[0.224s] -- Up-to-date: /home/zjz/chapt9/fishbot_ws/install/micro_ros_msgs/include/micro_ros_msgs/micro_ros_msgs/msg
[0.224s] -- Up-to-date: /home/zjz/chapt9/fishbot_ws/install/micro_ros_msgs/include/micro_ros_msgs/micro_ros_msgs/msg/detail
[0.224s] -- Up-to-date: /home/zjz/chapt9/fishbot_ws/install/micro_ros_msgs/include/micro_ros_msgs/micro_ros_msgs/msg/detail/graph__rosidl_typesupport_introspection_cpp.hpp
[0.224s] -- Up-to-date: /home/zjz/chapt9/fishbot_ws/install/micro_ros_msgs/include/micro_ros_msgs/micro_ros_msgs/msg/detail/node__rosidl_typesupport_introspection_cpp.hpp
[0.225s] -- Up-to-date: /home/zjz/chapt9/fishbot_ws/install/micro_ros_msgs/include/micro_ros_msgs/micro_ros_msgs/msg/detail/entity__rosidl_typesupport_introspection_cpp.hpp
[0.225s] -- Up-to-date: /home/zjz/chapt9/fishbot_ws/install/micro_ros_msgs/include/micro_ros_msgs/micro_ros_msgs/msg/detail/entity__type_support.cpp
[0.225s] -- Up-to-date: /home/zjz/chapt9/fishbot_ws/install/micro_ros_msgs/include/micro_ros_msgs/micro_ros_msgs/msg/detail/graph__type_support.cpp
[0.226s] -- Up-to-date: /home/zjz/chapt9/fishbot_ws/install/micro_ros_msgs/include/micro_ros_msgs/micro_ros_msgs/msg/detail/node__type_support.cpp
[0.226s] -- Up-to-date: /home/zjz/chapt9/fishbot_ws/install/micro_ros_msgs/lib/libmicro_ros_msgs__rosidl_typesupport_introspection_cpp.so
[0.226s] -- Up-to-date: /home/zjz/chapt9/fishbot_ws/install/micro_ros_msgs/lib/libmicro_ros_msgs__rosidl_typesupport_cpp.so
[0.227s] -- Up-to-date: /home/zjz/chapt9/fishbot_ws/install/micro_ros_msgs/share/micro_ros_msgs/environment/pythonpath.sh
[0.227s] -- Up-to-date: /home/zjz/chapt9/fishbot_ws/install/micro_ros_msgs/share/micro_ros_msgs/environment/pythonpath.dsv
[0.227s] -- Up-to-date: /home/zjz/chapt9/fishbot_ws/install/micro_ros_msgs/local/lib/python3.10/dist-packages/micro_ros_msgs-3.0.1-py3.10.egg-info
[0.228s] -- Installing: /home/zjz/chapt9/fishbot_ws/install/micro_ros_msgs/local/lib/python3.10/dist-packages/micro_ros_msgs-3.0.1-py3.10.egg-info/dependency_links.txt
[0.228s] -- Installing: /home/zjz/chapt9/fishbot_ws/install/micro_ros_msgs/local/lib/python3.10/dist-packages/micro_ros_msgs-3.0.1-py3.10.egg-info/top_level.txt
[0.228s] -- Installing: /home/zjz/chapt9/fishbot_ws/install/micro_ros_msgs/local/lib/python3.10/dist-packages/micro_ros_msgs-3.0.1-py3.10.egg-info/SOURCES.txt
[0.229s] -- Installing: /home/zjz/chapt9/fishbot_ws/install/micro_ros_msgs/local/lib/python3.10/dist-packages/micro_ros_msgs-3.0.1-py3.10.egg-info/PKG-INFO
[0.229s] -- Up-to-date: /home/zjz/chapt9/fishbot_ws/install/micro_ros_msgs/local/lib/python3.10/dist-packages/micro_ros_msgs
[0.229s] -- Up-to-date: /home/zjz/chapt9/fishbot_ws/install/micro_ros_msgs/local/lib/python3.10/dist-packages/micro_ros_msgs/msg
[0.229s] -- Up-to-date: /home/zjz/chapt9/fishbot_ws/install/micro_ros_msgs/local/lib/python3.10/dist-packages/micro_ros_msgs/msg/_graph_s.c
[0.229s] -- Up-to-date: /home/zjz/chapt9/fishbot_ws/install/micro_ros_msgs/local/lib/python3.10/dist-packages/micro_ros_msgs/msg/_graph.py
[0.230s] -- Up-to-date: /home/zjz/chapt9/fishbot_ws/install/micro_ros_msgs/local/lib/python3.10/dist-packages/micro_ros_msgs/msg/__init__.py
[0.230s] -- Up-to-date: /home/zjz/chapt9/fishbot_ws/install/micro_ros_msgs/local/lib/python3.10/dist-packages/micro_ros_msgs/msg/_entity.py
[0.230s] -- Up-to-date: /home/zjz/chapt9/fishbot_ws/install/micro_ros_msgs/local/lib/python3.10/dist-packages/micro_ros_msgs/msg/_node.py
[0.230s] -- Up-to-date: /home/zjz/chapt9/fishbot_ws/install/micro_ros_msgs/local/lib/python3.10/dist-packages/micro_ros_msgs/msg/_node_s.c
[0.230s] -- Up-to-date: /home/zjz/chapt9/fishbot_ws/install/micro_ros_msgs/local/lib/python3.10/dist-packages/micro_ros_msgs/msg/_entity_s.c
[0.230s] -- Up-to-date: /home/zjz/chapt9/fishbot_ws/install/micro_ros_msgs/local/lib/python3.10/dist-packages/micro_ros_msgs/_micro_ros_msgs_s.ep.rosidl_typesupport_introspection_c.c
[0.230s] -- Up-to-date: /home/zjz/chapt9/fishbot_ws/install/micro_ros_msgs/local/lib/python3.10/dist-packages/micro_ros_msgs/micro_ros_msgs_s__rosidl_typesupport_c.cpython-310-x86_64-linux-gnu.so
[0.231s] -- Up-to-date: /home/zjz/chapt9/fishbot_ws/install/micro_ros_msgs/local/lib/python3.10/dist-packages/micro_ros_msgs/micro_ros_msgs_s__rosidl_typesupport_introspection_c.cpython-310-x86_64-linux-gnu.so
[0.231s] -- Up-to-date: /home/zjz/chapt9/fishbot_ws/install/micro_ros_msgs/local/lib/python3.10/dist-packages/micro_ros_msgs/__init__.py
[0.231s] -- Up-to-date: /home/zjz/chapt9/fishbot_ws/install/micro_ros_msgs/local/lib/python3.10/dist-packages/micro_ros_msgs/libmicro_ros_msgs__rosidl_generator_py.so
[0.231s] -- Up-to-date: /home/zjz/chapt9/fishbot_ws/install/micro_ros_msgs/local/lib/python3.10/dist-packages/micro_ros_msgs/micro_ros_msgs_s__rosidl_typesupport_fastrtps_c.cpython-310-x86_64-linux-gnu.so
[0.231s] -- Up-to-date: /home/zjz/chapt9/fishbot_ws/install/micro_ros_msgs/local/lib/python3.10/dist-packages/micro_ros_msgs/_micro_ros_msgs_s.ep.rosidl_typesupport_c.c
[0.231s] -- Up-to-date: /home/zjz/chapt9/fishbot_ws/install/micro_ros_msgs/local/lib/python3.10/dist-packages/micro_ros_msgs/_micro_ros_msgs_s.ep.rosidl_typesupport_fastrtps_c.c
[0.231s] Listing '/home/zjz/chapt9/fishbot_ws/install/micro_ros_msgs/local/lib/python3.10/dist-packages/micro_ros_msgs'...
[0.232s] Listing '/home/zjz/chapt9/fishbot_ws/install/micro_ros_msgs/local/lib/python3.10/dist-packages/micro_ros_msgs/msg'...
[0.232s] -- Up-to-date: /home/zjz/chapt9/fishbot_ws/install/micro_ros_msgs/local/lib/python3.10/dist-packages/micro_ros_msgs/micro_ros_msgs_s__rosidl_typesupport_fastrtps_c.cpython-310-x86_64-linux-gnu.so
[0.232s] -- Up-to-date: /home/zjz/chapt9/fishbot_ws/install/micro_ros_msgs/local/lib/python3.10/dist-packages/micro_ros_msgs/micro_ros_msgs_s__rosidl_typesupport_introspection_c.cpython-310-x86_64-linux-gnu.so
[0.232s] -- Up-to-date: /home/zjz/chapt9/fishbot_ws/install/micro_ros_msgs/local/lib/python3.10/dist-packages/micro_ros_msgs/micro_ros_msgs_s__rosidl_typesupport_c.cpython-310-x86_64-linux-gnu.so
[0.233s] -- Up-to-date: /home/zjz/chapt9/fishbot_ws/install/micro_ros_msgs/lib/libmicro_ros_msgs__rosidl_generator_py.so
[0.233s] -- Up-to-date: /home/zjz/chapt9/fishbot_ws/install/micro_ros_msgs/share/ament_index/resource_index/rust_packages/micro_ros_msgs
[0.233s] -- Up-to-date: /home/zjz/chapt9/fishbot_ws/install/micro_ros_msgs/share/micro_ros_msgs/rust
[0.233s] -- Up-to-date: /home/zjz/chapt9/fishbot_ws/install/micro_ros_msgs/share/micro_ros_msgs/rust/build.rs
[0.233s] -- Up-to-date: /home/zjz/chapt9/fishbot_ws/install/micro_ros_msgs/share/micro_ros_msgs/rust/Cargo.toml
[0.233s] -- Up-to-date: /home/zjz/chapt9/fishbot_ws/install/micro_ros_msgs/share/micro_ros_msgs/rust/src
[0.233s] -- Up-to-date: /home/zjz/chapt9/fishbot_ws/install/micro_ros_msgs/share/micro_ros_msgs/rust/src/msg
[0.234s] -- Up-to-date: /home/zjz/chapt9/fishbot_ws/install/micro_ros_msgs/share/micro_ros_msgs/rust/src/msg/rmw.rs
[0.234s] -- Up-to-date: /home/zjz/chapt9/fishbot_ws/install/micro_ros_msgs/share/micro_ros_msgs/rust/src/msg.rs
[0.234s] -- Up-to-date: /home/zjz/chapt9/fishbot_ws/install/micro_ros_msgs/share/micro_ros_msgs/rust/src/lib.rs
[0.234s] -- Up-to-date: /home/zjz/chapt9/fishbot_ws/install/micro_ros_msgs/share/micro_ros_msgs/msg/Graph.idl
[0.234s] -- Up-to-date: /home/zjz/chapt9/fishbot_ws/install/micro_ros_msgs/share/micro_ros_msgs/msg/Node.idl
[0.234s] -- Up-to-date: /home/zjz/chapt9/fishbot_ws/install/micro_ros_msgs/share/micro_ros_msgs/msg/Entity.idl
[0.234s] -- Up-to-date: /home/zjz/chapt9/fishbot_ws/install/micro_ros_msgs/share/micro_ros_msgs/msg/Graph.msg
[0.234s] -- Up-to-date: /home/zjz/chapt9/fishbot_ws/install/micro_ros_msgs/share/micro_ros_msgs/msg/Node.msg
[0.234s] -- Up-to-date: /home/zjz/chapt9/fishbot_ws/install/micro_ros_msgs/share/micro_ros_msgs/msg/Entity.msg
[0.234s] -- Up-to-date: /home/zjz/chapt9/fishbot_ws/install/micro_ros_msgs/share/ament_index/resource_index/package_run_dependencies/micro_ros_msgs
[0.235s] -- Up-to-date: /home/zjz/chapt9/fishbot_ws/install/micro_ros_msgs/share/ament_index/resource_index/parent_prefix_path/micro_ros_msgs
[0.235s] -- Up-to-date: /home/zjz/chapt9/fishbot_ws/install/micro_ros_msgs/share/micro_ros_msgs/environment/ament_prefix_path.sh
[0.235s] -- Up-to-date: /home/zjz/chapt9/fishbot_ws/install/micro_ros_msgs/share/micro_ros_msgs/environment/ament_prefix_path.dsv
[0.235s] -- Up-to-date: /home/zjz/chapt9/fishbot_ws/install/micro_ros_msgs/share/micro_ros_msgs/environment/path.sh
[0.236s] -- Up-to-date: /home/zjz/chapt9/fishbot_ws/install/micro_ros_msgs/share/micro_ros_msgs/environment/path.dsv
[0.236s] -- Up-to-date: /home/zjz/chapt9/fishbot_ws/install/micro_ros_msgs/share/micro_ros_msgs/local_setup.bash
[0.236s] -- Up-to-date: /home/zjz/chapt9/fishbot_ws/install/micro_ros_msgs/share/micro_ros_msgs/local_setup.sh
[0.236s] -- Up-to-date: /home/zjz/chapt9/fishbot_ws/install/micro_ros_msgs/share/micro_ros_msgs/local_setup.zsh
[0.236s] -- Up-to-date: /home/zjz/chapt9/fishbot_ws/install/micro_ros_msgs/share/micro_ros_msgs/local_setup.dsv
[0.237s] -- Installing: /home/zjz/chapt9/fishbot_ws/install/micro_ros_msgs/share/micro_ros_msgs/package.dsv
[0.237s] -- Up-to-date: /home/zjz/chapt9/fishbot_ws/install/micro_ros_msgs/share/ament_index/resource_index/packages/micro_ros_msgs
[0.237s] -- Up-to-date: /home/zjz/chapt9/fishbot_ws/install/micro_ros_msgs/share/micro_ros_msgs/cmake/export_micro_ros_msgs__rosidl_generator_cExport.cmake
[0.237s] -- Up-to-date: /home/zjz/chapt9/fishbot_ws/install/micro_ros_msgs/share/micro_ros_msgs/cmake/export_micro_ros_msgs__rosidl_generator_cExport-noconfig.cmake
[0.237s] -- Up-to-date: /home/zjz/chapt9/fishbot_ws/install/micro_ros_msgs/share/micro_ros_msgs/cmake/export_micro_ros_msgs__rosidl_typesupport_fastrtps_cExport.cmake
[0.238s] -- Up-to-date: /home/zjz/chapt9/fishbot_ws/install/micro_ros_msgs/share/micro_ros_msgs/cmake/export_micro_ros_msgs__rosidl_typesupport_fastrtps_cExport-noconfig.cmake
[0.238s] -- Up-to-date: /home/zjz/chapt9/fishbot_ws/install/micro_ros_msgs/share/micro_ros_msgs/cmake/micro_ros_msgs__rosidl_typesupport_introspection_cExport.cmake
[0.239s] -- Up-to-date: /home/zjz/chapt9/fishbot_ws/install/micro_ros_msgs/share/micro_ros_msgs/cmake/micro_ros_msgs__rosidl_typesupport_introspection_cExport-noconfig.cmake
[0.239s] -- Up-to-date: /home/zjz/chapt9/fishbot_ws/install/micro_ros_msgs/share/micro_ros_msgs/cmake/micro_ros_msgs__rosidl_typesupport_cExport.cmake
[0.239s] -- Up-to-date: /home/zjz/chapt9/fishbot_ws/install/micro_ros_msgs/share/micro_ros_msgs/cmake/micro_ros_msgs__rosidl_typesupport_cExport-noconfig.cmake
[0.239s] -- Up-to-date: /home/zjz/chapt9/fishbot_ws/install/micro_ros_msgs/share/micro_ros_msgs/cmake/export_micro_ros_msgs__rosidl_generator_cppExport.cmake
[0.239s] -- Up-to-date: /home/zjz/chapt9/fishbot_ws/install/micro_ros_msgs/share/micro_ros_msgs/cmake/export_micro_ros_msgs__rosidl_typesupport_fastrtps_cppExport.cmake
[0.239s] -- Up-to-date: /home/zjz/chapt9/fishbot_ws/install/micro_ros_msgs/share/micro_ros_msgs/cmake/export_micro_ros_msgs__rosidl_typesupport_fastrtps_cppExport-noconfig.cmake
[0.240s] -- Up-to-date: /home/zjz/chapt9/fishbot_ws/install/micro_ros_msgs/share/micro_ros_msgs/cmake/micro_ros_msgs__rosidl_typesupport_introspection_cppExport.cmake
[0.240s] -- Up-to-date: /home/zjz/chapt9/fishbot_ws/install/micro_ros_msgs/share/micro_ros_msgs/cmake/micro_ros_msgs__rosidl_typesupport_introspection_cppExport-noconfig.cmake
[0.240s] -- Up-to-date: /home/zjz/chapt9/fishbot_ws/install/micro_ros_msgs/share/micro_ros_msgs/cmake/micro_ros_msgs__rosidl_typesupport_cppExport.cmake
[0.241s] -- Up-to-date: /home/zjz/chapt9/fishbot_ws/install/micro_ros_msgs/share/micro_ros_msgs/cmake/micro_ros_msgs__rosidl_typesupport_cppExport-noconfig.cmake
[0.241s] -- Up-to-date: /home/zjz/chapt9/fishbot_ws/install/micro_ros_msgs/share/micro_ros_msgs/cmake/export_micro_ros_msgs__rosidl_generator_pyExport.cmake
[0.241s] -- Up-to-date: /home/zjz/chapt9/fishbot_ws/install/micro_ros_msgs/share/micro_ros_msgs/cmake/export_micro_ros_msgs__rosidl_generator_pyExport-noconfig.cmake
[0.241s] -- Up-to-date: /home/zjz/chapt9/fishbot_ws/install/micro_ros_msgs/share/micro_ros_msgs/cmake/rosidl_cmake-extras.cmake
[0.241s] -- Up-to-date: /home/zjz/chapt9/fishbot_ws/install/micro_ros_msgs/share/micro_ros_msgs/cmake/ament_cmake_export_include_directories-extras.cmake
[0.242s] -- Up-to-date: /home/zjz/chapt9/fishbot_ws/install/micro_ros_msgs/share/micro_ros_msgs/cmake/ament_cmake_export_libraries-extras.cmake
[0.242s] -- Up-to-date: /home/zjz/chapt9/fishbot_ws/install/micro_ros_msgs/share/micro_ros_msgs/cmake/ament_cmake_export_targets-extras.cmake
[0.242s] -- Up-to-date: /home/zjz/chapt9/fishbot_ws/install/micro_ros_msgs/share/micro_ros_msgs/cmake/rosidl_cmake_export_typesupport_targets-extras.cmake
[0.243s] -- Up-to-date: /home/zjz/chapt9/fishbot_ws/install/micro_ros_msgs/share/micro_ros_msgs/cmake/ament_cmake_export_dependencies-extras.cmake
[0.243s] -- Up-to-date: /home/zjz/chapt9/fishbot_ws/install/micro_ros_msgs/share/micro_ros_msgs/cmake/rosidl_cmake_export_typesupport_libraries-extras.cmake
[0.243s] -- Up-to-date: /home/zjz/chapt9/fishbot_ws/install/micro_ros_msgs/share/micro_ros_msgs/cmake/micro_ros_msgsConfig.cmake
[0.244s] -- Up-to-date: /home/zjz/chapt9/fishbot_ws/install/micro_ros_msgs/share/micro_ros_msgs/cmake/micro_ros_msgsConfig-version.cmake
[0.244s] -- Up-to-date: /home/zjz/chapt9/fishbot_ws/install/micro_ros_msgs/share/micro_ros_msgs/package.xml
[0.244s] Invoked command in '/home/zjz/chapt9/fishbot_ws/build/micro_ros_msgs' returned '0': CMAKE_PREFIX_PATH=${CMAKE_PREFIX_PATH}:/home/zjz/chapt9/fishbot_ws/install/ros_serial2wifi:/opt/ros/humble /usr/bin/cmake --install /home/zjz/chapt9/fishbot_ws/build/micro_ros_msgs
