[0.017s] Invoking command in '/home/zjz/chapt9/fishbot_ws/src/build/micro_ros_msgs': CMAKE_PREFIX_PATH=/opt/ros/humble /usr/bin/cmake --build /home/zjz/chapt9/fishbot_ws/src/build/micro_ros_msgs -- -j32 -l32
[0.155s] [35m[1mConsolidate compiler generated dependencies of target micro_ros_msgs__rosidl_generator_c[0m
[0.156s] [  4%] Built target micro_ros_msgs__rs
[0.156s] [  4%] Built target micro_ros_msgs__cpp
[0.156s] [ 14%] Built target micro_ros_msgs__rosidl_generator_c
[0.156s] [35m[1mConsolidate compiler generated dependencies of target micro_ros_msgs__rosidl_typesupport_introspection_cpp[0m
[0.156s] [35m[1mConsolidate compiler generated dependencies of target micro_ros_msgs__rosidl_typesupport_fastrtps_cpp[0m
[0.156s] [35m[1mConsolidate compiler generated dependencies of target micro_ros_msgs__rosidl_typesupport_cpp[0m
[0.157s] [ 14%] Built target ament_cmake_python_copy_micro_ros_msgs
[0.157s] [35m[1mConsolidate compiler generated dependencies of target micro_ros_msgs__rosidl_typesupport_introspection_c[0m
[0.157s] [35m[1mConsolidate compiler generated dependencies of target micro_ros_msgs__rosidl_typesupport_fastrtps_c[0m
[0.157s] [35m[1mConsolidate compiler generated dependencies of target micro_ros_msgs__rosidl_typesupport_c[0m
[0.157s] [ 25%] Built target micro_ros_msgs__rosidl_typesupport_introspection_cpp
[0.157s] [ 39%] Built target micro_ros_msgs__rosidl_typesupport_fastrtps_cpp
[0.157s] [ 45%] Built target micro_ros_msgs__rosidl_typesupport_cpp
[0.157s] [ 56%] Built target micro_ros_msgs__rosidl_typesupport_c
[0.158s] [ 70%] Built target micro_ros_msgs__rosidl_typesupport_fastrtps_c
[0.159s] [ 77%] Built target micro_ros_msgs__rosidl_typesupport_introspection_c
[0.160s] [ 77%] Built target micro_ros_msgs
[0.160s] [ 79%] Built target micro_ros_msgs__py
[0.160s] [35m[1mConsolidate compiler generated dependencies of target micro_ros_msgs__rosidl_generator_py[0m
[0.160s] [ 87%] Built target micro_ros_msgs__rosidl_generator_py
[0.160s] [35m[1mConsolidate compiler generated dependencies of target micro_ros_msgs__rosidl_typesupport_c__pyext[0m
[0.160s] [35m[1mConsolidate compiler generated dependencies of target micro_ros_msgs__rosidl_typesupport_introspection_c__pyext[0m
[0.160s] [35m[1mConsolidate compiler generated dependencies of target micro_ros_msgs__rosidl_typesupport_fastrtps_c__pyext[0m
[0.160s] [ 91%] Built target micro_ros_msgs__rosidl_typesupport_fastrtps_c__pyext
[0.160s] [ 95%] Built target micro_ros_msgs__rosidl_typesupport_introspection_c__pyext
[0.160s] [100%] Built target micro_ros_msgs__rosidl_typesupport_c__pyext
[0.216s] running egg_info
[0.218s] writing micro_ros_msgs.egg-info/PKG-INFO
[0.218s] writing dependency_links to micro_ros_msgs.egg-info/dependency_links.txt
[0.218s] writing top-level names to micro_ros_msgs.egg-info/top_level.txt
[0.222s] reading manifest file 'micro_ros_msgs.egg-info/SOURCES.txt'
[0.223s] writing manifest file 'micro_ros_msgs.egg-info/SOURCES.txt'
[0.248s] [100%] Built target ament_cmake_python_build_micro_ros_msgs_egg
[0.263s] Invoked command in '/home/zjz/chapt9/fishbot_ws/src/build/micro_ros_msgs' returned '0': CMAKE_PREFIX_PATH=/opt/ros/humble /usr/bin/cmake --build /home/zjz/chapt9/fishbot_ws/src/build/micro_ros_msgs -- -j32 -l32
[0.266s] Invoking command in '/home/zjz/chapt9/fishbot_ws/src/build/micro_ros_msgs': CMAKE_PREFIX_PATH=/opt/ros/humble /usr/bin/cmake --install /home/zjz/chapt9/fishbot_ws/src/build/micro_ros_msgs
[0.276s] -- Install configuration: ""
[0.277s] -- Installing: /home/zjz/chapt9/fishbot_ws/src/install/micro_ros_msgs/share/ament_index/resource_index/rosidl_interfaces/micro_ros_msgs
[0.278s] -- Installing: /home/zjz/chapt9/fishbot_ws/src/install/micro_ros_msgs/include/micro_ros_msgs/micro_ros_msgs
[0.279s] -- Installing: /home/zjz/chapt9/fishbot_ws/src/install/micro_ros_msgs/include/micro_ros_msgs/micro_ros_msgs/msg
[0.279s] -- Installing: /home/zjz/chapt9/fishbot_ws/src/install/micro_ros_msgs/include/micro_ros_msgs/micro_ros_msgs/msg/entity.h
[0.280s] -- Installing: /home/zjz/chapt9/fishbot_ws/src/install/micro_ros_msgs/include/micro_ros_msgs/micro_ros_msgs/msg/detail
[0.280s] -- Installing: /home/zjz/chapt9/fishbot_ws/src/install/micro_ros_msgs/include/micro_ros_msgs/micro_ros_msgs/msg/detail/entity__functions.c
[0.281s] -- Installing: /home/zjz/chapt9/fishbot_ws/src/install/micro_ros_msgs/include/micro_ros_msgs/micro_ros_msgs/msg/detail/node__functions.c
[0.281s] -- Installing: /home/zjz/chapt9/fishbot_ws/src/install/micro_ros_msgs/include/micro_ros_msgs/micro_ros_msgs/msg/detail/node__functions.h
[0.282s] -- Installing: /home/zjz/chapt9/fishbot_ws/src/install/micro_ros_msgs/include/micro_ros_msgs/micro_ros_msgs/msg/detail/node__type_support.h
[0.282s] -- Installing: /home/zjz/chapt9/fishbot_ws/src/install/micro_ros_msgs/include/micro_ros_msgs/micro_ros_msgs/msg/detail/graph__functions.c
[0.282s] -- Installing: /home/zjz/chapt9/fishbot_ws/src/install/micro_ros_msgs/include/micro_ros_msgs/micro_ros_msgs/msg/detail/node__struct.h
[0.283s] -- Installing: /home/zjz/chapt9/fishbot_ws/src/install/micro_ros_msgs/include/micro_ros_msgs/micro_ros_msgs/msg/detail/graph__struct.h
[0.283s] -- Installing: /home/zjz/chapt9/fishbot_ws/src/install/micro_ros_msgs/include/micro_ros_msgs/micro_ros_msgs/msg/detail/entity__type_support.h
[0.284s] -- Installing: /home/zjz/chapt9/fishbot_ws/src/install/micro_ros_msgs/include/micro_ros_msgs/micro_ros_msgs/msg/detail/graph__type_support.h
[0.284s] -- Installing: /home/zjz/chapt9/fishbot_ws/src/install/micro_ros_msgs/include/micro_ros_msgs/micro_ros_msgs/msg/detail/entity__struct.h
[0.285s] -- Installing: /home/zjz/chapt9/fishbot_ws/src/install/micro_ros_msgs/include/micro_ros_msgs/micro_ros_msgs/msg/detail/graph__functions.h
[0.285s] -- Installing: /home/zjz/chapt9/fishbot_ws/src/install/micro_ros_msgs/include/micro_ros_msgs/micro_ros_msgs/msg/detail/entity__functions.h
[0.286s] -- Installing: /home/zjz/chapt9/fishbot_ws/src/install/micro_ros_msgs/include/micro_ros_msgs/micro_ros_msgs/msg/graph.h
[0.286s] -- Installing: /home/zjz/chapt9/fishbot_ws/src/install/micro_ros_msgs/include/micro_ros_msgs/micro_ros_msgs/msg/node.h
[0.287s] -- Installing: /home/zjz/chapt9/fishbot_ws/src/install/micro_ros_msgs/include/micro_ros_msgs/micro_ros_msgs/msg/rosidl_generator_c__visibility_control.h
[0.288s] -- Installing: /home/zjz/chapt9/fishbot_ws/src/install/micro_ros_msgs/share/micro_ros_msgs/environment/library_path.sh
[0.288s] -- Installing: /home/zjz/chapt9/fishbot_ws/src/install/micro_ros_msgs/share/micro_ros_msgs/environment/library_path.dsv
[0.289s] -- Installing: /home/zjz/chapt9/fishbot_ws/src/install/micro_ros_msgs/lib/libmicro_ros_msgs__rosidl_generator_c.so
[0.289s] -- Set runtime path of "/home/zjz/chapt9/fishbot_ws/src/install/micro_ros_msgs/lib/libmicro_ros_msgs__rosidl_generator_c.so" to ""
[0.289s] -- Up-to-date: /home/zjz/chapt9/fishbot_ws/src/install/micro_ros_msgs/include/micro_ros_msgs/micro_ros_msgs
[0.290s] -- Up-to-date: /home/zjz/chapt9/fishbot_ws/src/install/micro_ros_msgs/include/micro_ros_msgs/micro_ros_msgs/msg
[0.290s] -- Up-to-date: /home/zjz/chapt9/fishbot_ws/src/install/micro_ros_msgs/include/micro_ros_msgs/micro_ros_msgs/msg/detail
[0.291s] -- Installing: /home/zjz/chapt9/fishbot_ws/src/install/micro_ros_msgs/include/micro_ros_msgs/micro_ros_msgs/msg/detail/graph__rosidl_typesupport_fastrtps_c.h
[0.292s] -- Installing: /home/zjz/chapt9/fishbot_ws/src/install/micro_ros_msgs/include/micro_ros_msgs/micro_ros_msgs/msg/detail/node__rosidl_typesupport_fastrtps_c.h
[0.292s] -- Installing: /home/zjz/chapt9/fishbot_ws/src/install/micro_ros_msgs/include/micro_ros_msgs/micro_ros_msgs/msg/detail/entity__rosidl_typesupport_fastrtps_c.h
[0.292s] -- Installing: /home/zjz/chapt9/fishbot_ws/src/install/micro_ros_msgs/include/micro_ros_msgs/micro_ros_msgs/msg/rosidl_typesupport_fastrtps_c__visibility_control.h
[0.293s] -- Installing: /home/zjz/chapt9/fishbot_ws/src/install/micro_ros_msgs/lib/libmicro_ros_msgs__rosidl_typesupport_fastrtps_c.so
[0.294s] -- Set runtime path of "/home/zjz/chapt9/fishbot_ws/src/install/micro_ros_msgs/lib/libmicro_ros_msgs__rosidl_typesupport_fastrtps_c.so" to ""
[0.294s] -- Up-to-date: /home/zjz/chapt9/fishbot_ws/src/install/micro_ros_msgs/include/micro_ros_msgs/micro_ros_msgs
[0.294s] -- Up-to-date: /home/zjz/chapt9/fishbot_ws/src/install/micro_ros_msgs/include/micro_ros_msgs/micro_ros_msgs/msg
[0.294s] -- Up-to-date: /home/zjz/chapt9/fishbot_ws/src/install/micro_ros_msgs/include/micro_ros_msgs/micro_ros_msgs/msg/detail
[0.294s] -- Installing: /home/zjz/chapt9/fishbot_ws/src/install/micro_ros_msgs/include/micro_ros_msgs/micro_ros_msgs/msg/detail/entity__type_support.c
[0.294s] -- Installing: /home/zjz/chapt9/fishbot_ws/src/install/micro_ros_msgs/include/micro_ros_msgs/micro_ros_msgs/msg/detail/entity__rosidl_typesupport_introspection_c.h
[0.294s] -- Installing: /home/zjz/chapt9/fishbot_ws/src/install/micro_ros_msgs/include/micro_ros_msgs/micro_ros_msgs/msg/detail/graph__type_support.c
[0.295s] -- Installing: /home/zjz/chapt9/fishbot_ws/src/install/micro_ros_msgs/include/micro_ros_msgs/micro_ros_msgs/msg/detail/node__rosidl_typesupport_introspection_c.h
[0.295s] -- Installing: /home/zjz/chapt9/fishbot_ws/src/install/micro_ros_msgs/include/micro_ros_msgs/micro_ros_msgs/msg/detail/graph__rosidl_typesupport_introspection_c.h
[0.295s] -- Installing: /home/zjz/chapt9/fishbot_ws/src/install/micro_ros_msgs/include/micro_ros_msgs/micro_ros_msgs/msg/detail/node__type_support.c
[0.296s] -- Installing: /home/zjz/chapt9/fishbot_ws/src/install/micro_ros_msgs/include/micro_ros_msgs/micro_ros_msgs/msg/rosidl_typesupport_introspection_c__visibility_control.h
[0.296s] -- Installing: /home/zjz/chapt9/fishbot_ws/src/install/micro_ros_msgs/lib/libmicro_ros_msgs__rosidl_typesupport_introspection_c.so
[0.297s] -- Set runtime path of "/home/zjz/chapt9/fishbot_ws/src/install/micro_ros_msgs/lib/libmicro_ros_msgs__rosidl_typesupport_introspection_c.so" to ""
[0.297s] -- Installing: /home/zjz/chapt9/fishbot_ws/src/install/micro_ros_msgs/lib/libmicro_ros_msgs__rosidl_typesupport_c.so
[0.297s] -- Set runtime path of "/home/zjz/chapt9/fishbot_ws/src/install/micro_ros_msgs/lib/libmicro_ros_msgs__rosidl_typesupport_c.so" to ""
[0.297s] -- Up-to-date: /home/zjz/chapt9/fishbot_ws/src/install/micro_ros_msgs/include/micro_ros_msgs/micro_ros_msgs
[0.297s] -- Up-to-date: /home/zjz/chapt9/fishbot_ws/src/install/micro_ros_msgs/include/micro_ros_msgs/micro_ros_msgs/msg
[0.298s] -- Installing: /home/zjz/chapt9/fishbot_ws/src/install/micro_ros_msgs/include/micro_ros_msgs/micro_ros_msgs/msg/node.hpp
[0.298s] -- Up-to-date: /home/zjz/chapt9/fishbot_ws/src/install/micro_ros_msgs/include/micro_ros_msgs/micro_ros_msgs/msg/detail
[0.298s] -- Installing: /home/zjz/chapt9/fishbot_ws/src/install/micro_ros_msgs/include/micro_ros_msgs/micro_ros_msgs/msg/detail/entity__type_support.hpp
[0.299s] -- Installing: /home/zjz/chapt9/fishbot_ws/src/install/micro_ros_msgs/include/micro_ros_msgs/micro_ros_msgs/msg/detail/node__type_support.hpp
[0.305s] -- Installing: /home/zjz/chapt9/fishbot_ws/src/install/micro_ros_msgs/include/micro_ros_msgs/micro_ros_msgs/msg/detail/graph__builder.hpp
[0.305s] -- Installing: /home/zjz/chapt9/fishbot_ws/src/install/micro_ros_msgs/include/micro_ros_msgs/micro_ros_msgs/msg/detail/graph__struct.hpp
[0.305s] -- Installing: /home/zjz/chapt9/fishbot_ws/src/install/micro_ros_msgs/include/micro_ros_msgs/micro_ros_msgs/msg/detail/entity__builder.hpp
[0.305s] -- Installing: /home/zjz/chapt9/fishbot_ws/src/install/micro_ros_msgs/include/micro_ros_msgs/micro_ros_msgs/msg/detail/node__builder.hpp
[0.305s] -- Installing: /home/zjz/chapt9/fishbot_ws/src/install/micro_ros_msgs/include/micro_ros_msgs/micro_ros_msgs/msg/detail/entity__traits.hpp
[0.306s] -- Installing: /home/zjz/chapt9/fishbot_ws/src/install/micro_ros_msgs/include/micro_ros_msgs/micro_ros_msgs/msg/detail/graph__traits.hpp
[0.306s] -- Installing: /home/zjz/chapt9/fishbot_ws/src/install/micro_ros_msgs/include/micro_ros_msgs/micro_ros_msgs/msg/detail/entity__struct.hpp
[0.306s] -- Installing: /home/zjz/chapt9/fishbot_ws/src/install/micro_ros_msgs/include/micro_ros_msgs/micro_ros_msgs/msg/detail/node__struct.hpp
[0.306s] -- Installing: /home/zjz/chapt9/fishbot_ws/src/install/micro_ros_msgs/include/micro_ros_msgs/micro_ros_msgs/msg/detail/graph__type_support.hpp
[0.306s] -- Installing: /home/zjz/chapt9/fishbot_ws/src/install/micro_ros_msgs/include/micro_ros_msgs/micro_ros_msgs/msg/detail/node__traits.hpp
[0.306s] -- Installing: /home/zjz/chapt9/fishbot_ws/src/install/micro_ros_msgs/include/micro_ros_msgs/micro_ros_msgs/msg/entity.hpp
[0.306s] -- Installing: /home/zjz/chapt9/fishbot_ws/src/install/micro_ros_msgs/include/micro_ros_msgs/micro_ros_msgs/msg/graph.hpp
[0.306s] -- Installing: /home/zjz/chapt9/fishbot_ws/src/install/micro_ros_msgs/include/micro_ros_msgs/micro_ros_msgs/msg/rosidl_generator_cpp__visibility_control.hpp
[0.307s] -- Up-to-date: /home/zjz/chapt9/fishbot_ws/src/install/micro_ros_msgs/include/micro_ros_msgs/micro_ros_msgs
[0.311s] -- Up-to-date: /home/zjz/chapt9/fishbot_ws/src/install/micro_ros_msgs/include/micro_ros_msgs/micro_ros_msgs/msg
[0.311s] -- Up-to-date: /home/zjz/chapt9/fishbot_ws/src/install/micro_ros_msgs/include/micro_ros_msgs/micro_ros_msgs/msg/detail
[0.311s] -- Installing: /home/zjz/chapt9/fishbot_ws/src/install/micro_ros_msgs/include/micro_ros_msgs/micro_ros_msgs/msg/detail/entity__rosidl_typesupport_fastrtps_cpp.hpp
[0.311s] -- Installing: /home/zjz/chapt9/fishbot_ws/src/install/micro_ros_msgs/include/micro_ros_msgs/micro_ros_msgs/msg/detail/graph__rosidl_typesupport_fastrtps_cpp.hpp
[0.311s] -- Installing: /home/zjz/chapt9/fishbot_ws/src/install/micro_ros_msgs/include/micro_ros_msgs/micro_ros_msgs/msg/detail/node__rosidl_typesupport_fastrtps_cpp.hpp
[0.311s] -- Installing: /home/zjz/chapt9/fishbot_ws/src/install/micro_ros_msgs/include/micro_ros_msgs/micro_ros_msgs/msg/detail/dds_fastrtps
[0.312s] -- Installing: /home/zjz/chapt9/fishbot_ws/src/install/micro_ros_msgs/include/micro_ros_msgs/micro_ros_msgs/msg/rosidl_typesupport_fastrtps_cpp__visibility_control.h
[0.312s] -- Installing: /home/zjz/chapt9/fishbot_ws/src/install/micro_ros_msgs/lib/libmicro_ros_msgs__rosidl_typesupport_fastrtps_cpp.so
[0.313s] -- Set runtime path of "/home/zjz/chapt9/fishbot_ws/src/install/micro_ros_msgs/lib/libmicro_ros_msgs__rosidl_typesupport_fastrtps_cpp.so" to ""
[0.313s] -- Up-to-date: /home/zjz/chapt9/fishbot_ws/src/install/micro_ros_msgs/include/micro_ros_msgs/micro_ros_msgs
[0.313s] -- Up-to-date: /home/zjz/chapt9/fishbot_ws/src/install/micro_ros_msgs/include/micro_ros_msgs/micro_ros_msgs/msg
[0.314s] -- Up-to-date: /home/zjz/chapt9/fishbot_ws/src/install/micro_ros_msgs/include/micro_ros_msgs/micro_ros_msgs/msg/detail
[0.314s] -- Installing: /home/zjz/chapt9/fishbot_ws/src/install/micro_ros_msgs/include/micro_ros_msgs/micro_ros_msgs/msg/detail/graph__rosidl_typesupport_introspection_cpp.hpp
[0.314s] -- Installing: /home/zjz/chapt9/fishbot_ws/src/install/micro_ros_msgs/include/micro_ros_msgs/micro_ros_msgs/msg/detail/node__rosidl_typesupport_introspection_cpp.hpp
[0.314s] -- Installing: /home/zjz/chapt9/fishbot_ws/src/install/micro_ros_msgs/include/micro_ros_msgs/micro_ros_msgs/msg/detail/entity__rosidl_typesupport_introspection_cpp.hpp
[0.315s] -- Installing: /home/zjz/chapt9/fishbot_ws/src/install/micro_ros_msgs/include/micro_ros_msgs/micro_ros_msgs/msg/detail/entity__type_support.cpp
[0.315s] -- Installing: /home/zjz/chapt9/fishbot_ws/src/install/micro_ros_msgs/include/micro_ros_msgs/micro_ros_msgs/msg/detail/graph__type_support.cpp
[0.315s] -- Installing: /home/zjz/chapt9/fishbot_ws/src/install/micro_ros_msgs/include/micro_ros_msgs/micro_ros_msgs/msg/detail/node__type_support.cpp
[0.316s] -- Installing: /home/zjz/chapt9/fishbot_ws/src/install/micro_ros_msgs/lib/libmicro_ros_msgs__rosidl_typesupport_introspection_cpp.so
[0.317s] -- Set runtime path of "/home/zjz/chapt9/fishbot_ws/src/install/micro_ros_msgs/lib/libmicro_ros_msgs__rosidl_typesupport_introspection_cpp.so" to ""
[0.317s] -- Installing: /home/zjz/chapt9/fishbot_ws/src/install/micro_ros_msgs/lib/libmicro_ros_msgs__rosidl_typesupport_cpp.so
[0.317s] -- Set runtime path of "/home/zjz/chapt9/fishbot_ws/src/install/micro_ros_msgs/lib/libmicro_ros_msgs__rosidl_typesupport_cpp.so" to ""
[0.317s] -- Installing: /home/zjz/chapt9/fishbot_ws/src/install/micro_ros_msgs/share/micro_ros_msgs/environment/pythonpath.sh
[0.318s] -- Installing: /home/zjz/chapt9/fishbot_ws/src/install/micro_ros_msgs/share/micro_ros_msgs/environment/pythonpath.dsv
[0.318s] -- Installing: /home/zjz/chapt9/fishbot_ws/src/install/micro_ros_msgs/local/lib/python3.10/dist-packages/micro_ros_msgs-3.0.1-py3.10.egg-info
[0.320s] -- Installing: /home/zjz/chapt9/fishbot_ws/src/install/micro_ros_msgs/local/lib/python3.10/dist-packages/micro_ros_msgs-3.0.1-py3.10.egg-info/dependency_links.txt
[0.320s] -- Installing: /home/zjz/chapt9/fishbot_ws/src/install/micro_ros_msgs/local/lib/python3.10/dist-packages/micro_ros_msgs-3.0.1-py3.10.egg-info/top_level.txt
[0.320s] -- Installing: /home/zjz/chapt9/fishbot_ws/src/install/micro_ros_msgs/local/lib/python3.10/dist-packages/micro_ros_msgs-3.0.1-py3.10.egg-info/SOURCES.txt
[0.320s] -- Installing: /home/zjz/chapt9/fishbot_ws/src/install/micro_ros_msgs/local/lib/python3.10/dist-packages/micro_ros_msgs-3.0.1-py3.10.egg-info/PKG-INFO
[0.320s] -- Installing: /home/zjz/chapt9/fishbot_ws/src/install/micro_ros_msgs/local/lib/python3.10/dist-packages/micro_ros_msgs
[0.320s] -- Installing: /home/zjz/chapt9/fishbot_ws/src/install/micro_ros_msgs/local/lib/python3.10/dist-packages/micro_ros_msgs/msg
[0.321s] -- Installing: /home/zjz/chapt9/fishbot_ws/src/install/micro_ros_msgs/local/lib/python3.10/dist-packages/micro_ros_msgs/msg/_graph_s.c
[0.321s] -- Installing: /home/zjz/chapt9/fishbot_ws/src/install/micro_ros_msgs/local/lib/python3.10/dist-packages/micro_ros_msgs/msg/_graph.py
[0.321s] -- Installing: /home/zjz/chapt9/fishbot_ws/src/install/micro_ros_msgs/local/lib/python3.10/dist-packages/micro_ros_msgs/msg/__init__.py
[0.321s] -- Installing: /home/zjz/chapt9/fishbot_ws/src/install/micro_ros_msgs/local/lib/python3.10/dist-packages/micro_ros_msgs/msg/_entity.py
[0.321s] -- Installing: /home/zjz/chapt9/fishbot_ws/src/install/micro_ros_msgs/local/lib/python3.10/dist-packages/micro_ros_msgs/msg/_node.py
[0.321s] -- Installing: /home/zjz/chapt9/fishbot_ws/src/install/micro_ros_msgs/local/lib/python3.10/dist-packages/micro_ros_msgs/msg/_node_s.c
[0.321s] -- Installing: /home/zjz/chapt9/fishbot_ws/src/install/micro_ros_msgs/local/lib/python3.10/dist-packages/micro_ros_msgs/msg/_entity_s.c
[0.321s] -- Installing: /home/zjz/chapt9/fishbot_ws/src/install/micro_ros_msgs/local/lib/python3.10/dist-packages/micro_ros_msgs/_micro_ros_msgs_s.ep.rosidl_typesupport_introspection_c.c
[0.321s] -- Installing: /home/zjz/chapt9/fishbot_ws/src/install/micro_ros_msgs/local/lib/python3.10/dist-packages/micro_ros_msgs/micro_ros_msgs_s__rosidl_typesupport_c.cpython-310-x86_64-linux-gnu.so
[0.321s] -- Installing: /home/zjz/chapt9/fishbot_ws/src/install/micro_ros_msgs/local/lib/python3.10/dist-packages/micro_ros_msgs/micro_ros_msgs_s__rosidl_typesupport_introspection_c.cpython-310-x86_64-linux-gnu.so
[0.321s] -- Installing: /home/zjz/chapt9/fishbot_ws/src/install/micro_ros_msgs/local/lib/python3.10/dist-packages/micro_ros_msgs/__init__.py
[0.321s] -- Installing: /home/zjz/chapt9/fishbot_ws/src/install/micro_ros_msgs/local/lib/python3.10/dist-packages/micro_ros_msgs/libmicro_ros_msgs__rosidl_generator_py.so
[0.322s] -- Installing: /home/zjz/chapt9/fishbot_ws/src/install/micro_ros_msgs/local/lib/python3.10/dist-packages/micro_ros_msgs/micro_ros_msgs_s__rosidl_typesupport_fastrtps_c.cpython-310-x86_64-linux-gnu.so
[0.322s] -- Installing: /home/zjz/chapt9/fishbot_ws/src/install/micro_ros_msgs/local/lib/python3.10/dist-packages/micro_ros_msgs/_micro_ros_msgs_s.ep.rosidl_typesupport_c.c
[0.322s] -- Installing: /home/zjz/chapt9/fishbot_ws/src/install/micro_ros_msgs/local/lib/python3.10/dist-packages/micro_ros_msgs/_micro_ros_msgs_s.ep.rosidl_typesupport_fastrtps_c.c
[0.374s] Listing '/home/zjz/chapt9/fishbot_ws/src/install/micro_ros_msgs/local/lib/python3.10/dist-packages/micro_ros_msgs'...
[0.374s] Compiling '/home/zjz/chapt9/fishbot_ws/src/install/micro_ros_msgs/local/lib/python3.10/dist-packages/micro_ros_msgs/__init__.py'...
[0.374s] Listing '/home/zjz/chapt9/fishbot_ws/src/install/micro_ros_msgs/local/lib/python3.10/dist-packages/micro_ros_msgs/msg'...
[0.374s] Compiling '/home/zjz/chapt9/fishbot_ws/src/install/micro_ros_msgs/local/lib/python3.10/dist-packages/micro_ros_msgs/msg/__init__.py'...
[0.374s] Compiling '/home/zjz/chapt9/fishbot_ws/src/install/micro_ros_msgs/local/lib/python3.10/dist-packages/micro_ros_msgs/msg/_entity.py'...
[0.374s] Compiling '/home/zjz/chapt9/fishbot_ws/src/install/micro_ros_msgs/local/lib/python3.10/dist-packages/micro_ros_msgs/msg/_graph.py'...
[0.374s] Compiling '/home/zjz/chapt9/fishbot_ws/src/install/micro_ros_msgs/local/lib/python3.10/dist-packages/micro_ros_msgs/msg/_node.py'...
[0.379s] -- Installing: /home/zjz/chapt9/fishbot_ws/src/install/micro_ros_msgs/local/lib/python3.10/dist-packages/micro_ros_msgs/micro_ros_msgs_s__rosidl_typesupport_fastrtps_c.cpython-310-x86_64-linux-gnu.so
[0.379s] -- Set runtime path of "/home/zjz/chapt9/fishbot_ws/src/install/micro_ros_msgs/local/lib/python3.10/dist-packages/micro_ros_msgs/micro_ros_msgs_s__rosidl_typesupport_fastrtps_c.cpython-310-x86_64-linux-gnu.so" to ""
[0.379s] -- Installing: /home/zjz/chapt9/fishbot_ws/src/install/micro_ros_msgs/local/lib/python3.10/dist-packages/micro_ros_msgs/micro_ros_msgs_s__rosidl_typesupport_introspection_c.cpython-310-x86_64-linux-gnu.so
[0.380s] -- Set runtime path of "/home/zjz/chapt9/fishbot_ws/src/install/micro_ros_msgs/local/lib/python3.10/dist-packages/micro_ros_msgs/micro_ros_msgs_s__rosidl_typesupport_introspection_c.cpython-310-x86_64-linux-gnu.so" to ""
[0.380s] -- Installing: /home/zjz/chapt9/fishbot_ws/src/install/micro_ros_msgs/local/lib/python3.10/dist-packages/micro_ros_msgs/micro_ros_msgs_s__rosidl_typesupport_c.cpython-310-x86_64-linux-gnu.so
[0.380s] -- Set runtime path of "/home/zjz/chapt9/fishbot_ws/src/install/micro_ros_msgs/local/lib/python3.10/dist-packages/micro_ros_msgs/micro_ros_msgs_s__rosidl_typesupport_c.cpython-310-x86_64-linux-gnu.so" to ""
[0.381s] -- Installing: /home/zjz/chapt9/fishbot_ws/src/install/micro_ros_msgs/lib/libmicro_ros_msgs__rosidl_generator_py.so
[0.381s] -- Set runtime path of "/home/zjz/chapt9/fishbot_ws/src/install/micro_ros_msgs/lib/libmicro_ros_msgs__rosidl_generator_py.so" to ""
[0.381s] -- Installing: /home/zjz/chapt9/fishbot_ws/src/install/micro_ros_msgs/share/ament_index/resource_index/rust_packages/micro_ros_msgs
[0.381s] -- Installing: /home/zjz/chapt9/fishbot_ws/src/install/micro_ros_msgs/share/micro_ros_msgs/rust
[0.382s] -- Installing: /home/zjz/chapt9/fishbot_ws/src/install/micro_ros_msgs/share/micro_ros_msgs/rust/build.rs
[0.384s] -- Installing: /home/zjz/chapt9/fishbot_ws/src/install/micro_ros_msgs/share/micro_ros_msgs/rust/Cargo.toml
[0.384s] -- Installing: /home/zjz/chapt9/fishbot_ws/src/install/micro_ros_msgs/share/micro_ros_msgs/rust/src
[0.384s] -- Installing: /home/zjz/chapt9/fishbot_ws/src/install/micro_ros_msgs/share/micro_ros_msgs/rust/src/msg
[0.385s] -- Installing: /home/zjz/chapt9/fishbot_ws/src/install/micro_ros_msgs/share/micro_ros_msgs/rust/src/msg/rmw.rs
[0.385s] -- Installing: /home/zjz/chapt9/fishbot_ws/src/install/micro_ros_msgs/share/micro_ros_msgs/rust/src/msg.rs
[0.386s] -- Installing: /home/zjz/chapt9/fishbot_ws/src/install/micro_ros_msgs/share/micro_ros_msgs/rust/src/lib.rs
[0.387s] -- Installing: /home/zjz/chapt9/fishbot_ws/src/install/micro_ros_msgs/share/micro_ros_msgs/msg/Graph.idl
[0.387s] -- Installing: /home/zjz/chapt9/fishbot_ws/src/install/micro_ros_msgs/share/micro_ros_msgs/msg/Node.idl
[0.388s] -- Installing: /home/zjz/chapt9/fishbot_ws/src/install/micro_ros_msgs/share/micro_ros_msgs/msg/Entity.idl
[0.388s] -- Installing: /home/zjz/chapt9/fishbot_ws/src/install/micro_ros_msgs/share/micro_ros_msgs/msg/Graph.msg
[0.388s] -- Installing: /home/zjz/chapt9/fishbot_ws/src/install/micro_ros_msgs/share/micro_ros_msgs/msg/Node.msg
[0.389s] -- Installing: /home/zjz/chapt9/fishbot_ws/src/install/micro_ros_msgs/share/micro_ros_msgs/msg/Entity.msg
[0.390s] -- Installing: /home/zjz/chapt9/fishbot_ws/src/install/micro_ros_msgs/share/ament_index/resource_index/package_run_dependencies/micro_ros_msgs
[0.390s] -- Installing: /home/zjz/chapt9/fishbot_ws/src/install/micro_ros_msgs/share/ament_index/resource_index/parent_prefix_path/micro_ros_msgs
[0.391s] -- Installing: /home/zjz/chapt9/fishbot_ws/src/install/micro_ros_msgs/share/micro_ros_msgs/environment/ament_prefix_path.sh
[0.391s] -- Installing: /home/zjz/chapt9/fishbot_ws/src/install/micro_ros_msgs/share/micro_ros_msgs/environment/ament_prefix_path.dsv
[0.392s] -- Installing: /home/zjz/chapt9/fishbot_ws/src/install/micro_ros_msgs/share/micro_ros_msgs/environment/path.sh
[0.392s] -- Installing: /home/zjz/chapt9/fishbot_ws/src/install/micro_ros_msgs/share/micro_ros_msgs/environment/path.dsv
[0.395s] -- Installing: /home/zjz/chapt9/fishbot_ws/src/install/micro_ros_msgs/share/micro_ros_msgs/local_setup.bash
[0.395s] -- Installing: /home/zjz/chapt9/fishbot_ws/src/install/micro_ros_msgs/share/micro_ros_msgs/local_setup.sh
[0.395s] -- Installing: /home/zjz/chapt9/fishbot_ws/src/install/micro_ros_msgs/share/micro_ros_msgs/local_setup.zsh
[0.395s] -- Installing: /home/zjz/chapt9/fishbot_ws/src/install/micro_ros_msgs/share/micro_ros_msgs/local_setup.dsv
[0.396s] -- Installing: /home/zjz/chapt9/fishbot_ws/src/install/micro_ros_msgs/share/micro_ros_msgs/package.dsv
[0.397s] -- Installing: /home/zjz/chapt9/fishbot_ws/src/install/micro_ros_msgs/share/ament_index/resource_index/packages/micro_ros_msgs
[0.397s] -- Installing: /home/zjz/chapt9/fishbot_ws/src/install/micro_ros_msgs/share/micro_ros_msgs/cmake/export_micro_ros_msgs__rosidl_generator_cExport.cmake
[0.397s] -- Installing: /home/zjz/chapt9/fishbot_ws/src/install/micro_ros_msgs/share/micro_ros_msgs/cmake/export_micro_ros_msgs__rosidl_generator_cExport-noconfig.cmake
[0.398s] -- Installing: /home/zjz/chapt9/fishbot_ws/src/install/micro_ros_msgs/share/micro_ros_msgs/cmake/export_micro_ros_msgs__rosidl_typesupport_fastrtps_cExport.cmake
[0.398s] -- Installing: /home/zjz/chapt9/fishbot_ws/src/install/micro_ros_msgs/share/micro_ros_msgs/cmake/export_micro_ros_msgs__rosidl_typesupport_fastrtps_cExport-noconfig.cmake
[0.398s] -- Installing: /home/zjz/chapt9/fishbot_ws/src/install/micro_ros_msgs/share/micro_ros_msgs/cmake/micro_ros_msgs__rosidl_typesupport_introspection_cExport.cmake
[0.398s] -- Installing: /home/zjz/chapt9/fishbot_ws/src/install/micro_ros_msgs/share/micro_ros_msgs/cmake/micro_ros_msgs__rosidl_typesupport_introspection_cExport-noconfig.cmake
[0.398s] -- Installing: /home/zjz/chapt9/fishbot_ws/src/install/micro_ros_msgs/share/micro_ros_msgs/cmake/micro_ros_msgs__rosidl_typesupport_cExport.cmake
[0.399s] -- Installing: /home/zjz/chapt9/fishbot_ws/src/install/micro_ros_msgs/share/micro_ros_msgs/cmake/micro_ros_msgs__rosidl_typesupport_cExport-noconfig.cmake
[0.399s] -- Installing: /home/zjz/chapt9/fishbot_ws/src/install/micro_ros_msgs/share/micro_ros_msgs/cmake/export_micro_ros_msgs__rosidl_generator_cppExport.cmake
[0.399s] -- Installing: /home/zjz/chapt9/fishbot_ws/src/install/micro_ros_msgs/share/micro_ros_msgs/cmake/export_micro_ros_msgs__rosidl_typesupport_fastrtps_cppExport.cmake
[0.399s] -- Installing: /home/zjz/chapt9/fishbot_ws/src/install/micro_ros_msgs/share/micro_ros_msgs/cmake/export_micro_ros_msgs__rosidl_typesupport_fastrtps_cppExport-noconfig.cmake
[0.400s] -- Installing: /home/zjz/chapt9/fishbot_ws/src/install/micro_ros_msgs/share/micro_ros_msgs/cmake/micro_ros_msgs__rosidl_typesupport_introspection_cppExport.cmake
[0.400s] -- Installing: /home/zjz/chapt9/fishbot_ws/src/install/micro_ros_msgs/share/micro_ros_msgs/cmake/micro_ros_msgs__rosidl_typesupport_introspection_cppExport-noconfig.cmake
[0.401s] -- Installing: /home/zjz/chapt9/fishbot_ws/src/install/micro_ros_msgs/share/micro_ros_msgs/cmake/micro_ros_msgs__rosidl_typesupport_cppExport.cmake
[0.401s] -- Installing: /home/zjz/chapt9/fishbot_ws/src/install/micro_ros_msgs/share/micro_ros_msgs/cmake/micro_ros_msgs__rosidl_typesupport_cppExport-noconfig.cmake
[0.401s] -- Installing: /home/zjz/chapt9/fishbot_ws/src/install/micro_ros_msgs/share/micro_ros_msgs/cmake/export_micro_ros_msgs__rosidl_generator_pyExport.cmake
[0.402s] -- Installing: /home/zjz/chapt9/fishbot_ws/src/install/micro_ros_msgs/share/micro_ros_msgs/cmake/export_micro_ros_msgs__rosidl_generator_pyExport-noconfig.cmake
[0.402s] -- Installing: /home/zjz/chapt9/fishbot_ws/src/install/micro_ros_msgs/share/micro_ros_msgs/cmake/rosidl_cmake-extras.cmake
[0.403s] -- Installing: /home/zjz/chapt9/fishbot_ws/src/install/micro_ros_msgs/share/micro_ros_msgs/cmake/ament_cmake_export_include_directories-extras.cmake
[0.403s] -- Installing: /home/zjz/chapt9/fishbot_ws/src/install/micro_ros_msgs/share/micro_ros_msgs/cmake/ament_cmake_export_libraries-extras.cmake
[0.404s] -- Installing: /home/zjz/chapt9/fishbot_ws/src/install/micro_ros_msgs/share/micro_ros_msgs/cmake/ament_cmake_export_targets-extras.cmake
[0.404s] -- Installing: /home/zjz/chapt9/fishbot_ws/src/install/micro_ros_msgs/share/micro_ros_msgs/cmake/rosidl_cmake_export_typesupport_targets-extras.cmake
[0.404s] -- Installing: /home/zjz/chapt9/fishbot_ws/src/install/micro_ros_msgs/share/micro_ros_msgs/cmake/ament_cmake_export_dependencies-extras.cmake
[0.405s] -- Installing: /home/zjz/chapt9/fishbot_ws/src/install/micro_ros_msgs/share/micro_ros_msgs/cmake/rosidl_cmake_export_typesupport_libraries-extras.cmake
[0.405s] -- Installing: /home/zjz/chapt9/fishbot_ws/src/install/micro_ros_msgs/share/micro_ros_msgs/cmake/micro_ros_msgsConfig.cmake
[0.406s] -- Installing: /home/zjz/chapt9/fishbot_ws/src/install/micro_ros_msgs/share/micro_ros_msgs/cmake/micro_ros_msgsConfig-version.cmake
[0.406s] -- Installing: /home/zjz/chapt9/fishbot_ws/src/install/micro_ros_msgs/share/micro_ros_msgs/package.xml
[0.410s] Invoked command in '/home/zjz/chapt9/fishbot_ws/src/build/micro_ros_msgs' returned '0': CMAKE_PREFIX_PATH=/opt/ros/humble /usr/bin/cmake --install /home/zjz/chapt9/fishbot_ws/src/build/micro_ros_msgs
