[0.143s] DEBUG:colcon:Command line arguments: ['/usr/bin/colcon', 'build']
[0.143s] DEBUG:colcon:Parsed command line arguments: Namespace(log_base=None, log_level=None, verb_name='build', build_base='build', install_base='install', merge_install=False, symlink_install=False, test_result_base=None, continue_on_error=False, executor='parallel', parallel_workers=32, event_handlers=None, ignore_user_meta=False, metas=['./colcon.meta'], base_paths=['.'], packages_ignore=None, packages_ignore_regex=None, paths=None, packages_up_to=None, packages_up_to_regex=None, packages_above=None, packages_above_and_dependencies=None, packages_above_depth=None, packages_select_by_dep=None, packages_skip_by_dep=None, packages_skip_up_to=None, packages_select_build_failed=False, packages_skip_build_finished=False, packages_select_test_failures=False, packages_skip_test_passed=False, packages_select=None, packages_skip=None, packages_select_regex=None, packages_skip_regex=None, packages_start=None, packages_end=None, allow_overriding=[], cmake_args=None, cmake_target=None, cmake_target_skip_unavailable=False, cmake_clean_cache=False, cmake_clean_first=False, cmake_force_configure=False, ament_cmake_args=None, catkin_cmake_args=None, catkin_skip_building_tests=False, verb_parser=<colcon_defaults.argument_parser.defaults.DefaultArgumentsDecorator object at 0x75246d91fa00>, verb_extension=<colcon_core.verb.build.BuildVerb object at 0x75246dacd270>, main=<bound method BuildVerb.main of <colcon_core.verb.build.BuildVerb object at 0x75246dacd270>>)
[0.307s] Level 1:colcon.colcon_core.package_discovery:discover_packages(colcon_meta) check parameters
[0.307s] Level 1:colcon.colcon_core.package_discovery:discover_packages(recursive) check parameters
[0.307s] Level 1:colcon.colcon_core.package_discovery:discover_packages(ignore) check parameters
[0.307s] Level 1:colcon.colcon_core.package_discovery:discover_packages(path) check parameters
[0.307s] Level 1:colcon.colcon_core.package_discovery:discover_packages(colcon_meta) discover
[0.307s] Level 1:colcon.colcon_core.package_discovery:discover_packages(recursive) discover
[0.307s] INFO:colcon.colcon_core.package_discovery:Crawling recursively for packages in '/home/zjz/chapt9/fishbot_ws'
[0.307s] Level 1:colcon.colcon_core.package_identification:_identify(.) by extensions ['ignore', 'ignore_ament_install']
[0.307s] Level 1:colcon.colcon_core.package_identification:_identify(.) by extension 'ignore'
[0.307s] Level 1:colcon.colcon_core.package_identification:_identify(.) by extension 'ignore_ament_install'
[0.307s] Level 1:colcon.colcon_core.package_identification:_identify(.) by extensions ['colcon_pkg']
[0.307s] Level 1:colcon.colcon_core.package_identification:_identify(.) by extension 'colcon_pkg'
[0.307s] Level 1:colcon.colcon_core.package_identification:_identify(.) by extensions ['colcon_meta']
[0.307s] Level 1:colcon.colcon_core.package_identification:_identify(.) by extension 'colcon_meta'
[0.307s] Level 1:colcon.colcon_core.package_identification:_identify(.) by extensions ['ros']
[0.307s] Level 1:colcon.colcon_core.package_identification:_identify(.) by extension 'ros'
[0.314s] Level 1:colcon.colcon_core.package_identification:_identify(.) by extensions ['cmake', 'python']
[0.314s] Level 1:colcon.colcon_core.package_identification:_identify(.) by extension 'cmake'
[0.314s] Level 1:colcon.colcon_core.package_identification:_identify(.) by extension 'python'
[0.314s] Level 1:colcon.colcon_core.package_identification:_identify(.) by extensions ['python_setup_py']
[0.314s] Level 1:colcon.colcon_core.package_identification:_identify(.) by extension 'python_setup_py'
[0.314s] Level 1:colcon.colcon_core.package_identification:_identify(build) by extensions ['ignore', 'ignore_ament_install']
[0.314s] Level 1:colcon.colcon_core.package_identification:_identify(build) by extension 'ignore'
[0.314s] Level 1:colcon.colcon_core.package_identification:_identify(build) ignored
[0.314s] Level 1:colcon.colcon_core.package_identification:_identify(install) by extensions ['ignore', 'ignore_ament_install']
[0.315s] Level 1:colcon.colcon_core.package_identification:_identify(install) by extension 'ignore'
[0.315s] Level 1:colcon.colcon_core.package_identification:_identify(install) ignored
[0.315s] Level 1:colcon.colcon_core.package_identification:_identify(log) by extensions ['ignore', 'ignore_ament_install']
[0.315s] Level 1:colcon.colcon_core.package_identification:_identify(log) by extension 'ignore'
[0.315s] Level 1:colcon.colcon_core.package_identification:_identify(log) ignored
[0.315s] Level 1:colcon.colcon_core.package_identification:_identify(src) by extensions ['ignore', 'ignore_ament_install']
[0.315s] Level 1:colcon.colcon_core.package_identification:_identify(src) by extension 'ignore'
[0.315s] Level 1:colcon.colcon_core.package_identification:_identify(src) by extension 'ignore_ament_install'
[0.315s] Level 1:colcon.colcon_core.package_identification:_identify(src) by extensions ['colcon_pkg']
[0.315s] Level 1:colcon.colcon_core.package_identification:_identify(src) by extension 'colcon_pkg'
[0.315s] Level 1:colcon.colcon_core.package_identification:_identify(src) by extensions ['colcon_meta']
[0.315s] Level 1:colcon.colcon_core.package_identification:_identify(src) by extension 'colcon_meta'
[0.315s] Level 1:colcon.colcon_core.package_identification:_identify(src) by extensions ['ros']
[0.315s] Level 1:colcon.colcon_core.package_identification:_identify(src) by extension 'ros'
[0.315s] Level 1:colcon.colcon_core.package_identification:_identify(src) by extensions ['cmake', 'python']
[0.315s] Level 1:colcon.colcon_core.package_identification:_identify(src) by extension 'cmake'
[0.315s] Level 1:colcon.colcon_core.package_identification:_identify(src) by extension 'python'
[0.315s] Level 1:colcon.colcon_core.package_identification:_identify(src) by extensions ['python_setup_py']
[0.315s] Level 1:colcon.colcon_core.package_identification:_identify(src) by extension 'python_setup_py'
[0.315s] Level 1:colcon.colcon_core.package_identification:_identify(src/fishbot_bringup) by extensions ['ignore', 'ignore_ament_install']
[0.315s] Level 1:colcon.colcon_core.package_identification:_identify(src/fishbot_bringup) by extension 'ignore'
[0.315s] Level 1:colcon.colcon_core.package_identification:_identify(src/fishbot_bringup) by extension 'ignore_ament_install'
[0.315s] Level 1:colcon.colcon_core.package_identification:_identify(src/fishbot_bringup) by extensions ['colcon_pkg']
[0.315s] Level 1:colcon.colcon_core.package_identification:_identify(src/fishbot_bringup) by extension 'colcon_pkg'
[0.315s] Level 1:colcon.colcon_core.package_identification:_identify(src/fishbot_bringup) by extensions ['colcon_meta']
[0.315s] Level 1:colcon.colcon_core.package_identification:_identify(src/fishbot_bringup) by extension 'colcon_meta'
[0.316s] Level 1:colcon.colcon_core.package_identification:_identify(src/fishbot_bringup) by extensions ['ros']
[0.316s] Level 1:colcon.colcon_core.package_identification:_identify(src/fishbot_bringup) by extension 'ros'
[0.317s] DEBUG:colcon.colcon_core.package_identification:Package 'src/fishbot_bringup' with type 'ros.ament_cmake' and name 'fishbot_bringup'
[0.318s] Level 1:colcon.colcon_core.package_identification:_identify(src/fishbot_description) by extensions ['ignore', 'ignore_ament_install']
[0.318s] Level 1:colcon.colcon_core.package_identification:_identify(src/fishbot_description) by extension 'ignore'
[0.318s] Level 1:colcon.colcon_core.package_identification:_identify(src/fishbot_description) by extension 'ignore_ament_install'
[0.318s] Level 1:colcon.colcon_core.package_identification:_identify(src/fishbot_description) by extensions ['colcon_pkg']
[0.318s] Level 1:colcon.colcon_core.package_identification:_identify(src/fishbot_description) by extension 'colcon_pkg'
[0.318s] Level 1:colcon.colcon_core.package_identification:_identify(src/fishbot_description) by extensions ['colcon_meta']
[0.318s] Level 1:colcon.colcon_core.package_identification:_identify(src/fishbot_description) by extension 'colcon_meta'
[0.318s] Level 1:colcon.colcon_core.package_identification:_identify(src/fishbot_description) by extensions ['ros']
[0.318s] Level 1:colcon.colcon_core.package_identification:_identify(src/fishbot_description) by extension 'ros'
[0.318s] DEBUG:colcon.colcon_core.package_identification:Package 'src/fishbot_description' with type 'ros.ament_cmake' and name 'fishbot_description'
[0.318s] Level 1:colcon.colcon_core.package_identification:_identify(src/https:) by extensions ['ignore', 'ignore_ament_install']
[0.318s] Level 1:colcon.colcon_core.package_identification:_identify(src/https:) by extension 'ignore'
[0.318s] Level 1:colcon.colcon_core.package_identification:_identify(src/https:) by extension 'ignore_ament_install'
[0.318s] Level 1:colcon.colcon_core.package_identification:_identify(src/https:) by extensions ['colcon_pkg']
[0.318s] Level 1:colcon.colcon_core.package_identification:_identify(src/https:) by extension 'colcon_pkg'
[0.318s] Level 1:colcon.colcon_core.package_identification:_identify(src/https:) by extensions ['colcon_meta']
[0.318s] Level 1:colcon.colcon_core.package_identification:_identify(src/https:) by extension 'colcon_meta'
[0.319s] Level 1:colcon.colcon_core.package_identification:_identify(src/https:) by extensions ['ros']
[0.319s] Level 1:colcon.colcon_core.package_identification:_identify(src/https:) by extension 'ros'
[0.319s] Level 1:colcon.colcon_core.package_identification:_identify(src/https:) by extensions ['cmake', 'python']
[0.319s] Level 1:colcon.colcon_core.package_identification:_identify(src/https:) by extension 'cmake'
[0.319s] Level 1:colcon.colcon_core.package_identification:_identify(src/https:) by extension 'python'
[0.319s] Level 1:colcon.colcon_core.package_identification:_identify(src/https:) by extensions ['python_setup_py']
[0.319s] Level 1:colcon.colcon_core.package_identification:_identify(src/https:) by extension 'python_setup_py'
[0.319s] Level 1:colcon.colcon_core.package_identification:_identify(src/https:/github.com) by extensions ['ignore', 'ignore_ament_install']
[0.319s] Level 1:colcon.colcon_core.package_identification:_identify(src/https:/github.com) by extension 'ignore'
[0.319s] Level 1:colcon.colcon_core.package_identification:_identify(src/https:/github.com) by extension 'ignore_ament_install'
[0.319s] Level 1:colcon.colcon_core.package_identification:_identify(src/https:/github.com) by extensions ['colcon_pkg']
[0.319s] Level 1:colcon.colcon_core.package_identification:_identify(src/https:/github.com) by extension 'colcon_pkg'
[0.319s] Level 1:colcon.colcon_core.package_identification:_identify(src/https:/github.com) by extensions ['colcon_meta']
[0.319s] Level 1:colcon.colcon_core.package_identification:_identify(src/https:/github.com) by extension 'colcon_meta'
[0.319s] Level 1:colcon.colcon_core.package_identification:_identify(src/https:/github.com) by extensions ['ros']
[0.319s] Level 1:colcon.colcon_core.package_identification:_identify(src/https:/github.com) by extension 'ros'
[0.319s] Level 1:colcon.colcon_core.package_identification:_identify(src/https:/github.com) by extensions ['cmake', 'python']
[0.319s] Level 1:colcon.colcon_core.package_identification:_identify(src/https:/github.com) by extension 'cmake'
[0.319s] Level 1:colcon.colcon_core.package_identification:_identify(src/https:/github.com) by extension 'python'
[0.319s] Level 1:colcon.colcon_core.package_identification:_identify(src/https:/github.com) by extensions ['python_setup_py']
[0.319s] Level 1:colcon.colcon_core.package_identification:_identify(src/https:/github.com) by extension 'python_setup_py'
[0.319s] Level 1:colcon.colcon_core.package_identification:_identify(src/https:/github.com/micro-ROS) by extensions ['ignore', 'ignore_ament_install']
[0.319s] Level 1:colcon.colcon_core.package_identification:_identify(src/https:/github.com/micro-ROS) by extension 'ignore'
[0.319s] Level 1:colcon.colcon_core.package_identification:_identify(src/https:/github.com/micro-ROS) by extension 'ignore_ament_install'
[0.319s] Level 1:colcon.colcon_core.package_identification:_identify(src/https:/github.com/micro-ROS) by extensions ['colcon_pkg']
[0.319s] Level 1:colcon.colcon_core.package_identification:_identify(src/https:/github.com/micro-ROS) by extension 'colcon_pkg'
[0.319s] Level 1:colcon.colcon_core.package_identification:_identify(src/https:/github.com/micro-ROS) by extensions ['colcon_meta']
[0.319s] Level 1:colcon.colcon_core.package_identification:_identify(src/https:/github.com/micro-ROS) by extension 'colcon_meta'
[0.320s] Level 1:colcon.colcon_core.package_identification:_identify(src/https:/github.com/micro-ROS) by extensions ['ros']
[0.320s] Level 1:colcon.colcon_core.package_identification:_identify(src/https:/github.com/micro-ROS) by extension 'ros'
[0.320s] Level 1:colcon.colcon_core.package_identification:_identify(src/https:/github.com/micro-ROS) by extensions ['cmake', 'python']
[0.320s] Level 1:colcon.colcon_core.package_identification:_identify(src/https:/github.com/micro-ROS) by extension 'cmake'
[0.320s] Level 1:colcon.colcon_core.package_identification:_identify(src/https:/github.com/micro-ROS) by extension 'python'
[0.320s] Level 1:colcon.colcon_core.package_identification:_identify(src/https:/github.com/micro-ROS) by extensions ['python_setup_py']
[0.320s] Level 1:colcon.colcon_core.package_identification:_identify(src/https:/github.com/micro-ROS) by extension 'python_setup_py'
[0.320s] Level 1:colcon.colcon_core.package_identification:_identify(src/micro-ROS-Agent) by extensions ['ignore', 'ignore_ament_install']
[0.320s] Level 1:colcon.colcon_core.package_identification:_identify(src/micro-ROS-Agent) by extension 'ignore'
[0.320s] Level 1:colcon.colcon_core.package_identification:_identify(src/micro-ROS-Agent) by extension 'ignore_ament_install'
[0.320s] Level 1:colcon.colcon_core.package_identification:_identify(src/micro-ROS-Agent) by extensions ['colcon_pkg']
[0.320s] Level 1:colcon.colcon_core.package_identification:_identify(src/micro-ROS-Agent) by extension 'colcon_pkg'
[0.320s] Level 1:colcon.colcon_core.package_identification:_identify(src/micro-ROS-Agent) by extensions ['colcon_meta']
[0.320s] Level 1:colcon.colcon_core.package_identification:_identify(src/micro-ROS-Agent) by extension 'colcon_meta'
[0.320s] Level 1:colcon.colcon_core.package_identification:_identify(src/micro-ROS-Agent) by extensions ['ros']
[0.320s] Level 1:colcon.colcon_core.package_identification:_identify(src/micro-ROS-Agent) by extension 'ros'
[0.320s] Level 1:colcon.colcon_core.package_identification:_identify(src/micro-ROS-Agent) by extensions ['cmake', 'python']
[0.320s] Level 1:colcon.colcon_core.package_identification:_identify(src/micro-ROS-Agent) by extension 'cmake'
[0.320s] Level 1:colcon.colcon_core.package_identification:_identify(src/micro-ROS-Agent) by extension 'python'
[0.320s] Level 1:colcon.colcon_core.package_identification:_identify(src/micro-ROS-Agent) by extensions ['python_setup_py']
[0.320s] Level 1:colcon.colcon_core.package_identification:_identify(src/micro-ROS-Agent) by extension 'python_setup_py'
[0.320s] Level 1:colcon.colcon_core.package_identification:_identify(src/micro-ROS-Agent/micro_ros_agent) by extensions ['ignore', 'ignore_ament_install']
[0.320s] Level 1:colcon.colcon_core.package_identification:_identify(src/micro-ROS-Agent/micro_ros_agent) by extension 'ignore'
[0.320s] Level 1:colcon.colcon_core.package_identification:_identify(src/micro-ROS-Agent/micro_ros_agent) by extension 'ignore_ament_install'
[0.320s] Level 1:colcon.colcon_core.package_identification:_identify(src/micro-ROS-Agent/micro_ros_agent) by extensions ['colcon_pkg']
[0.320s] Level 1:colcon.colcon_core.package_identification:_identify(src/micro-ROS-Agent/micro_ros_agent) by extension 'colcon_pkg'
[0.321s] Level 1:colcon.colcon_core.package_identification:_identify(src/micro-ROS-Agent/micro_ros_agent) by extensions ['colcon_meta']
[0.321s] Level 1:colcon.colcon_core.package_identification:_identify(src/micro-ROS-Agent/micro_ros_agent) by extension 'colcon_meta'
[0.321s] Level 1:colcon.colcon_core.package_identification:_identify(src/micro-ROS-Agent/micro_ros_agent) by extensions ['ros']
[0.321s] Level 1:colcon.colcon_core.package_identification:_identify(src/micro-ROS-Agent/micro_ros_agent) by extension 'ros'
[0.321s] DEBUG:colcon.colcon_core.package_identification:Package 'src/micro-ROS-Agent/micro_ros_agent' with type 'ros.ament_cmake' and name 'micro_ros_agent'
[0.321s] Level 1:colcon.colcon_core.package_identification:_identify(src/micro-ROS-Agent/snap) by extensions ['ignore', 'ignore_ament_install']
[0.321s] Level 1:colcon.colcon_core.package_identification:_identify(src/micro-ROS-Agent/snap) by extension 'ignore'
[0.321s] Level 1:colcon.colcon_core.package_identification:_identify(src/micro-ROS-Agent/snap) by extension 'ignore_ament_install'
[0.322s] Level 1:colcon.colcon_core.package_identification:_identify(src/micro-ROS-Agent/snap) by extensions ['colcon_pkg']
[0.322s] Level 1:colcon.colcon_core.package_identification:_identify(src/micro-ROS-Agent/snap) by extension 'colcon_pkg'
[0.322s] Level 1:colcon.colcon_core.package_identification:_identify(src/micro-ROS-Agent/snap) by extensions ['colcon_meta']
[0.322s] Level 1:colcon.colcon_core.package_identification:_identify(src/micro-ROS-Agent/snap) by extension 'colcon_meta'
[0.322s] Level 1:colcon.colcon_core.package_identification:_identify(src/micro-ROS-Agent/snap) by extensions ['ros']
[0.322s] Level 1:colcon.colcon_core.package_identification:_identify(src/micro-ROS-Agent/snap) by extension 'ros'
[0.322s] Level 1:colcon.colcon_core.package_identification:_identify(src/micro-ROS-Agent/snap) by extensions ['cmake', 'python']
[0.322s] Level 1:colcon.colcon_core.package_identification:_identify(src/micro-ROS-Agent/snap) by extension 'cmake'
[0.322s] Level 1:colcon.colcon_core.package_identification:_identify(src/micro-ROS-Agent/snap) by extension 'python'
[0.322s] Level 1:colcon.colcon_core.package_identification:_identify(src/micro-ROS-Agent/snap) by extensions ['python_setup_py']
[0.322s] Level 1:colcon.colcon_core.package_identification:_identify(src/micro-ROS-Agent/snap) by extension 'python_setup_py'
[0.322s] Level 1:colcon.colcon_core.package_identification:_identify(src/micro-ROS-Agent/snap/hooks) by extensions ['ignore', 'ignore_ament_install']
[0.322s] Level 1:colcon.colcon_core.package_identification:_identify(src/micro-ROS-Agent/snap/hooks) by extension 'ignore'
[0.322s] Level 1:colcon.colcon_core.package_identification:_identify(src/micro-ROS-Agent/snap/hooks) by extension 'ignore_ament_install'
[0.322s] Level 1:colcon.colcon_core.package_identification:_identify(src/micro-ROS-Agent/snap/hooks) by extensions ['colcon_pkg']
[0.322s] Level 1:colcon.colcon_core.package_identification:_identify(src/micro-ROS-Agent/snap/hooks) by extension 'colcon_pkg'
[0.322s] Level 1:colcon.colcon_core.package_identification:_identify(src/micro-ROS-Agent/snap/hooks) by extensions ['colcon_meta']
[0.322s] Level 1:colcon.colcon_core.package_identification:_identify(src/micro-ROS-Agent/snap/hooks) by extension 'colcon_meta'
[0.322s] Level 1:colcon.colcon_core.package_identification:_identify(src/micro-ROS-Agent/snap/hooks) by extensions ['ros']
[0.322s] Level 1:colcon.colcon_core.package_identification:_identify(src/micro-ROS-Agent/snap/hooks) by extension 'ros'
[0.322s] Level 1:colcon.colcon_core.package_identification:_identify(src/micro-ROS-Agent/snap/hooks) by extensions ['cmake', 'python']
[0.322s] Level 1:colcon.colcon_core.package_identification:_identify(src/micro-ROS-Agent/snap/hooks) by extension 'cmake'
[0.322s] Level 1:colcon.colcon_core.package_identification:_identify(src/micro-ROS-Agent/snap/hooks) by extension 'python'
[0.322s] Level 1:colcon.colcon_core.package_identification:_identify(src/micro-ROS-Agent/snap/hooks) by extensions ['python_setup_py']
[0.322s] Level 1:colcon.colcon_core.package_identification:_identify(src/micro-ROS-Agent/snap/hooks) by extension 'python_setup_py'
[0.322s] Level 1:colcon.colcon_core.package_identification:_identify(src/micro-ROS-Agent/snap/local) by extensions ['ignore', 'ignore_ament_install']
[0.322s] Level 1:colcon.colcon_core.package_identification:_identify(src/micro-ROS-Agent/snap/local) by extension 'ignore'
[0.323s] Level 1:colcon.colcon_core.package_identification:_identify(src/micro-ROS-Agent/snap/local) by extension 'ignore_ament_install'
[0.323s] Level 1:colcon.colcon_core.package_identification:_identify(src/micro-ROS-Agent/snap/local) by extensions ['colcon_pkg']
[0.323s] Level 1:colcon.colcon_core.package_identification:_identify(src/micro-ROS-Agent/snap/local) by extension 'colcon_pkg'
[0.323s] Level 1:colcon.colcon_core.package_identification:_identify(src/micro-ROS-Agent/snap/local) by extensions ['colcon_meta']
[0.323s] Level 1:colcon.colcon_core.package_identification:_identify(src/micro-ROS-Agent/snap/local) by extension 'colcon_meta'
[0.323s] Level 1:colcon.colcon_core.package_identification:_identify(src/micro-ROS-Agent/snap/local) by extensions ['ros']
[0.323s] Level 1:colcon.colcon_core.package_identification:_identify(src/micro-ROS-Agent/snap/local) by extension 'ros'
[0.323s] Level 1:colcon.colcon_core.package_identification:_identify(src/micro-ROS-Agent/snap/local) by extensions ['cmake', 'python']
[0.323s] Level 1:colcon.colcon_core.package_identification:_identify(src/micro-ROS-Agent/snap/local) by extension 'cmake'
[0.323s] Level 1:colcon.colcon_core.package_identification:_identify(src/micro-ROS-Agent/snap/local) by extension 'python'
[0.323s] Level 1:colcon.colcon_core.package_identification:_identify(src/micro-ROS-Agent/snap/local) by extensions ['python_setup_py']
[0.323s] Level 1:colcon.colcon_core.package_identification:_identify(src/micro-ROS-Agent/snap/local) by extension 'python_setup_py'
[0.323s] Level 1:colcon.colcon_core.package_identification:_identify(src/micro_ros_msgs) by extensions ['ignore', 'ignore_ament_install']
[0.323s] Level 1:colcon.colcon_core.package_identification:_identify(src/micro_ros_msgs) by extension 'ignore'
[0.323s] Level 1:colcon.colcon_core.package_identification:_identify(src/micro_ros_msgs) by extension 'ignore_ament_install'
[0.323s] Level 1:colcon.colcon_core.package_identification:_identify(src/micro_ros_msgs) by extensions ['colcon_pkg']
[0.323s] Level 1:colcon.colcon_core.package_identification:_identify(src/micro_ros_msgs) by extension 'colcon_pkg'
[0.323s] Level 1:colcon.colcon_core.package_identification:_identify(src/micro_ros_msgs) by extensions ['colcon_meta']
[0.323s] Level 1:colcon.colcon_core.package_identification:_identify(src/micro_ros_msgs) by extension 'colcon_meta'
[0.323s] Level 1:colcon.colcon_core.package_identification:_identify(src/micro_ros_msgs) by extensions ['ros']
[0.323s] Level 1:colcon.colcon_core.package_identification:_identify(src/micro_ros_msgs) by extension 'ros'
[0.324s] DEBUG:colcon.colcon_core.package_identification:Package 'src/micro_ros_msgs' with type 'ros.ament_cmake' and name 'micro_ros_msgs'
[0.324s] Level 1:colcon.colcon_core.package_identification:_identify(src/ros_serial2wifi) by extensions ['ignore', 'ignore_ament_install']
[0.324s] Level 1:colcon.colcon_core.package_identification:_identify(src/ros_serial2wifi) by extension 'ignore'
[0.324s] Level 1:colcon.colcon_core.package_identification:_identify(src/ros_serial2wifi) by extension 'ignore_ament_install'
[0.324s] Level 1:colcon.colcon_core.package_identification:_identify(src/ros_serial2wifi) by extensions ['colcon_pkg']
[0.324s] Level 1:colcon.colcon_core.package_identification:_identify(src/ros_serial2wifi) by extension 'colcon_pkg'
[0.324s] Level 1:colcon.colcon_core.package_identification:_identify(src/ros_serial2wifi) by extensions ['colcon_meta']
[0.324s] Level 1:colcon.colcon_core.package_identification:_identify(src/ros_serial2wifi) by extension 'colcon_meta'
[0.324s] Level 1:colcon.colcon_core.package_identification:_identify(src/ros_serial2wifi) by extensions ['ros']
[0.324s] Level 1:colcon.colcon_core.package_identification:_identify(src/ros_serial2wifi) by extension 'ros'
[0.325s] DEBUG:colcon.colcon_core.package_identification:Package 'src/ros_serial2wifi' with type 'ros.ament_python' and name 'ros_serial2wifi'
[0.325s] Level 1:colcon.colcon_core.package_identification:_identify(src/ydlidar_ros2) by extensions ['ignore', 'ignore_ament_install']
[0.325s] Level 1:colcon.colcon_core.package_identification:_identify(src/ydlidar_ros2) by extension 'ignore'
[0.325s] Level 1:colcon.colcon_core.package_identification:_identify(src/ydlidar_ros2) by extension 'ignore_ament_install'
[0.325s] Level 1:colcon.colcon_core.package_identification:_identify(src/ydlidar_ros2) by extensions ['colcon_pkg']
[0.325s] Level 1:colcon.colcon_core.package_identification:_identify(src/ydlidar_ros2) by extension 'colcon_pkg'
[0.325s] Level 1:colcon.colcon_core.package_identification:_identify(src/ydlidar_ros2) by extensions ['colcon_meta']
[0.325s] Level 1:colcon.colcon_core.package_identification:_identify(src/ydlidar_ros2) by extension 'colcon_meta'
[0.325s] Level 1:colcon.colcon_core.package_identification:_identify(src/ydlidar_ros2) by extensions ['ros']
[0.325s] Level 1:colcon.colcon_core.package_identification:_identify(src/ydlidar_ros2) by extension 'ros'
[0.325s] DEBUG:colcon.colcon_core.package_identification:Package 'src/ydlidar_ros2' with type 'ros.ament_cmake' and name 'ydlidar'
[0.325s] Level 1:colcon.colcon_core.package_discovery:discover_packages(recursive) using defaults
[0.325s] Level 1:colcon.colcon_core.package_discovery:discover_packages(ignore) discover
[0.325s] Level 1:colcon.colcon_core.package_discovery:discover_packages(ignore) using defaults
[0.325s] Level 1:colcon.colcon_core.package_discovery:discover_packages(path) discover
[0.325s] Level 1:colcon.colcon_core.package_discovery:discover_packages(path) using defaults
[0.341s] Level 1:colcon.colcon_core.package_discovery:discover_packages(prefix_path) check parameters
[0.342s] Level 1:colcon.colcon_core.package_discovery:discover_packages(prefix_path) discover
[0.344s] DEBUG:colcon.colcon_installed_package_information.package_discovery:Found 6 installed packages in /home/zjz/chapt9/fishbot_ws/install
[0.345s] DEBUG:colcon.colcon_installed_package_information.package_discovery:Found 320 installed packages in /opt/ros/humble
[0.351s] Level 1:colcon.colcon_core.package_discovery:discover_packages(prefix_path) using defaults
[0.376s] Level 5:colcon.colcon_core.verb:set package 'fishbot_bringup' build argument 'cmake_args' from command line to 'None'
[0.376s] Level 5:colcon.colcon_core.verb:set package 'fishbot_bringup' build argument 'cmake_target' from command line to 'None'
[0.376s] Level 5:colcon.colcon_core.verb:set package 'fishbot_bringup' build argument 'cmake_target_skip_unavailable' from command line to 'False'
[0.376s] Level 5:colcon.colcon_core.verb:set package 'fishbot_bringup' build argument 'cmake_clean_cache' from command line to 'False'
[0.376s] Level 5:colcon.colcon_core.verb:set package 'fishbot_bringup' build argument 'cmake_clean_first' from command line to 'False'
[0.376s] Level 5:colcon.colcon_core.verb:set package 'fishbot_bringup' build argument 'cmake_force_configure' from command line to 'False'
[0.376s] Level 5:colcon.colcon_core.verb:set package 'fishbot_bringup' build argument 'ament_cmake_args' from command line to 'None'
[0.376s] Level 5:colcon.colcon_core.verb:set package 'fishbot_bringup' build argument 'catkin_cmake_args' from command line to 'None'
[0.376s] Level 5:colcon.colcon_core.verb:set package 'fishbot_bringup' build argument 'catkin_skip_building_tests' from command line to 'False'
[0.376s] DEBUG:colcon.colcon_core.verb:Building package 'fishbot_bringup' with the following arguments: {'ament_cmake_args': None, 'build_base': '/home/zjz/chapt9/fishbot_ws/build/fishbot_bringup', 'catkin_cmake_args': None, 'catkin_skip_building_tests': False, 'cmake_args': None, 'cmake_clean_cache': False, 'cmake_clean_first': False, 'cmake_force_configure': False, 'cmake_target': None, 'cmake_target_skip_unavailable': False, 'install_base': '/home/zjz/chapt9/fishbot_ws/install/fishbot_bringup', 'merge_install': False, 'path': '/home/zjz/chapt9/fishbot_ws/src/fishbot_bringup', 'symlink_install': False, 'test_result_base': None}
[0.376s] Level 5:colcon.colcon_core.verb:set package 'fishbot_description' build argument 'cmake_args' from command line to 'None'
[0.376s] Level 5:colcon.colcon_core.verb:set package 'fishbot_description' build argument 'cmake_target' from command line to 'None'
[0.376s] Level 5:colcon.colcon_core.verb:set package 'fishbot_description' build argument 'cmake_target_skip_unavailable' from command line to 'False'
[0.376s] Level 5:colcon.colcon_core.verb:set package 'fishbot_description' build argument 'cmake_clean_cache' from command line to 'False'
[0.376s] Level 5:colcon.colcon_core.verb:set package 'fishbot_description' build argument 'cmake_clean_first' from command line to 'False'
[0.376s] Level 5:colcon.colcon_core.verb:set package 'fishbot_description' build argument 'cmake_force_configure' from command line to 'False'
[0.376s] Level 5:colcon.colcon_core.verb:set package 'fishbot_description' build argument 'ament_cmake_args' from command line to 'None'
[0.376s] Level 5:colcon.colcon_core.verb:set package 'fishbot_description' build argument 'catkin_cmake_args' from command line to 'None'
[0.376s] Level 5:colcon.colcon_core.verb:set package 'fishbot_description' build argument 'catkin_skip_building_tests' from command line to 'False'
[0.376s] DEBUG:colcon.colcon_core.verb:Building package 'fishbot_description' with the following arguments: {'ament_cmake_args': None, 'build_base': '/home/zjz/chapt9/fishbot_ws/build/fishbot_description', 'catkin_cmake_args': None, 'catkin_skip_building_tests': False, 'cmake_args': None, 'cmake_clean_cache': False, 'cmake_clean_first': False, 'cmake_force_configure': False, 'cmake_target': None, 'cmake_target_skip_unavailable': False, 'install_base': '/home/zjz/chapt9/fishbot_ws/install/fishbot_description', 'merge_install': False, 'path': '/home/zjz/chapt9/fishbot_ws/src/fishbot_description', 'symlink_install': False, 'test_result_base': None}
[0.377s] Level 5:colcon.colcon_core.verb:set package 'micro_ros_msgs' build argument 'cmake_args' from command line to 'None'
[0.377s] Level 5:colcon.colcon_core.verb:set package 'micro_ros_msgs' build argument 'cmake_target' from command line to 'None'
[0.377s] Level 5:colcon.colcon_core.verb:set package 'micro_ros_msgs' build argument 'cmake_target_skip_unavailable' from command line to 'False'
[0.377s] Level 5:colcon.colcon_core.verb:set package 'micro_ros_msgs' build argument 'cmake_clean_cache' from command line to 'False'
[0.377s] Level 5:colcon.colcon_core.verb:set package 'micro_ros_msgs' build argument 'cmake_clean_first' from command line to 'False'
[0.377s] Level 5:colcon.colcon_core.verb:set package 'micro_ros_msgs' build argument 'cmake_force_configure' from command line to 'False'
[0.377s] Level 5:colcon.colcon_core.verb:set package 'micro_ros_msgs' build argument 'ament_cmake_args' from command line to 'None'
[0.377s] Level 5:colcon.colcon_core.verb:set package 'micro_ros_msgs' build argument 'catkin_cmake_args' from command line to 'None'
[0.377s] Level 5:colcon.colcon_core.verb:set package 'micro_ros_msgs' build argument 'catkin_skip_building_tests' from command line to 'False'
[0.377s] DEBUG:colcon.colcon_core.verb:Building package 'micro_ros_msgs' with the following arguments: {'ament_cmake_args': None, 'build_base': '/home/zjz/chapt9/fishbot_ws/build/micro_ros_msgs', 'catkin_cmake_args': None, 'catkin_skip_building_tests': False, 'cmake_args': None, 'cmake_clean_cache': False, 'cmake_clean_first': False, 'cmake_force_configure': False, 'cmake_target': None, 'cmake_target_skip_unavailable': False, 'install_base': '/home/zjz/chapt9/fishbot_ws/install/micro_ros_msgs', 'merge_install': False, 'path': '/home/zjz/chapt9/fishbot_ws/src/micro_ros_msgs', 'symlink_install': False, 'test_result_base': None}
[0.377s] Level 5:colcon.colcon_core.verb:set package 'ros_serial2wifi' build argument 'cmake_args' from command line to 'None'
[0.377s] Level 5:colcon.colcon_core.verb:set package 'ros_serial2wifi' build argument 'cmake_target' from command line to 'None'
[0.377s] Level 5:colcon.colcon_core.verb:set package 'ros_serial2wifi' build argument 'cmake_target_skip_unavailable' from command line to 'False'
[0.377s] Level 5:colcon.colcon_core.verb:set package 'ros_serial2wifi' build argument 'cmake_clean_cache' from command line to 'False'
[0.377s] Level 5:colcon.colcon_core.verb:set package 'ros_serial2wifi' build argument 'cmake_clean_first' from command line to 'False'
[0.377s] Level 5:colcon.colcon_core.verb:set package 'ros_serial2wifi' build argument 'cmake_force_configure' from command line to 'False'
[0.377s] Level 5:colcon.colcon_core.verb:set package 'ros_serial2wifi' build argument 'ament_cmake_args' from command line to 'None'
[0.377s] Level 5:colcon.colcon_core.verb:set package 'ros_serial2wifi' build argument 'catkin_cmake_args' from command line to 'None'
[0.377s] Level 5:colcon.colcon_core.verb:set package 'ros_serial2wifi' build argument 'catkin_skip_building_tests' from command line to 'False'
[0.377s] DEBUG:colcon.colcon_core.verb:Building package 'ros_serial2wifi' with the following arguments: {'ament_cmake_args': None, 'build_base': '/home/zjz/chapt9/fishbot_ws/build/ros_serial2wifi', 'catkin_cmake_args': None, 'catkin_skip_building_tests': False, 'cmake_args': None, 'cmake_clean_cache': False, 'cmake_clean_first': False, 'cmake_force_configure': False, 'cmake_target': None, 'cmake_target_skip_unavailable': False, 'install_base': '/home/zjz/chapt9/fishbot_ws/install/ros_serial2wifi', 'merge_install': False, 'path': '/home/zjz/chapt9/fishbot_ws/src/ros_serial2wifi', 'symlink_install': False, 'test_result_base': None}
[0.378s] Level 5:colcon.colcon_core.verb:set package 'ydlidar' build argument 'cmake_args' from command line to 'None'
[0.378s] Level 5:colcon.colcon_core.verb:set package 'ydlidar' build argument 'cmake_target' from command line to 'None'
[0.378s] Level 5:colcon.colcon_core.verb:set package 'ydlidar' build argument 'cmake_target_skip_unavailable' from command line to 'False'
[0.378s] Level 5:colcon.colcon_core.verb:set package 'ydlidar' build argument 'cmake_clean_cache' from command line to 'False'
[0.378s] Level 5:colcon.colcon_core.verb:set package 'ydlidar' build argument 'cmake_clean_first' from command line to 'False'
[0.378s] Level 5:colcon.colcon_core.verb:set package 'ydlidar' build argument 'cmake_force_configure' from command line to 'False'
[0.378s] Level 5:colcon.colcon_core.verb:set package 'ydlidar' build argument 'ament_cmake_args' from command line to 'None'
[0.378s] Level 5:colcon.colcon_core.verb:set package 'ydlidar' build argument 'catkin_cmake_args' from command line to 'None'
[0.378s] Level 5:colcon.colcon_core.verb:set package 'ydlidar' build argument 'catkin_skip_building_tests' from command line to 'False'
[0.378s] DEBUG:colcon.colcon_core.verb:Building package 'ydlidar' with the following arguments: {'ament_cmake_args': None, 'build_base': '/home/zjz/chapt9/fishbot_ws/build/ydlidar', 'catkin_cmake_args': None, 'catkin_skip_building_tests': False, 'cmake_args': None, 'cmake_clean_cache': False, 'cmake_clean_first': False, 'cmake_force_configure': False, 'cmake_target': None, 'cmake_target_skip_unavailable': False, 'install_base': '/home/zjz/chapt9/fishbot_ws/install/ydlidar', 'merge_install': False, 'path': '/home/zjz/chapt9/fishbot_ws/src/ydlidar_ros2', 'symlink_install': False, 'test_result_base': None}
[0.378s] Level 5:colcon.colcon_core.verb:set package 'micro_ros_agent' build argument 'cmake_args' from command line to 'None'
[0.378s] Level 5:colcon.colcon_core.verb:set package 'micro_ros_agent' build argument 'cmake_target' from command line to 'None'
[0.378s] Level 5:colcon.colcon_core.verb:set package 'micro_ros_agent' build argument 'cmake_target_skip_unavailable' from command line to 'False'
[0.378s] Level 5:colcon.colcon_core.verb:set package 'micro_ros_agent' build argument 'cmake_clean_cache' from command line to 'False'
[0.378s] Level 5:colcon.colcon_core.verb:set package 'micro_ros_agent' build argument 'cmake_clean_first' from command line to 'False'
[0.378s] Level 5:colcon.colcon_core.verb:set package 'micro_ros_agent' build argument 'cmake_force_configure' from command line to 'False'
[0.378s] Level 5:colcon.colcon_core.verb:set package 'micro_ros_agent' build argument 'ament_cmake_args' from command line to 'None'
[0.378s] Level 5:colcon.colcon_core.verb:set package 'micro_ros_agent' build argument 'catkin_cmake_args' from command line to 'None'
[0.378s] Level 5:colcon.colcon_core.verb:set package 'micro_ros_agent' build argument 'catkin_skip_building_tests' from command line to 'False'
[0.378s] DEBUG:colcon.colcon_core.verb:Building package 'micro_ros_agent' with the following arguments: {'ament_cmake_args': None, 'build_base': '/home/zjz/chapt9/fishbot_ws/build/micro_ros_agent', 'catkin_cmake_args': None, 'catkin_skip_building_tests': False, 'cmake_args': None, 'cmake_clean_cache': False, 'cmake_clean_first': False, 'cmake_force_configure': False, 'cmake_target': None, 'cmake_target_skip_unavailable': False, 'install_base': '/home/zjz/chapt9/fishbot_ws/install/micro_ros_agent', 'merge_install': False, 'path': '/home/zjz/chapt9/fishbot_ws/src/micro-ROS-Agent/micro_ros_agent', 'symlink_install': False, 'test_result_base': None}
[0.378s] INFO:colcon.colcon_core.executor:Executing jobs using 'parallel' executor
[0.379s] DEBUG:colcon.colcon_parallel_executor.executor.parallel:run_until_complete
[0.379s] INFO:colcon.colcon_ros.task.ament_cmake.build:Building ROS package in '/home/zjz/chapt9/fishbot_ws/src/micro_ros_msgs' with build type 'ament_cmake'
[0.379s] INFO:colcon.colcon_cmake.task.cmake.build:Building CMake package in '/home/zjz/chapt9/fishbot_ws/src/micro_ros_msgs'
[0.383s] INFO:colcon.colcon_core.plugin_system:Skipping extension 'colcon_core.shell.bat': Not used on non-Windows systems
[0.383s] INFO:colcon.colcon_core.shell:Skip shell extension 'powershell' for command environment: Not usable outside of PowerShell
[0.383s] DEBUG:colcon.colcon_core.shell:Skip shell extension 'dsv' for command environment
[0.385s] INFO:colcon.colcon_ros.task.ament_cmake.build:Building ROS package in '/home/zjz/chapt9/fishbot_ws/src/fishbot_bringup' with build type 'ament_cmake'
[0.386s] INFO:colcon.colcon_cmake.task.cmake.build:Building CMake package in '/home/zjz/chapt9/fishbot_ws/src/fishbot_bringup'
[0.386s] INFO:colcon.colcon_core.shell:Skip shell extension 'powershell' for command environment: Not usable outside of PowerShell
[0.386s] DEBUG:colcon.colcon_core.shell:Skip shell extension 'dsv' for command environment
[0.388s] INFO:colcon.colcon_ros.task.ament_cmake.build:Building ROS package in '/home/zjz/chapt9/fishbot_ws/src/fishbot_description' with build type 'ament_cmake'
[0.388s] INFO:colcon.colcon_cmake.task.cmake.build:Building CMake package in '/home/zjz/chapt9/fishbot_ws/src/fishbot_description'
[0.388s] INFO:colcon.colcon_core.shell:Skip shell extension 'powershell' for command environment: Not usable outside of PowerShell
[0.388s] DEBUG:colcon.colcon_core.shell:Skip shell extension 'dsv' for command environment
[0.390s] INFO:colcon.colcon_ros.task.ament_python.build:Building ROS package in '/home/zjz/chapt9/fishbot_ws/src/ros_serial2wifi' with build type 'ament_python'
[0.390s] Level 1:colcon.colcon_core.shell:create_environment_hook('ros_serial2wifi', 'ament_prefix_path')
[0.390s] INFO:colcon.colcon_core.shell:Creating environment hook '/home/zjz/chapt9/fishbot_ws/install/ros_serial2wifi/share/ros_serial2wifi/hook/ament_prefix_path.ps1'
[0.391s] INFO:colcon.colcon_core.shell:Creating environment descriptor '/home/zjz/chapt9/fishbot_ws/install/ros_serial2wifi/share/ros_serial2wifi/hook/ament_prefix_path.dsv'
[0.391s] INFO:colcon.colcon_core.shell:Creating environment hook '/home/zjz/chapt9/fishbot_ws/install/ros_serial2wifi/share/ros_serial2wifi/hook/ament_prefix_path.sh'
[0.392s] INFO:colcon.colcon_core.shell:Skip shell extension 'powershell' for command environment: Not usable outside of PowerShell
[0.392s] DEBUG:colcon.colcon_core.shell:Skip shell extension 'dsv' for command environment
[0.394s] INFO:colcon.colcon_ros.task.ament_cmake.build:Building ROS package in '/home/zjz/chapt9/fishbot_ws/src/ydlidar_ros2' with build type 'ament_cmake'
[0.394s] INFO:colcon.colcon_cmake.task.cmake.build:Building CMake package in '/home/zjz/chapt9/fishbot_ws/src/ydlidar_ros2'
[0.394s] INFO:colcon.colcon_core.shell:Skip shell extension 'powershell' for command environment: Not usable outside of PowerShell
[0.394s] DEBUG:colcon.colcon_core.shell:Skip shell extension 'dsv' for command environment
[0.399s] DEBUG:colcon.colcon_core.event_handler.log_command:Invoking command in '/home/zjz/chapt9/fishbot_ws/build/micro_ros_msgs': CMAKE_PREFIX_PATH=${CMAKE_PREFIX_PATH}:/home/zjz/chapt9/fishbot_ws/install/ros_serial2wifi:/opt/ros/humble /usr/bin/cmake --build /home/zjz/chapt9/fishbot_ws/build/micro_ros_msgs -- -j32 -l32
[0.404s] DEBUG:colcon.colcon_core.event_handler.log_command:Invoking command in '/home/zjz/chapt9/fishbot_ws/build/fishbot_bringup': CMAKE_PREFIX_PATH=${CMAKE_PREFIX_PATH}:/home/zjz/chapt9/fishbot_ws/install/ros_serial2wifi:/opt/ros/humble /usr/bin/cmake --build /home/zjz/chapt9/fishbot_ws/build/fishbot_bringup -- -j32 -l32
[0.407s] DEBUG:colcon.colcon_core.event_handler.log_command:Invoking command in '/home/zjz/chapt9/fishbot_ws/build/fishbot_description': CMAKE_PREFIX_PATH=${CMAKE_PREFIX_PATH}:/home/zjz/chapt9/fishbot_ws/install/ros_serial2wifi:/opt/ros/humble /usr/bin/cmake --build /home/zjz/chapt9/fishbot_ws/build/fishbot_description -- -j32 -l32
[0.537s] INFO:colcon.colcon_core.task.python.build:Building Python package in '/home/zjz/chapt9/fishbot_ws/src/ros_serial2wifi'
[0.537s] INFO:colcon.colcon_core.shell:Skip shell extension 'powershell' for command environment: Not usable outside of PowerShell
[0.537s] DEBUG:colcon.colcon_core.shell:Skip shell extension 'dsv' for command environment
[0.545s] DEBUG:colcon.colcon_core.event_handler.log_command:Invoking command in '/home/zjz/chapt9/fishbot_ws/build/ydlidar': CMAKE_PREFIX_PATH=${CMAKE_PREFIX_PATH}:/home/zjz/chapt9/fishbot_ws/install/ros_serial2wifi:/opt/ros/humble /usr/bin/cmake --build /home/zjz/chapt9/fishbot_ws/build/ydlidar -- -j32 -l32
[0.546s] DEBUG:colcon.colcon_core.event_handler.log_command:Invoked command in '/home/zjz/chapt9/fishbot_ws/build/fishbot_bringup' returned '0': CMAKE_PREFIX_PATH=${CMAKE_PREFIX_PATH}:/home/zjz/chapt9/fishbot_ws/install/ros_serial2wifi:/opt/ros/humble /usr/bin/cmake --build /home/zjz/chapt9/fishbot_ws/build/fishbot_bringup -- -j32 -l32
[0.552s] DEBUG:colcon.colcon_core.event_handler.log_command:Invoking command in '/home/zjz/chapt9/fishbot_ws/build/fishbot_bringup': CMAKE_PREFIX_PATH=${CMAKE_PREFIX_PATH}:/home/zjz/chapt9/fishbot_ws/install/ros_serial2wifi:/opt/ros/humble /usr/bin/cmake --install /home/zjz/chapt9/fishbot_ws/build/fishbot_bringup
[0.552s] DEBUG:colcon.colcon_core.event_handler.log_command:Invoked command in '/home/zjz/chapt9/fishbot_ws/build/fishbot_description' returned '0': CMAKE_PREFIX_PATH=${CMAKE_PREFIX_PATH}:/home/zjz/chapt9/fishbot_ws/install/ros_serial2wifi:/opt/ros/humble /usr/bin/cmake --build /home/zjz/chapt9/fishbot_ws/build/fishbot_description -- -j32 -l32
[0.554s] DEBUG:colcon.colcon_core.event_handler.log_command:Invoking command in '/home/zjz/chapt9/fishbot_ws/build/fishbot_description': CMAKE_PREFIX_PATH=${CMAKE_PREFIX_PATH}:/home/zjz/chapt9/fishbot_ws/install/ros_serial2wifi:/opt/ros/humble /usr/bin/cmake --install /home/zjz/chapt9/fishbot_ws/build/fishbot_description
[0.558s] Level 1:colcon.colcon_core.environment:create_environment_scripts_only(fishbot_bringup)
[0.561s] DEBUG:colcon.colcon_core.event_handler.log_command:Invoked command in '/home/zjz/chapt9/fishbot_ws/build/fishbot_bringup' returned '0': CMAKE_PREFIX_PATH=${CMAKE_PREFIX_PATH}:/home/zjz/chapt9/fishbot_ws/install/ros_serial2wifi:/opt/ros/humble /usr/bin/cmake --install /home/zjz/chapt9/fishbot_ws/build/fishbot_bringup
[0.563s] Level 1:colcon.colcon_core.environment:checking '/home/zjz/chapt9/fishbot_ws/install/fishbot_bringup' for CMake module files
[0.563s] Level 1:colcon.colcon_core.environment:checking '/home/zjz/chapt9/fishbot_ws/install/fishbot_bringup' for CMake config files
[0.563s] Level 1:colcon.colcon_core.shell:create_environment_hook('fishbot_bringup', 'cmake_prefix_path')
[0.563s] INFO:colcon.colcon_core.shell:Creating environment hook '/home/zjz/chapt9/fishbot_ws/install/fishbot_bringup/share/fishbot_bringup/hook/cmake_prefix_path.ps1'
[0.563s] INFO:colcon.colcon_core.shell:Creating environment descriptor '/home/zjz/chapt9/fishbot_ws/install/fishbot_bringup/share/fishbot_bringup/hook/cmake_prefix_path.dsv'
[0.564s] INFO:colcon.colcon_core.shell:Creating environment hook '/home/zjz/chapt9/fishbot_ws/install/fishbot_bringup/share/fishbot_bringup/hook/cmake_prefix_path.sh'
[0.564s] Level 1:colcon.colcon_core.environment:checking '/home/zjz/chapt9/fishbot_ws/install/fishbot_bringup/lib'
[0.564s] Level 1:colcon.colcon_core.environment:checking '/home/zjz/chapt9/fishbot_ws/install/fishbot_bringup/bin'
[0.564s] Level 1:colcon.colcon_core.environment:checking '/home/zjz/chapt9/fishbot_ws/install/fishbot_bringup/lib/pkgconfig/fishbot_bringup.pc'
[0.564s] Level 1:colcon.colcon_core.environment:checking '/home/zjz/chapt9/fishbot_ws/install/fishbot_bringup/lib/python3.10/site-packages'
[0.564s] Level 1:colcon.colcon_core.environment:checking '/home/zjz/chapt9/fishbot_ws/install/fishbot_bringup/bin'
[0.565s] INFO:colcon.colcon_core.shell:Creating package script '/home/zjz/chapt9/fishbot_ws/install/fishbot_bringup/share/fishbot_bringup/package.ps1'
[0.565s] INFO:colcon.colcon_core.shell:Creating package descriptor '/home/zjz/chapt9/fishbot_ws/install/fishbot_bringup/share/fishbot_bringup/package.dsv'
[0.566s] INFO:colcon.colcon_core.shell:Creating package script '/home/zjz/chapt9/fishbot_ws/install/fishbot_bringup/share/fishbot_bringup/package.sh'
[0.566s] INFO:colcon.colcon_core.shell:Creating package script '/home/zjz/chapt9/fishbot_ws/install/fishbot_bringup/share/fishbot_bringup/package.bash'
[0.567s] INFO:colcon.colcon_core.shell:Creating package script '/home/zjz/chapt9/fishbot_ws/install/fishbot_bringup/share/fishbot_bringup/package.zsh'
[0.568s] Level 1:colcon.colcon_core.environment:create_file_with_runtime_dependencies(/home/zjz/chapt9/fishbot_ws/install/fishbot_bringup/share/colcon-core/packages/fishbot_bringup)
[0.568s] Level 1:colcon.colcon_core.environment:create_environment_scripts_only(fishbot_bringup)
[0.568s] Level 1:colcon.colcon_core.environment:checking '/home/zjz/chapt9/fishbot_ws/install/fishbot_bringup' for CMake module files
[0.568s] Level 1:colcon.colcon_core.environment:checking '/home/zjz/chapt9/fishbot_ws/install/fishbot_bringup' for CMake config files
[0.568s] Level 1:colcon.colcon_core.shell:create_environment_hook('fishbot_bringup', 'cmake_prefix_path')
[0.569s] INFO:colcon.colcon_core.shell:Creating environment hook '/home/zjz/chapt9/fishbot_ws/install/fishbot_bringup/share/fishbot_bringup/hook/cmake_prefix_path.ps1'
[0.569s] INFO:colcon.colcon_core.shell:Creating environment descriptor '/home/zjz/chapt9/fishbot_ws/install/fishbot_bringup/share/fishbot_bringup/hook/cmake_prefix_path.dsv'
[0.569s] INFO:colcon.colcon_core.shell:Creating environment hook '/home/zjz/chapt9/fishbot_ws/install/fishbot_bringup/share/fishbot_bringup/hook/cmake_prefix_path.sh'
[0.569s] Level 1:colcon.colcon_core.environment:checking '/home/zjz/chapt9/fishbot_ws/install/fishbot_bringup/lib'
[0.569s] Level 1:colcon.colcon_core.environment:checking '/home/zjz/chapt9/fishbot_ws/install/fishbot_bringup/bin'
[0.569s] Level 1:colcon.colcon_core.environment:checking '/home/zjz/chapt9/fishbot_ws/install/fishbot_bringup/lib/pkgconfig/fishbot_bringup.pc'
[0.569s] Level 1:colcon.colcon_core.environment:checking '/home/zjz/chapt9/fishbot_ws/install/fishbot_bringup/lib/python3.10/site-packages'
[0.570s] Level 1:colcon.colcon_core.environment:checking '/home/zjz/chapt9/fishbot_ws/install/fishbot_bringup/bin'
[0.570s] INFO:colcon.colcon_core.shell:Creating package script '/home/zjz/chapt9/fishbot_ws/install/fishbot_bringup/share/fishbot_bringup/package.ps1'
[0.570s] INFO:colcon.colcon_core.shell:Creating package descriptor '/home/zjz/chapt9/fishbot_ws/install/fishbot_bringup/share/fishbot_bringup/package.dsv'
[0.570s] INFO:colcon.colcon_core.shell:Creating package script '/home/zjz/chapt9/fishbot_ws/install/fishbot_bringup/share/fishbot_bringup/package.sh'
[0.570s] INFO:colcon.colcon_core.shell:Creating package script '/home/zjz/chapt9/fishbot_ws/install/fishbot_bringup/share/fishbot_bringup/package.bash'
[0.571s] INFO:colcon.colcon_core.shell:Creating package script '/home/zjz/chapt9/fishbot_ws/install/fishbot_bringup/share/fishbot_bringup/package.zsh'
[0.571s] Level 1:colcon.colcon_core.environment:create_file_with_runtime_dependencies(/home/zjz/chapt9/fishbot_ws/install/fishbot_bringup/share/colcon-core/packages/fishbot_bringup)
[0.572s] Level 1:colcon.colcon_core.environment:create_environment_scripts_only(fishbot_description)
[0.572s] Level 1:colcon.colcon_core.environment:checking '/home/zjz/chapt9/fishbot_ws/install/fishbot_description' for CMake module files
[0.572s] DEBUG:colcon.colcon_core.event_handler.log_command:Invoked command in '/home/zjz/chapt9/fishbot_ws/build/fishbot_description' returned '0': CMAKE_PREFIX_PATH=${CMAKE_PREFIX_PATH}:/home/zjz/chapt9/fishbot_ws/install/ros_serial2wifi:/opt/ros/humble /usr/bin/cmake --install /home/zjz/chapt9/fishbot_ws/build/fishbot_description
[0.572s] Level 1:colcon.colcon_core.environment:checking '/home/zjz/chapt9/fishbot_ws/install/fishbot_description' for CMake config files
[0.573s] Level 1:colcon.colcon_core.shell:create_environment_hook('fishbot_description', 'cmake_prefix_path')
[0.573s] INFO:colcon.colcon_core.shell:Creating environment hook '/home/zjz/chapt9/fishbot_ws/install/fishbot_description/share/fishbot_description/hook/cmake_prefix_path.ps1'
[0.573s] INFO:colcon.colcon_core.shell:Creating environment descriptor '/home/zjz/chapt9/fishbot_ws/install/fishbot_description/share/fishbot_description/hook/cmake_prefix_path.dsv'
[0.573s] INFO:colcon.colcon_core.shell:Creating environment hook '/home/zjz/chapt9/fishbot_ws/install/fishbot_description/share/fishbot_description/hook/cmake_prefix_path.sh'
[0.573s] Level 1:colcon.colcon_core.environment:checking '/home/zjz/chapt9/fishbot_ws/install/fishbot_description/bin'
[0.573s] Level 1:colcon.colcon_core.environment:checking '/home/zjz/chapt9/fishbot_ws/install/fishbot_description/lib/pkgconfig/fishbot_description.pc'
[0.574s] Level 1:colcon.colcon_core.environment:checking '/home/zjz/chapt9/fishbot_ws/install/fishbot_description/lib/python3.10/site-packages'
[0.574s] Level 1:colcon.colcon_core.environment:checking '/home/zjz/chapt9/fishbot_ws/install/fishbot_description/bin'
[0.574s] INFO:colcon.colcon_core.shell:Creating package script '/home/zjz/chapt9/fishbot_ws/install/fishbot_description/share/fishbot_description/package.ps1'
[0.574s] INFO:colcon.colcon_core.shell:Creating package descriptor '/home/zjz/chapt9/fishbot_ws/install/fishbot_description/share/fishbot_description/package.dsv'
[0.575s] INFO:colcon.colcon_core.shell:Creating package script '/home/zjz/chapt9/fishbot_ws/install/fishbot_description/share/fishbot_description/package.sh'
[0.575s] INFO:colcon.colcon_core.shell:Creating package script '/home/zjz/chapt9/fishbot_ws/install/fishbot_description/share/fishbot_description/package.bash'
[0.575s] INFO:colcon.colcon_core.shell:Creating package script '/home/zjz/chapt9/fishbot_ws/install/fishbot_description/share/fishbot_description/package.zsh'
[0.575s] Level 1:colcon.colcon_core.environment:create_file_with_runtime_dependencies(/home/zjz/chapt9/fishbot_ws/install/fishbot_description/share/colcon-core/packages/fishbot_description)
[0.575s] Level 1:colcon.colcon_core.environment:create_environment_scripts_only(fishbot_description)
[0.576s] Level 1:colcon.colcon_core.environment:checking '/home/zjz/chapt9/fishbot_ws/install/fishbot_description' for CMake module files
[0.576s] Level 1:colcon.colcon_core.environment:checking '/home/zjz/chapt9/fishbot_ws/install/fishbot_description' for CMake config files
[0.576s] Level 1:colcon.colcon_core.shell:create_environment_hook('fishbot_description', 'cmake_prefix_path')
[0.576s] INFO:colcon.colcon_core.shell:Creating environment hook '/home/zjz/chapt9/fishbot_ws/install/fishbot_description/share/fishbot_description/hook/cmake_prefix_path.ps1'
[0.576s] INFO:colcon.colcon_core.shell:Creating environment descriptor '/home/zjz/chapt9/fishbot_ws/install/fishbot_description/share/fishbot_description/hook/cmake_prefix_path.dsv'
[0.576s] INFO:colcon.colcon_core.shell:Creating environment hook '/home/zjz/chapt9/fishbot_ws/install/fishbot_description/share/fishbot_description/hook/cmake_prefix_path.sh'
[0.577s] Level 1:colcon.colcon_core.environment:checking '/home/zjz/chapt9/fishbot_ws/install/fishbot_description/bin'
[0.577s] Level 1:colcon.colcon_core.environment:checking '/home/zjz/chapt9/fishbot_ws/install/fishbot_description/lib/pkgconfig/fishbot_description.pc'
[0.577s] Level 1:colcon.colcon_core.environment:checking '/home/zjz/chapt9/fishbot_ws/install/fishbot_description/lib/python3.10/site-packages'
[0.577s] Level 1:colcon.colcon_core.environment:checking '/home/zjz/chapt9/fishbot_ws/install/fishbot_description/bin'
[0.577s] INFO:colcon.colcon_core.shell:Creating package script '/home/zjz/chapt9/fishbot_ws/install/fishbot_description/share/fishbot_description/package.ps1'
[0.578s] INFO:colcon.colcon_core.shell:Creating package descriptor '/home/zjz/chapt9/fishbot_ws/install/fishbot_description/share/fishbot_description/package.dsv'
[0.579s] INFO:colcon.colcon_core.shell:Creating package script '/home/zjz/chapt9/fishbot_ws/install/fishbot_description/share/fishbot_description/package.sh'
[0.579s] INFO:colcon.colcon_core.shell:Creating package script '/home/zjz/chapt9/fishbot_ws/install/fishbot_description/share/fishbot_description/package.bash'
[0.580s] INFO:colcon.colcon_core.shell:Creating package script '/home/zjz/chapt9/fishbot_ws/install/fishbot_description/share/fishbot_description/package.zsh'
[0.580s] Level 1:colcon.colcon_core.environment:create_file_with_runtime_dependencies(/home/zjz/chapt9/fishbot_ws/install/fishbot_description/share/colcon-core/packages/fishbot_description)
[0.585s] DEBUG:colcon.colcon_core.event_handler.log_command:Invoked command in '/home/zjz/chapt9/fishbot_ws/build/ydlidar' returned '0': CMAKE_PREFIX_PATH=${CMAKE_PREFIX_PATH}:/home/zjz/chapt9/fishbot_ws/install/ros_serial2wifi:/opt/ros/humble /usr/bin/cmake --build /home/zjz/chapt9/fishbot_ws/build/ydlidar -- -j32 -l32
[0.587s] DEBUG:colcon.colcon_core.event_handler.log_command:Invoking command in '/home/zjz/chapt9/fishbot_ws/build/ydlidar': CMAKE_PREFIX_PATH=${CMAKE_PREFIX_PATH}:/home/zjz/chapt9/fishbot_ws/install/ros_serial2wifi:/opt/ros/humble /usr/bin/cmake --install /home/zjz/chapt9/fishbot_ws/build/ydlidar
[0.597s] Level 1:colcon.colcon_core.environment:create_environment_scripts_only(ydlidar)
[0.597s] DEBUG:colcon.colcon_core.event_handler.log_command:Invoked command in '/home/zjz/chapt9/fishbot_ws/build/ydlidar' returned '0': CMAKE_PREFIX_PATH=${CMAKE_PREFIX_PATH}:/home/zjz/chapt9/fishbot_ws/install/ros_serial2wifi:/opt/ros/humble /usr/bin/cmake --install /home/zjz/chapt9/fishbot_ws/build/ydlidar
[0.597s] Level 1:colcon.colcon_core.environment:checking '/home/zjz/chapt9/fishbot_ws/install/ydlidar' for CMake module files
[0.598s] Level 1:colcon.colcon_core.environment:checking '/home/zjz/chapt9/fishbot_ws/install/ydlidar' for CMake config files
[0.598s] Level 1:colcon.colcon_core.shell:create_environment_hook('ydlidar', 'cmake_prefix_path')
[0.598s] INFO:colcon.colcon_core.shell:Creating environment hook '/home/zjz/chapt9/fishbot_ws/install/ydlidar/share/ydlidar/hook/cmake_prefix_path.ps1'
[0.598s] INFO:colcon.colcon_core.shell:Creating environment descriptor '/home/zjz/chapt9/fishbot_ws/install/ydlidar/share/ydlidar/hook/cmake_prefix_path.dsv'
[0.598s] INFO:colcon.colcon_core.shell:Creating environment hook '/home/zjz/chapt9/fishbot_ws/install/ydlidar/share/ydlidar/hook/cmake_prefix_path.sh'
[0.599s] Level 1:colcon.colcon_core.environment:checking '/home/zjz/chapt9/fishbot_ws/install/ydlidar/lib'
[0.599s] Level 1:colcon.colcon_core.environment:checking '/home/zjz/chapt9/fishbot_ws/install/ydlidar/bin'
[0.599s] Level 1:colcon.colcon_core.environment:checking '/home/zjz/chapt9/fishbot_ws/install/ydlidar/lib/pkgconfig/ydlidar.pc'
[0.599s] Level 1:colcon.colcon_core.environment:checking '/home/zjz/chapt9/fishbot_ws/install/ydlidar/lib/python3.10/site-packages'
[0.599s] Level 1:colcon.colcon_core.environment:checking '/home/zjz/chapt9/fishbot_ws/install/ydlidar/bin'
[0.599s] INFO:colcon.colcon_core.shell:Creating package script '/home/zjz/chapt9/fishbot_ws/install/ydlidar/share/ydlidar/package.ps1'
[0.600s] INFO:colcon.colcon_core.shell:Creating package descriptor '/home/zjz/chapt9/fishbot_ws/install/ydlidar/share/ydlidar/package.dsv'
[0.600s] INFO:colcon.colcon_core.shell:Creating package script '/home/zjz/chapt9/fishbot_ws/install/ydlidar/share/ydlidar/package.sh'
[0.600s] INFO:colcon.colcon_core.shell:Creating package script '/home/zjz/chapt9/fishbot_ws/install/ydlidar/share/ydlidar/package.bash'
[0.600s] INFO:colcon.colcon_core.shell:Creating package script '/home/zjz/chapt9/fishbot_ws/install/ydlidar/share/ydlidar/package.zsh'
[0.600s] Level 1:colcon.colcon_core.environment:create_file_with_runtime_dependencies(/home/zjz/chapt9/fishbot_ws/install/ydlidar/share/colcon-core/packages/ydlidar)
[0.601s] Level 1:colcon.colcon_core.environment:create_environment_scripts_only(ydlidar)
[0.601s] Level 1:colcon.colcon_core.environment:checking '/home/zjz/chapt9/fishbot_ws/install/ydlidar' for CMake module files
[0.601s] Level 1:colcon.colcon_core.environment:checking '/home/zjz/chapt9/fishbot_ws/install/ydlidar' for CMake config files
[0.601s] Level 1:colcon.colcon_core.shell:create_environment_hook('ydlidar', 'cmake_prefix_path')
[0.601s] INFO:colcon.colcon_core.shell:Creating environment hook '/home/zjz/chapt9/fishbot_ws/install/ydlidar/share/ydlidar/hook/cmake_prefix_path.ps1'
[0.601s] INFO:colcon.colcon_core.shell:Creating environment descriptor '/home/zjz/chapt9/fishbot_ws/install/ydlidar/share/ydlidar/hook/cmake_prefix_path.dsv'
[0.602s] INFO:colcon.colcon_core.shell:Creating environment hook '/home/zjz/chapt9/fishbot_ws/install/ydlidar/share/ydlidar/hook/cmake_prefix_path.sh'
[0.602s] Level 1:colcon.colcon_core.environment:checking '/home/zjz/chapt9/fishbot_ws/install/ydlidar/lib'
[0.602s] Level 1:colcon.colcon_core.environment:checking '/home/zjz/chapt9/fishbot_ws/install/ydlidar/bin'
[0.602s] Level 1:colcon.colcon_core.environment:checking '/home/zjz/chapt9/fishbot_ws/install/ydlidar/lib/pkgconfig/ydlidar.pc'
[0.602s] Level 1:colcon.colcon_core.environment:checking '/home/zjz/chapt9/fishbot_ws/install/ydlidar/lib/python3.10/site-packages'
[0.602s] Level 1:colcon.colcon_core.environment:checking '/home/zjz/chapt9/fishbot_ws/install/ydlidar/bin'
[0.602s] INFO:colcon.colcon_core.shell:Creating package script '/home/zjz/chapt9/fishbot_ws/install/ydlidar/share/ydlidar/package.ps1'
[0.603s] INFO:colcon.colcon_core.shell:Creating package descriptor '/home/zjz/chapt9/fishbot_ws/install/ydlidar/share/ydlidar/package.dsv'
[0.603s] INFO:colcon.colcon_core.shell:Creating package script '/home/zjz/chapt9/fishbot_ws/install/ydlidar/share/ydlidar/package.sh'
[0.603s] INFO:colcon.colcon_core.shell:Creating package script '/home/zjz/chapt9/fishbot_ws/install/ydlidar/share/ydlidar/package.bash'
[0.603s] INFO:colcon.colcon_core.shell:Creating package script '/home/zjz/chapt9/fishbot_ws/install/ydlidar/share/ydlidar/package.zsh'
[0.604s] Level 1:colcon.colcon_core.environment:create_file_with_runtime_dependencies(/home/zjz/chapt9/fishbot_ws/install/ydlidar/share/colcon-core/packages/ydlidar)
[0.605s] DEBUG:colcon.colcon_core.event_handler.log_command:Invoked command in '/home/zjz/chapt9/fishbot_ws/build/micro_ros_msgs' returned '0': CMAKE_PREFIX_PATH=${CMAKE_PREFIX_PATH}:/home/zjz/chapt9/fishbot_ws/install/ros_serial2wifi:/opt/ros/humble /usr/bin/cmake --build /home/zjz/chapt9/fishbot_ws/build/micro_ros_msgs -- -j32 -l32
[0.606s] DEBUG:colcon.colcon_core.event_handler.log_command:Invoking command in '/home/zjz/chapt9/fishbot_ws/build/micro_ros_msgs': CMAKE_PREFIX_PATH=${CMAKE_PREFIX_PATH}:/home/zjz/chapt9/fishbot_ws/install/ros_serial2wifi:/opt/ros/humble /usr/bin/cmake --install /home/zjz/chapt9/fishbot_ws/build/micro_ros_msgs
[0.646s] Level 1:colcon.colcon_core.environment:create_environment_scripts_only(micro_ros_msgs)
[0.646s] Level 1:colcon.colcon_core.environment:checking '/home/zjz/chapt9/fishbot_ws/install/micro_ros_msgs' for CMake module files
[0.646s] DEBUG:colcon.colcon_core.event_handler.log_command:Invoked command in '/home/zjz/chapt9/fishbot_ws/build/micro_ros_msgs' returned '0': CMAKE_PREFIX_PATH=${CMAKE_PREFIX_PATH}:/home/zjz/chapt9/fishbot_ws/install/ros_serial2wifi:/opt/ros/humble /usr/bin/cmake --install /home/zjz/chapt9/fishbot_ws/build/micro_ros_msgs
[0.647s] Level 1:colcon.colcon_core.environment:checking '/home/zjz/chapt9/fishbot_ws/install/micro_ros_msgs' for CMake config files
[0.647s] Level 1:colcon.colcon_core.shell:create_environment_hook('micro_ros_msgs', 'cmake_prefix_path')
[0.647s] INFO:colcon.colcon_core.shell:Creating environment hook '/home/zjz/chapt9/fishbot_ws/install/micro_ros_msgs/share/micro_ros_msgs/hook/cmake_prefix_path.ps1'
[0.647s] INFO:colcon.colcon_core.shell:Creating environment descriptor '/home/zjz/chapt9/fishbot_ws/install/micro_ros_msgs/share/micro_ros_msgs/hook/cmake_prefix_path.dsv'
[0.648s] INFO:colcon.colcon_core.shell:Creating environment hook '/home/zjz/chapt9/fishbot_ws/install/micro_ros_msgs/share/micro_ros_msgs/hook/cmake_prefix_path.sh'
[0.648s] Level 1:colcon.colcon_core.environment:checking '/home/zjz/chapt9/fishbot_ws/install/micro_ros_msgs/lib'
[0.648s] Level 1:colcon.colcon_core.shell:create_environment_hook('micro_ros_msgs', 'ld_library_path_lib')
[0.648s] INFO:colcon.colcon_core.shell:Creating environment hook '/home/zjz/chapt9/fishbot_ws/install/micro_ros_msgs/share/micro_ros_msgs/hook/ld_library_path_lib.ps1'
[0.648s] INFO:colcon.colcon_core.shell:Creating environment descriptor '/home/zjz/chapt9/fishbot_ws/install/micro_ros_msgs/share/micro_ros_msgs/hook/ld_library_path_lib.dsv'
[0.648s] INFO:colcon.colcon_core.shell:Creating environment hook '/home/zjz/chapt9/fishbot_ws/install/micro_ros_msgs/share/micro_ros_msgs/hook/ld_library_path_lib.sh'
[0.649s] Level 1:colcon.colcon_core.environment:checking '/home/zjz/chapt9/fishbot_ws/install/micro_ros_msgs/bin'
[0.649s] Level 1:colcon.colcon_core.environment:checking '/home/zjz/chapt9/fishbot_ws/install/micro_ros_msgs/lib/pkgconfig/micro_ros_msgs.pc'
[0.649s] Level 1:colcon.colcon_core.environment:checking '/home/zjz/chapt9/fishbot_ws/install/micro_ros_msgs/lib/python3.10/site-packages'
[0.649s] Level 1:colcon.colcon_core.environment:checking '/home/zjz/chapt9/fishbot_ws/install/micro_ros_msgs/bin'
[0.649s] INFO:colcon.colcon_core.shell:Creating package script '/home/zjz/chapt9/fishbot_ws/install/micro_ros_msgs/share/micro_ros_msgs/package.ps1'
[0.650s] INFO:colcon.colcon_core.shell:Creating package descriptor '/home/zjz/chapt9/fishbot_ws/install/micro_ros_msgs/share/micro_ros_msgs/package.dsv'
[0.650s] INFO:colcon.colcon_core.shell:Creating package script '/home/zjz/chapt9/fishbot_ws/install/micro_ros_msgs/share/micro_ros_msgs/package.sh'
[0.650s] INFO:colcon.colcon_core.shell:Creating package script '/home/zjz/chapt9/fishbot_ws/install/micro_ros_msgs/share/micro_ros_msgs/package.bash'
[0.650s] INFO:colcon.colcon_core.shell:Creating package script '/home/zjz/chapt9/fishbot_ws/install/micro_ros_msgs/share/micro_ros_msgs/package.zsh'
[0.651s] Level 1:colcon.colcon_core.environment:create_file_with_runtime_dependencies(/home/zjz/chapt9/fishbot_ws/install/micro_ros_msgs/share/colcon-core/packages/micro_ros_msgs)
[0.651s] Level 1:colcon.colcon_core.environment:create_environment_scripts_only(micro_ros_msgs)
[0.651s] Level 1:colcon.colcon_core.environment:checking '/home/zjz/chapt9/fishbot_ws/install/micro_ros_msgs' for CMake module files
[0.651s] Level 1:colcon.colcon_core.environment:checking '/home/zjz/chapt9/fishbot_ws/install/micro_ros_msgs' for CMake config files
[0.651s] Level 1:colcon.colcon_core.shell:create_environment_hook('micro_ros_msgs', 'cmake_prefix_path')
[0.652s] INFO:colcon.colcon_core.shell:Creating environment hook '/home/zjz/chapt9/fishbot_ws/install/micro_ros_msgs/share/micro_ros_msgs/hook/cmake_prefix_path.ps1'
[0.652s] INFO:colcon.colcon_core.shell:Creating environment descriptor '/home/zjz/chapt9/fishbot_ws/install/micro_ros_msgs/share/micro_ros_msgs/hook/cmake_prefix_path.dsv'
[0.652s] INFO:colcon.colcon_core.shell:Creating environment hook '/home/zjz/chapt9/fishbot_ws/install/micro_ros_msgs/share/micro_ros_msgs/hook/cmake_prefix_path.sh'
[0.652s] Level 1:colcon.colcon_core.environment:checking '/home/zjz/chapt9/fishbot_ws/install/micro_ros_msgs/lib'
[0.652s] Level 1:colcon.colcon_core.shell:create_environment_hook('micro_ros_msgs', 'ld_library_path_lib')
[0.653s] INFO:colcon.colcon_core.shell:Creating environment hook '/home/zjz/chapt9/fishbot_ws/install/micro_ros_msgs/share/micro_ros_msgs/hook/ld_library_path_lib.ps1'
[0.653s] INFO:colcon.colcon_core.shell:Creating environment descriptor '/home/zjz/chapt9/fishbot_ws/install/micro_ros_msgs/share/micro_ros_msgs/hook/ld_library_path_lib.dsv'
[0.653s] INFO:colcon.colcon_core.shell:Creating environment hook '/home/zjz/chapt9/fishbot_ws/install/micro_ros_msgs/share/micro_ros_msgs/hook/ld_library_path_lib.sh'
[0.653s] Level 1:colcon.colcon_core.environment:checking '/home/zjz/chapt9/fishbot_ws/install/micro_ros_msgs/bin'
[0.653s] Level 1:colcon.colcon_core.environment:checking '/home/zjz/chapt9/fishbot_ws/install/micro_ros_msgs/lib/pkgconfig/micro_ros_msgs.pc'
[0.653s] Level 1:colcon.colcon_core.environment:checking '/home/zjz/chapt9/fishbot_ws/install/micro_ros_msgs/lib/python3.10/site-packages'
[0.654s] Level 1:colcon.colcon_core.environment:checking '/home/zjz/chapt9/fishbot_ws/install/micro_ros_msgs/bin'
[0.654s] INFO:colcon.colcon_core.shell:Creating package script '/home/zjz/chapt9/fishbot_ws/install/micro_ros_msgs/share/micro_ros_msgs/package.ps1'
[0.654s] INFO:colcon.colcon_core.shell:Creating package descriptor '/home/zjz/chapt9/fishbot_ws/install/micro_ros_msgs/share/micro_ros_msgs/package.dsv'
[0.654s] INFO:colcon.colcon_core.shell:Creating package script '/home/zjz/chapt9/fishbot_ws/install/micro_ros_msgs/share/micro_ros_msgs/package.sh'
[0.655s] INFO:colcon.colcon_core.shell:Creating package script '/home/zjz/chapt9/fishbot_ws/install/micro_ros_msgs/share/micro_ros_msgs/package.bash'
[0.655s] INFO:colcon.colcon_core.shell:Creating package script '/home/zjz/chapt9/fishbot_ws/install/micro_ros_msgs/share/micro_ros_msgs/package.zsh'
[0.655s] Level 1:colcon.colcon_core.environment:create_file_with_runtime_dependencies(/home/zjz/chapt9/fishbot_ws/install/micro_ros_msgs/share/colcon-core/packages/micro_ros_msgs)
[0.655s] INFO:colcon.colcon_ros.task.ament_cmake.build:Building ROS package in '/home/zjz/chapt9/fishbot_ws/src/micro-ROS-Agent/micro_ros_agent' with build type 'ament_cmake'
[0.655s] INFO:colcon.colcon_cmake.task.cmake.build:Building CMake package in '/home/zjz/chapt9/fishbot_ws/src/micro-ROS-Agent/micro_ros_agent'
[0.656s] INFO:colcon.colcon_core.shell:Skip shell extension 'powershell' for command environment: Not usable outside of PowerShell
[0.656s] DEBUG:colcon.colcon_core.shell:Skip shell extension 'dsv' for command environment
[0.709s] DEBUG:colcon.colcon_core.event_handler.log_command:Invoking command in '/home/zjz/chapt9/fishbot_ws/build/micro_ros_agent': CMAKE_PREFIX_PATH=/home/zjz/chapt9/fishbot_ws/install/micro_ros_msgs:/home/zjz/chapt9/fishbot_ws/install/ydlidar:/home/zjz/chapt9/fishbot_ws/install/micro_ros_agent:/home/zjz/chapt9/fishbot_ws/install/fishbot_description:/home/zjz/chapt9/fishbot_ws/install/fishbot_bringup:/home/zjz/chapt9/fishbot_ws/install/ros_serial2wifi:/opt/ros/humble LD_LIBRARY_PATH=/home/zjz/chapt9/fishbot_ws/install/micro_ros_msgs/lib:/home/zjz/chapt9/fishbot_ws/install/micro_ros_agent/lib:/opt/ros/humble/opt/rviz_ogre_vendor/lib:/opt/ros/humble/lib/x86_64-linux-gnu:/opt/ros/humble/lib /usr/bin/cmake --build /home/zjz/chapt9/fishbot_ws/build/micro_ros_agent -- -j32 -l32
[0.743s] DEBUG:colcon.colcon_core.event_handler.log_command:Invoked command in '/home/zjz/chapt9/fishbot_ws/build/micro_ros_agent' returned '0': CMAKE_PREFIX_PATH=/home/zjz/chapt9/fishbot_ws/install/micro_ros_msgs:/home/zjz/chapt9/fishbot_ws/install/ydlidar:/home/zjz/chapt9/fishbot_ws/install/micro_ros_agent:/home/zjz/chapt9/fishbot_ws/install/fishbot_description:/home/zjz/chapt9/fishbot_ws/install/fishbot_bringup:/home/zjz/chapt9/fishbot_ws/install/ros_serial2wifi:/opt/ros/humble LD_LIBRARY_PATH=/home/zjz/chapt9/fishbot_ws/install/micro_ros_msgs/lib:/home/zjz/chapt9/fishbot_ws/install/micro_ros_agent/lib:/opt/ros/humble/opt/rviz_ogre_vendor/lib:/opt/ros/humble/lib/x86_64-linux-gnu:/opt/ros/humble/lib /usr/bin/cmake --build /home/zjz/chapt9/fishbot_ws/build/micro_ros_agent -- -j32 -l32
[0.745s] DEBUG:colcon.colcon_core.event_handler.log_command:Invoking command in '/home/zjz/chapt9/fishbot_ws/build/micro_ros_agent': CMAKE_PREFIX_PATH=/home/zjz/chapt9/fishbot_ws/install/micro_ros_msgs:/home/zjz/chapt9/fishbot_ws/install/ydlidar:/home/zjz/chapt9/fishbot_ws/install/micro_ros_agent:/home/zjz/chapt9/fishbot_ws/install/fishbot_description:/home/zjz/chapt9/fishbot_ws/install/fishbot_bringup:/home/zjz/chapt9/fishbot_ws/install/ros_serial2wifi:/opt/ros/humble LD_LIBRARY_PATH=/home/zjz/chapt9/fishbot_ws/install/micro_ros_msgs/lib:/home/zjz/chapt9/fishbot_ws/install/micro_ros_agent/lib:/opt/ros/humble/opt/rviz_ogre_vendor/lib:/opt/ros/humble/lib/x86_64-linux-gnu:/opt/ros/humble/lib /usr/bin/cmake --install /home/zjz/chapt9/fishbot_ws/build/micro_ros_agent
[0.749s] Level 1:colcon.colcon_core.environment:create_environment_scripts_only(micro_ros_agent)
[0.749s] Level 1:colcon.colcon_core.environment:checking '/home/zjz/chapt9/fishbot_ws/install/micro_ros_agent' for CMake module files
[0.750s] DEBUG:colcon.colcon_core.event_handler.log_command:Invoked command in '/home/zjz/chapt9/fishbot_ws/build/micro_ros_agent' returned '0': CMAKE_PREFIX_PATH=/home/zjz/chapt9/fishbot_ws/install/micro_ros_msgs:/home/zjz/chapt9/fishbot_ws/install/ydlidar:/home/zjz/chapt9/fishbot_ws/install/micro_ros_agent:/home/zjz/chapt9/fishbot_ws/install/fishbot_description:/home/zjz/chapt9/fishbot_ws/install/fishbot_bringup:/home/zjz/chapt9/fishbot_ws/install/ros_serial2wifi:/opt/ros/humble LD_LIBRARY_PATH=/home/zjz/chapt9/fishbot_ws/install/micro_ros_msgs/lib:/home/zjz/chapt9/fishbot_ws/install/micro_ros_agent/lib:/opt/ros/humble/opt/rviz_ogre_vendor/lib:/opt/ros/humble/lib/x86_64-linux-gnu:/opt/ros/humble/lib /usr/bin/cmake --install /home/zjz/chapt9/fishbot_ws/build/micro_ros_agent
[0.750s] Level 1:colcon.colcon_core.environment:checking '/home/zjz/chapt9/fishbot_ws/install/micro_ros_agent' for CMake config files
[0.750s] Level 1:colcon.colcon_core.shell:create_environment_hook('micro_ros_agent', 'cmake_prefix_path')
[0.750s] INFO:colcon.colcon_core.shell:Creating environment hook '/home/zjz/chapt9/fishbot_ws/install/micro_ros_agent/share/micro_ros_agent/hook/cmake_prefix_path.ps1'
[0.751s] INFO:colcon.colcon_core.shell:Creating environment descriptor '/home/zjz/chapt9/fishbot_ws/install/micro_ros_agent/share/micro_ros_agent/hook/cmake_prefix_path.dsv'
[0.751s] INFO:colcon.colcon_core.shell:Creating environment hook '/home/zjz/chapt9/fishbot_ws/install/micro_ros_agent/share/micro_ros_agent/hook/cmake_prefix_path.sh'
[0.751s] Level 1:colcon.colcon_core.environment:checking '/home/zjz/chapt9/fishbot_ws/install/micro_ros_agent/lib'
[0.751s] Level 1:colcon.colcon_core.shell:create_environment_hook('micro_ros_agent', 'ld_library_path_lib')
[0.751s] INFO:colcon.colcon_core.shell:Creating environment hook '/home/zjz/chapt9/fishbot_ws/install/micro_ros_agent/share/micro_ros_agent/hook/ld_library_path_lib.ps1'
[0.751s] INFO:colcon.colcon_core.shell:Creating environment descriptor '/home/zjz/chapt9/fishbot_ws/install/micro_ros_agent/share/micro_ros_agent/hook/ld_library_path_lib.dsv'
[0.752s] INFO:colcon.colcon_core.shell:Creating environment hook '/home/zjz/chapt9/fishbot_ws/install/micro_ros_agent/share/micro_ros_agent/hook/ld_library_path_lib.sh'
[0.752s] Level 1:colcon.colcon_core.environment:checking '/home/zjz/chapt9/fishbot_ws/install/micro_ros_agent/bin'
[0.752s] Level 1:colcon.colcon_core.environment:checking '/home/zjz/chapt9/fishbot_ws/install/micro_ros_agent/lib/pkgconfig/micro_ros_agent.pc'
[0.752s] Level 1:colcon.colcon_core.environment:checking '/home/zjz/chapt9/fishbot_ws/install/micro_ros_agent/lib/python3.10/site-packages'
[0.752s] Level 1:colcon.colcon_core.environment:checking '/home/zjz/chapt9/fishbot_ws/install/micro_ros_agent/bin'
[0.752s] INFO:colcon.colcon_core.shell:Creating package script '/home/zjz/chapt9/fishbot_ws/install/micro_ros_agent/share/micro_ros_agent/package.ps1'
[0.753s] INFO:colcon.colcon_core.shell:Creating package descriptor '/home/zjz/chapt9/fishbot_ws/install/micro_ros_agent/share/micro_ros_agent/package.dsv'
[0.753s] INFO:colcon.colcon_core.shell:Creating package script '/home/zjz/chapt9/fishbot_ws/install/micro_ros_agent/share/micro_ros_agent/package.sh'
[0.753s] INFO:colcon.colcon_core.shell:Creating package script '/home/zjz/chapt9/fishbot_ws/install/micro_ros_agent/share/micro_ros_agent/package.bash'
[0.753s] INFO:colcon.colcon_core.shell:Creating package script '/home/zjz/chapt9/fishbot_ws/install/micro_ros_agent/share/micro_ros_agent/package.zsh'
[0.753s] Level 1:colcon.colcon_core.environment:create_file_with_runtime_dependencies(/home/zjz/chapt9/fishbot_ws/install/micro_ros_agent/share/colcon-core/packages/micro_ros_agent)
[0.754s] Level 1:colcon.colcon_core.environment:create_environment_scripts_only(micro_ros_agent)
[0.754s] Level 1:colcon.colcon_core.environment:checking '/home/zjz/chapt9/fishbot_ws/install/micro_ros_agent' for CMake module files
[0.754s] Level 1:colcon.colcon_core.environment:checking '/home/zjz/chapt9/fishbot_ws/install/micro_ros_agent' for CMake config files
[0.754s] Level 1:colcon.colcon_core.shell:create_environment_hook('micro_ros_agent', 'cmake_prefix_path')
[0.754s] INFO:colcon.colcon_core.shell:Creating environment hook '/home/zjz/chapt9/fishbot_ws/install/micro_ros_agent/share/micro_ros_agent/hook/cmake_prefix_path.ps1'
[0.754s] INFO:colcon.colcon_core.shell:Creating environment descriptor '/home/zjz/chapt9/fishbot_ws/install/micro_ros_agent/share/micro_ros_agent/hook/cmake_prefix_path.dsv'
[0.755s] INFO:colcon.colcon_core.shell:Creating environment hook '/home/zjz/chapt9/fishbot_ws/install/micro_ros_agent/share/micro_ros_agent/hook/cmake_prefix_path.sh'
[0.755s] Level 1:colcon.colcon_core.environment:checking '/home/zjz/chapt9/fishbot_ws/install/micro_ros_agent/lib'
[0.755s] Level 1:colcon.colcon_core.shell:create_environment_hook('micro_ros_agent', 'ld_library_path_lib')
[0.755s] INFO:colcon.colcon_core.shell:Creating environment hook '/home/zjz/chapt9/fishbot_ws/install/micro_ros_agent/share/micro_ros_agent/hook/ld_library_path_lib.ps1'
[0.755s] INFO:colcon.colcon_core.shell:Creating environment descriptor '/home/zjz/chapt9/fishbot_ws/install/micro_ros_agent/share/micro_ros_agent/hook/ld_library_path_lib.dsv'
[0.755s] INFO:colcon.colcon_core.shell:Creating environment hook '/home/zjz/chapt9/fishbot_ws/install/micro_ros_agent/share/micro_ros_agent/hook/ld_library_path_lib.sh'
[0.756s] Level 1:colcon.colcon_core.environment:checking '/home/zjz/chapt9/fishbot_ws/install/micro_ros_agent/bin'
[0.756s] Level 1:colcon.colcon_core.environment:checking '/home/zjz/chapt9/fishbot_ws/install/micro_ros_agent/lib/pkgconfig/micro_ros_agent.pc'
[0.756s] Level 1:colcon.colcon_core.environment:checking '/home/zjz/chapt9/fishbot_ws/install/micro_ros_agent/lib/python3.10/site-packages'
[0.756s] Level 1:colcon.colcon_core.environment:checking '/home/zjz/chapt9/fishbot_ws/install/micro_ros_agent/bin'
[0.756s] INFO:colcon.colcon_core.shell:Creating package script '/home/zjz/chapt9/fishbot_ws/install/micro_ros_agent/share/micro_ros_agent/package.ps1'
[0.756s] INFO:colcon.colcon_core.shell:Creating package descriptor '/home/zjz/chapt9/fishbot_ws/install/micro_ros_agent/share/micro_ros_agent/package.dsv'
[0.757s] INFO:colcon.colcon_core.shell:Creating package script '/home/zjz/chapt9/fishbot_ws/install/micro_ros_agent/share/micro_ros_agent/package.sh'
[0.757s] INFO:colcon.colcon_core.shell:Creating package script '/home/zjz/chapt9/fishbot_ws/install/micro_ros_agent/share/micro_ros_agent/package.bash'
[0.757s] INFO:colcon.colcon_core.shell:Creating package script '/home/zjz/chapt9/fishbot_ws/install/micro_ros_agent/share/micro_ros_agent/package.zsh'
[0.757s] Level 1:colcon.colcon_core.environment:create_file_with_runtime_dependencies(/home/zjz/chapt9/fishbot_ws/install/micro_ros_agent/share/colcon-core/packages/micro_ros_agent)
[0.820s] DEBUG:colcon.colcon_core.task.python.build:Available setuptools commands: install_lib, update_catalog, init_catalog, egg_info, build_ext, check, develop, bdist_egg, bdist, clean, upload, install, alias, build_clib, build, upload_docs, setopt, extract_messages, sdist, rotate, install_data, symlink_data, dist_info, install_egg_info, compile_catalog, install_scripts, saveopts, easy_install, install_headers, register, build_py, bdist_dumb, test, bdist_rpm, build_scripts
[0.821s] DEBUG:colcon.colcon_core.event_handler.log_command:Invoking command in '/home/zjz/chapt9/fishbot_ws/src/ros_serial2wifi': PYTHONPATH=/home/zjz/chapt9/fishbot_ws/build/ros_serial2wifi/prefix_override:/usr/lib/python3/dist-packages/colcon_core/task/python/colcon_distutils_commands:/home/zjz/chapt9/fishbot_ws/install/ros_serial2wifi/lib/python3.10/site-packages:${PYTHONPATH} /usr/bin/python3 -W ignore:setup.py install is deprecated -W ignore:easy_install command is deprecated setup.py egg_info --egg-base ../../build/ros_serial2wifi build --build-base /home/zjz/chapt9/fishbot_ws/build/ros_serial2wifi/build install --record /home/zjz/chapt9/fishbot_ws/build/ros_serial2wifi/install.log --install-scripts $base/lib/ros_serial2wifi --single-version-externally-managed install_data
[0.966s] Level 1:colcon.colcon_core.environment:checking '/home/zjz/chapt9/fishbot_ws/install/ros_serial2wifi' for CMake module files
[0.967s] DEBUG:colcon.colcon_core.event_handler.log_command:Invoked command in '/home/zjz/chapt9/fishbot_ws/src/ros_serial2wifi' returned '0': PYTHONPATH=/home/zjz/chapt9/fishbot_ws/build/ros_serial2wifi/prefix_override:/usr/lib/python3/dist-packages/colcon_core/task/python/colcon_distutils_commands:/home/zjz/chapt9/fishbot_ws/install/ros_serial2wifi/lib/python3.10/site-packages:${PYTHONPATH} /usr/bin/python3 -W ignore:setup.py install is deprecated -W ignore:easy_install command is deprecated setup.py egg_info --egg-base ../../build/ros_serial2wifi build --build-base /home/zjz/chapt9/fishbot_ws/build/ros_serial2wifi/build install --record /home/zjz/chapt9/fishbot_ws/build/ros_serial2wifi/install.log --install-scripts $base/lib/ros_serial2wifi --single-version-externally-managed install_data
[0.967s] Level 1:colcon.colcon_core.environment:checking '/home/zjz/chapt9/fishbot_ws/install/ros_serial2wifi' for CMake config files
[0.967s] Level 1:colcon.colcon_core.environment:checking '/home/zjz/chapt9/fishbot_ws/install/ros_serial2wifi/lib'
[0.967s] Level 1:colcon.colcon_core.environment:checking '/home/zjz/chapt9/fishbot_ws/install/ros_serial2wifi/bin'
[0.967s] Level 1:colcon.colcon_core.environment:checking '/home/zjz/chapt9/fishbot_ws/install/ros_serial2wifi/lib/pkgconfig/ros_serial2wifi.pc'
[0.968s] Level 1:colcon.colcon_core.environment:checking '/home/zjz/chapt9/fishbot_ws/install/ros_serial2wifi/lib/python3.10/site-packages'
[0.968s] Level 1:colcon.colcon_core.shell:create_environment_hook('ros_serial2wifi', 'pythonpath')
[0.968s] INFO:colcon.colcon_core.shell:Creating environment hook '/home/zjz/chapt9/fishbot_ws/install/ros_serial2wifi/share/ros_serial2wifi/hook/pythonpath.ps1'
[0.968s] INFO:colcon.colcon_core.shell:Creating environment descriptor '/home/zjz/chapt9/fishbot_ws/install/ros_serial2wifi/share/ros_serial2wifi/hook/pythonpath.dsv'
[0.969s] INFO:colcon.colcon_core.shell:Creating environment hook '/home/zjz/chapt9/fishbot_ws/install/ros_serial2wifi/share/ros_serial2wifi/hook/pythonpath.sh'
[0.969s] Level 1:colcon.colcon_core.environment:checking '/home/zjz/chapt9/fishbot_ws/install/ros_serial2wifi/bin'
[0.969s] Level 1:colcon.colcon_core.environment:create_environment_scripts_only(ros_serial2wifi)
[0.969s] INFO:colcon.colcon_core.shell:Creating package script '/home/zjz/chapt9/fishbot_ws/install/ros_serial2wifi/share/ros_serial2wifi/package.ps1'
[0.969s] INFO:colcon.colcon_core.shell:Creating package descriptor '/home/zjz/chapt9/fishbot_ws/install/ros_serial2wifi/share/ros_serial2wifi/package.dsv'
[0.970s] INFO:colcon.colcon_core.shell:Creating package script '/home/zjz/chapt9/fishbot_ws/install/ros_serial2wifi/share/ros_serial2wifi/package.sh'
[0.970s] INFO:colcon.colcon_core.shell:Creating package script '/home/zjz/chapt9/fishbot_ws/install/ros_serial2wifi/share/ros_serial2wifi/package.bash'
[0.970s] INFO:colcon.colcon_core.shell:Creating package script '/home/zjz/chapt9/fishbot_ws/install/ros_serial2wifi/share/ros_serial2wifi/package.zsh'
[0.970s] Level 1:colcon.colcon_core.environment:create_file_with_runtime_dependencies(/home/zjz/chapt9/fishbot_ws/install/ros_serial2wifi/share/colcon-core/packages/ros_serial2wifi)
[0.970s] DEBUG:colcon.colcon_parallel_executor.executor.parallel:closing loop
[0.971s] DEBUG:colcon.colcon_parallel_executor.executor.parallel:loop closed
[0.972s] DEBUG:colcon.colcon_parallel_executor.executor.parallel:run_until_complete finished with '0'
[0.972s] DEBUG:colcon.colcon_core.event_reactor:joining thread
[1.009s] INFO:colcon.colcon_core.plugin_system:Skipping extension 'colcon_notification.desktop_notification.notify_send': Could not find 'notify-send'
[1.009s] INFO:colcon.colcon_core.plugin_system:Skipping extension 'colcon_notification.desktop_notification.terminal_notifier': Not used on non-Darwin systems
[1.009s] INFO:colcon.colcon_core.plugin_system:Skipping extension 'colcon_notification.desktop_notification.win32': Not used on non-Windows systems
[1.009s] INFO:colcon.colcon_notification.desktop_notification:Sending desktop notification using 'notify2'
[1.010s] DEBUG:colcon.colcon_notification.desktop_notification.notify2:Failed to initialize notify2: org.freedesktop.DBus.Error.ServiceUnknown: The name org.freedesktop.Notifications was not provided by any .service files
[1.010s] DEBUG:colcon.colcon_core.event_reactor:joined thread
[1.010s] INFO:colcon.colcon_core.shell:Creating prefix script '/home/zjz/chapt9/fishbot_ws/install/local_setup.ps1'
[1.011s] INFO:colcon.colcon_core.shell:Creating prefix util module '/home/zjz/chapt9/fishbot_ws/install/_local_setup_util_ps1.py'
[1.012s] INFO:colcon.colcon_core.shell:Creating prefix chain script '/home/zjz/chapt9/fishbot_ws/install/setup.ps1'
[1.013s] INFO:colcon.colcon_core.shell:Creating prefix script '/home/zjz/chapt9/fishbot_ws/install/local_setup.sh'
[1.013s] INFO:colcon.colcon_core.shell:Creating prefix util module '/home/zjz/chapt9/fishbot_ws/install/_local_setup_util_sh.py'
[1.013s] INFO:colcon.colcon_core.shell:Creating prefix chain script '/home/zjz/chapt9/fishbot_ws/install/setup.sh'
[1.014s] INFO:colcon.colcon_core.shell:Creating prefix script '/home/zjz/chapt9/fishbot_ws/install/local_setup.bash'
[1.015s] INFO:colcon.colcon_core.shell:Creating prefix chain script '/home/zjz/chapt9/fishbot_ws/install/setup.bash'
[1.015s] INFO:colcon.colcon_core.shell:Creating prefix script '/home/zjz/chapt9/fishbot_ws/install/local_setup.zsh'
[1.016s] INFO:colcon.colcon_core.shell:Creating prefix chain script '/home/zjz/chapt9/fishbot_ws/install/setup.zsh'
