[0.139s] Invoking command in '/home/zjz/chapt9/fishbot_ws/src/build/ydlidar': CMAKE_PREFIX_PATH=/opt/ros/humble /usr/bin/cmake /home/zjz/chapt9/fishbot_ws/src/ydlidar_ros2 -DCMAKE_INSTALL_PREFIX=/home/zjz/chapt9/fishbot_ws/src/install/ydlidar
[0.218s] -- The C compiler identification is GNU 11.4.0
[0.475s] -- The CXX compiler identification is GNU 11.4.0
[0.642s] -- Detecting C compiler ABI info
[0.711s] -- Detecting C compiler ABI info - done
[0.715s] -- Check for working C compiler: /usr/bin/cc - skipped
[0.715s] -- Detecting C compile features
[0.715s] -- Detecting C compile features - done
[0.717s] -- Detecting CXX compiler ABI info
[0.809s] -- Detecting CXX compiler ABI info - done
[0.813s] -- Check for working CXX compiler: /usr/bin/c++ - skipped
[0.813s] -- Detecting CXX compile features
[0.814s] -- Detecting CXX compile features - done
[0.817s] [0mCMake Deprecation Warning at sdk/core/CMakeLists.txt:1 (cmake_minimum_required):
[0.817s]   Compatibility with CMake < 2.8.12 will be removed from a future version of
[0.817s]   CMake.
[0.817s] 
[0.817s]   Update the VERSION argument <min> value or use a ...<max> suffix to tell
[0.817s]   CMake that the project does not need compatibility with older versions.
[0.817s] 
[0.817s] [0m
[0.925s] -- Found ament_cmake: 1.3.14 (/opt/ros/humble/share/ament_cmake/cmake)
[1.008s] -- Found Python3: /usr/bin/python3 (found version "3.10.12") found components: Interpreter 
[1.059s] -- Found rclcpp: 16.0.19 (/opt/ros/humble/share/rclcpp/cmake)
[1.220s] -- Found rosidl_generator_c: 3.1.8 (/opt/ros/humble/share/rosidl_generator_c/cmake)
[1.222s] -- Found rosidl_adapter: 3.1.8 (/opt/ros/humble/share/rosidl_adapter/cmake)
[1.226s] -- Found rosidl_generator_cpp: 3.1.8 (/opt/ros/humble/share/rosidl_generator_cpp/cmake)
[1.233s] -- Using all available rosidl_typesupport_c: rosidl_typesupport_fastrtps_c;rosidl_typesupport_introspection_c
[1.241s] -- Using all available rosidl_typesupport_cpp: rosidl_typesupport_fastrtps_cpp;rosidl_typesupport_introspection_cpp
[1.263s] -- Found rmw_implementation_cmake: 6.1.2 (/opt/ros/humble/share/rmw_implementation_cmake/cmake)
[1.264s] -- Found rmw_fastrtps_cpp: 6.2.10 (/opt/ros/humble/share/rmw_fastrtps_cpp/cmake)
[2.040s] -- Found OpenSSL: /usr/lib/x86_64-linux-gnu/libcrypto.so (found version "3.0.2")  
[3.172s] -- Found FastRTPS: /opt/ros/humble/include  
[4.559s] -- Using RMW implementation 'rmw_fastrtps_cpp' as default
[4.563s] -- Looking for pthread.h
[4.623s] -- Looking for pthread.h - found
[4.624s] -- Performing Test CMAKE_HAVE_LIBC_PTHREAD
[4.683s] -- Performing Test CMAKE_HAVE_LIBC_PTHREAD - Success
[4.684s] -- Found Threads: TRUE  
[4.711s] -- Found sensor_msgs: 4.9.1 (/opt/ros/humble/share/sensor_msgs/cmake)
[4.734s] -- Found visualization_msgs: 4.9.1 (/opt/ros/humble/share/visualization_msgs/cmake)
[4.749s] -- Found std_srvs: 4.9.1 (/opt/ros/humble/share/std_srvs/cmake)
[4.760s] -- Found ament_lint_auto: 0.12.15 (/opt/ros/humble/share/ament_lint_auto/cmake)
[4.800s] -- Added test 'copyright' to check source files copyright and LICENSE
[4.807s] -- Added test 'cppcheck' to perform static code analysis on C / C++ code
[4.807s] -- Configured cppcheck include dirs: /home/zjz/chapt9/fishbot_ws/src/ydlidar_ros2/.;/home/zjz/chapt9/fishbot_ws/src/ydlidar_ros2/sdk/core;/home/zjz/chapt9/fishbot_ws/src/ydlidar_ros2/sdk/src;/home/zjz/chapt9/fishbot_ws/src/ydlidar_ros2/sdk/core/common;/home/zjz/chapt9/fishbot_ws/src/ydlidar_ros2/sdk;/home/zjz/chapt9/fishbot_ws/src/ydlidar_ros2/src
[4.807s] -- Configured cppcheck exclude dirs and/or files: 
[4.810s] -- Added test 'cpplint' to check C / C++ code against the Google style
[4.810s] -- Configured cpplint exclude dirs and/or files: 
[4.810s] -- Added test 'flake8' to check Python code syntax and style conventions
[4.811s] -- Added test 'lint_cmake' to check CMake code style
[4.812s] -- Added test 'pep257' to check Python code against some of the docstring style conventions in PEP 257
[4.814s] -- Added test 'uncrustify' to check C / C++ code style
[4.814s] -- Configured uncrustify additional arguments: 
[4.815s] -- Added test 'xmllint' to check XML markup files
[4.816s] -- Configuring done
[4.830s] -- Generating done
[4.834s] -- Build files have been written to: /home/zjz/chapt9/fishbot_ws/src/build/ydlidar
