[0.136s] Invoking command in '/home/zjz/chapt9/fishbot_ws/build/ydlidar': CMAKE_PREFIX_PATH=${CMAKE_PREFIX_PATH}:/home/zjz/chapt9/fishbot_ws/install/ros_serial2wifi:/opt/ros/humble /usr/bin/cmake --build /home/zjz/chapt9/fishbot_ws/build/ydlidar -- -j32 -l32
[0.162s] [ 18%] Built target ydlidar_client
[0.164s] [100%] Built target ydlidar_node
[0.170s] Invoked command in '/home/zjz/chapt9/fishbot_ws/build/ydlidar' returned '0': CMAKE_PREFIX_PATH=${CMAKE_PREFIX_PATH}:/home/zjz/chapt9/fishbot_ws/install/ros_serial2wifi:/opt/ros/humble /usr/bin/cmake --build /home/zjz/chapt9/fishbot_ws/build/ydlidar -- -j32 -l32
[0.175s] Invoking command in '/home/zjz/chapt9/fishbot_ws/build/ydlidar': CMAKE_PREFIX_PATH=${CMAKE_PREFIX_PATH}:/home/zjz/chapt9/fishbot_ws/install/ros_serial2wifi:/opt/ros/humble /usr/bin/cmake --install /home/zjz/chapt9/fishbot_ws/build/ydlidar
[0.177s] -- Install configuration: ""
[0.177s] -- Up-to-date: /home/zjz/chapt9/fishbot_ws/install/ydlidar/lib/ydlidar/ydlidar_node
[0.178s] -- Up-to-date: /home/zjz/chapt9/fishbot_ws/install/ydlidar/lib/ydlidar/ydlidar_client
[0.178s] -- Up-to-date: /home/zjz/chapt9/fishbot_ws/install/ydlidar/share/ydlidar/launch
[0.178s] -- Up-to-date: /home/zjz/chapt9/fishbot_ws/install/ydlidar/share/ydlidar/launch/ydlidar.py
[0.178s] -- Up-to-date: /home/zjz/chapt9/fishbot_ws/install/ydlidar/share/ydlidar/launch/ydlidar.py:Zone.Identifier
[0.178s] -- Up-to-date: /home/zjz/chapt9/fishbot_ws/install/ydlidar/share/ydlidar/launch/ydlidar_launch.py:Zone.Identifier
[0.178s] -- Up-to-date: /home/zjz/chapt9/fishbot_ws/install/ydlidar/share/ydlidar/launch/ydlidar_launch.py
[0.178s] -- Up-to-date: /home/zjz/chapt9/fishbot_ws/install/ydlidar/share/ydlidar/params
[0.178s] -- Installing: /home/zjz/chapt9/fishbot_ws/install/ydlidar/share/ydlidar/params/ydlidar.yaml
[0.178s] -- Up-to-date: /home/zjz/chapt9/fishbot_ws/install/ydlidar/share/ydlidar/params/ydlidar.yaml:Zone.Identifier
[0.178s] -- Up-to-date: /home/zjz/chapt9/fishbot_ws/install/ydlidar/share/ydlidar/startup
[0.178s] -- Up-to-date: /home/zjz/chapt9/fishbot_ws/install/ydlidar/share/ydlidar/startup/initenv.sh
[0.179s] -- Up-to-date: /home/zjz/chapt9/fishbot_ws/install/ydlidar/share/ydlidar/startup/initenv.sh:Zone.Identifier
[0.179s] -- Up-to-date: /home/zjz/chapt9/fishbot_ws/install/ydlidar/share/ament_index/resource_index/package_run_dependencies/ydlidar
[0.179s] -- Up-to-date: /home/zjz/chapt9/fishbot_ws/install/ydlidar/share/ament_index/resource_index/parent_prefix_path/ydlidar
[0.179s] -- Up-to-date: /home/zjz/chapt9/fishbot_ws/install/ydlidar/share/ydlidar/environment/ament_prefix_path.sh
[0.179s] -- Up-to-date: /home/zjz/chapt9/fishbot_ws/install/ydlidar/share/ydlidar/environment/ament_prefix_path.dsv
[0.180s] -- Up-to-date: /home/zjz/chapt9/fishbot_ws/install/ydlidar/share/ydlidar/environment/path.sh
[0.180s] -- Up-to-date: /home/zjz/chapt9/fishbot_ws/install/ydlidar/share/ydlidar/environment/path.dsv
[0.180s] -- Up-to-date: /home/zjz/chapt9/fishbot_ws/install/ydlidar/share/ydlidar/local_setup.bash
[0.180s] -- Up-to-date: /home/zjz/chapt9/fishbot_ws/install/ydlidar/share/ydlidar/local_setup.sh
[0.180s] -- Up-to-date: /home/zjz/chapt9/fishbot_ws/install/ydlidar/share/ydlidar/local_setup.zsh
[0.181s] -- Up-to-date: /home/zjz/chapt9/fishbot_ws/install/ydlidar/share/ydlidar/local_setup.dsv
[0.181s] -- Installing: /home/zjz/chapt9/fishbot_ws/install/ydlidar/share/ydlidar/package.dsv
[0.181s] -- Up-to-date: /home/zjz/chapt9/fishbot_ws/install/ydlidar/share/ament_index/resource_index/packages/ydlidar
[0.181s] -- Up-to-date: /home/zjz/chapt9/fishbot_ws/install/ydlidar/share/ydlidar/cmake/ydlidarConfig.cmake
[0.181s] -- Up-to-date: /home/zjz/chapt9/fishbot_ws/install/ydlidar/share/ydlidar/cmake/ydlidarConfig-version.cmake
[0.181s] -- Up-to-date: /home/zjz/chapt9/fishbot_ws/install/ydlidar/share/ydlidar/package.xml
[0.188s] Invoked command in '/home/zjz/chapt9/fishbot_ws/build/ydlidar' returned '0': CMAKE_PREFIX_PATH=${CMAKE_PREFIX_PATH}:/home/zjz/chapt9/fishbot_ws/install/ros_serial2wifi:/opt/ros/humble /usr/bin/cmake --install /home/zjz/chapt9/fishbot_ws/build/ydlidar
