[0.178s] DEBUG:colcon:Command line arguments: ['/usr/bin/colcon', 'build']
[0.178s] DEBUG:colcon:Parsed command line arguments: Namespace(log_base=None, log_level=None, verb_name='build', build_base='build', install_base='install', merge_install=False, symlink_install=False, test_result_base=None, continue_on_error=False, executor='parallel', parallel_workers=32, event_handlers=None, ignore_user_meta=False, metas=['./colcon.meta'], base_paths=['.'], packages_ignore=None, packages_ignore_regex=None, paths=None, packages_up_to=None, packages_up_to_regex=None, packages_above=None, packages_above_and_dependencies=None, packages_above_depth=None, packages_select_by_dep=None, packages_skip_by_dep=None, packages_skip_up_to=None, packages_select_build_failed=False, packages_skip_build_finished=False, packages_select_test_failures=False, packages_skip_test_passed=False, packages_select=None, packages_skip=None, packages_select_regex=None, packages_skip_regex=None, packages_start=None, packages_end=None, allow_overriding=[], cmake_args=None, cmake_target=None, cmake_target_skip_unavailable=False, cmake_clean_cache=False, cmake_clean_first=False, cmake_force_configure=False, ament_cmake_args=None, catkin_cmake_args=None, catkin_skip_building_tests=False, verb_parser=<colcon_defaults.argument_parser.defaults.DefaultArgumentsDecorator object at 0x7a502c32b4c0>, verb_extension=<colcon_core.verb.build.BuildVerb object at 0x7a502c4d4d30>, main=<bound method BuildVerb.main of <colcon_core.verb.build.BuildVerb object at 0x7a502c4d4d30>>)
[0.374s] Level 1:colcon.colcon_core.package_discovery:discover_packages(colcon_meta) check parameters
[0.375s] Level 1:colcon.colcon_core.package_discovery:discover_packages(recursive) check parameters
[0.375s] Level 1:colcon.colcon_core.package_discovery:discover_packages(ignore) check parameters
[0.375s] Level 1:colcon.colcon_core.package_discovery:discover_packages(path) check parameters
[0.375s] Level 1:colcon.colcon_core.package_discovery:discover_packages(colcon_meta) discover
[0.375s] Level 1:colcon.colcon_core.package_discovery:discover_packages(recursive) discover
[0.375s] INFO:colcon.colcon_core.package_discovery:Crawling recursively for packages in '/home/zjz/chapt9/fishbot_ws/src'
[0.375s] Level 1:colcon.colcon_core.package_identification:_identify(.) by extensions ['ignore', 'ignore_ament_install']
[0.375s] Level 1:colcon.colcon_core.package_identification:_identify(.) by extension 'ignore'
[0.375s] Level 1:colcon.colcon_core.package_identification:_identify(.) by extension 'ignore_ament_install'
[0.375s] Level 1:colcon.colcon_core.package_identification:_identify(.) by extensions ['colcon_pkg']
[0.375s] Level 1:colcon.colcon_core.package_identification:_identify(.) by extension 'colcon_pkg'
[0.375s] Level 1:colcon.colcon_core.package_identification:_identify(.) by extensions ['colcon_meta']
[0.375s] Level 1:colcon.colcon_core.package_identification:_identify(.) by extension 'colcon_meta'
[0.375s] Level 1:colcon.colcon_core.package_identification:_identify(.) by extensions ['ros']
[0.375s] Level 1:colcon.colcon_core.package_identification:_identify(.) by extension 'ros'
[0.383s] Level 1:colcon.colcon_core.package_identification:_identify(.) by extensions ['cmake', 'python']
[0.383s] Level 1:colcon.colcon_core.package_identification:_identify(.) by extension 'cmake'
[0.383s] Level 1:colcon.colcon_core.package_identification:_identify(.) by extension 'python'
[0.383s] Level 1:colcon.colcon_core.package_identification:_identify(.) by extensions ['python_setup_py']
[0.383s] Level 1:colcon.colcon_core.package_identification:_identify(.) by extension 'python_setup_py'
[0.383s] Level 1:colcon.colcon_core.package_identification:_identify(build) by extensions ['ignore', 'ignore_ament_install']
[0.384s] Level 1:colcon.colcon_core.package_identification:_identify(build) by extension 'ignore'
[0.384s] Level 1:colcon.colcon_core.package_identification:_identify(build) ignored
[0.384s] Level 1:colcon.colcon_core.package_identification:_identify(fishbot_bringup) by extensions ['ignore', 'ignore_ament_install']
[0.384s] Level 1:colcon.colcon_core.package_identification:_identify(fishbot_bringup) by extension 'ignore'
[0.384s] Level 1:colcon.colcon_core.package_identification:_identify(fishbot_bringup) by extension 'ignore_ament_install'
[0.384s] Level 1:colcon.colcon_core.package_identification:_identify(fishbot_bringup) by extensions ['colcon_pkg']
[0.384s] Level 1:colcon.colcon_core.package_identification:_identify(fishbot_bringup) by extension 'colcon_pkg'
[0.384s] Level 1:colcon.colcon_core.package_identification:_identify(fishbot_bringup) by extensions ['colcon_meta']
[0.384s] Level 1:colcon.colcon_core.package_identification:_identify(fishbot_bringup) by extension 'colcon_meta'
[0.384s] Level 1:colcon.colcon_core.package_identification:_identify(fishbot_bringup) by extensions ['ros']
[0.384s] Level 1:colcon.colcon_core.package_identification:_identify(fishbot_bringup) by extension 'ros'
[0.386s] DEBUG:colcon.colcon_core.package_identification:Package 'fishbot_bringup' with type 'ros.ament_cmake' and name 'fishbot_bringup'
[0.386s] Level 1:colcon.colcon_core.package_identification:_identify(fishbot_description) by extensions ['ignore', 'ignore_ament_install']
[0.386s] Level 1:colcon.colcon_core.package_identification:_identify(fishbot_description) by extension 'ignore'
[0.386s] Level 1:colcon.colcon_core.package_identification:_identify(fishbot_description) by extension 'ignore_ament_install'
[0.386s] Level 1:colcon.colcon_core.package_identification:_identify(fishbot_description) by extensions ['colcon_pkg']
[0.386s] Level 1:colcon.colcon_core.package_identification:_identify(fishbot_description) by extension 'colcon_pkg'
[0.386s] Level 1:colcon.colcon_core.package_identification:_identify(fishbot_description) by extensions ['colcon_meta']
[0.386s] Level 1:colcon.colcon_core.package_identification:_identify(fishbot_description) by extension 'colcon_meta'
[0.386s] Level 1:colcon.colcon_core.package_identification:_identify(fishbot_description) by extensions ['ros']
[0.386s] Level 1:colcon.colcon_core.package_identification:_identify(fishbot_description) by extension 'ros'
[0.387s] DEBUG:colcon.colcon_core.package_identification:Package 'fishbot_description' with type 'ros.ament_cmake' and name 'fishbot_description'
[0.387s] Level 1:colcon.colcon_core.package_identification:_identify(https:) by extensions ['ignore', 'ignore_ament_install']
[0.387s] Level 1:colcon.colcon_core.package_identification:_identify(https:) by extension 'ignore'
[0.387s] Level 1:colcon.colcon_core.package_identification:_identify(https:) by extension 'ignore_ament_install'
[0.387s] Level 1:colcon.colcon_core.package_identification:_identify(https:) by extensions ['colcon_pkg']
[0.387s] Level 1:colcon.colcon_core.package_identification:_identify(https:) by extension 'colcon_pkg'
[0.387s] Level 1:colcon.colcon_core.package_identification:_identify(https:) by extensions ['colcon_meta']
[0.387s] Level 1:colcon.colcon_core.package_identification:_identify(https:) by extension 'colcon_meta'
[0.387s] Level 1:colcon.colcon_core.package_identification:_identify(https:) by extensions ['ros']
[0.387s] Level 1:colcon.colcon_core.package_identification:_identify(https:) by extension 'ros'
[0.387s] Level 1:colcon.colcon_core.package_identification:_identify(https:) by extensions ['cmake', 'python']
[0.387s] Level 1:colcon.colcon_core.package_identification:_identify(https:) by extension 'cmake'
[0.388s] Level 1:colcon.colcon_core.package_identification:_identify(https:) by extension 'python'
[0.388s] Level 1:colcon.colcon_core.package_identification:_identify(https:) by extensions ['python_setup_py']
[0.388s] Level 1:colcon.colcon_core.package_identification:_identify(https:) by extension 'python_setup_py'
[0.388s] Level 1:colcon.colcon_core.package_identification:_identify(https:/github.com) by extensions ['ignore', 'ignore_ament_install']
[0.388s] Level 1:colcon.colcon_core.package_identification:_identify(https:/github.com) by extension 'ignore'
[0.388s] Level 1:colcon.colcon_core.package_identification:_identify(https:/github.com) by extension 'ignore_ament_install'
[0.388s] Level 1:colcon.colcon_core.package_identification:_identify(https:/github.com) by extensions ['colcon_pkg']
[0.388s] Level 1:colcon.colcon_core.package_identification:_identify(https:/github.com) by extension 'colcon_pkg'
[0.388s] Level 1:colcon.colcon_core.package_identification:_identify(https:/github.com) by extensions ['colcon_meta']
[0.388s] Level 1:colcon.colcon_core.package_identification:_identify(https:/github.com) by extension 'colcon_meta'
[0.388s] Level 1:colcon.colcon_core.package_identification:_identify(https:/github.com) by extensions ['ros']
[0.388s] Level 1:colcon.colcon_core.package_identification:_identify(https:/github.com) by extension 'ros'
[0.388s] Level 1:colcon.colcon_core.package_identification:_identify(https:/github.com) by extensions ['cmake', 'python']
[0.388s] Level 1:colcon.colcon_core.package_identification:_identify(https:/github.com) by extension 'cmake'
[0.388s] Level 1:colcon.colcon_core.package_identification:_identify(https:/github.com) by extension 'python'
[0.388s] Level 1:colcon.colcon_core.package_identification:_identify(https:/github.com) by extensions ['python_setup_py']
[0.388s] Level 1:colcon.colcon_core.package_identification:_identify(https:/github.com) by extension 'python_setup_py'
[0.388s] Level 1:colcon.colcon_core.package_identification:_identify(https:/github.com/micro-ROS) by extensions ['ignore', 'ignore_ament_install']
[0.388s] Level 1:colcon.colcon_core.package_identification:_identify(https:/github.com/micro-ROS) by extension 'ignore'
[0.389s] Level 1:colcon.colcon_core.package_identification:_identify(https:/github.com/micro-ROS) by extension 'ignore_ament_install'
[0.389s] Level 1:colcon.colcon_core.package_identification:_identify(https:/github.com/micro-ROS) by extensions ['colcon_pkg']
[0.389s] Level 1:colcon.colcon_core.package_identification:_identify(https:/github.com/micro-ROS) by extension 'colcon_pkg'
[0.389s] Level 1:colcon.colcon_core.package_identification:_identify(https:/github.com/micro-ROS) by extensions ['colcon_meta']
[0.389s] Level 1:colcon.colcon_core.package_identification:_identify(https:/github.com/micro-ROS) by extension 'colcon_meta'
[0.389s] Level 1:colcon.colcon_core.package_identification:_identify(https:/github.com/micro-ROS) by extensions ['ros']
[0.389s] Level 1:colcon.colcon_core.package_identification:_identify(https:/github.com/micro-ROS) by extension 'ros'
[0.389s] Level 1:colcon.colcon_core.package_identification:_identify(https:/github.com/micro-ROS) by extensions ['cmake', 'python']
[0.389s] Level 1:colcon.colcon_core.package_identification:_identify(https:/github.com/micro-ROS) by extension 'cmake'
[0.389s] Level 1:colcon.colcon_core.package_identification:_identify(https:/github.com/micro-ROS) by extension 'python'
[0.389s] Level 1:colcon.colcon_core.package_identification:_identify(https:/github.com/micro-ROS) by extensions ['python_setup_py']
[0.389s] Level 1:colcon.colcon_core.package_identification:_identify(https:/github.com/micro-ROS) by extension 'python_setup_py'
[0.389s] Level 1:colcon.colcon_core.package_identification:_identify(install) by extensions ['ignore', 'ignore_ament_install']
[0.389s] Level 1:colcon.colcon_core.package_identification:_identify(install) by extension 'ignore'
[0.389s] Level 1:colcon.colcon_core.package_identification:_identify(install) ignored
[0.389s] Level 1:colcon.colcon_core.package_identification:_identify(log) by extensions ['ignore', 'ignore_ament_install']
[0.389s] Level 1:colcon.colcon_core.package_identification:_identify(log) by extension 'ignore'
[0.389s] Level 1:colcon.colcon_core.package_identification:_identify(log) ignored
[0.389s] Level 1:colcon.colcon_core.package_identification:_identify(micro-ROS-Agent) by extensions ['ignore', 'ignore_ament_install']
[0.390s] Level 1:colcon.colcon_core.package_identification:_identify(micro-ROS-Agent) by extension 'ignore'
[0.390s] Level 1:colcon.colcon_core.package_identification:_identify(micro-ROS-Agent) by extension 'ignore_ament_install'
[0.390s] Level 1:colcon.colcon_core.package_identification:_identify(micro-ROS-Agent) by extensions ['colcon_pkg']
[0.390s] Level 1:colcon.colcon_core.package_identification:_identify(micro-ROS-Agent) by extension 'colcon_pkg'
[0.390s] Level 1:colcon.colcon_core.package_identification:_identify(micro-ROS-Agent) by extensions ['colcon_meta']
[0.390s] Level 1:colcon.colcon_core.package_identification:_identify(micro-ROS-Agent) by extension 'colcon_meta'
[0.390s] Level 1:colcon.colcon_core.package_identification:_identify(micro-ROS-Agent) by extensions ['ros']
[0.390s] Level 1:colcon.colcon_core.package_identification:_identify(micro-ROS-Agent) by extension 'ros'
[0.390s] Level 1:colcon.colcon_core.package_identification:_identify(micro-ROS-Agent) by extensions ['cmake', 'python']
[0.390s] Level 1:colcon.colcon_core.package_identification:_identify(micro-ROS-Agent) by extension 'cmake'
[0.390s] Level 1:colcon.colcon_core.package_identification:_identify(micro-ROS-Agent) by extension 'python'
[0.390s] Level 1:colcon.colcon_core.package_identification:_identify(micro-ROS-Agent) by extensions ['python_setup_py']
[0.390s] Level 1:colcon.colcon_core.package_identification:_identify(micro-ROS-Agent) by extension 'python_setup_py'
[0.390s] Level 1:colcon.colcon_core.package_identification:_identify(micro-ROS-Agent/micro_ros_agent) by extensions ['ignore', 'ignore_ament_install']
[0.390s] Level 1:colcon.colcon_core.package_identification:_identify(micro-ROS-Agent/micro_ros_agent) by extension 'ignore'
[0.390s] Level 1:colcon.colcon_core.package_identification:_identify(micro-ROS-Agent/micro_ros_agent) by extension 'ignore_ament_install'
[0.390s] Level 1:colcon.colcon_core.package_identification:_identify(micro-ROS-Agent/micro_ros_agent) by extensions ['colcon_pkg']
[0.390s] Level 1:colcon.colcon_core.package_identification:_identify(micro-ROS-Agent/micro_ros_agent) by extension 'colcon_pkg'
[0.390s] Level 1:colcon.colcon_core.package_identification:_identify(micro-ROS-Agent/micro_ros_agent) by extensions ['colcon_meta']
[0.390s] Level 1:colcon.colcon_core.package_identification:_identify(micro-ROS-Agent/micro_ros_agent) by extension 'colcon_meta'
[0.390s] Level 1:colcon.colcon_core.package_identification:_identify(micro-ROS-Agent/micro_ros_agent) by extensions ['ros']
[0.390s] Level 1:colcon.colcon_core.package_identification:_identify(micro-ROS-Agent/micro_ros_agent) by extension 'ros'
[0.391s] DEBUG:colcon.colcon_core.package_identification:Package 'micro-ROS-Agent/micro_ros_agent' with type 'ros.ament_cmake' and name 'micro_ros_agent'
[0.391s] Level 1:colcon.colcon_core.package_identification:_identify(micro-ROS-Agent/snap) by extensions ['ignore', 'ignore_ament_install']
[0.391s] Level 1:colcon.colcon_core.package_identification:_identify(micro-ROS-Agent/snap) by extension 'ignore'
[0.391s] Level 1:colcon.colcon_core.package_identification:_identify(micro-ROS-Agent/snap) by extension 'ignore_ament_install'
[0.391s] Level 1:colcon.colcon_core.package_identification:_identify(micro-ROS-Agent/snap) by extensions ['colcon_pkg']
[0.391s] Level 1:colcon.colcon_core.package_identification:_identify(micro-ROS-Agent/snap) by extension 'colcon_pkg'
[0.391s] Level 1:colcon.colcon_core.package_identification:_identify(micro-ROS-Agent/snap) by extensions ['colcon_meta']
[0.391s] Level 1:colcon.colcon_core.package_identification:_identify(micro-ROS-Agent/snap) by extension 'colcon_meta'
[0.392s] Level 1:colcon.colcon_core.package_identification:_identify(micro-ROS-Agent/snap) by extensions ['ros']
[0.392s] Level 1:colcon.colcon_core.package_identification:_identify(micro-ROS-Agent/snap) by extension 'ros'
[0.392s] Level 1:colcon.colcon_core.package_identification:_identify(micro-ROS-Agent/snap) by extensions ['cmake', 'python']
[0.392s] Level 1:colcon.colcon_core.package_identification:_identify(micro-ROS-Agent/snap) by extension 'cmake'
[0.392s] Level 1:colcon.colcon_core.package_identification:_identify(micro-ROS-Agent/snap) by extension 'python'
[0.392s] Level 1:colcon.colcon_core.package_identification:_identify(micro-ROS-Agent/snap) by extensions ['python_setup_py']
[0.392s] Level 1:colcon.colcon_core.package_identification:_identify(micro-ROS-Agent/snap) by extension 'python_setup_py'
[0.392s] Level 1:colcon.colcon_core.package_identification:_identify(micro-ROS-Agent/snap/hooks) by extensions ['ignore', 'ignore_ament_install']
[0.392s] Level 1:colcon.colcon_core.package_identification:_identify(micro-ROS-Agent/snap/hooks) by extension 'ignore'
[0.392s] Level 1:colcon.colcon_core.package_identification:_identify(micro-ROS-Agent/snap/hooks) by extension 'ignore_ament_install'
[0.392s] Level 1:colcon.colcon_core.package_identification:_identify(micro-ROS-Agent/snap/hooks) by extensions ['colcon_pkg']
[0.392s] Level 1:colcon.colcon_core.package_identification:_identify(micro-ROS-Agent/snap/hooks) by extension 'colcon_pkg'
[0.392s] Level 1:colcon.colcon_core.package_identification:_identify(micro-ROS-Agent/snap/hooks) by extensions ['colcon_meta']
[0.392s] Level 1:colcon.colcon_core.package_identification:_identify(micro-ROS-Agent/snap/hooks) by extension 'colcon_meta'
[0.392s] Level 1:colcon.colcon_core.package_identification:_identify(micro-ROS-Agent/snap/hooks) by extensions ['ros']
[0.392s] Level 1:colcon.colcon_core.package_identification:_identify(micro-ROS-Agent/snap/hooks) by extension 'ros'
[0.392s] Level 1:colcon.colcon_core.package_identification:_identify(micro-ROS-Agent/snap/hooks) by extensions ['cmake', 'python']
[0.392s] Level 1:colcon.colcon_core.package_identification:_identify(micro-ROS-Agent/snap/hooks) by extension 'cmake'
[0.392s] Level 1:colcon.colcon_core.package_identification:_identify(micro-ROS-Agent/snap/hooks) by extension 'python'
[0.392s] Level 1:colcon.colcon_core.package_identification:_identify(micro-ROS-Agent/snap/hooks) by extensions ['python_setup_py']
[0.392s] Level 1:colcon.colcon_core.package_identification:_identify(micro-ROS-Agent/snap/hooks) by extension 'python_setup_py'
[0.393s] Level 1:colcon.colcon_core.package_identification:_identify(micro-ROS-Agent/snap/local) by extensions ['ignore', 'ignore_ament_install']
[0.393s] Level 1:colcon.colcon_core.package_identification:_identify(micro-ROS-Agent/snap/local) by extension 'ignore'
[0.393s] Level 1:colcon.colcon_core.package_identification:_identify(micro-ROS-Agent/snap/local) by extension 'ignore_ament_install'
[0.393s] Level 1:colcon.colcon_core.package_identification:_identify(micro-ROS-Agent/snap/local) by extensions ['colcon_pkg']
[0.393s] Level 1:colcon.colcon_core.package_identification:_identify(micro-ROS-Agent/snap/local) by extension 'colcon_pkg'
[0.393s] Level 1:colcon.colcon_core.package_identification:_identify(micro-ROS-Agent/snap/local) by extensions ['colcon_meta']
[0.393s] Level 1:colcon.colcon_core.package_identification:_identify(micro-ROS-Agent/snap/local) by extension 'colcon_meta'
[0.393s] Level 1:colcon.colcon_core.package_identification:_identify(micro-ROS-Agent/snap/local) by extensions ['ros']
[0.393s] Level 1:colcon.colcon_core.package_identification:_identify(micro-ROS-Agent/snap/local) by extension 'ros'
[0.393s] Level 1:colcon.colcon_core.package_identification:_identify(micro-ROS-Agent/snap/local) by extensions ['cmake', 'python']
[0.393s] Level 1:colcon.colcon_core.package_identification:_identify(micro-ROS-Agent/snap/local) by extension 'cmake'
[0.393s] Level 1:colcon.colcon_core.package_identification:_identify(micro-ROS-Agent/snap/local) by extension 'python'
[0.393s] Level 1:colcon.colcon_core.package_identification:_identify(micro-ROS-Agent/snap/local) by extensions ['python_setup_py']
[0.393s] Level 1:colcon.colcon_core.package_identification:_identify(micro-ROS-Agent/snap/local) by extension 'python_setup_py'
[0.393s] Level 1:colcon.colcon_core.package_identification:_identify(micro_ros_msgs) by extensions ['ignore', 'ignore_ament_install']
[0.393s] Level 1:colcon.colcon_core.package_identification:_identify(micro_ros_msgs) by extension 'ignore'
[0.393s] Level 1:colcon.colcon_core.package_identification:_identify(micro_ros_msgs) by extension 'ignore_ament_install'
[0.393s] Level 1:colcon.colcon_core.package_identification:_identify(micro_ros_msgs) by extensions ['colcon_pkg']
[0.393s] Level 1:colcon.colcon_core.package_identification:_identify(micro_ros_msgs) by extension 'colcon_pkg'
[0.394s] Level 1:colcon.colcon_core.package_identification:_identify(micro_ros_msgs) by extensions ['colcon_meta']
[0.394s] Level 1:colcon.colcon_core.package_identification:_identify(micro_ros_msgs) by extension 'colcon_meta'
[0.394s] Level 1:colcon.colcon_core.package_identification:_identify(micro_ros_msgs) by extensions ['ros']
[0.394s] Level 1:colcon.colcon_core.package_identification:_identify(micro_ros_msgs) by extension 'ros'
[0.394s] DEBUG:colcon.colcon_core.package_identification:Package 'micro_ros_msgs' with type 'ros.ament_cmake' and name 'micro_ros_msgs'
[0.394s] Level 1:colcon.colcon_core.package_identification:_identify(ros_serial2wifi) by extensions ['ignore', 'ignore_ament_install']
[0.394s] Level 1:colcon.colcon_core.package_identification:_identify(ros_serial2wifi) by extension 'ignore'
[0.394s] Level 1:colcon.colcon_core.package_identification:_identify(ros_serial2wifi) by extension 'ignore_ament_install'
[0.394s] Level 1:colcon.colcon_core.package_identification:_identify(ros_serial2wifi) by extensions ['colcon_pkg']
[0.394s] Level 1:colcon.colcon_core.package_identification:_identify(ros_serial2wifi) by extension 'colcon_pkg'
[0.394s] Level 1:colcon.colcon_core.package_identification:_identify(ros_serial2wifi) by extensions ['colcon_meta']
[0.394s] Level 1:colcon.colcon_core.package_identification:_identify(ros_serial2wifi) by extension 'colcon_meta'
[0.394s] Level 1:colcon.colcon_core.package_identification:_identify(ros_serial2wifi) by extensions ['ros']
[0.394s] Level 1:colcon.colcon_core.package_identification:_identify(ros_serial2wifi) by extension 'ros'
[0.395s] DEBUG:colcon.colcon_core.package_identification:Package 'ros_serial2wifi' with type 'ros.ament_python' and name 'ros_serial2wifi'
[0.395s] Level 1:colcon.colcon_core.package_identification:_identify(ydlidar_ros2) by extensions ['ignore', 'ignore_ament_install']
[0.395s] Level 1:colcon.colcon_core.package_identification:_identify(ydlidar_ros2) by extension 'ignore'
[0.395s] Level 1:colcon.colcon_core.package_identification:_identify(ydlidar_ros2) by extension 'ignore_ament_install'
[0.395s] Level 1:colcon.colcon_core.package_identification:_identify(ydlidar_ros2) by extensions ['colcon_pkg']
[0.395s] Level 1:colcon.colcon_core.package_identification:_identify(ydlidar_ros2) by extension 'colcon_pkg'
[0.395s] Level 1:colcon.colcon_core.package_identification:_identify(ydlidar_ros2) by extensions ['colcon_meta']
[0.395s] Level 1:colcon.colcon_core.package_identification:_identify(ydlidar_ros2) by extension 'colcon_meta'
[0.395s] Level 1:colcon.colcon_core.package_identification:_identify(ydlidar_ros2) by extensions ['ros']
[0.395s] Level 1:colcon.colcon_core.package_identification:_identify(ydlidar_ros2) by extension 'ros'
[0.396s] DEBUG:colcon.colcon_core.package_identification:Package 'ydlidar_ros2' with type 'ros.ament_cmake' and name 'ydlidar'
[0.396s] Level 1:colcon.colcon_core.package_discovery:discover_packages(recursive) using defaults
[0.396s] Level 1:colcon.colcon_core.package_discovery:discover_packages(ignore) discover
[0.396s] Level 1:colcon.colcon_core.package_discovery:discover_packages(ignore) using defaults
[0.396s] Level 1:colcon.colcon_core.package_discovery:discover_packages(path) discover
[0.396s] Level 1:colcon.colcon_core.package_discovery:discover_packages(path) using defaults
[0.413s] Level 1:colcon.colcon_core.package_discovery:discover_packages(prefix_path) check parameters
[0.413s] Level 1:colcon.colcon_core.package_discovery:discover_packages(prefix_path) discover
[0.416s] DEBUG:colcon.colcon_installed_package_information.package_discovery:Found 320 installed packages in /opt/ros/humble
[0.422s] Level 1:colcon.colcon_core.package_discovery:discover_packages(prefix_path) using defaults
[0.479s] Level 5:colcon.colcon_core.verb:set package 'fishbot_bringup' build argument 'cmake_args' from command line to 'None'
[0.480s] Level 5:colcon.colcon_core.verb:set package 'fishbot_bringup' build argument 'cmake_target' from command line to 'None'
[0.480s] Level 5:colcon.colcon_core.verb:set package 'fishbot_bringup' build argument 'cmake_target_skip_unavailable' from command line to 'False'
[0.480s] Level 5:colcon.colcon_core.verb:set package 'fishbot_bringup' build argument 'cmake_clean_cache' from command line to 'False'
[0.480s] Level 5:colcon.colcon_core.verb:set package 'fishbot_bringup' build argument 'cmake_clean_first' from command line to 'False'
[0.480s] Level 5:colcon.colcon_core.verb:set package 'fishbot_bringup' build argument 'cmake_force_configure' from command line to 'False'
[0.480s] Level 5:colcon.colcon_core.verb:set package 'fishbot_bringup' build argument 'ament_cmake_args' from command line to 'None'
[0.480s] Level 5:colcon.colcon_core.verb:set package 'fishbot_bringup' build argument 'catkin_cmake_args' from command line to 'None'
[0.480s] Level 5:colcon.colcon_core.verb:set package 'fishbot_bringup' build argument 'catkin_skip_building_tests' from command line to 'False'
[0.480s] DEBUG:colcon.colcon_core.verb:Building package 'fishbot_bringup' with the following arguments: {'ament_cmake_args': None, 'build_base': '/home/zjz/chapt9/fishbot_ws/src/build/fishbot_bringup', 'catkin_cmake_args': None, 'catkin_skip_building_tests': False, 'cmake_args': None, 'cmake_clean_cache': False, 'cmake_clean_first': False, 'cmake_force_configure': False, 'cmake_target': None, 'cmake_target_skip_unavailable': False, 'install_base': '/home/zjz/chapt9/fishbot_ws/src/install/fishbot_bringup', 'merge_install': False, 'path': '/home/zjz/chapt9/fishbot_ws/src/fishbot_bringup', 'symlink_install': False, 'test_result_base': None}
[0.480s] Level 5:colcon.colcon_core.verb:set package 'fishbot_description' build argument 'cmake_args' from command line to 'None'
[0.480s] Level 5:colcon.colcon_core.verb:set package 'fishbot_description' build argument 'cmake_target' from command line to 'None'
[0.480s] Level 5:colcon.colcon_core.verb:set package 'fishbot_description' build argument 'cmake_target_skip_unavailable' from command line to 'False'
[0.480s] Level 5:colcon.colcon_core.verb:set package 'fishbot_description' build argument 'cmake_clean_cache' from command line to 'False'
[0.480s] Level 5:colcon.colcon_core.verb:set package 'fishbot_description' build argument 'cmake_clean_first' from command line to 'False'
[0.480s] Level 5:colcon.colcon_core.verb:set package 'fishbot_description' build argument 'cmake_force_configure' from command line to 'False'
[0.480s] Level 5:colcon.colcon_core.verb:set package 'fishbot_description' build argument 'ament_cmake_args' from command line to 'None'
[0.480s] Level 5:colcon.colcon_core.verb:set package 'fishbot_description' build argument 'catkin_cmake_args' from command line to 'None'
[0.480s] Level 5:colcon.colcon_core.verb:set package 'fishbot_description' build argument 'catkin_skip_building_tests' from command line to 'False'
[0.480s] DEBUG:colcon.colcon_core.verb:Building package 'fishbot_description' with the following arguments: {'ament_cmake_args': None, 'build_base': '/home/zjz/chapt9/fishbot_ws/src/build/fishbot_description', 'catkin_cmake_args': None, 'catkin_skip_building_tests': False, 'cmake_args': None, 'cmake_clean_cache': False, 'cmake_clean_first': False, 'cmake_force_configure': False, 'cmake_target': None, 'cmake_target_skip_unavailable': False, 'install_base': '/home/zjz/chapt9/fishbot_ws/src/install/fishbot_description', 'merge_install': False, 'path': '/home/zjz/chapt9/fishbot_ws/src/fishbot_description', 'symlink_install': False, 'test_result_base': None}
[0.480s] Level 5:colcon.colcon_core.verb:set package 'micro_ros_msgs' build argument 'cmake_args' from command line to 'None'
[0.480s] Level 5:colcon.colcon_core.verb:set package 'micro_ros_msgs' build argument 'cmake_target' from command line to 'None'
[0.481s] Level 5:colcon.colcon_core.verb:set package 'micro_ros_msgs' build argument 'cmake_target_skip_unavailable' from command line to 'False'
[0.481s] Level 5:colcon.colcon_core.verb:set package 'micro_ros_msgs' build argument 'cmake_clean_cache' from command line to 'False'
[0.481s] Level 5:colcon.colcon_core.verb:set package 'micro_ros_msgs' build argument 'cmake_clean_first' from command line to 'False'
[0.481s] Level 5:colcon.colcon_core.verb:set package 'micro_ros_msgs' build argument 'cmake_force_configure' from command line to 'False'
[0.481s] Level 5:colcon.colcon_core.verb:set package 'micro_ros_msgs' build argument 'ament_cmake_args' from command line to 'None'
[0.481s] Level 5:colcon.colcon_core.verb:set package 'micro_ros_msgs' build argument 'catkin_cmake_args' from command line to 'None'
[0.481s] Level 5:colcon.colcon_core.verb:set package 'micro_ros_msgs' build argument 'catkin_skip_building_tests' from command line to 'False'
[0.481s] DEBUG:colcon.colcon_core.verb:Building package 'micro_ros_msgs' with the following arguments: {'ament_cmake_args': None, 'build_base': '/home/zjz/chapt9/fishbot_ws/src/build/micro_ros_msgs', 'catkin_cmake_args': None, 'catkin_skip_building_tests': False, 'cmake_args': None, 'cmake_clean_cache': False, 'cmake_clean_first': False, 'cmake_force_configure': False, 'cmake_target': None, 'cmake_target_skip_unavailable': False, 'install_base': '/home/zjz/chapt9/fishbot_ws/src/install/micro_ros_msgs', 'merge_install': False, 'path': '/home/zjz/chapt9/fishbot_ws/src/micro_ros_msgs', 'symlink_install': False, 'test_result_base': None}
[0.481s] Level 5:colcon.colcon_core.verb:set package 'ros_serial2wifi' build argument 'cmake_args' from command line to 'None'
[0.481s] Level 5:colcon.colcon_core.verb:set package 'ros_serial2wifi' build argument 'cmake_target' from command line to 'None'
[0.481s] Level 5:colcon.colcon_core.verb:set package 'ros_serial2wifi' build argument 'cmake_target_skip_unavailable' from command line to 'False'
[0.481s] Level 5:colcon.colcon_core.verb:set package 'ros_serial2wifi' build argument 'cmake_clean_cache' from command line to 'False'
[0.481s] Level 5:colcon.colcon_core.verb:set package 'ros_serial2wifi' build argument 'cmake_clean_first' from command line to 'False'
[0.481s] Level 5:colcon.colcon_core.verb:set package 'ros_serial2wifi' build argument 'cmake_force_configure' from command line to 'False'
[0.481s] Level 5:colcon.colcon_core.verb:set package 'ros_serial2wifi' build argument 'ament_cmake_args' from command line to 'None'
[0.481s] Level 5:colcon.colcon_core.verb:set package 'ros_serial2wifi' build argument 'catkin_cmake_args' from command line to 'None'
[0.481s] Level 5:colcon.colcon_core.verb:set package 'ros_serial2wifi' build argument 'catkin_skip_building_tests' from command line to 'False'
[0.481s] DEBUG:colcon.colcon_core.verb:Building package 'ros_serial2wifi' with the following arguments: {'ament_cmake_args': None, 'build_base': '/home/zjz/chapt9/fishbot_ws/src/build/ros_serial2wifi', 'catkin_cmake_args': None, 'catkin_skip_building_tests': False, 'cmake_args': None, 'cmake_clean_cache': False, 'cmake_clean_first': False, 'cmake_force_configure': False, 'cmake_target': None, 'cmake_target_skip_unavailable': False, 'install_base': '/home/zjz/chapt9/fishbot_ws/src/install/ros_serial2wifi', 'merge_install': False, 'path': '/home/zjz/chapt9/fishbot_ws/src/ros_serial2wifi', 'symlink_install': False, 'test_result_base': None}
[0.481s] Level 5:colcon.colcon_core.verb:set package 'ydlidar' build argument 'cmake_args' from command line to 'None'
[0.481s] Level 5:colcon.colcon_core.verb:set package 'ydlidar' build argument 'cmake_target' from command line to 'None'
[0.481s] Level 5:colcon.colcon_core.verb:set package 'ydlidar' build argument 'cmake_target_skip_unavailable' from command line to 'False'
[0.481s] Level 5:colcon.colcon_core.verb:set package 'ydlidar' build argument 'cmake_clean_cache' from command line to 'False'
[0.481s] Level 5:colcon.colcon_core.verb:set package 'ydlidar' build argument 'cmake_clean_first' from command line to 'False'
[0.481s] Level 5:colcon.colcon_core.verb:set package 'ydlidar' build argument 'cmake_force_configure' from command line to 'False'
[0.481s] Level 5:colcon.colcon_core.verb:set package 'ydlidar' build argument 'ament_cmake_args' from command line to 'None'
[0.481s] Level 5:colcon.colcon_core.verb:set package 'ydlidar' build argument 'catkin_cmake_args' from command line to 'None'
[0.481s] Level 5:colcon.colcon_core.verb:set package 'ydlidar' build argument 'catkin_skip_building_tests' from command line to 'False'
[0.481s] DEBUG:colcon.colcon_core.verb:Building package 'ydlidar' with the following arguments: {'ament_cmake_args': None, 'build_base': '/home/zjz/chapt9/fishbot_ws/src/build/ydlidar', 'catkin_cmake_args': None, 'catkin_skip_building_tests': False, 'cmake_args': None, 'cmake_clean_cache': False, 'cmake_clean_first': False, 'cmake_force_configure': False, 'cmake_target': None, 'cmake_target_skip_unavailable': False, 'install_base': '/home/zjz/chapt9/fishbot_ws/src/install/ydlidar', 'merge_install': False, 'path': '/home/zjz/chapt9/fishbot_ws/src/ydlidar_ros2', 'symlink_install': False, 'test_result_base': None}
[0.482s] Level 5:colcon.colcon_core.verb:set package 'micro_ros_agent' build argument 'cmake_args' from command line to 'None'
[0.482s] Level 5:colcon.colcon_core.verb:set package 'micro_ros_agent' build argument 'cmake_target' from command line to 'None'
[0.482s] Level 5:colcon.colcon_core.verb:set package 'micro_ros_agent' build argument 'cmake_target_skip_unavailable' from command line to 'False'
[0.482s] Level 5:colcon.colcon_core.verb:set package 'micro_ros_agent' build argument 'cmake_clean_cache' from command line to 'False'
[0.482s] Level 5:colcon.colcon_core.verb:set package 'micro_ros_agent' build argument 'cmake_clean_first' from command line to 'False'
[0.482s] Level 5:colcon.colcon_core.verb:set package 'micro_ros_agent' build argument 'cmake_force_configure' from command line to 'False'
[0.482s] Level 5:colcon.colcon_core.verb:set package 'micro_ros_agent' build argument 'ament_cmake_args' from command line to 'None'
[0.482s] Level 5:colcon.colcon_core.verb:set package 'micro_ros_agent' build argument 'catkin_cmake_args' from command line to 'None'
[0.482s] Level 5:colcon.colcon_core.verb:set package 'micro_ros_agent' build argument 'catkin_skip_building_tests' from command line to 'False'
[0.482s] DEBUG:colcon.colcon_core.verb:Building package 'micro_ros_agent' with the following arguments: {'ament_cmake_args': None, 'build_base': '/home/zjz/chapt9/fishbot_ws/src/build/micro_ros_agent', 'catkin_cmake_args': None, 'catkin_skip_building_tests': False, 'cmake_args': None, 'cmake_clean_cache': False, 'cmake_clean_first': False, 'cmake_force_configure': False, 'cmake_target': None, 'cmake_target_skip_unavailable': False, 'install_base': '/home/zjz/chapt9/fishbot_ws/src/install/micro_ros_agent', 'merge_install': False, 'path': '/home/zjz/chapt9/fishbot_ws/src/micro-ROS-Agent/micro_ros_agent', 'symlink_install': False, 'test_result_base': None}
[0.482s] INFO:colcon.colcon_core.executor:Executing jobs using 'parallel' executor
[0.483s] DEBUG:colcon.colcon_parallel_executor.executor.parallel:run_until_complete
[0.483s] INFO:colcon.colcon_ros.task.ament_cmake.build:Building ROS package in '/home/zjz/chapt9/fishbot_ws/src/micro_ros_msgs' with build type 'ament_cmake'
[0.483s] INFO:colcon.colcon_cmake.task.cmake.build:Building CMake package in '/home/zjz/chapt9/fishbot_ws/src/micro_ros_msgs'
[0.487s] INFO:colcon.colcon_core.plugin_system:Skipping extension 'colcon_core.shell.bat': Not used on non-Windows systems
[0.487s] INFO:colcon.colcon_core.shell:Skip shell extension 'powershell' for command environment: Not usable outside of PowerShell
[0.487s] DEBUG:colcon.colcon_core.shell:Skip shell extension 'dsv' for command environment
[0.489s] INFO:colcon.colcon_ros.task.ament_cmake.build:Building ROS package in '/home/zjz/chapt9/fishbot_ws/src/fishbot_bringup' with build type 'ament_cmake'
[0.489s] INFO:colcon.colcon_cmake.task.cmake.build:Building CMake package in '/home/zjz/chapt9/fishbot_ws/src/fishbot_bringup'
[0.489s] INFO:colcon.colcon_core.shell:Skip shell extension 'powershell' for command environment: Not usable outside of PowerShell
[0.489s] DEBUG:colcon.colcon_core.shell:Skip shell extension 'dsv' for command environment
[0.491s] INFO:colcon.colcon_ros.task.ament_cmake.build:Building ROS package in '/home/zjz/chapt9/fishbot_ws/src/fishbot_description' with build type 'ament_cmake'
[0.491s] INFO:colcon.colcon_cmake.task.cmake.build:Building CMake package in '/home/zjz/chapt9/fishbot_ws/src/fishbot_description'
[0.491s] INFO:colcon.colcon_core.shell:Skip shell extension 'powershell' for command environment: Not usable outside of PowerShell
[0.491s] DEBUG:colcon.colcon_core.shell:Skip shell extension 'dsv' for command environment
[0.493s] INFO:colcon.colcon_ros.task.ament_python.build:Building ROS package in '/home/zjz/chapt9/fishbot_ws/src/ros_serial2wifi' with build type 'ament_python'
[0.493s] Level 1:colcon.colcon_core.shell:create_environment_hook('ros_serial2wifi', 'ament_prefix_path')
[0.493s] INFO:colcon.colcon_core.shell:Creating environment hook '/home/zjz/chapt9/fishbot_ws/src/install/ros_serial2wifi/share/ros_serial2wifi/hook/ament_prefix_path.ps1'
[0.493s] INFO:colcon.colcon_core.shell:Creating environment descriptor '/home/zjz/chapt9/fishbot_ws/src/install/ros_serial2wifi/share/ros_serial2wifi/hook/ament_prefix_path.dsv'
[0.494s] INFO:colcon.colcon_core.shell:Creating environment hook '/home/zjz/chapt9/fishbot_ws/src/install/ros_serial2wifi/share/ros_serial2wifi/hook/ament_prefix_path.sh'
[0.494s] INFO:colcon.colcon_core.shell:Skip shell extension 'powershell' for command environment: Not usable outside of PowerShell
[0.494s] DEBUG:colcon.colcon_core.shell:Skip shell extension 'dsv' for command environment
[0.496s] INFO:colcon.colcon_ros.task.ament_cmake.build:Building ROS package in '/home/zjz/chapt9/fishbot_ws/src/ydlidar_ros2' with build type 'ament_cmake'
[0.496s] INFO:colcon.colcon_cmake.task.cmake.build:Building CMake package in '/home/zjz/chapt9/fishbot_ws/src/ydlidar_ros2'
[0.496s] INFO:colcon.colcon_core.shell:Skip shell extension 'powershell' for command environment: Not usable outside of PowerShell
[0.496s] DEBUG:colcon.colcon_core.shell:Skip shell extension 'dsv' for command environment
[0.501s] DEBUG:colcon.colcon_core.event_handler.log_command:Invoking command in '/home/zjz/chapt9/fishbot_ws/src/build/micro_ros_msgs': CMAKE_PREFIX_PATH=/opt/ros/humble /usr/bin/cmake --build /home/zjz/chapt9/fishbot_ws/src/build/micro_ros_msgs -- -j32 -l32
[0.506s] DEBUG:colcon.colcon_core.event_handler.log_command:Invoking command in '/home/zjz/chapt9/fishbot_ws/src/build/fishbot_bringup': CMAKE_PREFIX_PATH=/opt/ros/humble /usr/bin/cmake --build /home/zjz/chapt9/fishbot_ws/src/build/fishbot_bringup -- -j32 -l32
[0.508s] DEBUG:colcon.colcon_core.event_handler.log_command:Invoking command in '/home/zjz/chapt9/fishbot_ws/src/build/fishbot_description': CMAKE_PREFIX_PATH=/opt/ros/humble /usr/bin/cmake --build /home/zjz/chapt9/fishbot_ws/src/build/fishbot_description -- -j32 -l32
[0.636s] INFO:colcon.colcon_core.task.python.build:Building Python package in '/home/zjz/chapt9/fishbot_ws/src/ros_serial2wifi'
[0.636s] INFO:colcon.colcon_core.shell:Skip shell extension 'powershell' for command environment: Not usable outside of PowerShell
[0.636s] DEBUG:colcon.colcon_core.shell:Skip shell extension 'dsv' for command environment
[0.645s] DEBUG:colcon.colcon_core.event_handler.log_command:Invoking command in '/home/zjz/chapt9/fishbot_ws/src/build/ydlidar': CMAKE_PREFIX_PATH=/opt/ros/humble /usr/bin/cmake --build /home/zjz/chapt9/fishbot_ws/src/build/ydlidar -- -j32 -l32
[0.646s] DEBUG:colcon.colcon_core.event_handler.log_command:Invoked command in '/home/zjz/chapt9/fishbot_ws/src/build/fishbot_description' returned '0': CMAKE_PREFIX_PATH=/opt/ros/humble /usr/bin/cmake --build /home/zjz/chapt9/fishbot_ws/src/build/fishbot_description -- -j32 -l32
[0.650s] DEBUG:colcon.colcon_core.event_handler.log_command:Invoking command in '/home/zjz/chapt9/fishbot_ws/src/build/fishbot_description': CMAKE_PREFIX_PATH=/opt/ros/humble /usr/bin/cmake --install /home/zjz/chapt9/fishbot_ws/src/build/fishbot_description
[0.655s] Level 1:colcon.colcon_core.environment:create_environment_scripts_only(fishbot_description)
[0.656s] DEBUG:colcon.colcon_core.event_handler.log_command:Invoked command in '/home/zjz/chapt9/fishbot_ws/src/build/fishbot_description' returned '0': CMAKE_PREFIX_PATH=/opt/ros/humble /usr/bin/cmake --install /home/zjz/chapt9/fishbot_ws/src/build/fishbot_description
[0.659s] Level 1:colcon.colcon_core.environment:checking '/home/zjz/chapt9/fishbot_ws/src/install/fishbot_description' for CMake module files
[0.660s] Level 1:colcon.colcon_core.environment:checking '/home/zjz/chapt9/fishbot_ws/src/install/fishbot_description' for CMake config files
[0.661s] Level 1:colcon.colcon_core.shell:create_environment_hook('fishbot_description', 'cmake_prefix_path')
[0.661s] INFO:colcon.colcon_core.shell:Creating environment hook '/home/zjz/chapt9/fishbot_ws/src/install/fishbot_description/share/fishbot_description/hook/cmake_prefix_path.ps1'
[0.661s] INFO:colcon.colcon_core.shell:Creating environment descriptor '/home/zjz/chapt9/fishbot_ws/src/install/fishbot_description/share/fishbot_description/hook/cmake_prefix_path.dsv'
[0.661s] INFO:colcon.colcon_core.shell:Creating environment hook '/home/zjz/chapt9/fishbot_ws/src/install/fishbot_description/share/fishbot_description/hook/cmake_prefix_path.sh'
[0.662s] Level 1:colcon.colcon_core.environment:checking '/home/zjz/chapt9/fishbot_ws/src/install/fishbot_description/bin'
[0.662s] Level 1:colcon.colcon_core.environment:checking '/home/zjz/chapt9/fishbot_ws/src/install/fishbot_description/lib/pkgconfig/fishbot_description.pc'
[0.662s] Level 1:colcon.colcon_core.environment:checking '/home/zjz/chapt9/fishbot_ws/src/install/fishbot_description/lib/python3.10/site-packages'
[0.662s] Level 1:colcon.colcon_core.environment:checking '/home/zjz/chapt9/fishbot_ws/src/install/fishbot_description/bin'
[0.662s] INFO:colcon.colcon_core.shell:Creating package script '/home/zjz/chapt9/fishbot_ws/src/install/fishbot_description/share/fishbot_description/package.ps1'
[0.663s] INFO:colcon.colcon_core.shell:Creating package descriptor '/home/zjz/chapt9/fishbot_ws/src/install/fishbot_description/share/fishbot_description/package.dsv'
[0.664s] INFO:colcon.colcon_core.shell:Creating package script '/home/zjz/chapt9/fishbot_ws/src/install/fishbot_description/share/fishbot_description/package.sh'
[0.664s] INFO:colcon.colcon_core.shell:Creating package script '/home/zjz/chapt9/fishbot_ws/src/install/fishbot_description/share/fishbot_description/package.bash'
[0.665s] INFO:colcon.colcon_core.shell:Creating package script '/home/zjz/chapt9/fishbot_ws/src/install/fishbot_description/share/fishbot_description/package.zsh'
[0.665s] Level 1:colcon.colcon_core.environment:create_file_with_runtime_dependencies(/home/zjz/chapt9/fishbot_ws/src/install/fishbot_description/share/colcon-core/packages/fishbot_description)
[0.666s] Level 1:colcon.colcon_core.environment:create_environment_scripts_only(fishbot_description)
[0.666s] Level 1:colcon.colcon_core.environment:checking '/home/zjz/chapt9/fishbot_ws/src/install/fishbot_description' for CMake module files
[0.666s] Level 1:colcon.colcon_core.environment:checking '/home/zjz/chapt9/fishbot_ws/src/install/fishbot_description' for CMake config files
[0.666s] Level 1:colcon.colcon_core.shell:create_environment_hook('fishbot_description', 'cmake_prefix_path')
[0.666s] INFO:colcon.colcon_core.shell:Creating environment hook '/home/zjz/chapt9/fishbot_ws/src/install/fishbot_description/share/fishbot_description/hook/cmake_prefix_path.ps1'
[0.667s] INFO:colcon.colcon_core.shell:Creating environment descriptor '/home/zjz/chapt9/fishbot_ws/src/install/fishbot_description/share/fishbot_description/hook/cmake_prefix_path.dsv'
[0.667s] INFO:colcon.colcon_core.shell:Creating environment hook '/home/zjz/chapt9/fishbot_ws/src/install/fishbot_description/share/fishbot_description/hook/cmake_prefix_path.sh'
[0.667s] Level 1:colcon.colcon_core.environment:checking '/home/zjz/chapt9/fishbot_ws/src/install/fishbot_description/bin'
[0.667s] Level 1:colcon.colcon_core.environment:checking '/home/zjz/chapt9/fishbot_ws/src/install/fishbot_description/lib/pkgconfig/fishbot_description.pc'
[0.667s] Level 1:colcon.colcon_core.environment:checking '/home/zjz/chapt9/fishbot_ws/src/install/fishbot_description/lib/python3.10/site-packages'
[0.667s] Level 1:colcon.colcon_core.environment:checking '/home/zjz/chapt9/fishbot_ws/src/install/fishbot_description/bin'
[0.667s] INFO:colcon.colcon_core.shell:Creating package script '/home/zjz/chapt9/fishbot_ws/src/install/fishbot_description/share/fishbot_description/package.ps1'
[0.668s] INFO:colcon.colcon_core.shell:Creating package descriptor '/home/zjz/chapt9/fishbot_ws/src/install/fishbot_description/share/fishbot_description/package.dsv'
[0.668s] INFO:colcon.colcon_core.shell:Creating package script '/home/zjz/chapt9/fishbot_ws/src/install/fishbot_description/share/fishbot_description/package.sh'
[0.668s] INFO:colcon.colcon_core.shell:Creating package script '/home/zjz/chapt9/fishbot_ws/src/install/fishbot_description/share/fishbot_description/package.bash'
[0.669s] INFO:colcon.colcon_core.shell:Creating package script '/home/zjz/chapt9/fishbot_ws/src/install/fishbot_description/share/fishbot_description/package.zsh'
[0.669s] Level 1:colcon.colcon_core.environment:create_file_with_runtime_dependencies(/home/zjz/chapt9/fishbot_ws/src/install/fishbot_description/share/colcon-core/packages/fishbot_description)
[0.747s] DEBUG:colcon.colcon_core.event_handler.log_command:Invoked command in '/home/zjz/chapt9/fishbot_ws/src/build/micro_ros_msgs' returned '0': CMAKE_PREFIX_PATH=/opt/ros/humble /usr/bin/cmake --build /home/zjz/chapt9/fishbot_ws/src/build/micro_ros_msgs -- -j32 -l32
[0.750s] DEBUG:colcon.colcon_core.event_handler.log_command:Invoking command in '/home/zjz/chapt9/fishbot_ws/src/build/micro_ros_msgs': CMAKE_PREFIX_PATH=/opt/ros/humble /usr/bin/cmake --install /home/zjz/chapt9/fishbot_ws/src/build/micro_ros_msgs
[0.893s] Level 1:colcon.colcon_core.environment:create_environment_scripts_only(micro_ros_msgs)
[0.893s] Level 1:colcon.colcon_core.environment:checking '/home/zjz/chapt9/fishbot_ws/src/install/micro_ros_msgs' for CMake module files
[0.894s] DEBUG:colcon.colcon_core.event_handler.log_command:Invoked command in '/home/zjz/chapt9/fishbot_ws/src/build/micro_ros_msgs' returned '0': CMAKE_PREFIX_PATH=/opt/ros/humble /usr/bin/cmake --install /home/zjz/chapt9/fishbot_ws/src/build/micro_ros_msgs
[0.895s] Level 1:colcon.colcon_core.environment:checking '/home/zjz/chapt9/fishbot_ws/src/install/micro_ros_msgs' for CMake config files
[0.895s] Level 1:colcon.colcon_core.shell:create_environment_hook('micro_ros_msgs', 'cmake_prefix_path')
[0.896s] INFO:colcon.colcon_core.shell:Creating environment hook '/home/zjz/chapt9/fishbot_ws/src/install/micro_ros_msgs/share/micro_ros_msgs/hook/cmake_prefix_path.ps1'
[0.897s] INFO:colcon.colcon_core.shell:Creating environment descriptor '/home/zjz/chapt9/fishbot_ws/src/install/micro_ros_msgs/share/micro_ros_msgs/hook/cmake_prefix_path.dsv'
[0.897s] INFO:colcon.colcon_core.shell:Creating environment hook '/home/zjz/chapt9/fishbot_ws/src/install/micro_ros_msgs/share/micro_ros_msgs/hook/cmake_prefix_path.sh'
[0.898s] Level 1:colcon.colcon_core.environment:checking '/home/zjz/chapt9/fishbot_ws/src/install/micro_ros_msgs/lib'
[0.898s] Level 1:colcon.colcon_core.shell:create_environment_hook('micro_ros_msgs', 'ld_library_path_lib')
[0.899s] INFO:colcon.colcon_core.shell:Creating environment hook '/home/zjz/chapt9/fishbot_ws/src/install/micro_ros_msgs/share/micro_ros_msgs/hook/ld_library_path_lib.ps1'
[0.899s] INFO:colcon.colcon_core.shell:Creating environment descriptor '/home/zjz/chapt9/fishbot_ws/src/install/micro_ros_msgs/share/micro_ros_msgs/hook/ld_library_path_lib.dsv'
[0.899s] INFO:colcon.colcon_core.shell:Creating environment hook '/home/zjz/chapt9/fishbot_ws/src/install/micro_ros_msgs/share/micro_ros_msgs/hook/ld_library_path_lib.sh'
[0.900s] Level 1:colcon.colcon_core.environment:checking '/home/zjz/chapt9/fishbot_ws/src/install/micro_ros_msgs/bin'
[0.900s] Level 1:colcon.colcon_core.environment:checking '/home/zjz/chapt9/fishbot_ws/src/install/micro_ros_msgs/lib/pkgconfig/micro_ros_msgs.pc'
[0.900s] Level 1:colcon.colcon_core.environment:checking '/home/zjz/chapt9/fishbot_ws/src/install/micro_ros_msgs/lib/python3.10/site-packages'
[0.901s] Level 1:colcon.colcon_core.environment:checking '/home/zjz/chapt9/fishbot_ws/src/install/micro_ros_msgs/bin'
[0.901s] INFO:colcon.colcon_core.shell:Creating package script '/home/zjz/chapt9/fishbot_ws/src/install/micro_ros_msgs/share/micro_ros_msgs/package.ps1'
[0.902s] INFO:colcon.colcon_core.shell:Creating package descriptor '/home/zjz/chapt9/fishbot_ws/src/install/micro_ros_msgs/share/micro_ros_msgs/package.dsv'
[0.903s] INFO:colcon.colcon_core.shell:Creating package script '/home/zjz/chapt9/fishbot_ws/src/install/micro_ros_msgs/share/micro_ros_msgs/package.sh'
[0.903s] INFO:colcon.colcon_core.shell:Creating package script '/home/zjz/chapt9/fishbot_ws/src/install/micro_ros_msgs/share/micro_ros_msgs/package.bash'
[0.904s] INFO:colcon.colcon_core.shell:Creating package script '/home/zjz/chapt9/fishbot_ws/src/install/micro_ros_msgs/share/micro_ros_msgs/package.zsh'
[0.904s] Level 1:colcon.colcon_core.environment:create_file_with_runtime_dependencies(/home/zjz/chapt9/fishbot_ws/src/install/micro_ros_msgs/share/colcon-core/packages/micro_ros_msgs)
[0.905s] Level 1:colcon.colcon_core.environment:create_environment_scripts_only(micro_ros_msgs)
[0.906s] Level 1:colcon.colcon_core.environment:checking '/home/zjz/chapt9/fishbot_ws/src/install/micro_ros_msgs' for CMake module files
[0.906s] Level 1:colcon.colcon_core.environment:checking '/home/zjz/chapt9/fishbot_ws/src/install/micro_ros_msgs' for CMake config files
[0.907s] Level 1:colcon.colcon_core.shell:create_environment_hook('micro_ros_msgs', 'cmake_prefix_path')
[0.907s] INFO:colcon.colcon_core.shell:Creating environment hook '/home/zjz/chapt9/fishbot_ws/src/install/micro_ros_msgs/share/micro_ros_msgs/hook/cmake_prefix_path.ps1'
[0.908s] INFO:colcon.colcon_core.shell:Creating environment descriptor '/home/zjz/chapt9/fishbot_ws/src/install/micro_ros_msgs/share/micro_ros_msgs/hook/cmake_prefix_path.dsv'
[0.908s] INFO:colcon.colcon_core.shell:Creating environment hook '/home/zjz/chapt9/fishbot_ws/src/install/micro_ros_msgs/share/micro_ros_msgs/hook/cmake_prefix_path.sh'
[0.909s] Level 1:colcon.colcon_core.environment:checking '/home/zjz/chapt9/fishbot_ws/src/install/micro_ros_msgs/lib'
[0.909s] Level 1:colcon.colcon_core.shell:create_environment_hook('micro_ros_msgs', 'ld_library_path_lib')
[0.909s] INFO:colcon.colcon_core.shell:Creating environment hook '/home/zjz/chapt9/fishbot_ws/src/install/micro_ros_msgs/share/micro_ros_msgs/hook/ld_library_path_lib.ps1'
[0.909s] INFO:colcon.colcon_core.shell:Creating environment descriptor '/home/zjz/chapt9/fishbot_ws/src/install/micro_ros_msgs/share/micro_ros_msgs/hook/ld_library_path_lib.dsv'
[0.910s] INFO:colcon.colcon_core.shell:Creating environment hook '/home/zjz/chapt9/fishbot_ws/src/install/micro_ros_msgs/share/micro_ros_msgs/hook/ld_library_path_lib.sh'
[0.910s] Level 1:colcon.colcon_core.environment:checking '/home/zjz/chapt9/fishbot_ws/src/install/micro_ros_msgs/bin'
[0.910s] Level 1:colcon.colcon_core.environment:checking '/home/zjz/chapt9/fishbot_ws/src/install/micro_ros_msgs/lib/pkgconfig/micro_ros_msgs.pc'
[0.911s] Level 1:colcon.colcon_core.environment:checking '/home/zjz/chapt9/fishbot_ws/src/install/micro_ros_msgs/lib/python3.10/site-packages'
[0.911s] Level 1:colcon.colcon_core.environment:checking '/home/zjz/chapt9/fishbot_ws/src/install/micro_ros_msgs/bin'
[0.912s] INFO:colcon.colcon_core.shell:Creating package script '/home/zjz/chapt9/fishbot_ws/src/install/micro_ros_msgs/share/micro_ros_msgs/package.ps1'
[0.912s] INFO:colcon.colcon_core.shell:Creating package descriptor '/home/zjz/chapt9/fishbot_ws/src/install/micro_ros_msgs/share/micro_ros_msgs/package.dsv'
[0.913s] INFO:colcon.colcon_core.shell:Creating package script '/home/zjz/chapt9/fishbot_ws/src/install/micro_ros_msgs/share/micro_ros_msgs/package.sh'
[0.913s] INFO:colcon.colcon_core.shell:Creating package script '/home/zjz/chapt9/fishbot_ws/src/install/micro_ros_msgs/share/micro_ros_msgs/package.bash'
[0.914s] INFO:colcon.colcon_core.shell:Creating package script '/home/zjz/chapt9/fishbot_ws/src/install/micro_ros_msgs/share/micro_ros_msgs/package.zsh'
[0.914s] Level 1:colcon.colcon_core.environment:create_file_with_runtime_dependencies(/home/zjz/chapt9/fishbot_ws/src/install/micro_ros_msgs/share/colcon-core/packages/micro_ros_msgs)
[0.915s] INFO:colcon.colcon_ros.task.ament_cmake.build:Building ROS package in '/home/zjz/chapt9/fishbot_ws/src/micro-ROS-Agent/micro_ros_agent' with build type 'ament_cmake'
[0.915s] INFO:colcon.colcon_cmake.task.cmake.build:Building CMake package in '/home/zjz/chapt9/fishbot_ws/src/micro-ROS-Agent/micro_ros_agent'
[0.916s] INFO:colcon.colcon_core.shell:Skip shell extension 'powershell' for command environment: Not usable outside of PowerShell
[0.916s] DEBUG:colcon.colcon_core.shell:Skip shell extension 'dsv' for command environment
[0.985s] DEBUG:colcon.colcon_core.event_handler.log_command:Invoking command in '/home/zjz/chapt9/fishbot_ws/src/build/micro_ros_agent': AMENT_PREFIX_PATH=/home/zjz/chapt9/fishbot_ws/src/install/micro_ros_msgs:${AMENT_PREFIX_PATH} CMAKE_PREFIX_PATH=/home/zjz/chapt9/fishbot_ws/src/install/micro_ros_msgs:/opt/ros/humble LD_LIBRARY_PATH=/home/zjz/chapt9/fishbot_ws/src/install/micro_ros_msgs/lib:${LD_LIBRARY_PATH} PYTHONPATH=/home/zjz/chapt9/fishbot_ws/src/install/micro_ros_msgs/local/lib/python3.10/dist-packages:${PYTHONPATH} /usr/bin/cmake /home/zjz/chapt9/fishbot_ws/src/micro-ROS-Agent/micro_ros_agent -DCMAKE_INSTALL_PREFIX=/home/zjz/chapt9/fishbot_ws/src/install/micro_ros_agent
[1.182s] DEBUG:colcon.colcon_core.task.python.build:Available setuptools commands: easy_install, bdist_egg, build, bdist_dumb, check, build_py, symlink_data, alias, saveopts, update_catalog, install_data, test, setopt, build_scripts, init_catalog, register, install_lib, bdist, sdist, egg_info, install_egg_info, bdist_rpm, upload_docs, install_headers, build_ext, install, build_clib, dist_info, compile_catalog, extract_messages, clean, rotate, install_scripts, upload, develop
[1.187s] DEBUG:colcon.colcon_core.event_handler.log_command:Invoking command in '/home/zjz/chapt9/fishbot_ws/src/ros_serial2wifi': PYTHONPATH=/home/zjz/chapt9/fishbot_ws/src/build/ros_serial2wifi/prefix_override:/usr/lib/python3/dist-packages/colcon_core/task/python/colcon_distutils_commands:/home/zjz/chapt9/fishbot_ws/src/install/ros_serial2wifi/lib/python3.10/site-packages:${PYTHONPATH} /usr/bin/python3 -W ignore:setup.py install is deprecated -W ignore:easy_install command is deprecated setup.py egg_info --egg-base ../build/ros_serial2wifi build --build-base /home/zjz/chapt9/fishbot_ws/src/build/ros_serial2wifi/build install --record /home/zjz/chapt9/fishbot_ws/src/build/ros_serial2wifi/install.log --install-scripts $base/lib/ros_serial2wifi --single-version-externally-managed install_data
[1.442s] Level 1:colcon.colcon_core.environment:checking '/home/zjz/chapt9/fishbot_ws/src/install/ros_serial2wifi' for CMake module files
[1.442s] DEBUG:colcon.colcon_core.event_handler.log_command:Invoked command in '/home/zjz/chapt9/fishbot_ws/src/ros_serial2wifi' returned '0': PYTHONPATH=/home/zjz/chapt9/fishbot_ws/src/build/ros_serial2wifi/prefix_override:/usr/lib/python3/dist-packages/colcon_core/task/python/colcon_distutils_commands:/home/zjz/chapt9/fishbot_ws/src/install/ros_serial2wifi/lib/python3.10/site-packages:${PYTHONPATH} /usr/bin/python3 -W ignore:setup.py install is deprecated -W ignore:easy_install command is deprecated setup.py egg_info --egg-base ../build/ros_serial2wifi build --build-base /home/zjz/chapt9/fishbot_ws/src/build/ros_serial2wifi/build install --record /home/zjz/chapt9/fishbot_ws/src/build/ros_serial2wifi/install.log --install-scripts $base/lib/ros_serial2wifi --single-version-externally-managed install_data
[1.443s] Level 1:colcon.colcon_core.environment:checking '/home/zjz/chapt9/fishbot_ws/src/install/ros_serial2wifi' for CMake config files
[1.446s] Level 1:colcon.colcon_core.environment:checking '/home/zjz/chapt9/fishbot_ws/src/install/ros_serial2wifi/lib'
[1.447s] Level 1:colcon.colcon_core.environment:checking '/home/zjz/chapt9/fishbot_ws/src/install/ros_serial2wifi/bin'
[1.447s] Level 1:colcon.colcon_core.environment:checking '/home/zjz/chapt9/fishbot_ws/src/install/ros_serial2wifi/lib/pkgconfig/ros_serial2wifi.pc'
[1.447s] Level 1:colcon.colcon_core.environment:checking '/home/zjz/chapt9/fishbot_ws/src/install/ros_serial2wifi/lib/python3.10/site-packages'
[1.447s] Level 1:colcon.colcon_core.shell:create_environment_hook('ros_serial2wifi', 'pythonpath')
[1.447s] INFO:colcon.colcon_core.shell:Creating environment hook '/home/zjz/chapt9/fishbot_ws/src/install/ros_serial2wifi/share/ros_serial2wifi/hook/pythonpath.ps1'
[1.448s] INFO:colcon.colcon_core.shell:Creating environment descriptor '/home/zjz/chapt9/fishbot_ws/src/install/ros_serial2wifi/share/ros_serial2wifi/hook/pythonpath.dsv'
[1.448s] INFO:colcon.colcon_core.shell:Creating environment hook '/home/zjz/chapt9/fishbot_ws/src/install/ros_serial2wifi/share/ros_serial2wifi/hook/pythonpath.sh'
[1.449s] Level 1:colcon.colcon_core.environment:checking '/home/zjz/chapt9/fishbot_ws/src/install/ros_serial2wifi/bin'
[1.449s] Level 1:colcon.colcon_core.environment:create_environment_scripts_only(ros_serial2wifi)
[1.450s] INFO:colcon.colcon_core.shell:Creating package script '/home/zjz/chapt9/fishbot_ws/src/install/ros_serial2wifi/share/ros_serial2wifi/package.ps1'
[1.451s] INFO:colcon.colcon_core.shell:Creating package descriptor '/home/zjz/chapt9/fishbot_ws/src/install/ros_serial2wifi/share/ros_serial2wifi/package.dsv'
[1.452s] INFO:colcon.colcon_core.shell:Creating package script '/home/zjz/chapt9/fishbot_ws/src/install/ros_serial2wifi/share/ros_serial2wifi/package.sh'
[1.452s] INFO:colcon.colcon_core.shell:Creating package script '/home/zjz/chapt9/fishbot_ws/src/install/ros_serial2wifi/share/ros_serial2wifi/package.bash'
[1.453s] INFO:colcon.colcon_core.shell:Creating package script '/home/zjz/chapt9/fishbot_ws/src/install/ros_serial2wifi/share/ros_serial2wifi/package.zsh'
[1.453s] Level 1:colcon.colcon_core.environment:create_file_with_runtime_dependencies(/home/zjz/chapt9/fishbot_ws/src/install/ros_serial2wifi/share/colcon-core/packages/ros_serial2wifi)
[2.993s] DEBUG:colcon.colcon_core.event_handler.log_command:Invoked command in '/home/zjz/chapt9/fishbot_ws/src/build/micro_ros_agent' returned '0': AMENT_PREFIX_PATH=/home/zjz/chapt9/fishbot_ws/src/install/micro_ros_msgs:${AMENT_PREFIX_PATH} CMAKE_PREFIX_PATH=/home/zjz/chapt9/fishbot_ws/src/install/micro_ros_msgs:/opt/ros/humble LD_LIBRARY_PATH=/home/zjz/chapt9/fishbot_ws/src/install/micro_ros_msgs/lib:${LD_LIBRARY_PATH} PYTHONPATH=/home/zjz/chapt9/fishbot_ws/src/install/micro_ros_msgs/local/lib/python3.10/dist-packages:${PYTHONPATH} /usr/bin/cmake /home/zjz/chapt9/fishbot_ws/src/micro-ROS-Agent/micro_ros_agent -DCMAKE_INSTALL_PREFIX=/home/zjz/chapt9/fishbot_ws/src/install/micro_ros_agent
[2.994s] DEBUG:colcon.colcon_core.event_handler.log_command:Invoking command in '/home/zjz/chapt9/fishbot_ws/src/build/micro_ros_agent': AMENT_PREFIX_PATH=/home/zjz/chapt9/fishbot_ws/src/install/micro_ros_msgs:${AMENT_PREFIX_PATH} CMAKE_PREFIX_PATH=/home/zjz/chapt9/fishbot_ws/src/install/micro_ros_msgs:/opt/ros/humble LD_LIBRARY_PATH=/home/zjz/chapt9/fishbot_ws/src/install/micro_ros_msgs/lib:${LD_LIBRARY_PATH} PYTHONPATH=/home/zjz/chapt9/fishbot_ws/src/install/micro_ros_msgs/local/lib/python3.10/dist-packages:${PYTHONPATH} /usr/bin/cmake --build /home/zjz/chapt9/fishbot_ws/src/build/micro_ros_agent -- -j32 -l32
[5.777s] DEBUG:colcon.colcon_core.event_handler.log_command:Invoked command in '/home/zjz/chapt9/fishbot_ws/src/build/ydlidar' returned '0': CMAKE_PREFIX_PATH=/opt/ros/humble /usr/bin/cmake --build /home/zjz/chapt9/fishbot_ws/src/build/ydlidar -- -j32 -l32
[5.779s] DEBUG:colcon.colcon_core.event_handler.log_command:Invoking command in '/home/zjz/chapt9/fishbot_ws/src/build/ydlidar': CMAKE_PREFIX_PATH=/opt/ros/humble /usr/bin/cmake --install /home/zjz/chapt9/fishbot_ws/src/build/ydlidar
[5.799s] Level 1:colcon.colcon_core.environment:create_environment_scripts_only(ydlidar)
[5.799s] Level 1:colcon.colcon_core.environment:checking '/home/zjz/chapt9/fishbot_ws/src/install/ydlidar' for CMake module files
[5.800s] DEBUG:colcon.colcon_core.event_handler.log_command:Invoked command in '/home/zjz/chapt9/fishbot_ws/src/build/ydlidar' returned '0': CMAKE_PREFIX_PATH=/opt/ros/humble /usr/bin/cmake --install /home/zjz/chapt9/fishbot_ws/src/build/ydlidar
[5.801s] Level 1:colcon.colcon_core.environment:checking '/home/zjz/chapt9/fishbot_ws/src/install/ydlidar' for CMake config files
[5.801s] Level 1:colcon.colcon_core.shell:create_environment_hook('ydlidar', 'cmake_prefix_path')
[5.801s] INFO:colcon.colcon_core.shell:Creating environment hook '/home/zjz/chapt9/fishbot_ws/src/install/ydlidar/share/ydlidar/hook/cmake_prefix_path.ps1'
[5.802s] INFO:colcon.colcon_core.shell:Creating environment descriptor '/home/zjz/chapt9/fishbot_ws/src/install/ydlidar/share/ydlidar/hook/cmake_prefix_path.dsv'
[5.803s] INFO:colcon.colcon_core.shell:Creating environment hook '/home/zjz/chapt9/fishbot_ws/src/install/ydlidar/share/ydlidar/hook/cmake_prefix_path.sh'
[5.803s] Level 1:colcon.colcon_core.environment:checking '/home/zjz/chapt9/fishbot_ws/src/install/ydlidar/lib'
[5.803s] Level 1:colcon.colcon_core.environment:checking '/home/zjz/chapt9/fishbot_ws/src/install/ydlidar/bin'
[5.803s] Level 1:colcon.colcon_core.environment:checking '/home/zjz/chapt9/fishbot_ws/src/install/ydlidar/lib/pkgconfig/ydlidar.pc'
[5.803s] Level 1:colcon.colcon_core.environment:checking '/home/zjz/chapt9/fishbot_ws/src/install/ydlidar/lib/python3.10/site-packages'
[5.804s] Level 1:colcon.colcon_core.environment:checking '/home/zjz/chapt9/fishbot_ws/src/install/ydlidar/bin'
[5.804s] INFO:colcon.colcon_core.shell:Creating package script '/home/zjz/chapt9/fishbot_ws/src/install/ydlidar/share/ydlidar/package.ps1'
[5.804s] INFO:colcon.colcon_core.shell:Creating package descriptor '/home/zjz/chapt9/fishbot_ws/src/install/ydlidar/share/ydlidar/package.dsv'
[5.804s] INFO:colcon.colcon_core.shell:Creating package script '/home/zjz/chapt9/fishbot_ws/src/install/ydlidar/share/ydlidar/package.sh'
[5.804s] INFO:colcon.colcon_core.shell:Creating package script '/home/zjz/chapt9/fishbot_ws/src/install/ydlidar/share/ydlidar/package.bash'
[5.805s] INFO:colcon.colcon_core.shell:Creating package script '/home/zjz/chapt9/fishbot_ws/src/install/ydlidar/share/ydlidar/package.zsh'
[5.805s] Level 1:colcon.colcon_core.environment:create_file_with_runtime_dependencies(/home/zjz/chapt9/fishbot_ws/src/install/ydlidar/share/colcon-core/packages/ydlidar)
[5.805s] Level 1:colcon.colcon_core.environment:create_environment_scripts_only(ydlidar)
[5.805s] Level 1:colcon.colcon_core.environment:checking '/home/zjz/chapt9/fishbot_ws/src/install/ydlidar' for CMake module files
[5.806s] Level 1:colcon.colcon_core.environment:checking '/home/zjz/chapt9/fishbot_ws/src/install/ydlidar' for CMake config files
[5.806s] Level 1:colcon.colcon_core.shell:create_environment_hook('ydlidar', 'cmake_prefix_path')
[5.806s] INFO:colcon.colcon_core.shell:Creating environment hook '/home/zjz/chapt9/fishbot_ws/src/install/ydlidar/share/ydlidar/hook/cmake_prefix_path.ps1'
[5.806s] INFO:colcon.colcon_core.shell:Creating environment descriptor '/home/zjz/chapt9/fishbot_ws/src/install/ydlidar/share/ydlidar/hook/cmake_prefix_path.dsv'
[5.806s] INFO:colcon.colcon_core.shell:Creating environment hook '/home/zjz/chapt9/fishbot_ws/src/install/ydlidar/share/ydlidar/hook/cmake_prefix_path.sh'
[5.807s] Level 1:colcon.colcon_core.environment:checking '/home/zjz/chapt9/fishbot_ws/src/install/ydlidar/lib'
[5.807s] Level 1:colcon.colcon_core.environment:checking '/home/zjz/chapt9/fishbot_ws/src/install/ydlidar/bin'
[5.807s] Level 1:colcon.colcon_core.environment:checking '/home/zjz/chapt9/fishbot_ws/src/install/ydlidar/lib/pkgconfig/ydlidar.pc'
[5.807s] Level 1:colcon.colcon_core.environment:checking '/home/zjz/chapt9/fishbot_ws/src/install/ydlidar/lib/python3.10/site-packages'
[5.807s] Level 1:colcon.colcon_core.environment:checking '/home/zjz/chapt9/fishbot_ws/src/install/ydlidar/bin'
[5.808s] INFO:colcon.colcon_core.shell:Creating package script '/home/zjz/chapt9/fishbot_ws/src/install/ydlidar/share/ydlidar/package.ps1'
[5.808s] INFO:colcon.colcon_core.shell:Creating package descriptor '/home/zjz/chapt9/fishbot_ws/src/install/ydlidar/share/ydlidar/package.dsv'
[5.808s] INFO:colcon.colcon_core.shell:Creating package script '/home/zjz/chapt9/fishbot_ws/src/install/ydlidar/share/ydlidar/package.sh'
[5.809s] INFO:colcon.colcon_core.shell:Creating package script '/home/zjz/chapt9/fishbot_ws/src/install/ydlidar/share/ydlidar/package.bash'
[5.809s] INFO:colcon.colcon_core.shell:Creating package script '/home/zjz/chapt9/fishbot_ws/src/install/ydlidar/share/ydlidar/package.zsh'
[5.809s] Level 1:colcon.colcon_core.environment:create_file_with_runtime_dependencies(/home/zjz/chapt9/fishbot_ws/src/install/ydlidar/share/colcon-core/packages/ydlidar)
[6.048s] DEBUG:colcon.colcon_core.event_handler.log_command:Invoked command in '/home/zjz/chapt9/fishbot_ws/src/build/fishbot_bringup' returned '0': CMAKE_PREFIX_PATH=/opt/ros/humble /usr/bin/cmake --build /home/zjz/chapt9/fishbot_ws/src/build/fishbot_bringup -- -j32 -l32
[6.050s] DEBUG:colcon.colcon_core.event_handler.log_command:Invoking command in '/home/zjz/chapt9/fishbot_ws/src/build/fishbot_bringup': CMAKE_PREFIX_PATH=/opt/ros/humble /usr/bin/cmake --install /home/zjz/chapt9/fishbot_ws/src/build/fishbot_bringup
[6.062s] Level 1:colcon.colcon_core.environment:create_environment_scripts_only(fishbot_bringup)
[6.063s] Level 1:colcon.colcon_core.environment:checking '/home/zjz/chapt9/fishbot_ws/src/install/fishbot_bringup' for CMake module files
[6.063s] DEBUG:colcon.colcon_core.event_handler.log_command:Invoked command in '/home/zjz/chapt9/fishbot_ws/src/build/fishbot_bringup' returned '0': CMAKE_PREFIX_PATH=/opt/ros/humble /usr/bin/cmake --install /home/zjz/chapt9/fishbot_ws/src/build/fishbot_bringup
[6.064s] Level 1:colcon.colcon_core.environment:checking '/home/zjz/chapt9/fishbot_ws/src/install/fishbot_bringup' for CMake config files
[6.064s] Level 1:colcon.colcon_core.shell:create_environment_hook('fishbot_bringup', 'cmake_prefix_path')
[6.064s] INFO:colcon.colcon_core.shell:Creating environment hook '/home/zjz/chapt9/fishbot_ws/src/install/fishbot_bringup/share/fishbot_bringup/hook/cmake_prefix_path.ps1'
[6.064s] INFO:colcon.colcon_core.shell:Creating environment descriptor '/home/zjz/chapt9/fishbot_ws/src/install/fishbot_bringup/share/fishbot_bringup/hook/cmake_prefix_path.dsv'
[6.064s] INFO:colcon.colcon_core.shell:Creating environment hook '/home/zjz/chapt9/fishbot_ws/src/install/fishbot_bringup/share/fishbot_bringup/hook/cmake_prefix_path.sh'
[6.065s] Level 1:colcon.colcon_core.environment:checking '/home/zjz/chapt9/fishbot_ws/src/install/fishbot_bringup/lib'
[6.065s] Level 1:colcon.colcon_core.environment:checking '/home/zjz/chapt9/fishbot_ws/src/install/fishbot_bringup/bin'
[6.065s] Level 1:colcon.colcon_core.environment:checking '/home/zjz/chapt9/fishbot_ws/src/install/fishbot_bringup/lib/pkgconfig/fishbot_bringup.pc'
[6.065s] Level 1:colcon.colcon_core.environment:checking '/home/zjz/chapt9/fishbot_ws/src/install/fishbot_bringup/lib/python3.10/site-packages'
[6.065s] Level 1:colcon.colcon_core.environment:checking '/home/zjz/chapt9/fishbot_ws/src/install/fishbot_bringup/bin'
[6.065s] INFO:colcon.colcon_core.shell:Creating package script '/home/zjz/chapt9/fishbot_ws/src/install/fishbot_bringup/share/fishbot_bringup/package.ps1'
[6.065s] INFO:colcon.colcon_core.shell:Creating package descriptor '/home/zjz/chapt9/fishbot_ws/src/install/fishbot_bringup/share/fishbot_bringup/package.dsv'
[6.066s] INFO:colcon.colcon_core.shell:Creating package script '/home/zjz/chapt9/fishbot_ws/src/install/fishbot_bringup/share/fishbot_bringup/package.sh'
[6.066s] INFO:colcon.colcon_core.shell:Creating package script '/home/zjz/chapt9/fishbot_ws/src/install/fishbot_bringup/share/fishbot_bringup/package.bash'
[6.066s] INFO:colcon.colcon_core.shell:Creating package script '/home/zjz/chapt9/fishbot_ws/src/install/fishbot_bringup/share/fishbot_bringup/package.zsh'
[6.066s] Level 1:colcon.colcon_core.environment:create_file_with_runtime_dependencies(/home/zjz/chapt9/fishbot_ws/src/install/fishbot_bringup/share/colcon-core/packages/fishbot_bringup)
[6.067s] Level 1:colcon.colcon_core.environment:create_environment_scripts_only(fishbot_bringup)
[6.067s] Level 1:colcon.colcon_core.environment:checking '/home/zjz/chapt9/fishbot_ws/src/install/fishbot_bringup' for CMake module files
[6.067s] Level 1:colcon.colcon_core.environment:checking '/home/zjz/chapt9/fishbot_ws/src/install/fishbot_bringup' for CMake config files
[6.067s] Level 1:colcon.colcon_core.shell:create_environment_hook('fishbot_bringup', 'cmake_prefix_path')
[6.067s] INFO:colcon.colcon_core.shell:Creating environment hook '/home/zjz/chapt9/fishbot_ws/src/install/fishbot_bringup/share/fishbot_bringup/hook/cmake_prefix_path.ps1'
[6.067s] INFO:colcon.colcon_core.shell:Creating environment descriptor '/home/zjz/chapt9/fishbot_ws/src/install/fishbot_bringup/share/fishbot_bringup/hook/cmake_prefix_path.dsv'
[6.068s] INFO:colcon.colcon_core.shell:Creating environment hook '/home/zjz/chapt9/fishbot_ws/src/install/fishbot_bringup/share/fishbot_bringup/hook/cmake_prefix_path.sh'
[6.068s] Level 1:colcon.colcon_core.environment:checking '/home/zjz/chapt9/fishbot_ws/src/install/fishbot_bringup/lib'
[6.068s] Level 1:colcon.colcon_core.environment:checking '/home/zjz/chapt9/fishbot_ws/src/install/fishbot_bringup/bin'
[6.068s] Level 1:colcon.colcon_core.environment:checking '/home/zjz/chapt9/fishbot_ws/src/install/fishbot_bringup/lib/pkgconfig/fishbot_bringup.pc'
[6.068s] Level 1:colcon.colcon_core.environment:checking '/home/zjz/chapt9/fishbot_ws/src/install/fishbot_bringup/lib/python3.10/site-packages'
[6.068s] Level 1:colcon.colcon_core.environment:checking '/home/zjz/chapt9/fishbot_ws/src/install/fishbot_bringup/bin'
[6.068s] INFO:colcon.colcon_core.shell:Creating package script '/home/zjz/chapt9/fishbot_ws/src/install/fishbot_bringup/share/fishbot_bringup/package.ps1'
[6.069s] INFO:colcon.colcon_core.shell:Creating package descriptor '/home/zjz/chapt9/fishbot_ws/src/install/fishbot_bringup/share/fishbot_bringup/package.dsv'
[6.069s] INFO:colcon.colcon_core.shell:Creating package script '/home/zjz/chapt9/fishbot_ws/src/install/fishbot_bringup/share/fishbot_bringup/package.sh'
[6.069s] INFO:colcon.colcon_core.shell:Creating package script '/home/zjz/chapt9/fishbot_ws/src/install/fishbot_bringup/share/fishbot_bringup/package.bash'
[6.069s] INFO:colcon.colcon_core.shell:Creating package script '/home/zjz/chapt9/fishbot_ws/src/install/fishbot_bringup/share/fishbot_bringup/package.zsh'
[6.069s] Level 1:colcon.colcon_core.environment:create_file_with_runtime_dependencies(/home/zjz/chapt9/fishbot_ws/src/install/fishbot_bringup/share/colcon-core/packages/fishbot_bringup)
[70.387s] DEBUG:colcon.colcon_parallel_executor.executor.parallel:run_until_complete was interrupted
[70.398s] DEBUG:colcon.colcon_parallel_executor.executor.parallel:run_until_complete again
[70.400s] DEBUG:colcon.colcon_core.event_handler.log_command:Invoked command in '/home/zjz/chapt9/fishbot_ws/src/build/micro_ros_agent' returned '-2': AMENT_PREFIX_PATH=/home/zjz/chapt9/fishbot_ws/src/install/micro_ros_msgs:${AMENT_PREFIX_PATH} CMAKE_PREFIX_PATH=/home/zjz/chapt9/fishbot_ws/src/install/micro_ros_msgs:/opt/ros/humble LD_LIBRARY_PATH=/home/zjz/chapt9/fishbot_ws/src/install/micro_ros_msgs/lib:${LD_LIBRARY_PATH} PYTHONPATH=/home/zjz/chapt9/fishbot_ws/src/install/micro_ros_msgs/local/lib/python3.10/dist-packages:${PYTHONPATH} /usr/bin/cmake --build /home/zjz/chapt9/fishbot_ws/src/build/micro_ros_agent -- -j32 -l32
[70.400s] Level 1:colcon.colcon_core.environment:create_environment_scripts_only(micro_ros_agent)
[70.401s] Level 1:colcon.colcon_core.environment:checking '/home/zjz/chapt9/fishbot_ws/src/install/micro_ros_agent' for CMake module files
[70.401s] Level 1:colcon.colcon_core.environment:checking '/home/zjz/chapt9/fishbot_ws/src/install/micro_ros_agent' for CMake config files
[70.401s] Level 1:colcon.colcon_core.environment:checking '/home/zjz/chapt9/fishbot_ws/src/install/micro_ros_agent/bin'
[70.401s] Level 1:colcon.colcon_core.environment:checking '/home/zjz/chapt9/fishbot_ws/src/install/micro_ros_agent/lib/pkgconfig/micro_ros_agent.pc'
[70.401s] Level 1:colcon.colcon_core.environment:checking '/home/zjz/chapt9/fishbot_ws/src/install/micro_ros_agent/lib/python3.10/site-packages'
[70.401s] Level 1:colcon.colcon_core.environment:checking '/home/zjz/chapt9/fishbot_ws/src/install/micro_ros_agent/bin'
[70.401s] INFO:colcon.colcon_core.shell:Creating package script '/home/zjz/chapt9/fishbot_ws/src/install/micro_ros_agent/share/micro_ros_agent/package.ps1'
[70.402s] INFO:colcon.colcon_core.shell:Creating package descriptor '/home/zjz/chapt9/fishbot_ws/src/install/micro_ros_agent/share/micro_ros_agent/package.dsv'
[70.403s] INFO:colcon.colcon_core.shell:Creating package script '/home/zjz/chapt9/fishbot_ws/src/install/micro_ros_agent/share/micro_ros_agent/package.sh'
[70.403s] INFO:colcon.colcon_core.shell:Creating package script '/home/zjz/chapt9/fishbot_ws/src/install/micro_ros_agent/share/micro_ros_agent/package.bash'
[70.404s] INFO:colcon.colcon_core.shell:Creating package script '/home/zjz/chapt9/fishbot_ws/src/install/micro_ros_agent/share/micro_ros_agent/package.zsh'
[70.404s] Level 1:colcon.colcon_core.environment:create_file_with_runtime_dependencies(/home/zjz/chapt9/fishbot_ws/src/install/micro_ros_agent/share/colcon-core/packages/micro_ros_agent)
[70.415s] DEBUG:colcon.colcon_parallel_executor.executor.parallel:run_until_complete finished
[70.415s] DEBUG:colcon.colcon_parallel_executor.executor.parallel:closing loop
[70.415s] DEBUG:colcon.colcon_parallel_executor.executor.parallel:loop closed
[70.415s] DEBUG:colcon.colcon_core.event_reactor:joining thread
[70.437s] INFO:colcon.colcon_core.plugin_system:Skipping extension 'colcon_notification.desktop_notification.notify_send': Could not find 'notify-send'
[70.437s] INFO:colcon.colcon_core.plugin_system:Skipping extension 'colcon_notification.desktop_notification.terminal_notifier': Not used on non-Darwin systems
[70.437s] INFO:colcon.colcon_core.plugin_system:Skipping extension 'colcon_notification.desktop_notification.win32': Not used on non-Windows systems
[70.437s] INFO:colcon.colcon_notification.desktop_notification:Sending desktop notification using 'notify2'
[70.438s] DEBUG:colcon.colcon_notification.desktop_notification.notify2:Failed to initialize notify2: org.freedesktop.DBus.Error.ServiceUnknown: The name org.freedesktop.Notifications was not provided by any .service files
[70.438s] DEBUG:colcon.colcon_core.event_reactor:joined thread
[70.438s] INFO:colcon.colcon_core.shell:Creating prefix script '/home/zjz/chapt9/fishbot_ws/src/install/local_setup.ps1'
[70.439s] INFO:colcon.colcon_core.shell:Creating prefix util module '/home/zjz/chapt9/fishbot_ws/src/install/_local_setup_util_ps1.py'
[70.440s] INFO:colcon.colcon_core.shell:Creating prefix chain script '/home/zjz/chapt9/fishbot_ws/src/install/setup.ps1'
[70.440s] INFO:colcon.colcon_core.shell:Creating prefix script '/home/zjz/chapt9/fishbot_ws/src/install/local_setup.sh'
[70.441s] INFO:colcon.colcon_core.shell:Creating prefix util module '/home/zjz/chapt9/fishbot_ws/src/install/_local_setup_util_sh.py'
[70.441s] INFO:colcon.colcon_core.shell:Creating prefix chain script '/home/zjz/chapt9/fishbot_ws/src/install/setup.sh'
[70.442s] INFO:colcon.colcon_core.shell:Creating prefix script '/home/zjz/chapt9/fishbot_ws/src/install/local_setup.bash'
[70.443s] INFO:colcon.colcon_core.shell:Creating prefix chain script '/home/zjz/chapt9/fishbot_ws/src/install/setup.bash'
[70.443s] INFO:colcon.colcon_core.shell:Creating prefix script '/home/zjz/chapt9/fishbot_ws/src/install/local_setup.zsh'
[70.444s] INFO:colcon.colcon_core.shell:Creating prefix chain script '/home/zjz/chapt9/fishbot_ws/src/install/setup.zsh'
