[0.021s] Invoking command in '/home/zjz/chapt9/fishbot_ws/build/fishbot_navigation2': CMAKE_PREFIX_PATH=${CMAKE_PREFIX_PATH}:/home/zjz/chapt9/fishbot_ws/install/ros_serial2wifi:/opt/ros/humble /usr/bin/cmake /home/zjz/chapt9/fishbot_ws/src/fishbot_navigation2 -DCMAKE_INSTALL_PREFIX=/home/zjz/chapt9/fishbot_ws/install/fishbot_navigation2
[0.172s] -- The C compiler identification is GNU 11.4.0
[0.545s] -- The CXX compiler identification is GNU 11.4.0
[0.817s] -- Detecting C compiler ABI info
[0.930s] -- Detecting C compiler ABI info - done
[0.934s] -- Check for working C compiler: /usr/bin/cc - skipped
[0.935s] -- Detecting C compile features
[0.935s] -- Detecting C compile features - done
[0.938s] -- Detecting CXX compiler ABI info
[1.059s] -- Detecting CXX compiler ABI info - done
[1.063s] -- Check for working CXX compiler: /usr/bin/c++ - skipped
[1.063s] -- Detecting CXX compile features
[1.063s] -- Detecting CXX compile features - done
[1.066s] -- Found ament_cmake: 1.3.14 (/opt/ros/humble/share/ament_cmake/cmake)
[1.160s] -- Found Python3: /usr/bin/python3 (found version "3.10.12") found components: Interpreter 
[1.237s] -- Found ament_lint_auto: 0.12.15 (/opt/ros/humble/share/ament_lint_auto/cmake)
[1.292s] -- Added test 'flake8' to check Python code syntax and style conventions
[1.292s] -- Added test 'lint_cmake' to check CMake code style
[1.293s] -- Added test 'pep257' to check Python code against some of the docstring style conventions in PEP 257
[1.294s] -- Added test 'xmllint' to check XML markup files
[1.295s] -- Configuring done
[1.297s] -- Generating done
[1.298s] -- Build files have been written to: /home/zjz/chapt9/fishbot_ws/build/fishbot_navigation2
[1.302s] Invoked command in '/home/zjz/chapt9/fishbot_ws/build/fishbot_navigation2' returned '0': CMAKE_PREFIX_PATH=${CMAKE_PREFIX_PATH}:/home/zjz/chapt9/fishbot_ws/install/ros_serial2wifi:/opt/ros/humble /usr/bin/cmake /home/zjz/chapt9/fishbot_ws/src/fishbot_navigation2 -DCMAKE_INSTALL_PREFIX=/home/zjz/chapt9/fishbot_ws/install/fishbot_navigation2
[1.303s] Invoking command in '/home/zjz/chapt9/fishbot_ws/build/fishbot_navigation2': CMAKE_PREFIX_PATH=${CMAKE_PREFIX_PATH}:/home/zjz/chapt9/fishbot_ws/install/ros_serial2wifi:/opt/ros/humble /usr/bin/cmake --build /home/zjz/chapt9/fishbot_ws/build/fishbot_navigation2 -- -j32 -l32
[1.325s] Invoked command in '/home/zjz/chapt9/fishbot_ws/build/fishbot_navigation2' returned '0': CMAKE_PREFIX_PATH=${CMAKE_PREFIX_PATH}:/home/zjz/chapt9/fishbot_ws/install/ros_serial2wifi:/opt/ros/humble /usr/bin/cmake --build /home/zjz/chapt9/fishbot_ws/build/fishbot_navigation2 -- -j32 -l32
[1.326s] Invoking command in '/home/zjz/chapt9/fishbot_ws/build/fishbot_navigation2': CMAKE_PREFIX_PATH=${CMAKE_PREFIX_PATH}:/home/zjz/chapt9/fishbot_ws/install/ros_serial2wifi:/opt/ros/humble /usr/bin/cmake --install /home/zjz/chapt9/fishbot_ws/build/fishbot_navigation2
[1.329s] -- Install configuration: ""
[1.329s] -- Installing: /home/zjz/chapt9/fishbot_ws/install/fishbot_navigation2/share/fishbot_navigation2/launch
[1.330s] -- Installing: /home/zjz/chapt9/fishbot_ws/install/fishbot_navigation2/share/fishbot_navigation2/launch/navigation2.launch.py
[1.330s] -- Installing: /home/zjz/chapt9/fishbot_ws/install/fishbot_navigation2/share/fishbot_navigation2/config
[1.330s] -- Installing: /home/zjz/chapt9/fishbot_ws/install/fishbot_navigation2/share/fishbot_navigation2/config/nav2_params.yaml
[1.330s] -- Installing: /home/zjz/chapt9/fishbot_ws/install/fishbot_navigation2/share/fishbot_navigation2/maps
[1.330s] -- Installing: /home/zjz/chapt9/fishbot_ws/install/fishbot_navigation2/share/fishbot_navigation2/maps/room.yaml
[1.330s] -- Installing: /home/zjz/chapt9/fishbot_ws/install/fishbot_navigation2/share/fishbot_navigation2/maps/room.pgm
[1.330s] -- Installing: /home/zjz/chapt9/fishbot_ws/install/fishbot_navigation2/share/ament_index/resource_index/package_run_dependencies/fishbot_navigation2
[1.331s] -- Installing: /home/zjz/chapt9/fishbot_ws/install/fishbot_navigation2/share/ament_index/resource_index/parent_prefix_path/fishbot_navigation2
[1.331s] -- Installing: /home/zjz/chapt9/fishbot_ws/install/fishbot_navigation2/share/fishbot_navigation2/environment/ament_prefix_path.sh
[1.331s] -- Installing: /home/zjz/chapt9/fishbot_ws/install/fishbot_navigation2/share/fishbot_navigation2/environment/ament_prefix_path.dsv
[1.331s] -- Installing: /home/zjz/chapt9/fishbot_ws/install/fishbot_navigation2/share/fishbot_navigation2/environment/path.sh
[1.331s] -- Installing: /home/zjz/chapt9/fishbot_ws/install/fishbot_navigation2/share/fishbot_navigation2/environment/path.dsv
[1.331s] -- Installing: /home/zjz/chapt9/fishbot_ws/install/fishbot_navigation2/share/fishbot_navigation2/local_setup.bash
[1.331s] -- Installing: /home/zjz/chapt9/fishbot_ws/install/fishbot_navigation2/share/fishbot_navigation2/local_setup.sh
[1.331s] -- Installing: /home/zjz/chapt9/fishbot_ws/install/fishbot_navigation2/share/fishbot_navigation2/local_setup.zsh
[1.331s] -- Installing: /home/zjz/chapt9/fishbot_ws/install/fishbot_navigation2/share/fishbot_navigation2/local_setup.dsv
[1.331s] -- Installing: /home/zjz/chapt9/fishbot_ws/install/fishbot_navigation2/share/fishbot_navigation2/package.dsv
[1.332s] -- Installing: /home/zjz/chapt9/fishbot_ws/install/fishbot_navigation2/share/ament_index/resource_index/packages/fishbot_navigation2
[1.332s] -- Installing: /home/zjz/chapt9/fishbot_ws/install/fishbot_navigation2/share/fishbot_navigation2/cmake/fishbot_navigation2Config.cmake
[1.332s] -- Installing: /home/zjz/chapt9/fishbot_ws/install/fishbot_navigation2/share/fishbot_navigation2/cmake/fishbot_navigation2Config-version.cmake
[1.332s] -- Installing: /home/zjz/chapt9/fishbot_ws/install/fishbot_navigation2/share/fishbot_navigation2/package.xml
[1.333s] Invoked command in '/home/zjz/chapt9/fishbot_ws/build/fishbot_navigation2' returned '0': CMAKE_PREFIX_PATH=${CMAKE_PREFIX_PATH}:/home/zjz/chapt9/fishbot_ws/install/ros_serial2wifi:/opt/ros/humble /usr/bin/cmake --install /home/zjz/chapt9/fishbot_ws/build/fishbot_navigation2
