[0.014s] Invoking command in '/home/zjz/chapt9/fishbot_ws/build/fishbot_bringup': CMAKE_PREFIX_PATH=${CMAKE_PREFIX_PATH}:/home/zjz/chapt9/fishbot_ws/install/ros_serial2wifi:/opt/ros/humble /usr/bin/cmake --build /home/zjz/chapt9/fishbot_ws/build/fishbot_bringup -- -j32 -l32
[0.141s] [100%] Built target odom2tf
[0.141s] Invoked command in '/home/zjz/chapt9/fishbot_ws/build/fishbot_bringup' returned '0': CMAKE_PREFIX_PATH=${CMAKE_PREFIX_PATH}:/home/zjz/chapt9/fishbot_ws/install/ros_serial2wifi:/opt/ros/humble /usr/bin/cmake --build /home/zjz/chapt9/fishbot_ws/build/fishbot_bringup -- -j32 -l32
[0.145s] Invoking command in '/home/zjz/chapt9/fishbot_ws/build/fishbot_bringup': CMAKE_PREFIX_PATH=${CMAKE_PREFIX_PATH}:/home/zjz/chapt9/fishbot_ws/install/ros_serial2wifi:/opt/ros/humble /usr/bin/cmake --install /home/zjz/chapt9/fishbot_ws/build/fishbot_bringup
[0.149s] -- Install configuration: ""
[0.149s] -- Up-to-date: /home/zjz/chapt9/fishbot_ws/install/fishbot_bringup/lib/fishbot_bringup/odom2tf
[0.150s] -- Up-to-date: /home/zjz/chapt9/fishbot_ws/install/fishbot_bringup/share/fishbot_bringup/launch
[0.150s] -- Installing: /home/zjz/chapt9/fishbot_ws/install/fishbot_bringup/share/fishbot_bringup/launch/bringup.launch.py
[0.150s] -- Up-to-date: /home/zjz/chapt9/fishbot_ws/install/fishbot_bringup/share/fishbot_bringup/launch/urdf2tf.launch.py
[0.150s] -- Up-to-date: /home/zjz/chapt9/fishbot_ws/install/fishbot_bringup/share/ament_index/resource_index/package_run_dependencies/fishbot_bringup
[0.151s] -- Up-to-date: /home/zjz/chapt9/fishbot_ws/install/fishbot_bringup/share/ament_index/resource_index/parent_prefix_path/fishbot_bringup
[0.151s] -- Up-to-date: /home/zjz/chapt9/fishbot_ws/install/fishbot_bringup/share/fishbot_bringup/environment/ament_prefix_path.sh
[0.151s] -- Up-to-date: /home/zjz/chapt9/fishbot_ws/install/fishbot_bringup/share/fishbot_bringup/environment/ament_prefix_path.dsv
[0.152s] -- Up-to-date: /home/zjz/chapt9/fishbot_ws/install/fishbot_bringup/share/fishbot_bringup/environment/path.sh
[0.153s] -- Up-to-date: /home/zjz/chapt9/fishbot_ws/install/fishbot_bringup/share/fishbot_bringup/environment/path.dsv
[0.154s] -- Up-to-date: /home/zjz/chapt9/fishbot_ws/install/fishbot_bringup/share/fishbot_bringup/local_setup.bash
[0.154s] -- Up-to-date: /home/zjz/chapt9/fishbot_ws/install/fishbot_bringup/share/fishbot_bringup/local_setup.sh
[0.154s] -- Up-to-date: /home/zjz/chapt9/fishbot_ws/install/fishbot_bringup/share/fishbot_bringup/local_setup.zsh
[0.154s] -- Up-to-date: /home/zjz/chapt9/fishbot_ws/install/fishbot_bringup/share/fishbot_bringup/local_setup.dsv
[0.155s] -- Installing: /home/zjz/chapt9/fishbot_ws/install/fishbot_bringup/share/fishbot_bringup/package.dsv
[0.155s] -- Up-to-date: /home/zjz/chapt9/fishbot_ws/install/fishbot_bringup/share/ament_index/resource_index/packages/fishbot_bringup
[0.155s] -- Up-to-date: /home/zjz/chapt9/fishbot_ws/install/fishbot_bringup/share/fishbot_bringup/cmake/fishbot_bringupConfig.cmake
[0.155s] -- Up-to-date: /home/zjz/chapt9/fishbot_ws/install/fishbot_bringup/share/fishbot_bringup/cmake/fishbot_bringupConfig-version.cmake
[0.155s] -- Up-to-date: /home/zjz/chapt9/fishbot_ws/install/fishbot_bringup/share/fishbot_bringup/package.xml
[0.160s] Invoked command in '/home/zjz/chapt9/fishbot_ws/build/fishbot_bringup' returned '0': CMAKE_PREFIX_PATH=${CMAKE_PREFIX_PATH}:/home/zjz/chapt9/fishbot_ws/install/ros_serial2wifi:/opt/ros/humble /usr/bin/cmake --install /home/zjz/chapt9/fishbot_ws/build/fishbot_bringup
