[0.014s] Invoking command in '/home/zjz/chapt9/fishbot_ws/build/fishbot_description': CMAKE_PREFIX_PATH=${CMAKE_PREFIX_PATH}:/home/zjz/chapt9/fishbot_ws/install/ros_serial2wifi:/opt/ros/humble /usr/bin/cmake --build /home/zjz/chapt9/fishbot_ws/build/fishbot_description -- -j32 -l32
[0.143s] Invoked command in '/home/zjz/chapt9/fishbot_ws/build/fishbot_description' returned '0': CMAKE_PREFIX_PATH=${CMAKE_PREFIX_PATH}:/home/zjz/chapt9/fishbot_ws/install/ros_serial2wifi:/opt/ros/humble /usr/bin/cmake --build /home/zjz/chapt9/fishbot_ws/build/fishbot_description -- -j32 -l32
[0.144s] Invoking command in '/home/zjz/chapt9/fishbot_ws/build/fishbot_description': CMAKE_PREFIX_PATH=${CMAKE_PREFIX_PATH}:/home/zjz/chapt9/fishbot_ws/install/ros_serial2wifi:/opt/ros/humble /usr/bin/cmake --install /home/zjz/chapt9/fishbot_ws/build/fishbot_description
[0.154s] -- Install configuration: ""
[0.154s] -- Up-to-date: /home/zjz/chapt9/fishbot_ws/install/fishbot_description/share/fishbot_description/urdf
[0.154s] -- Up-to-date: /home/zjz/chapt9/fishbot_ws/install/fishbot_description/share/fishbot_description/urdf/fishbot.urdf
[0.155s] -- Up-to-date: /home/zjz/chapt9/fishbot_ws/install/fishbot_description/share/ament_index/resource_index/package_run_dependencies/fishbot_description
[0.155s] -- Up-to-date: /home/zjz/chapt9/fishbot_ws/install/fishbot_description/share/ament_index/resource_index/parent_prefix_path/fishbot_description
[0.155s] -- Up-to-date: /home/zjz/chapt9/fishbot_ws/install/fishbot_description/share/fishbot_description/environment/ament_prefix_path.sh
[0.156s] -- Up-to-date: /home/zjz/chapt9/fishbot_ws/install/fishbot_description/share/fishbot_description/environment/ament_prefix_path.dsv
[0.156s] -- Up-to-date: /home/zjz/chapt9/fishbot_ws/install/fishbot_description/share/fishbot_description/environment/path.sh
[0.156s] -- Up-to-date: /home/zjz/chapt9/fishbot_ws/install/fishbot_description/share/fishbot_description/environment/path.dsv
[0.156s] -- Up-to-date: /home/zjz/chapt9/fishbot_ws/install/fishbot_description/share/fishbot_description/local_setup.bash
[0.156s] -- Up-to-date: /home/zjz/chapt9/fishbot_ws/install/fishbot_description/share/fishbot_description/local_setup.sh
[0.156s] -- Up-to-date: /home/zjz/chapt9/fishbot_ws/install/fishbot_description/share/fishbot_description/local_setup.zsh
[0.156s] -- Up-to-date: /home/zjz/chapt9/fishbot_ws/install/fishbot_description/share/fishbot_description/local_setup.dsv
[0.156s] -- Installing: /home/zjz/chapt9/fishbot_ws/install/fishbot_description/share/fishbot_description/package.dsv
[0.157s] -- Up-to-date: /home/zjz/chapt9/fishbot_ws/install/fishbot_description/share/ament_index/resource_index/packages/fishbot_description
[0.157s] -- Up-to-date: /home/zjz/chapt9/fishbot_ws/install/fishbot_description/share/fishbot_description/cmake/fishbot_descriptionConfig.cmake
[0.157s] -- Up-to-date: /home/zjz/chapt9/fishbot_ws/install/fishbot_description/share/fishbot_description/cmake/fishbot_descriptionConfig-version.cmake
[0.157s] -- Up-to-date: /home/zjz/chapt9/fishbot_ws/install/fishbot_description/share/fishbot_description/package.xml
[0.169s] Invoked command in '/home/zjz/chapt9/fishbot_ws/build/fishbot_description' returned '0': CMAKE_PREFIX_PATH=${CMAKE_PREFIX_PATH}:/home/zjz/chapt9/fishbot_ws/install/ros_serial2wifi:/opt/ros/humble /usr/bin/cmake --install /home/zjz/chapt9/fishbot_ws/build/fishbot_description
