[0.092s] DEBUG:colcon:Command line arguments: ['/usr/bin/colcon', 'build']
[0.092s] DEBUG:colcon:Parsed command line arguments: Namespace(log_base=None, log_level=None, verb_name='build', build_base='build', install_base='install', merge_install=False, symlink_install=False, test_result_base=None, continue_on_error=False, executor='parallel', parallel_workers=32, event_handlers=None, ignore_user_meta=False, metas=['./colcon.meta'], base_paths=['.'], packages_ignore=None, packages_ignore_regex=None, paths=None, packages_up_to=None, packages_up_to_regex=None, packages_above=None, packages_above_and_dependencies=None, packages_above_depth=None, packages_select_by_dep=None, packages_skip_by_dep=None, packages_skip_up_to=None, packages_select_build_failed=False, packages_skip_build_finished=False, packages_select_test_failures=False, packages_skip_test_passed=False, packages_select=None, packages_skip=None, packages_select_regex=None, packages_skip_regex=None, packages_start=None, packages_end=None, allow_overriding=[], cmake_args=None, cmake_target=None, cmake_target_skip_unavailable=False, cmake_clean_cache=False, cmake_clean_first=False, cmake_force_configure=False, ament_cmake_args=None, catkin_cmake_args=None, catkin_skip_building_tests=False, verb_parser=<colcon_defaults.argument_parser.defaults.DefaultArgumentsDecorator object at 0x7724ce523520>, verb_extension=<colcon_core.verb.build.BuildVerb object at 0x7724ce6ccd00>, main=<bound method BuildVerb.main of <colcon_core.verb.build.BuildVerb object at 0x7724ce6ccd00>>)
[0.164s] Level 1:colcon.colcon_core.package_discovery:discover_packages(colcon_meta) check parameters
[0.164s] Level 1:colcon.colcon_core.package_discovery:discover_packages(recursive) check parameters
[0.164s] Level 1:colcon.colcon_core.package_discovery:discover_packages(ignore) check parameters
[0.164s] Level 1:colcon.colcon_core.package_discovery:discover_packages(path) check parameters
[0.164s] Level 1:colcon.colcon_core.package_discovery:discover_packages(colcon_meta) discover
[0.164s] Level 1:colcon.colcon_core.package_discovery:discover_packages(recursive) discover
[0.164s] INFO:colcon.colcon_core.package_discovery:Crawling recursively for packages in '/home/zjz/chapt9/fishbot_ws'
[0.164s] Level 1:colcon.colcon_core.package_identification:_identify(.) by extensions ['ignore', 'ignore_ament_install']
[0.165s] Level 1:colcon.colcon_core.package_identification:_identify(.) by extension 'ignore'
[0.165s] Level 1:colcon.colcon_core.package_identification:_identify(.) by extension 'ignore_ament_install'
[0.165s] Level 1:colcon.colcon_core.package_identification:_identify(.) by extensions ['colcon_pkg']
[0.165s] Level 1:colcon.colcon_core.package_identification:_identify(.) by extension 'colcon_pkg'
[0.165s] Level 1:colcon.colcon_core.package_identification:_identify(.) by extensions ['colcon_meta']
[0.165s] Level 1:colcon.colcon_core.package_identification:_identify(.) by extension 'colcon_meta'
[0.165s] Level 1:colcon.colcon_core.package_identification:_identify(.) by extensions ['ros']
[0.165s] Level 1:colcon.colcon_core.package_identification:_identify(.) by extension 'ros'
[0.173s] Level 1:colcon.colcon_core.package_identification:_identify(.) by extensions ['cmake', 'python']
[0.173s] Level 1:colcon.colcon_core.package_identification:_identify(.) by extension 'cmake'
[0.173s] Level 1:colcon.colcon_core.package_identification:_identify(.) by extension 'python'
[0.173s] Level 1:colcon.colcon_core.package_identification:_identify(.) by extensions ['python_setup_py']
[0.173s] Level 1:colcon.colcon_core.package_identification:_identify(.) by extension 'python_setup_py'
[0.173s] Level 1:colcon.colcon_core.package_identification:_identify(build) by extensions ['ignore', 'ignore_ament_install']
[0.173s] Level 1:colcon.colcon_core.package_identification:_identify(build) by extension 'ignore'
[0.173s] Level 1:colcon.colcon_core.package_identification:_identify(build) ignored
[0.173s] Level 1:colcon.colcon_core.package_identification:_identify(install) by extensions ['ignore', 'ignore_ament_install']
[0.173s] Level 1:colcon.colcon_core.package_identification:_identify(install) by extension 'ignore'
[0.173s] Level 1:colcon.colcon_core.package_identification:_identify(install) ignored
[0.173s] Level 1:colcon.colcon_core.package_identification:_identify(log) by extensions ['ignore', 'ignore_ament_install']
[0.173s] Level 1:colcon.colcon_core.package_identification:_identify(log) by extension 'ignore'
[0.173s] Level 1:colcon.colcon_core.package_identification:_identify(log) ignored
[0.173s] Level 1:colcon.colcon_core.package_identification:_identify(src) by extensions ['ignore', 'ignore_ament_install']
[0.174s] Level 1:colcon.colcon_core.package_identification:_identify(src) by extension 'ignore'
[0.174s] Level 1:colcon.colcon_core.package_identification:_identify(src) by extension 'ignore_ament_install'
[0.174s] Level 1:colcon.colcon_core.package_identification:_identify(src) by extensions ['colcon_pkg']
[0.174s] Level 1:colcon.colcon_core.package_identification:_identify(src) by extension 'colcon_pkg'
[0.174s] Level 1:colcon.colcon_core.package_identification:_identify(src) by extensions ['colcon_meta']
[0.174s] Level 1:colcon.colcon_core.package_identification:_identify(src) by extension 'colcon_meta'
[0.174s] Level 1:colcon.colcon_core.package_identification:_identify(src) by extensions ['ros']
[0.174s] Level 1:colcon.colcon_core.package_identification:_identify(src) by extension 'ros'
[0.174s] Level 1:colcon.colcon_core.package_identification:_identify(src) by extensions ['cmake', 'python']
[0.174s] Level 1:colcon.colcon_core.package_identification:_identify(src) by extension 'cmake'
[0.174s] Level 1:colcon.colcon_core.package_identification:_identify(src) by extension 'python'
[0.174s] Level 1:colcon.colcon_core.package_identification:_identify(src) by extensions ['python_setup_py']
[0.174s] Level 1:colcon.colcon_core.package_identification:_identify(src) by extension 'python_setup_py'
[0.174s] Level 1:colcon.colcon_core.package_identification:_identify(src/fishbot_description) by extensions ['ignore', 'ignore_ament_install']
[0.174s] Level 1:colcon.colcon_core.package_identification:_identify(src/fishbot_description) by extension 'ignore'
[0.174s] Level 1:colcon.colcon_core.package_identification:_identify(src/fishbot_description) by extension 'ignore_ament_install'
[0.174s] Level 1:colcon.colcon_core.package_identification:_identify(src/fishbot_description) by extensions ['colcon_pkg']
[0.174s] Level 1:colcon.colcon_core.package_identification:_identify(src/fishbot_description) by extension 'colcon_pkg'
[0.174s] Level 1:colcon.colcon_core.package_identification:_identify(src/fishbot_description) by extensions ['colcon_meta']
[0.174s] Level 1:colcon.colcon_core.package_identification:_identify(src/fishbot_description) by extension 'colcon_meta'
[0.174s] Level 1:colcon.colcon_core.package_identification:_identify(src/fishbot_description) by extensions ['ros']
[0.174s] Level 1:colcon.colcon_core.package_identification:_identify(src/fishbot_description) by extension 'ros'
[0.175s] DEBUG:colcon.colcon_core.package_identification:Package 'src/fishbot_description' with type 'ros.ament_cmake' and name 'fishbot_description'
[0.176s] Level 1:colcon.colcon_core.package_identification:_identify(src/https:) by extensions ['ignore', 'ignore_ament_install']
[0.176s] Level 1:colcon.colcon_core.package_identification:_identify(src/https:) by extension 'ignore'
[0.176s] Level 1:colcon.colcon_core.package_identification:_identify(src/https:) by extension 'ignore_ament_install'
[0.176s] Level 1:colcon.colcon_core.package_identification:_identify(src/https:) by extensions ['colcon_pkg']
[0.176s] Level 1:colcon.colcon_core.package_identification:_identify(src/https:) by extension 'colcon_pkg'
[0.176s] Level 1:colcon.colcon_core.package_identification:_identify(src/https:) by extensions ['colcon_meta']
[0.176s] Level 1:colcon.colcon_core.package_identification:_identify(src/https:) by extension 'colcon_meta'
[0.176s] Level 1:colcon.colcon_core.package_identification:_identify(src/https:) by extensions ['ros']
[0.176s] Level 1:colcon.colcon_core.package_identification:_identify(src/https:) by extension 'ros'
[0.176s] Level 1:colcon.colcon_core.package_identification:_identify(src/https:) by extensions ['cmake', 'python']
[0.176s] Level 1:colcon.colcon_core.package_identification:_identify(src/https:) by extension 'cmake'
[0.176s] Level 1:colcon.colcon_core.package_identification:_identify(src/https:) by extension 'python'
[0.176s] Level 1:colcon.colcon_core.package_identification:_identify(src/https:) by extensions ['python_setup_py']
[0.176s] Level 1:colcon.colcon_core.package_identification:_identify(src/https:) by extension 'python_setup_py'
[0.176s] Level 1:colcon.colcon_core.package_identification:_identify(src/https:/github.com) by extensions ['ignore', 'ignore_ament_install']
[0.176s] Level 1:colcon.colcon_core.package_identification:_identify(src/https:/github.com) by extension 'ignore'
[0.176s] Level 1:colcon.colcon_core.package_identification:_identify(src/https:/github.com) by extension 'ignore_ament_install'
[0.176s] Level 1:colcon.colcon_core.package_identification:_identify(src/https:/github.com) by extensions ['colcon_pkg']
[0.176s] Level 1:colcon.colcon_core.package_identification:_identify(src/https:/github.com) by extension 'colcon_pkg'
[0.176s] Level 1:colcon.colcon_core.package_identification:_identify(src/https:/github.com) by extensions ['colcon_meta']
[0.176s] Level 1:colcon.colcon_core.package_identification:_identify(src/https:/github.com) by extension 'colcon_meta'
[0.176s] Level 1:colcon.colcon_core.package_identification:_identify(src/https:/github.com) by extensions ['ros']
[0.176s] Level 1:colcon.colcon_core.package_identification:_identify(src/https:/github.com) by extension 'ros'
[0.176s] Level 1:colcon.colcon_core.package_identification:_identify(src/https:/github.com) by extensions ['cmake', 'python']
[0.176s] Level 1:colcon.colcon_core.package_identification:_identify(src/https:/github.com) by extension 'cmake'
[0.176s] Level 1:colcon.colcon_core.package_identification:_identify(src/https:/github.com) by extension 'python'
[0.176s] Level 1:colcon.colcon_core.package_identification:_identify(src/https:/github.com) by extensions ['python_setup_py']
[0.176s] Level 1:colcon.colcon_core.package_identification:_identify(src/https:/github.com) by extension 'python_setup_py'
[0.177s] Level 1:colcon.colcon_core.package_identification:_identify(src/https:/github.com/micro-ROS) by extensions ['ignore', 'ignore_ament_install']
[0.177s] Level 1:colcon.colcon_core.package_identification:_identify(src/https:/github.com/micro-ROS) by extension 'ignore'
[0.177s] Level 1:colcon.colcon_core.package_identification:_identify(src/https:/github.com/micro-ROS) by extension 'ignore_ament_install'
[0.177s] Level 1:colcon.colcon_core.package_identification:_identify(src/https:/github.com/micro-ROS) by extensions ['colcon_pkg']
[0.177s] Level 1:colcon.colcon_core.package_identification:_identify(src/https:/github.com/micro-ROS) by extension 'colcon_pkg'
[0.177s] Level 1:colcon.colcon_core.package_identification:_identify(src/https:/github.com/micro-ROS) by extensions ['colcon_meta']
[0.177s] Level 1:colcon.colcon_core.package_identification:_identify(src/https:/github.com/micro-ROS) by extension 'colcon_meta'
[0.177s] Level 1:colcon.colcon_core.package_identification:_identify(src/https:/github.com/micro-ROS) by extensions ['ros']
[0.177s] Level 1:colcon.colcon_core.package_identification:_identify(src/https:/github.com/micro-ROS) by extension 'ros'
[0.177s] Level 1:colcon.colcon_core.package_identification:_identify(src/https:/github.com/micro-ROS) by extensions ['cmake', 'python']
[0.177s] Level 1:colcon.colcon_core.package_identification:_identify(src/https:/github.com/micro-ROS) by extension 'cmake'
[0.177s] Level 1:colcon.colcon_core.package_identification:_identify(src/https:/github.com/micro-ROS) by extension 'python'
[0.177s] Level 1:colcon.colcon_core.package_identification:_identify(src/https:/github.com/micro-ROS) by extensions ['python_setup_py']
[0.177s] Level 1:colcon.colcon_core.package_identification:_identify(src/https:/github.com/micro-ROS) by extension 'python_setup_py'
[0.177s] Level 1:colcon.colcon_core.package_identification:_identify(src/micro-ROS-Agent) by extensions ['ignore', 'ignore_ament_install']
[0.177s] Level 1:colcon.colcon_core.package_identification:_identify(src/micro-ROS-Agent) by extension 'ignore'
[0.177s] Level 1:colcon.colcon_core.package_identification:_identify(src/micro-ROS-Agent) by extension 'ignore_ament_install'
[0.177s] Level 1:colcon.colcon_core.package_identification:_identify(src/micro-ROS-Agent) by extensions ['colcon_pkg']
[0.177s] Level 1:colcon.colcon_core.package_identification:_identify(src/micro-ROS-Agent) by extension 'colcon_pkg'
[0.177s] Level 1:colcon.colcon_core.package_identification:_identify(src/micro-ROS-Agent) by extensions ['colcon_meta']
[0.177s] Level 1:colcon.colcon_core.package_identification:_identify(src/micro-ROS-Agent) by extension 'colcon_meta'
[0.177s] Level 1:colcon.colcon_core.package_identification:_identify(src/micro-ROS-Agent) by extensions ['ros']
[0.177s] Level 1:colcon.colcon_core.package_identification:_identify(src/micro-ROS-Agent) by extension 'ros'
[0.177s] Level 1:colcon.colcon_core.package_identification:_identify(src/micro-ROS-Agent) by extensions ['cmake', 'python']
[0.177s] Level 1:colcon.colcon_core.package_identification:_identify(src/micro-ROS-Agent) by extension 'cmake'
[0.177s] Level 1:colcon.colcon_core.package_identification:_identify(src/micro-ROS-Agent) by extension 'python'
[0.177s] Level 1:colcon.colcon_core.package_identification:_identify(src/micro-ROS-Agent) by extensions ['python_setup_py']
[0.177s] Level 1:colcon.colcon_core.package_identification:_identify(src/micro-ROS-Agent) by extension 'python_setup_py'
[0.177s] Level 1:colcon.colcon_core.package_identification:_identify(src/micro-ROS-Agent/micro_ros_agent) by extensions ['ignore', 'ignore_ament_install']
[0.178s] Level 1:colcon.colcon_core.package_identification:_identify(src/micro-ROS-Agent/micro_ros_agent) by extension 'ignore'
[0.178s] Level 1:colcon.colcon_core.package_identification:_identify(src/micro-ROS-Agent/micro_ros_agent) by extension 'ignore_ament_install'
[0.178s] Level 1:colcon.colcon_core.package_identification:_identify(src/micro-ROS-Agent/micro_ros_agent) by extensions ['colcon_pkg']
[0.178s] Level 1:colcon.colcon_core.package_identification:_identify(src/micro-ROS-Agent/micro_ros_agent) by extension 'colcon_pkg'
[0.178s] Level 1:colcon.colcon_core.package_identification:_identify(src/micro-ROS-Agent/micro_ros_agent) by extensions ['colcon_meta']
[0.178s] Level 1:colcon.colcon_core.package_identification:_identify(src/micro-ROS-Agent/micro_ros_agent) by extension 'colcon_meta'
[0.178s] Level 1:colcon.colcon_core.package_identification:_identify(src/micro-ROS-Agent/micro_ros_agent) by extensions ['ros']
[0.178s] Level 1:colcon.colcon_core.package_identification:_identify(src/micro-ROS-Agent/micro_ros_agent) by extension 'ros'
[0.178s] DEBUG:colcon.colcon_core.package_identification:Package 'src/micro-ROS-Agent/micro_ros_agent' with type 'ros.ament_cmake' and name 'micro_ros_agent'
[0.178s] Level 1:colcon.colcon_core.package_identification:_identify(src/micro-ROS-Agent/snap) by extensions ['ignore', 'ignore_ament_install']
[0.178s] Level 1:colcon.colcon_core.package_identification:_identify(src/micro-ROS-Agent/snap) by extension 'ignore'
[0.178s] Level 1:colcon.colcon_core.package_identification:_identify(src/micro-ROS-Agent/snap) by extension 'ignore_ament_install'
[0.178s] Level 1:colcon.colcon_core.package_identification:_identify(src/micro-ROS-Agent/snap) by extensions ['colcon_pkg']
[0.178s] Level 1:colcon.colcon_core.package_identification:_identify(src/micro-ROS-Agent/snap) by extension 'colcon_pkg'
[0.178s] Level 1:colcon.colcon_core.package_identification:_identify(src/micro-ROS-Agent/snap) by extensions ['colcon_meta']
[0.179s] Level 1:colcon.colcon_core.package_identification:_identify(src/micro-ROS-Agent/snap) by extension 'colcon_meta'
[0.179s] Level 1:colcon.colcon_core.package_identification:_identify(src/micro-ROS-Agent/snap) by extensions ['ros']
[0.179s] Level 1:colcon.colcon_core.package_identification:_identify(src/micro-ROS-Agent/snap) by extension 'ros'
[0.179s] Level 1:colcon.colcon_core.package_identification:_identify(src/micro-ROS-Agent/snap) by extensions ['cmake', 'python']
[0.179s] Level 1:colcon.colcon_core.package_identification:_identify(src/micro-ROS-Agent/snap) by extension 'cmake'
[0.179s] Level 1:colcon.colcon_core.package_identification:_identify(src/micro-ROS-Agent/snap) by extension 'python'
[0.179s] Level 1:colcon.colcon_core.package_identification:_identify(src/micro-ROS-Agent/snap) by extensions ['python_setup_py']
[0.179s] Level 1:colcon.colcon_core.package_identification:_identify(src/micro-ROS-Agent/snap) by extension 'python_setup_py'
[0.179s] Level 1:colcon.colcon_core.package_identification:_identify(src/micro-ROS-Agent/snap/hooks) by extensions ['ignore', 'ignore_ament_install']
[0.179s] Level 1:colcon.colcon_core.package_identification:_identify(src/micro-ROS-Agent/snap/hooks) by extension 'ignore'
[0.179s] Level 1:colcon.colcon_core.package_identification:_identify(src/micro-ROS-Agent/snap/hooks) by extension 'ignore_ament_install'
[0.179s] Level 1:colcon.colcon_core.package_identification:_identify(src/micro-ROS-Agent/snap/hooks) by extensions ['colcon_pkg']
[0.179s] Level 1:colcon.colcon_core.package_identification:_identify(src/micro-ROS-Agent/snap/hooks) by extension 'colcon_pkg'
[0.179s] Level 1:colcon.colcon_core.package_identification:_identify(src/micro-ROS-Agent/snap/hooks) by extensions ['colcon_meta']
[0.179s] Level 1:colcon.colcon_core.package_identification:_identify(src/micro-ROS-Agent/snap/hooks) by extension 'colcon_meta'
[0.179s] Level 1:colcon.colcon_core.package_identification:_identify(src/micro-ROS-Agent/snap/hooks) by extensions ['ros']
[0.179s] Level 1:colcon.colcon_core.package_identification:_identify(src/micro-ROS-Agent/snap/hooks) by extension 'ros'
[0.179s] Level 1:colcon.colcon_core.package_identification:_identify(src/micro-ROS-Agent/snap/hooks) by extensions ['cmake', 'python']
[0.179s] Level 1:colcon.colcon_core.package_identification:_identify(src/micro-ROS-Agent/snap/hooks) by extension 'cmake'
[0.179s] Level 1:colcon.colcon_core.package_identification:_identify(src/micro-ROS-Agent/snap/hooks) by extension 'python'
[0.179s] Level 1:colcon.colcon_core.package_identification:_identify(src/micro-ROS-Agent/snap/hooks) by extensions ['python_setup_py']
[0.179s] Level 1:colcon.colcon_core.package_identification:_identify(src/micro-ROS-Agent/snap/hooks) by extension 'python_setup_py'
[0.179s] Level 1:colcon.colcon_core.package_identification:_identify(src/micro-ROS-Agent/snap/local) by extensions ['ignore', 'ignore_ament_install']
[0.179s] Level 1:colcon.colcon_core.package_identification:_identify(src/micro-ROS-Agent/snap/local) by extension 'ignore'
[0.179s] Level 1:colcon.colcon_core.package_identification:_identify(src/micro-ROS-Agent/snap/local) by extension 'ignore_ament_install'
[0.179s] Level 1:colcon.colcon_core.package_identification:_identify(src/micro-ROS-Agent/snap/local) by extensions ['colcon_pkg']
[0.179s] Level 1:colcon.colcon_core.package_identification:_identify(src/micro-ROS-Agent/snap/local) by extension 'colcon_pkg'
[0.179s] Level 1:colcon.colcon_core.package_identification:_identify(src/micro-ROS-Agent/snap/local) by extensions ['colcon_meta']
[0.179s] Level 1:colcon.colcon_core.package_identification:_identify(src/micro-ROS-Agent/snap/local) by extension 'colcon_meta'
[0.179s] Level 1:colcon.colcon_core.package_identification:_identify(src/micro-ROS-Agent/snap/local) by extensions ['ros']
[0.179s] Level 1:colcon.colcon_core.package_identification:_identify(src/micro-ROS-Agent/snap/local) by extension 'ros'
[0.180s] Level 1:colcon.colcon_core.package_identification:_identify(src/micro-ROS-Agent/snap/local) by extensions ['cmake', 'python']
[0.180s] Level 1:colcon.colcon_core.package_identification:_identify(src/micro-ROS-Agent/snap/local) by extension 'cmake'
[0.180s] Level 1:colcon.colcon_core.package_identification:_identify(src/micro-ROS-Agent/snap/local) by extension 'python'
[0.180s] Level 1:colcon.colcon_core.package_identification:_identify(src/micro-ROS-Agent/snap/local) by extensions ['python_setup_py']
[0.180s] Level 1:colcon.colcon_core.package_identification:_identify(src/micro-ROS-Agent/snap/local) by extension 'python_setup_py'
[0.180s] Level 1:colcon.colcon_core.package_identification:_identify(src/micro_ros_msgs) by extensions ['ignore', 'ignore_ament_install']
[0.180s] Level 1:colcon.colcon_core.package_identification:_identify(src/micro_ros_msgs) by extension 'ignore'
[0.180s] Level 1:colcon.colcon_core.package_identification:_identify(src/micro_ros_msgs) by extension 'ignore_ament_install'
[0.180s] Level 1:colcon.colcon_core.package_identification:_identify(src/micro_ros_msgs) by extensions ['colcon_pkg']
[0.180s] Level 1:colcon.colcon_core.package_identification:_identify(src/micro_ros_msgs) by extension 'colcon_pkg'
[0.180s] Level 1:colcon.colcon_core.package_identification:_identify(src/micro_ros_msgs) by extensions ['colcon_meta']
[0.180s] Level 1:colcon.colcon_core.package_identification:_identify(src/micro_ros_msgs) by extension 'colcon_meta'
[0.180s] Level 1:colcon.colcon_core.package_identification:_identify(src/micro_ros_msgs) by extensions ['ros']
[0.180s] Level 1:colcon.colcon_core.package_identification:_identify(src/micro_ros_msgs) by extension 'ros'
[0.180s] DEBUG:colcon.colcon_core.package_identification:Package 'src/micro_ros_msgs' with type 'ros.ament_cmake' and name 'micro_ros_msgs'
[0.180s] Level 1:colcon.colcon_core.package_identification:_identify(src/ros_serial2wifi) by extensions ['ignore', 'ignore_ament_install']
[0.180s] Level 1:colcon.colcon_core.package_identification:_identify(src/ros_serial2wifi) by extension 'ignore'
[0.180s] Level 1:colcon.colcon_core.package_identification:_identify(src/ros_serial2wifi) by extension 'ignore_ament_install'
[0.180s] Level 1:colcon.colcon_core.package_identification:_identify(src/ros_serial2wifi) by extensions ['colcon_pkg']
[0.180s] Level 1:colcon.colcon_core.package_identification:_identify(src/ros_serial2wifi) by extension 'colcon_pkg'
[0.180s] Level 1:colcon.colcon_core.package_identification:_identify(src/ros_serial2wifi) by extensions ['colcon_meta']
[0.180s] Level 1:colcon.colcon_core.package_identification:_identify(src/ros_serial2wifi) by extension 'colcon_meta'
[0.180s] Level 1:colcon.colcon_core.package_identification:_identify(src/ros_serial2wifi) by extensions ['ros']
[0.180s] Level 1:colcon.colcon_core.package_identification:_identify(src/ros_serial2wifi) by extension 'ros'
[0.181s] DEBUG:colcon.colcon_core.package_identification:Package 'src/ros_serial2wifi' with type 'ros.ament_python' and name 'ros_serial2wifi'
[0.181s] Level 1:colcon.colcon_core.package_identification:_identify(src/ydlidar_ros2) by extensions ['ignore', 'ignore_ament_install']
[0.181s] Level 1:colcon.colcon_core.package_identification:_identify(src/ydlidar_ros2) by extension 'ignore'
[0.181s] Level 1:colcon.colcon_core.package_identification:_identify(src/ydlidar_ros2) by extension 'ignore_ament_install'
[0.181s] Level 1:colcon.colcon_core.package_identification:_identify(src/ydlidar_ros2) by extensions ['colcon_pkg']
[0.181s] Level 1:colcon.colcon_core.package_identification:_identify(src/ydlidar_ros2) by extension 'colcon_pkg'
[0.181s] Level 1:colcon.colcon_core.package_identification:_identify(src/ydlidar_ros2) by extensions ['colcon_meta']
[0.181s] Level 1:colcon.colcon_core.package_identification:_identify(src/ydlidar_ros2) by extension 'colcon_meta'
[0.181s] Level 1:colcon.colcon_core.package_identification:_identify(src/ydlidar_ros2) by extensions ['ros']
[0.181s] Level 1:colcon.colcon_core.package_identification:_identify(src/ydlidar_ros2) by extension 'ros'
[0.181s] DEBUG:colcon.colcon_core.package_identification:Package 'src/ydlidar_ros2' with type 'ros.ament_cmake' and name 'ydlidar'
[0.181s] Level 1:colcon.colcon_core.package_discovery:discover_packages(recursive) using defaults
[0.181s] Level 1:colcon.colcon_core.package_discovery:discover_packages(ignore) discover
[0.181s] Level 1:colcon.colcon_core.package_discovery:discover_packages(ignore) using defaults
[0.181s] Level 1:colcon.colcon_core.package_discovery:discover_packages(path) discover
[0.181s] Level 1:colcon.colcon_core.package_discovery:discover_packages(path) using defaults
[0.192s] Level 1:colcon.colcon_core.package_discovery:discover_packages(prefix_path) check parameters
[0.192s] Level 1:colcon.colcon_core.package_discovery:discover_packages(prefix_path) discover
[0.193s] DEBUG:colcon.colcon_installed_package_information.package_discovery:Found 319 installed packages in /opt/ros/humble
[0.199s] Level 1:colcon.colcon_core.package_discovery:discover_packages(prefix_path) using defaults
[0.218s] Level 5:colcon.colcon_core.verb:set package 'fishbot_description' build argument 'cmake_args' from command line to 'None'
[0.219s] Level 5:colcon.colcon_core.verb:set package 'fishbot_description' build argument 'cmake_target' from command line to 'None'
[0.219s] Level 5:colcon.colcon_core.verb:set package 'fishbot_description' build argument 'cmake_target_skip_unavailable' from command line to 'False'
[0.219s] Level 5:colcon.colcon_core.verb:set package 'fishbot_description' build argument 'cmake_clean_cache' from command line to 'False'
[0.219s] Level 5:colcon.colcon_core.verb:set package 'fishbot_description' build argument 'cmake_clean_first' from command line to 'False'
[0.219s] Level 5:colcon.colcon_core.verb:set package 'fishbot_description' build argument 'cmake_force_configure' from command line to 'False'
[0.219s] Level 5:colcon.colcon_core.verb:set package 'fishbot_description' build argument 'ament_cmake_args' from command line to 'None'
[0.219s] Level 5:colcon.colcon_core.verb:set package 'fishbot_description' build argument 'catkin_cmake_args' from command line to 'None'
[0.219s] Level 5:colcon.colcon_core.verb:set package 'fishbot_description' build argument 'catkin_skip_building_tests' from command line to 'False'
[0.219s] DEBUG:colcon.colcon_core.verb:Building package 'fishbot_description' with the following arguments: {'ament_cmake_args': None, 'build_base': '/home/zjz/chapt9/fishbot_ws/build/fishbot_description', 'catkin_cmake_args': None, 'catkin_skip_building_tests': False, 'cmake_args': None, 'cmake_clean_cache': False, 'cmake_clean_first': False, 'cmake_force_configure': False, 'cmake_target': None, 'cmake_target_skip_unavailable': False, 'install_base': '/home/zjz/chapt9/fishbot_ws/install/fishbot_description', 'merge_install': False, 'path': '/home/zjz/chapt9/fishbot_ws/src/fishbot_description', 'symlink_install': False, 'test_result_base': None}
[0.219s] Level 5:colcon.colcon_core.verb:set package 'micro_ros_msgs' build argument 'cmake_args' from command line to 'None'
[0.219s] Level 5:colcon.colcon_core.verb:set package 'micro_ros_msgs' build argument 'cmake_target' from command line to 'None'
[0.219s] Level 5:colcon.colcon_core.verb:set package 'micro_ros_msgs' build argument 'cmake_target_skip_unavailable' from command line to 'False'
[0.219s] Level 5:colcon.colcon_core.verb:set package 'micro_ros_msgs' build argument 'cmake_clean_cache' from command line to 'False'
[0.219s] Level 5:colcon.colcon_core.verb:set package 'micro_ros_msgs' build argument 'cmake_clean_first' from command line to 'False'
[0.219s] Level 5:colcon.colcon_core.verb:set package 'micro_ros_msgs' build argument 'cmake_force_configure' from command line to 'False'
[0.219s] Level 5:colcon.colcon_core.verb:set package 'micro_ros_msgs' build argument 'ament_cmake_args' from command line to 'None'
[0.219s] Level 5:colcon.colcon_core.verb:set package 'micro_ros_msgs' build argument 'catkin_cmake_args' from command line to 'None'
[0.219s] Level 5:colcon.colcon_core.verb:set package 'micro_ros_msgs' build argument 'catkin_skip_building_tests' from command line to 'False'
[0.219s] DEBUG:colcon.colcon_core.verb:Building package 'micro_ros_msgs' with the following arguments: {'ament_cmake_args': None, 'build_base': '/home/zjz/chapt9/fishbot_ws/build/micro_ros_msgs', 'catkin_cmake_args': None, 'catkin_skip_building_tests': False, 'cmake_args': None, 'cmake_clean_cache': False, 'cmake_clean_first': False, 'cmake_force_configure': False, 'cmake_target': None, 'cmake_target_skip_unavailable': False, 'install_base': '/home/zjz/chapt9/fishbot_ws/install/micro_ros_msgs', 'merge_install': False, 'path': '/home/zjz/chapt9/fishbot_ws/src/micro_ros_msgs', 'symlink_install': False, 'test_result_base': None}
[0.219s] Level 5:colcon.colcon_core.verb:set package 'ros_serial2wifi' build argument 'cmake_args' from command line to 'None'
[0.219s] Level 5:colcon.colcon_core.verb:set package 'ros_serial2wifi' build argument 'cmake_target' from command line to 'None'
[0.219s] Level 5:colcon.colcon_core.verb:set package 'ros_serial2wifi' build argument 'cmake_target_skip_unavailable' from command line to 'False'
[0.219s] Level 5:colcon.colcon_core.verb:set package 'ros_serial2wifi' build argument 'cmake_clean_cache' from command line to 'False'
[0.219s] Level 5:colcon.colcon_core.verb:set package 'ros_serial2wifi' build argument 'cmake_clean_first' from command line to 'False'
[0.219s] Level 5:colcon.colcon_core.verb:set package 'ros_serial2wifi' build argument 'cmake_force_configure' from command line to 'False'
[0.219s] Level 5:colcon.colcon_core.verb:set package 'ros_serial2wifi' build argument 'ament_cmake_args' from command line to 'None'
[0.219s] Level 5:colcon.colcon_core.verb:set package 'ros_serial2wifi' build argument 'catkin_cmake_args' from command line to 'None'
[0.219s] Level 5:colcon.colcon_core.verb:set package 'ros_serial2wifi' build argument 'catkin_skip_building_tests' from command line to 'False'
[0.219s] DEBUG:colcon.colcon_core.verb:Building package 'ros_serial2wifi' with the following arguments: {'ament_cmake_args': None, 'build_base': '/home/zjz/chapt9/fishbot_ws/build/ros_serial2wifi', 'catkin_cmake_args': None, 'catkin_skip_building_tests': False, 'cmake_args': None, 'cmake_clean_cache': False, 'cmake_clean_first': False, 'cmake_force_configure': False, 'cmake_target': None, 'cmake_target_skip_unavailable': False, 'install_base': '/home/zjz/chapt9/fishbot_ws/install/ros_serial2wifi', 'merge_install': False, 'path': '/home/zjz/chapt9/fishbot_ws/src/ros_serial2wifi', 'symlink_install': False, 'test_result_base': None}
[0.220s] Level 5:colcon.colcon_core.verb:set package 'ydlidar' build argument 'cmake_args' from command line to 'None'
[0.220s] Level 5:colcon.colcon_core.verb:set package 'ydlidar' build argument 'cmake_target' from command line to 'None'
[0.220s] Level 5:colcon.colcon_core.verb:set package 'ydlidar' build argument 'cmake_target_skip_unavailable' from command line to 'False'
[0.220s] Level 5:colcon.colcon_core.verb:set package 'ydlidar' build argument 'cmake_clean_cache' from command line to 'False'
[0.220s] Level 5:colcon.colcon_core.verb:set package 'ydlidar' build argument 'cmake_clean_first' from command line to 'False'
[0.220s] Level 5:colcon.colcon_core.verb:set package 'ydlidar' build argument 'cmake_force_configure' from command line to 'False'
[0.220s] Level 5:colcon.colcon_core.verb:set package 'ydlidar' build argument 'ament_cmake_args' from command line to 'None'
[0.220s] Level 5:colcon.colcon_core.verb:set package 'ydlidar' build argument 'catkin_cmake_args' from command line to 'None'
[0.220s] Level 5:colcon.colcon_core.verb:set package 'ydlidar' build argument 'catkin_skip_building_tests' from command line to 'False'
[0.220s] DEBUG:colcon.colcon_core.verb:Building package 'ydlidar' with the following arguments: {'ament_cmake_args': None, 'build_base': '/home/zjz/chapt9/fishbot_ws/build/ydlidar', 'catkin_cmake_args': None, 'catkin_skip_building_tests': False, 'cmake_args': None, 'cmake_clean_cache': False, 'cmake_clean_first': False, 'cmake_force_configure': False, 'cmake_target': None, 'cmake_target_skip_unavailable': False, 'install_base': '/home/zjz/chapt9/fishbot_ws/install/ydlidar', 'merge_install': False, 'path': '/home/zjz/chapt9/fishbot_ws/src/ydlidar_ros2', 'symlink_install': False, 'test_result_base': None}
[0.220s] Level 5:colcon.colcon_core.verb:set package 'micro_ros_agent' build argument 'cmake_args' from command line to 'None'
[0.220s] Level 5:colcon.colcon_core.verb:set package 'micro_ros_agent' build argument 'cmake_target' from command line to 'None'
[0.220s] Level 5:colcon.colcon_core.verb:set package 'micro_ros_agent' build argument 'cmake_target_skip_unavailable' from command line to 'False'
[0.220s] Level 5:colcon.colcon_core.verb:set package 'micro_ros_agent' build argument 'cmake_clean_cache' from command line to 'False'
[0.220s] Level 5:colcon.colcon_core.verb:set package 'micro_ros_agent' build argument 'cmake_clean_first' from command line to 'False'
[0.220s] Level 5:colcon.colcon_core.verb:set package 'micro_ros_agent' build argument 'cmake_force_configure' from command line to 'False'
[0.220s] Level 5:colcon.colcon_core.verb:set package 'micro_ros_agent' build argument 'ament_cmake_args' from command line to 'None'
[0.220s] Level 5:colcon.colcon_core.verb:set package 'micro_ros_agent' build argument 'catkin_cmake_args' from command line to 'None'
[0.220s] Level 5:colcon.colcon_core.verb:set package 'micro_ros_agent' build argument 'catkin_skip_building_tests' from command line to 'False'
[0.220s] DEBUG:colcon.colcon_core.verb:Building package 'micro_ros_agent' with the following arguments: {'ament_cmake_args': None, 'build_base': '/home/zjz/chapt9/fishbot_ws/build/micro_ros_agent', 'catkin_cmake_args': None, 'catkin_skip_building_tests': False, 'cmake_args': None, 'cmake_clean_cache': False, 'cmake_clean_first': False, 'cmake_force_configure': False, 'cmake_target': None, 'cmake_target_skip_unavailable': False, 'install_base': '/home/zjz/chapt9/fishbot_ws/install/micro_ros_agent', 'merge_install': False, 'path': '/home/zjz/chapt9/fishbot_ws/src/micro-ROS-Agent/micro_ros_agent', 'symlink_install': False, 'test_result_base': None}
[0.220s] INFO:colcon.colcon_core.executor:Executing jobs using 'parallel' executor
[0.221s] DEBUG:colcon.colcon_parallel_executor.executor.parallel:run_until_complete
[0.221s] INFO:colcon.colcon_ros.task.ament_cmake.build:Building ROS package in '/home/zjz/chapt9/fishbot_ws/src/micro_ros_msgs' with build type 'ament_cmake'
[0.221s] INFO:colcon.colcon_cmake.task.cmake.build:Building CMake package in '/home/zjz/chapt9/fishbot_ws/src/micro_ros_msgs'
[0.222s] INFO:colcon.colcon_core.plugin_system:Skipping extension 'colcon_core.shell.bat': Not used on non-Windows systems
[0.223s] INFO:colcon.colcon_core.shell:Skip shell extension 'powershell' for command environment: Not usable outside of PowerShell
[0.223s] DEBUG:colcon.colcon_core.shell:Skip shell extension 'dsv' for command environment
[0.224s] INFO:colcon.colcon_ros.task.ament_cmake.build:Building ROS package in '/home/zjz/chapt9/fishbot_ws/src/fishbot_description' with build type 'ament_cmake'
[0.224s] INFO:colcon.colcon_cmake.task.cmake.build:Building CMake package in '/home/zjz/chapt9/fishbot_ws/src/fishbot_description'
[0.225s] INFO:colcon.colcon_core.shell:Skip shell extension 'powershell' for command environment: Not usable outside of PowerShell
[0.225s] DEBUG:colcon.colcon_core.shell:Skip shell extension 'dsv' for command environment
[0.226s] INFO:colcon.colcon_ros.task.ament_python.build:Building ROS package in '/home/zjz/chapt9/fishbot_ws/src/ros_serial2wifi' with build type 'ament_python'
[0.226s] Level 1:colcon.colcon_core.shell:create_environment_hook('ros_serial2wifi', 'ament_prefix_path')
[0.226s] INFO:colcon.colcon_core.shell:Creating environment hook '/home/zjz/chapt9/fishbot_ws/install/ros_serial2wifi/share/ros_serial2wifi/hook/ament_prefix_path.ps1'
[0.227s] INFO:colcon.colcon_core.shell:Creating environment descriptor '/home/zjz/chapt9/fishbot_ws/install/ros_serial2wifi/share/ros_serial2wifi/hook/ament_prefix_path.dsv'
[0.227s] INFO:colcon.colcon_core.shell:Creating environment hook '/home/zjz/chapt9/fishbot_ws/install/ros_serial2wifi/share/ros_serial2wifi/hook/ament_prefix_path.sh'
[0.227s] INFO:colcon.colcon_core.shell:Skip shell extension 'powershell' for command environment: Not usable outside of PowerShell
[0.228s] DEBUG:colcon.colcon_core.shell:Skip shell extension 'dsv' for command environment
[0.229s] INFO:colcon.colcon_ros.task.ament_cmake.build:Building ROS package in '/home/zjz/chapt9/fishbot_ws/src/ydlidar_ros2' with build type 'ament_cmake'
[0.229s] INFO:colcon.colcon_cmake.task.cmake.build:Building CMake package in '/home/zjz/chapt9/fishbot_ws/src/ydlidar_ros2'
[0.229s] INFO:colcon.colcon_core.shell:Skip shell extension 'powershell' for command environment: Not usable outside of PowerShell
[0.229s] DEBUG:colcon.colcon_core.shell:Skip shell extension 'dsv' for command environment
[0.234s] DEBUG:colcon.colcon_core.event_handler.log_command:Invoking command in '/home/zjz/chapt9/fishbot_ws/build/micro_ros_msgs': CMAKE_PREFIX_PATH=/opt/ros/humble /usr/bin/cmake --build /home/zjz/chapt9/fishbot_ws/build/micro_ros_msgs -- -j32 -l32
[0.236s] DEBUG:colcon.colcon_core.event_handler.log_command:Invoking command in '/home/zjz/chapt9/fishbot_ws/build/fishbot_description': CMAKE_PREFIX_PATH=/opt/ros/humble /usr/bin/cmake --build /home/zjz/chapt9/fishbot_ws/build/fishbot_description -- -j32 -l32
[0.363s] INFO:colcon.colcon_core.task.python.build:Building Python package in '/home/zjz/chapt9/fishbot_ws/src/ros_serial2wifi'
[0.364s] INFO:colcon.colcon_core.shell:Skip shell extension 'powershell' for command environment: Not usable outside of PowerShell
[0.364s] DEBUG:colcon.colcon_core.shell:Skip shell extension 'dsv' for command environment
[0.374s] DEBUG:colcon.colcon_core.event_handler.log_command:Invoking command in '/home/zjz/chapt9/fishbot_ws/build/ydlidar': CMAKE_PREFIX_PATH=/opt/ros/humble /usr/bin/cmake --build /home/zjz/chapt9/fishbot_ws/build/ydlidar -- -j32 -l32
[0.374s] DEBUG:colcon.colcon_core.event_handler.log_command:Invoked command in '/home/zjz/chapt9/fishbot_ws/build/fishbot_description' returned '0': CMAKE_PREFIX_PATH=/opt/ros/humble /usr/bin/cmake --build /home/zjz/chapt9/fishbot_ws/build/fishbot_description -- -j32 -l32
[0.378s] DEBUG:colcon.colcon_core.event_handler.log_command:Invoking command in '/home/zjz/chapt9/fishbot_ws/build/fishbot_description': CMAKE_PREFIX_PATH=/opt/ros/humble /usr/bin/cmake --install /home/zjz/chapt9/fishbot_ws/build/fishbot_description
[0.383s] Level 1:colcon.colcon_core.environment:create_environment_scripts_only(fishbot_description)
[0.384s] DEBUG:colcon.colcon_core.event_handler.log_command:Invoked command in '/home/zjz/chapt9/fishbot_ws/build/fishbot_description' returned '0': CMAKE_PREFIX_PATH=/opt/ros/humble /usr/bin/cmake --install /home/zjz/chapt9/fishbot_ws/build/fishbot_description
[0.385s] Level 1:colcon.colcon_core.environment:checking '/home/zjz/chapt9/fishbot_ws/install/fishbot_description' for CMake module files
[0.385s] Level 1:colcon.colcon_core.environment:checking '/home/zjz/chapt9/fishbot_ws/install/fishbot_description' for CMake config files
[0.385s] Level 1:colcon.colcon_core.shell:create_environment_hook('fishbot_description', 'cmake_prefix_path')
[0.386s] INFO:colcon.colcon_core.shell:Creating environment hook '/home/zjz/chapt9/fishbot_ws/install/fishbot_description/share/fishbot_description/hook/cmake_prefix_path.ps1'
[0.386s] INFO:colcon.colcon_core.shell:Creating environment descriptor '/home/zjz/chapt9/fishbot_ws/install/fishbot_description/share/fishbot_description/hook/cmake_prefix_path.dsv'
[0.386s] INFO:colcon.colcon_core.shell:Creating environment hook '/home/zjz/chapt9/fishbot_ws/install/fishbot_description/share/fishbot_description/hook/cmake_prefix_path.sh'
[0.387s] Level 1:colcon.colcon_core.environment:checking '/home/zjz/chapt9/fishbot_ws/install/fishbot_description/bin'
[0.387s] Level 1:colcon.colcon_core.environment:checking '/home/zjz/chapt9/fishbot_ws/install/fishbot_description/lib/pkgconfig/fishbot_description.pc'
[0.387s] Level 1:colcon.colcon_core.environment:checking '/home/zjz/chapt9/fishbot_ws/install/fishbot_description/lib/python3.10/site-packages'
[0.388s] Level 1:colcon.colcon_core.environment:checking '/home/zjz/chapt9/fishbot_ws/install/fishbot_description/bin'
[0.388s] INFO:colcon.colcon_core.shell:Creating package script '/home/zjz/chapt9/fishbot_ws/install/fishbot_description/share/fishbot_description/package.ps1'
[0.390s] INFO:colcon.colcon_core.shell:Creating package descriptor '/home/zjz/chapt9/fishbot_ws/install/fishbot_description/share/fishbot_description/package.dsv'
[0.390s] INFO:colcon.colcon_core.shell:Creating package script '/home/zjz/chapt9/fishbot_ws/install/fishbot_description/share/fishbot_description/package.sh'
[0.391s] INFO:colcon.colcon_core.shell:Creating package script '/home/zjz/chapt9/fishbot_ws/install/fishbot_description/share/fishbot_description/package.bash'
[0.391s] INFO:colcon.colcon_core.shell:Creating package script '/home/zjz/chapt9/fishbot_ws/install/fishbot_description/share/fishbot_description/package.zsh'
[0.391s] Level 1:colcon.colcon_core.environment:create_file_with_runtime_dependencies(/home/zjz/chapt9/fishbot_ws/install/fishbot_description/share/colcon-core/packages/fishbot_description)
[0.391s] Level 1:colcon.colcon_core.environment:create_environment_scripts_only(fishbot_description)
[0.392s] Level 1:colcon.colcon_core.environment:checking '/home/zjz/chapt9/fishbot_ws/install/fishbot_description' for CMake module files
[0.392s] Level 1:colcon.colcon_core.environment:checking '/home/zjz/chapt9/fishbot_ws/install/fishbot_description' for CMake config files
[0.392s] Level 1:colcon.colcon_core.shell:create_environment_hook('fishbot_description', 'cmake_prefix_path')
[0.392s] INFO:colcon.colcon_core.shell:Creating environment hook '/home/zjz/chapt9/fishbot_ws/install/fishbot_description/share/fishbot_description/hook/cmake_prefix_path.ps1'
[0.392s] INFO:colcon.colcon_core.shell:Creating environment descriptor '/home/zjz/chapt9/fishbot_ws/install/fishbot_description/share/fishbot_description/hook/cmake_prefix_path.dsv'
[0.392s] INFO:colcon.colcon_core.shell:Creating environment hook '/home/zjz/chapt9/fishbot_ws/install/fishbot_description/share/fishbot_description/hook/cmake_prefix_path.sh'
[0.393s] Level 1:colcon.colcon_core.environment:checking '/home/zjz/chapt9/fishbot_ws/install/fishbot_description/bin'
[0.393s] Level 1:colcon.colcon_core.environment:checking '/home/zjz/chapt9/fishbot_ws/install/fishbot_description/lib/pkgconfig/fishbot_description.pc'
[0.393s] Level 1:colcon.colcon_core.environment:checking '/home/zjz/chapt9/fishbot_ws/install/fishbot_description/lib/python3.10/site-packages'
[0.393s] Level 1:colcon.colcon_core.environment:checking '/home/zjz/chapt9/fishbot_ws/install/fishbot_description/bin'
[0.393s] INFO:colcon.colcon_core.shell:Creating package script '/home/zjz/chapt9/fishbot_ws/install/fishbot_description/share/fishbot_description/package.ps1'
[0.394s] INFO:colcon.colcon_core.shell:Creating package descriptor '/home/zjz/chapt9/fishbot_ws/install/fishbot_description/share/fishbot_description/package.dsv'
[0.394s] INFO:colcon.colcon_core.shell:Creating package script '/home/zjz/chapt9/fishbot_ws/install/fishbot_description/share/fishbot_description/package.sh'
[0.394s] INFO:colcon.colcon_core.shell:Creating package script '/home/zjz/chapt9/fishbot_ws/install/fishbot_description/share/fishbot_description/package.bash'
[0.394s] INFO:colcon.colcon_core.shell:Creating package script '/home/zjz/chapt9/fishbot_ws/install/fishbot_description/share/fishbot_description/package.zsh'
[0.394s] Level 1:colcon.colcon_core.environment:create_file_with_runtime_dependencies(/home/zjz/chapt9/fishbot_ws/install/fishbot_description/share/colcon-core/packages/fishbot_description)
[0.408s] DEBUG:colcon.colcon_core.event_handler.log_command:Invoked command in '/home/zjz/chapt9/fishbot_ws/build/ydlidar' returned '0': CMAKE_PREFIX_PATH=/opt/ros/humble /usr/bin/cmake --build /home/zjz/chapt9/fishbot_ws/build/ydlidar -- -j32 -l32
[0.409s] DEBUG:colcon.colcon_core.event_handler.log_command:Invoking command in '/home/zjz/chapt9/fishbot_ws/build/ydlidar': CMAKE_PREFIX_PATH=/opt/ros/humble /usr/bin/cmake --install /home/zjz/chapt9/fishbot_ws/build/ydlidar
[0.410s] DEBUG:colcon.colcon_core.event_handler.log_command:Invoked command in '/home/zjz/chapt9/fishbot_ws/build/micro_ros_msgs' returned '0': CMAKE_PREFIX_PATH=/opt/ros/humble /usr/bin/cmake --build /home/zjz/chapt9/fishbot_ws/build/micro_ros_msgs -- -j32 -l32
[0.412s] DEBUG:colcon.colcon_core.event_handler.log_command:Invoking command in '/home/zjz/chapt9/fishbot_ws/build/micro_ros_msgs': CMAKE_PREFIX_PATH=/opt/ros/humble /usr/bin/cmake --install /home/zjz/chapt9/fishbot_ws/build/micro_ros_msgs
[0.414s] Level 1:colcon.colcon_core.environment:create_environment_scripts_only(ydlidar)
[0.415s] Level 1:colcon.colcon_core.environment:checking '/home/zjz/chapt9/fishbot_ws/install/ydlidar' for CMake module files
[0.415s] DEBUG:colcon.colcon_core.event_handler.log_command:Invoked command in '/home/zjz/chapt9/fishbot_ws/build/ydlidar' returned '0': CMAKE_PREFIX_PATH=/opt/ros/humble /usr/bin/cmake --install /home/zjz/chapt9/fishbot_ws/build/ydlidar
[0.417s] Level 1:colcon.colcon_core.environment:checking '/home/zjz/chapt9/fishbot_ws/install/ydlidar' for CMake config files
[0.419s] Level 1:colcon.colcon_core.shell:create_environment_hook('ydlidar', 'cmake_prefix_path')
[0.420s] INFO:colcon.colcon_core.shell:Creating environment hook '/home/zjz/chapt9/fishbot_ws/install/ydlidar/share/ydlidar/hook/cmake_prefix_path.ps1'
[0.420s] INFO:colcon.colcon_core.shell:Creating environment descriptor '/home/zjz/chapt9/fishbot_ws/install/ydlidar/share/ydlidar/hook/cmake_prefix_path.dsv'
[0.421s] INFO:colcon.colcon_core.shell:Creating environment hook '/home/zjz/chapt9/fishbot_ws/install/ydlidar/share/ydlidar/hook/cmake_prefix_path.sh'
[0.422s] Level 1:colcon.colcon_core.environment:checking '/home/zjz/chapt9/fishbot_ws/install/ydlidar/lib'
[0.423s] Level 1:colcon.colcon_core.environment:checking '/home/zjz/chapt9/fishbot_ws/install/ydlidar/bin'
[0.424s] Level 1:colcon.colcon_core.environment:checking '/home/zjz/chapt9/fishbot_ws/install/ydlidar/lib/pkgconfig/ydlidar.pc'
[0.424s] Level 1:colcon.colcon_core.environment:checking '/home/zjz/chapt9/fishbot_ws/install/ydlidar/lib/python3.10/site-packages'
[0.424s] Level 1:colcon.colcon_core.environment:checking '/home/zjz/chapt9/fishbot_ws/install/ydlidar/bin'
[0.424s] INFO:colcon.colcon_core.shell:Creating package script '/home/zjz/chapt9/fishbot_ws/install/ydlidar/share/ydlidar/package.ps1'
[0.427s] INFO:colcon.colcon_core.shell:Creating package descriptor '/home/zjz/chapt9/fishbot_ws/install/ydlidar/share/ydlidar/package.dsv'
[0.428s] INFO:colcon.colcon_core.shell:Creating package script '/home/zjz/chapt9/fishbot_ws/install/ydlidar/share/ydlidar/package.sh'
[0.431s] INFO:colcon.colcon_core.shell:Creating package script '/home/zjz/chapt9/fishbot_ws/install/ydlidar/share/ydlidar/package.bash'
[0.432s] INFO:colcon.colcon_core.shell:Creating package script '/home/zjz/chapt9/fishbot_ws/install/ydlidar/share/ydlidar/package.zsh'
[0.433s] Level 1:colcon.colcon_core.environment:create_file_with_runtime_dependencies(/home/zjz/chapt9/fishbot_ws/install/ydlidar/share/colcon-core/packages/ydlidar)
[0.433s] Level 1:colcon.colcon_core.environment:create_environment_scripts_only(ydlidar)
[0.433s] Level 1:colcon.colcon_core.environment:checking '/home/zjz/chapt9/fishbot_ws/install/ydlidar' for CMake module files
[0.434s] Level 1:colcon.colcon_core.environment:checking '/home/zjz/chapt9/fishbot_ws/install/ydlidar' for CMake config files
[0.434s] Level 1:colcon.colcon_core.shell:create_environment_hook('ydlidar', 'cmake_prefix_path')
[0.434s] INFO:colcon.colcon_core.shell:Creating environment hook '/home/zjz/chapt9/fishbot_ws/install/ydlidar/share/ydlidar/hook/cmake_prefix_path.ps1'
[0.434s] INFO:colcon.colcon_core.shell:Creating environment descriptor '/home/zjz/chapt9/fishbot_ws/install/ydlidar/share/ydlidar/hook/cmake_prefix_path.dsv'
[0.434s] INFO:colcon.colcon_core.shell:Creating environment hook '/home/zjz/chapt9/fishbot_ws/install/ydlidar/share/ydlidar/hook/cmake_prefix_path.sh'
[0.435s] Level 1:colcon.colcon_core.environment:checking '/home/zjz/chapt9/fishbot_ws/install/ydlidar/lib'
[0.435s] Level 1:colcon.colcon_core.environment:checking '/home/zjz/chapt9/fishbot_ws/install/ydlidar/bin'
[0.435s] Level 1:colcon.colcon_core.environment:checking '/home/zjz/chapt9/fishbot_ws/install/ydlidar/lib/pkgconfig/ydlidar.pc'
[0.435s] Level 1:colcon.colcon_core.environment:checking '/home/zjz/chapt9/fishbot_ws/install/ydlidar/lib/python3.10/site-packages'
[0.435s] Level 1:colcon.colcon_core.environment:checking '/home/zjz/chapt9/fishbot_ws/install/ydlidar/bin'
[0.435s] INFO:colcon.colcon_core.shell:Creating package script '/home/zjz/chapt9/fishbot_ws/install/ydlidar/share/ydlidar/package.ps1'
[0.436s] INFO:colcon.colcon_core.shell:Creating package descriptor '/home/zjz/chapt9/fishbot_ws/install/ydlidar/share/ydlidar/package.dsv'
[0.436s] INFO:colcon.colcon_core.shell:Creating package script '/home/zjz/chapt9/fishbot_ws/install/ydlidar/share/ydlidar/package.sh'
[0.436s] INFO:colcon.colcon_core.shell:Creating package script '/home/zjz/chapt9/fishbot_ws/install/ydlidar/share/ydlidar/package.bash'
[0.436s] INFO:colcon.colcon_core.shell:Creating package script '/home/zjz/chapt9/fishbot_ws/install/ydlidar/share/ydlidar/package.zsh'
[0.437s] Level 1:colcon.colcon_core.environment:create_file_with_runtime_dependencies(/home/zjz/chapt9/fishbot_ws/install/ydlidar/share/colcon-core/packages/ydlidar)
[0.450s] Level 1:colcon.colcon_core.environment:create_environment_scripts_only(micro_ros_msgs)
[0.451s] Level 1:colcon.colcon_core.environment:checking '/home/zjz/chapt9/fishbot_ws/install/micro_ros_msgs' for CMake module files
[0.453s] Level 1:colcon.colcon_core.environment:checking '/home/zjz/chapt9/fishbot_ws/install/micro_ros_msgs' for CMake config files
[0.454s] DEBUG:colcon.colcon_core.event_handler.log_command:Invoked command in '/home/zjz/chapt9/fishbot_ws/build/micro_ros_msgs' returned '0': CMAKE_PREFIX_PATH=/opt/ros/humble /usr/bin/cmake --install /home/zjz/chapt9/fishbot_ws/build/micro_ros_msgs
[0.455s] Level 1:colcon.colcon_core.shell:create_environment_hook('micro_ros_msgs', 'cmake_prefix_path')
[0.455s] INFO:colcon.colcon_core.shell:Creating environment hook '/home/zjz/chapt9/fishbot_ws/install/micro_ros_msgs/share/micro_ros_msgs/hook/cmake_prefix_path.ps1'
[0.455s] INFO:colcon.colcon_core.shell:Creating environment descriptor '/home/zjz/chapt9/fishbot_ws/install/micro_ros_msgs/share/micro_ros_msgs/hook/cmake_prefix_path.dsv'
[0.455s] INFO:colcon.colcon_core.shell:Creating environment hook '/home/zjz/chapt9/fishbot_ws/install/micro_ros_msgs/share/micro_ros_msgs/hook/cmake_prefix_path.sh'
[0.456s] Level 1:colcon.colcon_core.environment:checking '/home/zjz/chapt9/fishbot_ws/install/micro_ros_msgs/lib'
[0.456s] Level 1:colcon.colcon_core.shell:create_environment_hook('micro_ros_msgs', 'ld_library_path_lib')
[0.456s] INFO:colcon.colcon_core.shell:Creating environment hook '/home/zjz/chapt9/fishbot_ws/install/micro_ros_msgs/share/micro_ros_msgs/hook/ld_library_path_lib.ps1'
[0.456s] INFO:colcon.colcon_core.shell:Creating environment descriptor '/home/zjz/chapt9/fishbot_ws/install/micro_ros_msgs/share/micro_ros_msgs/hook/ld_library_path_lib.dsv'
[0.456s] INFO:colcon.colcon_core.shell:Creating environment hook '/home/zjz/chapt9/fishbot_ws/install/micro_ros_msgs/share/micro_ros_msgs/hook/ld_library_path_lib.sh'
[0.456s] Level 1:colcon.colcon_core.environment:checking '/home/zjz/chapt9/fishbot_ws/install/micro_ros_msgs/bin'
[0.457s] Level 1:colcon.colcon_core.environment:checking '/home/zjz/chapt9/fishbot_ws/install/micro_ros_msgs/lib/pkgconfig/micro_ros_msgs.pc'
[0.457s] Level 1:colcon.colcon_core.environment:checking '/home/zjz/chapt9/fishbot_ws/install/micro_ros_msgs/lib/python3.10/site-packages'
[0.457s] Level 1:colcon.colcon_core.environment:checking '/home/zjz/chapt9/fishbot_ws/install/micro_ros_msgs/bin'
[0.457s] INFO:colcon.colcon_core.shell:Creating package script '/home/zjz/chapt9/fishbot_ws/install/micro_ros_msgs/share/micro_ros_msgs/package.ps1'
[0.457s] INFO:colcon.colcon_core.shell:Creating package descriptor '/home/zjz/chapt9/fishbot_ws/install/micro_ros_msgs/share/micro_ros_msgs/package.dsv'
[0.458s] INFO:colcon.colcon_core.shell:Creating package script '/home/zjz/chapt9/fishbot_ws/install/micro_ros_msgs/share/micro_ros_msgs/package.sh'
[0.458s] INFO:colcon.colcon_core.shell:Creating package script '/home/zjz/chapt9/fishbot_ws/install/micro_ros_msgs/share/micro_ros_msgs/package.bash'
[0.458s] INFO:colcon.colcon_core.shell:Creating package script '/home/zjz/chapt9/fishbot_ws/install/micro_ros_msgs/share/micro_ros_msgs/package.zsh'
[0.458s] Level 1:colcon.colcon_core.environment:create_file_with_runtime_dependencies(/home/zjz/chapt9/fishbot_ws/install/micro_ros_msgs/share/colcon-core/packages/micro_ros_msgs)
[0.458s] Level 1:colcon.colcon_core.environment:create_environment_scripts_only(micro_ros_msgs)
[0.459s] Level 1:colcon.colcon_core.environment:checking '/home/zjz/chapt9/fishbot_ws/install/micro_ros_msgs' for CMake module files
[0.459s] Level 1:colcon.colcon_core.environment:checking '/home/zjz/chapt9/fishbot_ws/install/micro_ros_msgs' for CMake config files
[0.459s] Level 1:colcon.colcon_core.shell:create_environment_hook('micro_ros_msgs', 'cmake_prefix_path')
[0.459s] INFO:colcon.colcon_core.shell:Creating environment hook '/home/zjz/chapt9/fishbot_ws/install/micro_ros_msgs/share/micro_ros_msgs/hook/cmake_prefix_path.ps1'
[0.460s] INFO:colcon.colcon_core.shell:Creating environment descriptor '/home/zjz/chapt9/fishbot_ws/install/micro_ros_msgs/share/micro_ros_msgs/hook/cmake_prefix_path.dsv'
[0.460s] INFO:colcon.colcon_core.shell:Creating environment hook '/home/zjz/chapt9/fishbot_ws/install/micro_ros_msgs/share/micro_ros_msgs/hook/cmake_prefix_path.sh'
[0.460s] Level 1:colcon.colcon_core.environment:checking '/home/zjz/chapt9/fishbot_ws/install/micro_ros_msgs/lib'
[0.460s] Level 1:colcon.colcon_core.shell:create_environment_hook('micro_ros_msgs', 'ld_library_path_lib')
[0.460s] INFO:colcon.colcon_core.shell:Creating environment hook '/home/zjz/chapt9/fishbot_ws/install/micro_ros_msgs/share/micro_ros_msgs/hook/ld_library_path_lib.ps1'
[0.460s] INFO:colcon.colcon_core.shell:Creating environment descriptor '/home/zjz/chapt9/fishbot_ws/install/micro_ros_msgs/share/micro_ros_msgs/hook/ld_library_path_lib.dsv'
[0.461s] INFO:colcon.colcon_core.shell:Creating environment hook '/home/zjz/chapt9/fishbot_ws/install/micro_ros_msgs/share/micro_ros_msgs/hook/ld_library_path_lib.sh'
[0.461s] Level 1:colcon.colcon_core.environment:checking '/home/zjz/chapt9/fishbot_ws/install/micro_ros_msgs/bin'
[0.461s] Level 1:colcon.colcon_core.environment:checking '/home/zjz/chapt9/fishbot_ws/install/micro_ros_msgs/lib/pkgconfig/micro_ros_msgs.pc'
[0.461s] Level 1:colcon.colcon_core.environment:checking '/home/zjz/chapt9/fishbot_ws/install/micro_ros_msgs/lib/python3.10/site-packages'
[0.461s] Level 1:colcon.colcon_core.environment:checking '/home/zjz/chapt9/fishbot_ws/install/micro_ros_msgs/bin'
[0.461s] INFO:colcon.colcon_core.shell:Creating package script '/home/zjz/chapt9/fishbot_ws/install/micro_ros_msgs/share/micro_ros_msgs/package.ps1'
[0.462s] INFO:colcon.colcon_core.shell:Creating package descriptor '/home/zjz/chapt9/fishbot_ws/install/micro_ros_msgs/share/micro_ros_msgs/package.dsv'
[0.462s] INFO:colcon.colcon_core.shell:Creating package script '/home/zjz/chapt9/fishbot_ws/install/micro_ros_msgs/share/micro_ros_msgs/package.sh'
[0.462s] INFO:colcon.colcon_core.shell:Creating package script '/home/zjz/chapt9/fishbot_ws/install/micro_ros_msgs/share/micro_ros_msgs/package.bash'
[0.462s] INFO:colcon.colcon_core.shell:Creating package script '/home/zjz/chapt9/fishbot_ws/install/micro_ros_msgs/share/micro_ros_msgs/package.zsh'
[0.462s] Level 1:colcon.colcon_core.environment:create_file_with_runtime_dependencies(/home/zjz/chapt9/fishbot_ws/install/micro_ros_msgs/share/colcon-core/packages/micro_ros_msgs)
[0.463s] INFO:colcon.colcon_ros.task.ament_cmake.build:Building ROS package in '/home/zjz/chapt9/fishbot_ws/src/micro-ROS-Agent/micro_ros_agent' with build type 'ament_cmake'
[0.463s] INFO:colcon.colcon_cmake.task.cmake.build:Building CMake package in '/home/zjz/chapt9/fishbot_ws/src/micro-ROS-Agent/micro_ros_agent'
[0.463s] INFO:colcon.colcon_core.shell:Skip shell extension 'powershell' for command environment: Not usable outside of PowerShell
[0.463s] DEBUG:colcon.colcon_core.shell:Skip shell extension 'dsv' for command environment
[0.530s] DEBUG:colcon.colcon_core.event_handler.log_command:Invoking command in '/home/zjz/chapt9/fishbot_ws/build/micro_ros_agent': AMENT_PREFIX_PATH=/home/zjz/chapt9/fishbot_ws/install/micro_ros_msgs:${AMENT_PREFIX_PATH} CMAKE_PREFIX_PATH=/home/zjz/chapt9/fishbot_ws/install/micro_ros_msgs:/opt/ros/humble LD_LIBRARY_PATH=/home/zjz/chapt9/fishbot_ws/install/micro_ros_msgs/lib:${LD_LIBRARY_PATH} PYTHONPATH=/home/zjz/chapt9/fishbot_ws/install/micro_ros_msgs/local/lib/python3.10/dist-packages:${PYTHONPATH} /usr/bin/cmake --build /home/zjz/chapt9/fishbot_ws/build/micro_ros_agent -- -j32 -l32
[0.551s] DEBUG:colcon.colcon_core.task.python.build:Available setuptools commands: build_clib, bdist_egg, upload, dist_info, check, alias, develop, build_py, install_egg_info, upload_docs, build, build_scripts, clean, install, install_headers, install_data, bdist_dumb, build_ext, rotate, register, install_scripts, test, compile_catalog, easy_install, extract_messages, bdist, symlink_data, setopt, sdist, egg_info, init_catalog, update_catalog, install_lib, saveopts, bdist_rpm
[0.553s] DEBUG:colcon.colcon_core.event_handler.log_command:Invoking command in '/home/zjz/chapt9/fishbot_ws/src/ros_serial2wifi': PYTHONPATH=/home/zjz/chapt9/fishbot_ws/build/ros_serial2wifi/prefix_override:/usr/lib/python3/dist-packages/colcon_core/task/python/colcon_distutils_commands:/home/zjz/chapt9/fishbot_ws/install/ros_serial2wifi/lib/python3.10/site-packages:${PYTHONPATH} /usr/bin/python3 -W ignore:setup.py install is deprecated -W ignore:easy_install command is deprecated setup.py egg_info --egg-base ../../build/ros_serial2wifi build --build-base /home/zjz/chapt9/fishbot_ws/build/ros_serial2wifi/build install --record /home/zjz/chapt9/fishbot_ws/build/ros_serial2wifi/install.log --install-scripts $base/lib/ros_serial2wifi --single-version-externally-managed install_data
[0.563s] DEBUG:colcon.colcon_core.event_handler.log_command:Invoked command in '/home/zjz/chapt9/fishbot_ws/build/micro_ros_agent' returned '0': AMENT_PREFIX_PATH=/home/zjz/chapt9/fishbot_ws/install/micro_ros_msgs:${AMENT_PREFIX_PATH} CMAKE_PREFIX_PATH=/home/zjz/chapt9/fishbot_ws/install/micro_ros_msgs:/opt/ros/humble LD_LIBRARY_PATH=/home/zjz/chapt9/fishbot_ws/install/micro_ros_msgs/lib:${LD_LIBRARY_PATH} PYTHONPATH=/home/zjz/chapt9/fishbot_ws/install/micro_ros_msgs/local/lib/python3.10/dist-packages:${PYTHONPATH} /usr/bin/cmake --build /home/zjz/chapt9/fishbot_ws/build/micro_ros_agent -- -j32 -l32
[0.564s] DEBUG:colcon.colcon_core.event_handler.log_command:Invoking command in '/home/zjz/chapt9/fishbot_ws/build/micro_ros_agent': AMENT_PREFIX_PATH=/home/zjz/chapt9/fishbot_ws/install/micro_ros_msgs:${AMENT_PREFIX_PATH} CMAKE_PREFIX_PATH=/home/zjz/chapt9/fishbot_ws/install/micro_ros_msgs:/opt/ros/humble LD_LIBRARY_PATH=/home/zjz/chapt9/fishbot_ws/install/micro_ros_msgs/lib:${LD_LIBRARY_PATH} PYTHONPATH=/home/zjz/chapt9/fishbot_ws/install/micro_ros_msgs/local/lib/python3.10/dist-packages:${PYTHONPATH} /usr/bin/cmake --install /home/zjz/chapt9/fishbot_ws/build/micro_ros_agent
[0.568s] Level 1:colcon.colcon_core.environment:create_environment_scripts_only(micro_ros_agent)
[0.568s] Level 1:colcon.colcon_core.environment:checking '/home/zjz/chapt9/fishbot_ws/install/micro_ros_agent' for CMake module files
[0.569s] Level 1:colcon.colcon_core.environment:checking '/home/zjz/chapt9/fishbot_ws/install/micro_ros_agent' for CMake config files
[0.570s] DEBUG:colcon.colcon_core.event_handler.log_command:Invoked command in '/home/zjz/chapt9/fishbot_ws/build/micro_ros_agent' returned '0': AMENT_PREFIX_PATH=/home/zjz/chapt9/fishbot_ws/install/micro_ros_msgs:${AMENT_PREFIX_PATH} CMAKE_PREFIX_PATH=/home/zjz/chapt9/fishbot_ws/install/micro_ros_msgs:/opt/ros/humble LD_LIBRARY_PATH=/home/zjz/chapt9/fishbot_ws/install/micro_ros_msgs/lib:${LD_LIBRARY_PATH} PYTHONPATH=/home/zjz/chapt9/fishbot_ws/install/micro_ros_msgs/local/lib/python3.10/dist-packages:${PYTHONPATH} /usr/bin/cmake --install /home/zjz/chapt9/fishbot_ws/build/micro_ros_agent
[0.570s] Level 1:colcon.colcon_core.shell:create_environment_hook('micro_ros_agent', 'cmake_prefix_path')
[0.570s] INFO:colcon.colcon_core.shell:Creating environment hook '/home/zjz/chapt9/fishbot_ws/install/micro_ros_agent/share/micro_ros_agent/hook/cmake_prefix_path.ps1'
[0.570s] INFO:colcon.colcon_core.shell:Creating environment descriptor '/home/zjz/chapt9/fishbot_ws/install/micro_ros_agent/share/micro_ros_agent/hook/cmake_prefix_path.dsv'
[0.570s] INFO:colcon.colcon_core.shell:Creating environment hook '/home/zjz/chapt9/fishbot_ws/install/micro_ros_agent/share/micro_ros_agent/hook/cmake_prefix_path.sh'
[0.571s] Level 1:colcon.colcon_core.environment:checking '/home/zjz/chapt9/fishbot_ws/install/micro_ros_agent/lib'
[0.571s] Level 1:colcon.colcon_core.shell:create_environment_hook('micro_ros_agent', 'ld_library_path_lib')
[0.571s] INFO:colcon.colcon_core.shell:Creating environment hook '/home/zjz/chapt9/fishbot_ws/install/micro_ros_agent/share/micro_ros_agent/hook/ld_library_path_lib.ps1'
[0.571s] INFO:colcon.colcon_core.shell:Creating environment descriptor '/home/zjz/chapt9/fishbot_ws/install/micro_ros_agent/share/micro_ros_agent/hook/ld_library_path_lib.dsv'
[0.571s] INFO:colcon.colcon_core.shell:Creating environment hook '/home/zjz/chapt9/fishbot_ws/install/micro_ros_agent/share/micro_ros_agent/hook/ld_library_path_lib.sh'
[0.571s] Level 1:colcon.colcon_core.environment:checking '/home/zjz/chapt9/fishbot_ws/install/micro_ros_agent/bin'
[0.571s] Level 1:colcon.colcon_core.environment:checking '/home/zjz/chapt9/fishbot_ws/install/micro_ros_agent/lib/pkgconfig/micro_ros_agent.pc'
[0.571s] Level 1:colcon.colcon_core.environment:checking '/home/zjz/chapt9/fishbot_ws/install/micro_ros_agent/lib/python3.10/site-packages'
[0.572s] Level 1:colcon.colcon_core.environment:checking '/home/zjz/chapt9/fishbot_ws/install/micro_ros_agent/bin'
[0.572s] INFO:colcon.colcon_core.shell:Creating package script '/home/zjz/chapt9/fishbot_ws/install/micro_ros_agent/share/micro_ros_agent/package.ps1'
[0.572s] INFO:colcon.colcon_core.shell:Creating package descriptor '/home/zjz/chapt9/fishbot_ws/install/micro_ros_agent/share/micro_ros_agent/package.dsv'
[0.572s] INFO:colcon.colcon_core.shell:Creating package script '/home/zjz/chapt9/fishbot_ws/install/micro_ros_agent/share/micro_ros_agent/package.sh'
[0.573s] INFO:colcon.colcon_core.shell:Creating package script '/home/zjz/chapt9/fishbot_ws/install/micro_ros_agent/share/micro_ros_agent/package.bash'
[0.573s] INFO:colcon.colcon_core.shell:Creating package script '/home/zjz/chapt9/fishbot_ws/install/micro_ros_agent/share/micro_ros_agent/package.zsh'
[0.573s] Level 1:colcon.colcon_core.environment:create_file_with_runtime_dependencies(/home/zjz/chapt9/fishbot_ws/install/micro_ros_agent/share/colcon-core/packages/micro_ros_agent)
[0.573s] Level 1:colcon.colcon_core.environment:create_environment_scripts_only(micro_ros_agent)
[0.573s] Level 1:colcon.colcon_core.environment:checking '/home/zjz/chapt9/fishbot_ws/install/micro_ros_agent' for CMake module files
[0.573s] Level 1:colcon.colcon_core.environment:checking '/home/zjz/chapt9/fishbot_ws/install/micro_ros_agent' for CMake config files
[0.574s] Level 1:colcon.colcon_core.shell:create_environment_hook('micro_ros_agent', 'cmake_prefix_path')
[0.574s] INFO:colcon.colcon_core.shell:Creating environment hook '/home/zjz/chapt9/fishbot_ws/install/micro_ros_agent/share/micro_ros_agent/hook/cmake_prefix_path.ps1'
[0.574s] INFO:colcon.colcon_core.shell:Creating environment descriptor '/home/zjz/chapt9/fishbot_ws/install/micro_ros_agent/share/micro_ros_agent/hook/cmake_prefix_path.dsv'
[0.574s] INFO:colcon.colcon_core.shell:Creating environment hook '/home/zjz/chapt9/fishbot_ws/install/micro_ros_agent/share/micro_ros_agent/hook/cmake_prefix_path.sh'
[0.574s] Level 1:colcon.colcon_core.environment:checking '/home/zjz/chapt9/fishbot_ws/install/micro_ros_agent/lib'
[0.574s] Level 1:colcon.colcon_core.shell:create_environment_hook('micro_ros_agent', 'ld_library_path_lib')
[0.574s] INFO:colcon.colcon_core.shell:Creating environment hook '/home/zjz/chapt9/fishbot_ws/install/micro_ros_agent/share/micro_ros_agent/hook/ld_library_path_lib.ps1'
[0.575s] INFO:colcon.colcon_core.shell:Creating environment descriptor '/home/zjz/chapt9/fishbot_ws/install/micro_ros_agent/share/micro_ros_agent/hook/ld_library_path_lib.dsv'
[0.575s] INFO:colcon.colcon_core.shell:Creating environment hook '/home/zjz/chapt9/fishbot_ws/install/micro_ros_agent/share/micro_ros_agent/hook/ld_library_path_lib.sh'
[0.575s] Level 1:colcon.colcon_core.environment:checking '/home/zjz/chapt9/fishbot_ws/install/micro_ros_agent/bin'
[0.575s] Level 1:colcon.colcon_core.environment:checking '/home/zjz/chapt9/fishbot_ws/install/micro_ros_agent/lib/pkgconfig/micro_ros_agent.pc'
[0.575s] Level 1:colcon.colcon_core.environment:checking '/home/zjz/chapt9/fishbot_ws/install/micro_ros_agent/lib/python3.10/site-packages'
[0.575s] Level 1:colcon.colcon_core.environment:checking '/home/zjz/chapt9/fishbot_ws/install/micro_ros_agent/bin'
[0.575s] INFO:colcon.colcon_core.shell:Creating package script '/home/zjz/chapt9/fishbot_ws/install/micro_ros_agent/share/micro_ros_agent/package.ps1'
[0.576s] INFO:colcon.colcon_core.shell:Creating package descriptor '/home/zjz/chapt9/fishbot_ws/install/micro_ros_agent/share/micro_ros_agent/package.dsv'
[0.576s] INFO:colcon.colcon_core.shell:Creating package script '/home/zjz/chapt9/fishbot_ws/install/micro_ros_agent/share/micro_ros_agent/package.sh'
[0.576s] INFO:colcon.colcon_core.shell:Creating package script '/home/zjz/chapt9/fishbot_ws/install/micro_ros_agent/share/micro_ros_agent/package.bash'
[0.576s] INFO:colcon.colcon_core.shell:Creating package script '/home/zjz/chapt9/fishbot_ws/install/micro_ros_agent/share/micro_ros_agent/package.zsh'
[0.577s] Level 1:colcon.colcon_core.environment:create_file_with_runtime_dependencies(/home/zjz/chapt9/fishbot_ws/install/micro_ros_agent/share/colcon-core/packages/micro_ros_agent)
[0.688s] Level 1:colcon.colcon_core.environment:checking '/home/zjz/chapt9/fishbot_ws/install/ros_serial2wifi' for CMake module files
[0.688s] DEBUG:colcon.colcon_core.event_handler.log_command:Invoked command in '/home/zjz/chapt9/fishbot_ws/src/ros_serial2wifi' returned '0': PYTHONPATH=/home/zjz/chapt9/fishbot_ws/build/ros_serial2wifi/prefix_override:/usr/lib/python3/dist-packages/colcon_core/task/python/colcon_distutils_commands:/home/zjz/chapt9/fishbot_ws/install/ros_serial2wifi/lib/python3.10/site-packages:${PYTHONPATH} /usr/bin/python3 -W ignore:setup.py install is deprecated -W ignore:easy_install command is deprecated setup.py egg_info --egg-base ../../build/ros_serial2wifi build --build-base /home/zjz/chapt9/fishbot_ws/build/ros_serial2wifi/build install --record /home/zjz/chapt9/fishbot_ws/build/ros_serial2wifi/install.log --install-scripts $base/lib/ros_serial2wifi --single-version-externally-managed install_data
[0.688s] Level 1:colcon.colcon_core.environment:checking '/home/zjz/chapt9/fishbot_ws/install/ros_serial2wifi' for CMake config files
[0.688s] Level 1:colcon.colcon_core.environment:checking '/home/zjz/chapt9/fishbot_ws/install/ros_serial2wifi/lib'
[0.689s] Level 1:colcon.colcon_core.environment:checking '/home/zjz/chapt9/fishbot_ws/install/ros_serial2wifi/bin'
[0.689s] Level 1:colcon.colcon_core.environment:checking '/home/zjz/chapt9/fishbot_ws/install/ros_serial2wifi/lib/pkgconfig/ros_serial2wifi.pc'
[0.689s] Level 1:colcon.colcon_core.environment:checking '/home/zjz/chapt9/fishbot_ws/install/ros_serial2wifi/lib/python3.10/site-packages'
[0.689s] Level 1:colcon.colcon_core.shell:create_environment_hook('ros_serial2wifi', 'pythonpath')
[0.689s] INFO:colcon.colcon_core.shell:Creating environment hook '/home/zjz/chapt9/fishbot_ws/install/ros_serial2wifi/share/ros_serial2wifi/hook/pythonpath.ps1'
[0.689s] INFO:colcon.colcon_core.shell:Creating environment descriptor '/home/zjz/chapt9/fishbot_ws/install/ros_serial2wifi/share/ros_serial2wifi/hook/pythonpath.dsv'
[0.689s] INFO:colcon.colcon_core.shell:Creating environment hook '/home/zjz/chapt9/fishbot_ws/install/ros_serial2wifi/share/ros_serial2wifi/hook/pythonpath.sh'
[0.690s] Level 1:colcon.colcon_core.environment:checking '/home/zjz/chapt9/fishbot_ws/install/ros_serial2wifi/bin'
[0.690s] Level 1:colcon.colcon_core.environment:create_environment_scripts_only(ros_serial2wifi)
[0.690s] INFO:colcon.colcon_core.shell:Creating package script '/home/zjz/chapt9/fishbot_ws/install/ros_serial2wifi/share/ros_serial2wifi/package.ps1'
[0.690s] INFO:colcon.colcon_core.shell:Creating package descriptor '/home/zjz/chapt9/fishbot_ws/install/ros_serial2wifi/share/ros_serial2wifi/package.dsv'
[0.691s] INFO:colcon.colcon_core.shell:Creating package script '/home/zjz/chapt9/fishbot_ws/install/ros_serial2wifi/share/ros_serial2wifi/package.sh'
[0.691s] INFO:colcon.colcon_core.shell:Creating package script '/home/zjz/chapt9/fishbot_ws/install/ros_serial2wifi/share/ros_serial2wifi/package.bash'
[0.691s] INFO:colcon.colcon_core.shell:Creating package script '/home/zjz/chapt9/fishbot_ws/install/ros_serial2wifi/share/ros_serial2wifi/package.zsh'
[0.691s] Level 1:colcon.colcon_core.environment:create_file_with_runtime_dependencies(/home/zjz/chapt9/fishbot_ws/install/ros_serial2wifi/share/colcon-core/packages/ros_serial2wifi)
[0.691s] DEBUG:colcon.colcon_parallel_executor.executor.parallel:closing loop
[0.692s] DEBUG:colcon.colcon_parallel_executor.executor.parallel:loop closed
[0.692s] DEBUG:colcon.colcon_parallel_executor.executor.parallel:run_until_complete finished with '0'
[0.692s] DEBUG:colcon.colcon_core.event_reactor:joining thread
[0.707s] INFO:colcon.colcon_core.plugin_system:Skipping extension 'colcon_notification.desktop_notification.notify_send': Could not find 'notify-send'
[0.707s] INFO:colcon.colcon_core.plugin_system:Skipping extension 'colcon_notification.desktop_notification.terminal_notifier': Not used on non-Darwin systems
[0.707s] INFO:colcon.colcon_core.plugin_system:Skipping extension 'colcon_notification.desktop_notification.win32': Not used on non-Windows systems
[0.707s] INFO:colcon.colcon_notification.desktop_notification:Sending desktop notification using 'notify2'
[0.708s] DEBUG:colcon.colcon_notification.desktop_notification.notify2:Failed to initialize notify2: org.freedesktop.DBus.Error.ServiceUnknown: The name org.freedesktop.Notifications was not provided by any .service files
[0.708s] DEBUG:colcon.colcon_core.event_reactor:joined thread
[0.708s] INFO:colcon.colcon_core.shell:Creating prefix script '/home/zjz/chapt9/fishbot_ws/install/local_setup.ps1'
[0.709s] INFO:colcon.colcon_core.shell:Creating prefix util module '/home/zjz/chapt9/fishbot_ws/install/_local_setup_util_ps1.py'
[0.709s] INFO:colcon.colcon_core.shell:Creating prefix chain script '/home/zjz/chapt9/fishbot_ws/install/setup.ps1'
[0.710s] INFO:colcon.colcon_core.shell:Creating prefix script '/home/zjz/chapt9/fishbot_ws/install/local_setup.sh'
[0.710s] INFO:colcon.colcon_core.shell:Creating prefix util module '/home/zjz/chapt9/fishbot_ws/install/_local_setup_util_sh.py'
[0.711s] INFO:colcon.colcon_core.shell:Creating prefix chain script '/home/zjz/chapt9/fishbot_ws/install/setup.sh'
[0.711s] INFO:colcon.colcon_core.shell:Creating prefix script '/home/zjz/chapt9/fishbot_ws/install/local_setup.bash'
[0.711s] INFO:colcon.colcon_core.shell:Creating prefix chain script '/home/zjz/chapt9/fishbot_ws/install/setup.bash'
[0.712s] INFO:colcon.colcon_core.shell:Creating prefix script '/home/zjz/chapt9/fishbot_ws/install/local_setup.zsh'
[0.712s] INFO:colcon.colcon_core.shell:Creating prefix chain script '/home/zjz/chapt9/fishbot_ws/install/setup.zsh'
