[0.011s] Invoking command in '/home/zjz/chapt9/fishbot_ws/build/fishbot_description': CMAKE_PREFIX_PATH=/opt/ros/humble /usr/bin/cmake --build /home/zjz/chapt9/fishbot_ws/build/fishbot_description -- -j32 -l32
[0.148s] -- Found ament_cmake: 1.3.14 (/opt/ros/humble/share/ament_cmake/cmake)
[0.149s] -- Found ament_lint_auto: 0.12.15 (/opt/ros/humble/share/ament_lint_auto/cmake)
[0.149s] -- Added test 'lint_cmake' to check CMake code style
[0.149s] -- Added test 'xmllint' to check XML markup files
[0.149s] -- Configuring done
[0.149s] -- Generating done
[0.149s] -- Build files have been written to: /home/zjz/chapt9/fishbot_ws/build/fishbot_description
[0.150s] Invoked command in '/home/zjz/chapt9/fishbot_ws/build/fishbot_description' returned '0': CMAKE_PREFIX_PATH=/opt/ros/humble /usr/bin/cmake --build /home/zjz/chapt9/fishbot_ws/build/fishbot_description -- -j32 -l32
[0.153s] Invoking command in '/home/zjz/chapt9/fishbot_ws/build/fishbot_description': CMAKE_PREFIX_PATH=/opt/ros/humble /usr/bin/cmake --install /home/zjz/chapt9/fishbot_ws/build/fishbot_description
[0.157s] -- Install configuration: ""
[0.157s] -- Installing: /home/zjz/chapt9/fishbot_ws/install/fishbot_description/share/fishbot_description/urdf
[0.157s] -- Installing: /home/zjz/chapt9/fishbot_ws/install/fishbot_description/share/fishbot_description/urdf/fishbot.urdf
[0.157s] -- Up-to-date: /home/zjz/chapt9/fishbot_ws/install/fishbot_description/share/ament_index/resource_index/package_run_dependencies/fishbot_description
[0.157s] -- Up-to-date: /home/zjz/chapt9/fishbot_ws/install/fishbot_description/share/ament_index/resource_index/parent_prefix_path/fishbot_description
[0.157s] -- Up-to-date: /home/zjz/chapt9/fishbot_ws/install/fishbot_description/share/fishbot_description/environment/ament_prefix_path.sh
[0.158s] -- Installing: /home/zjz/chapt9/fishbot_ws/install/fishbot_description/share/fishbot_description/environment/ament_prefix_path.dsv
[0.158s] -- Up-to-date: /home/zjz/chapt9/fishbot_ws/install/fishbot_description/share/fishbot_description/environment/path.sh
[0.158s] -- Installing: /home/zjz/chapt9/fishbot_ws/install/fishbot_description/share/fishbot_description/environment/path.dsv
[0.158s] -- Up-to-date: /home/zjz/chapt9/fishbot_ws/install/fishbot_description/share/fishbot_description/local_setup.bash
[0.158s] -- Up-to-date: /home/zjz/chapt9/fishbot_ws/install/fishbot_description/share/fishbot_description/local_setup.sh
[0.158s] -- Up-to-date: /home/zjz/chapt9/fishbot_ws/install/fishbot_description/share/fishbot_description/local_setup.zsh
[0.159s] -- Installing: /home/zjz/chapt9/fishbot_ws/install/fishbot_description/share/fishbot_description/local_setup.dsv
[0.159s] -- Installing: /home/zjz/chapt9/fishbot_ws/install/fishbot_description/share/fishbot_description/package.dsv
[0.159s] -- Up-to-date: /home/zjz/chapt9/fishbot_ws/install/fishbot_description/share/ament_index/resource_index/packages/fishbot_description
[0.159s] -- Up-to-date: /home/zjz/chapt9/fishbot_ws/install/fishbot_description/share/fishbot_description/cmake/fishbot_descriptionConfig.cmake
[0.160s] -- Up-to-date: /home/zjz/chapt9/fishbot_ws/install/fishbot_description/share/fishbot_description/cmake/fishbot_descriptionConfig-version.cmake
[0.160s] -- Up-to-date: /home/zjz/chapt9/fishbot_ws/install/fishbot_description/share/fishbot_description/package.xml
[0.160s] Invoked command in '/home/zjz/chapt9/fishbot_ws/build/fishbot_description' returned '0': CMAKE_PREFIX_PATH=/opt/ros/humble /usr/bin/cmake --install /home/zjz/chapt9/fishbot_ws/build/fishbot_description
