[0.153s] Invoking command in '/home/zjz/chapt9/fishbot_ws/build/ydlidar': CMAKE_PREFIX_PATH=${CMAKE_PREFIX_PATH}:/home/zjz/chapt9/fishbot_ws/install/ros_serial2wifi:/opt/ros/humble /usr/bin/cmake --build /home/zjz/chapt9/fishbot_ws/build/ydlidar -- -j32 -l32
[0.188s] [35m[1mConsolidate compiler generated dependencies of target ydlidar_client[0m
[0.194s] [35m[1mConsolidate compiler generated dependencies of target ydlidar_node[0m
[0.208s] [  8%] Built target ydlidar_client
[0.216s] [100%] Built target ydlidar_node
[0.221s] Invoked command in '/home/zjz/chapt9/fishbot_ws/build/ydlidar' returned '0': CMAKE_PREFIX_PATH=${CMAKE_PREFIX_PATH}:/home/zjz/chapt9/fishbot_ws/install/ros_serial2wifi:/opt/ros/humble /usr/bin/cmake --build /home/zjz/chapt9/fishbot_ws/build/ydlidar -- -j32 -l32
[0.227s] Invoking command in '/home/zjz/chapt9/fishbot_ws/build/ydlidar': CMAKE_PREFIX_PATH=${CMAKE_PREFIX_PATH}:/home/zjz/chapt9/fishbot_ws/install/ros_serial2wifi:/opt/ros/humble /usr/bin/cmake --install /home/zjz/chapt9/fishbot_ws/build/ydlidar
[0.231s] -- Install configuration: ""
[0.231s] -- Up-to-date: /home/zjz/chapt9/fishbot_ws/install/ydlidar/lib/ydlidar/ydlidar_node
[0.232s] -- Up-to-date: /home/zjz/chapt9/fishbot_ws/install/ydlidar/lib/ydlidar/ydlidar_client
[0.232s] -- Up-to-date: /home/zjz/chapt9/fishbot_ws/install/ydlidar/share/ydlidar/launch
[0.232s] -- Up-to-date: /home/zjz/chapt9/fishbot_ws/install/ydlidar/share/ydlidar/launch/ydlidar.py
[0.232s] -- Up-to-date: /home/zjz/chapt9/fishbot_ws/install/ydlidar/share/ydlidar/launch/ydlidar_launch.py
[0.232s] -- Up-to-date: /home/zjz/chapt9/fishbot_ws/install/ydlidar/share/ydlidar/params
[0.232s] -- Installing: /home/zjz/chapt9/fishbot_ws/install/ydlidar/share/ydlidar/params/ydlidar.yaml
[0.232s] -- Up-to-date: /home/zjz/chapt9/fishbot_ws/install/ydlidar/share/ydlidar/startup
[0.232s] -- Up-to-date: /home/zjz/chapt9/fishbot_ws/install/ydlidar/share/ydlidar/startup/initenv.sh
[0.233s] -- Up-to-date: /home/zjz/chapt9/fishbot_ws/install/ydlidar/share/ydlidar/config
[0.233s] -- Up-to-date: /home/zjz/chapt9/fishbot_ws/install/ydlidar/share/ydlidar/config/ydlidar.rviz
[0.233s] -- Up-to-date: /home/zjz/chapt9/fishbot_ws/install/ydlidar/share/ament_index/resource_index/package_run_dependencies/ydlidar
[0.233s] -- Up-to-date: /home/zjz/chapt9/fishbot_ws/install/ydlidar/share/ament_index/resource_index/parent_prefix_path/ydlidar
[0.233s] -- Up-to-date: /home/zjz/chapt9/fishbot_ws/install/ydlidar/share/ydlidar/environment/ament_prefix_path.sh
[0.233s] -- Up-to-date: /home/zjz/chapt9/fishbot_ws/install/ydlidar/share/ydlidar/environment/ament_prefix_path.dsv
[0.233s] -- Up-to-date: /home/zjz/chapt9/fishbot_ws/install/ydlidar/share/ydlidar/environment/path.sh
[0.233s] -- Up-to-date: /home/zjz/chapt9/fishbot_ws/install/ydlidar/share/ydlidar/environment/path.dsv
[0.233s] -- Up-to-date: /home/zjz/chapt9/fishbot_ws/install/ydlidar/share/ydlidar/local_setup.bash
[0.233s] -- Up-to-date: /home/zjz/chapt9/fishbot_ws/install/ydlidar/share/ydlidar/local_setup.sh
[0.233s] -- Up-to-date: /home/zjz/chapt9/fishbot_ws/install/ydlidar/share/ydlidar/local_setup.zsh
[0.233s] -- Up-to-date: /home/zjz/chapt9/fishbot_ws/install/ydlidar/share/ydlidar/local_setup.dsv
[0.233s] -- Installing: /home/zjz/chapt9/fishbot_ws/install/ydlidar/share/ydlidar/package.dsv
[0.233s] -- Up-to-date: /home/zjz/chapt9/fishbot_ws/install/ydlidar/share/ament_index/resource_index/packages/ydlidar
[0.233s] -- Up-to-date: /home/zjz/chapt9/fishbot_ws/install/ydlidar/share/ydlidar/cmake/ydlidarConfig.cmake
[0.233s] -- Up-to-date: /home/zjz/chapt9/fishbot_ws/install/ydlidar/share/ydlidar/cmake/ydlidarConfig-version.cmake
[0.233s] -- Up-to-date: /home/zjz/chapt9/fishbot_ws/install/ydlidar/share/ydlidar/package.xml
[0.236s] Invoked command in '/home/zjz/chapt9/fishbot_ws/build/ydlidar' returned '0': CMAKE_PREFIX_PATH=${CMAKE_PREFIX_PATH}:/home/zjz/chapt9/fishbot_ws/install/ros_serial2wifi:/opt/ros/humble /usr/bin/cmake --install /home/zjz/chapt9/fishbot_ws/build/ydlidar
