[0.142s] Invoking command in '/home/zjz/chapt9/fishbot_ws/build/ydlidar': CMAKE_PREFIX_PATH=/opt/ros/humble /usr/bin/cmake --build /home/zjz/chapt9/fishbot_ws/build/ydlidar -- -j32 -l32
[0.163s] [35m[1mConsolidate compiler generated dependencies of target ydlidar_client[0m
[0.165s] [35m[1mConsolidate compiler generated dependencies of target ydlidar_node[0m
[0.172s] [ 18%] Built target ydlidar_client
[0.178s] [100%] Built target ydlidar_node
[0.184s] Invoked command in '/home/zjz/chapt9/fishbot_ws/build/ydlidar' returned '0': CMAKE_PREFIX_PATH=/opt/ros/humble /usr/bin/cmake --build /home/zjz/chapt9/fishbot_ws/build/ydlidar -- -j32 -l32
[0.190s] Invoking command in '/home/zjz/chapt9/fishbot_ws/build/ydlidar': CMAKE_PREFIX_PATH=/opt/ros/humble /usr/bin/cmake --install /home/zjz/chapt9/fishbot_ws/build/ydlidar
[0.193s] -- Install configuration: ""
[0.194s] -- Up-to-date: /home/zjz/chapt9/fishbot_ws/install/ydlidar/lib/ydlidar/ydlidar_node
[0.194s] -- Up-to-date: /home/zjz/chapt9/fishbot_ws/install/ydlidar/lib/ydlidar/ydlidar_client
[0.194s] -- Up-to-date: /home/zjz/chapt9/fishbot_ws/install/ydlidar/share/ydlidar/launch
[0.195s] -- Up-to-date: /home/zjz/chapt9/fishbot_ws/install/ydlidar/share/ydlidar/launch/ydlidar.py
[0.195s] -- Up-to-date: /home/zjz/chapt9/fishbot_ws/install/ydlidar/share/ydlidar/launch/ydlidar.py:Zone.Identifier
[0.195s] -- Up-to-date: /home/zjz/chapt9/fishbot_ws/install/ydlidar/share/ydlidar/launch/ydlidar_launch.py:Zone.Identifier
[0.195s] -- Up-to-date: /home/zjz/chapt9/fishbot_ws/install/ydlidar/share/ydlidar/launch/ydlidar_launch.py
[0.195s] -- Up-to-date: /home/zjz/chapt9/fishbot_ws/install/ydlidar/share/ydlidar/params
[0.195s] -- Installing: /home/zjz/chapt9/fishbot_ws/install/ydlidar/share/ydlidar/params/ydlidar.yaml
[0.195s] -- Up-to-date: /home/zjz/chapt9/fishbot_ws/install/ydlidar/share/ydlidar/params/ydlidar.yaml:Zone.Identifier
[0.195s] -- Up-to-date: /home/zjz/chapt9/fishbot_ws/install/ydlidar/share/ydlidar/startup
[0.195s] -- Up-to-date: /home/zjz/chapt9/fishbot_ws/install/ydlidar/share/ydlidar/startup/initenv.sh
[0.195s] -- Up-to-date: /home/zjz/chapt9/fishbot_ws/install/ydlidar/share/ydlidar/startup/initenv.sh:Zone.Identifier
[0.195s] -- Up-to-date: /home/zjz/chapt9/fishbot_ws/install/ydlidar/share/ament_index/resource_index/package_run_dependencies/ydlidar
[0.196s] -- Up-to-date: /home/zjz/chapt9/fishbot_ws/install/ydlidar/share/ament_index/resource_index/parent_prefix_path/ydlidar
[0.196s] -- Up-to-date: /home/zjz/chapt9/fishbot_ws/install/ydlidar/share/ydlidar/environment/ament_prefix_path.sh
[0.196s] -- Up-to-date: /home/zjz/chapt9/fishbot_ws/install/ydlidar/share/ydlidar/environment/ament_prefix_path.dsv
[0.196s] -- Up-to-date: /home/zjz/chapt9/fishbot_ws/install/ydlidar/share/ydlidar/environment/path.sh
[0.196s] -- Up-to-date: /home/zjz/chapt9/fishbot_ws/install/ydlidar/share/ydlidar/environment/path.dsv
[0.196s] -- Up-to-date: /home/zjz/chapt9/fishbot_ws/install/ydlidar/share/ydlidar/local_setup.bash
[0.196s] -- Up-to-date: /home/zjz/chapt9/fishbot_ws/install/ydlidar/share/ydlidar/local_setup.sh
[0.196s] -- Up-to-date: /home/zjz/chapt9/fishbot_ws/install/ydlidar/share/ydlidar/local_setup.zsh
[0.196s] -- Up-to-date: /home/zjz/chapt9/fishbot_ws/install/ydlidar/share/ydlidar/local_setup.dsv
[0.196s] -- Installing: /home/zjz/chapt9/fishbot_ws/install/ydlidar/share/ydlidar/package.dsv
[0.196s] -- Up-to-date: /home/zjz/chapt9/fishbot_ws/install/ydlidar/share/ament_index/resource_index/packages/ydlidar
[0.196s] -- Up-to-date: /home/zjz/chapt9/fishbot_ws/install/ydlidar/share/ydlidar/cmake/ydlidarConfig.cmake
[0.196s] -- Up-to-date: /home/zjz/chapt9/fishbot_ws/install/ydlidar/share/ydlidar/cmake/ydlidarConfig-version.cmake
[0.196s] -- Up-to-date: /home/zjz/chapt9/fishbot_ws/install/ydlidar/share/ydlidar/package.xml
[0.197s] Invoked command in '/home/zjz/chapt9/fishbot_ws/build/ydlidar' returned '0': CMAKE_PREFIX_PATH=/opt/ros/humble /usr/bin/cmake --install /home/zjz/chapt9/fishbot_ws/build/ydlidar
